[4.327s] Invoking command in '/home/t-pi/TB3_RPI4_WS/src/turtlebot3/turtlebot3_teleop': PYTHONPATH=/home/t-pi/TB3_RPI4_WS/build/turtlebot3_teleop/prefix_override:/home/t-pi/TB3_RPI4_WS/install/turtlebot3_teleop/lib/python3.10/site-packages:${PYTHONPATH} /usr/bin/python3 setup.py egg_info --egg-base ../../../build/turtlebot3_teleop build --build-base /home/t-pi/TB3_RPI4_WS/build/turtlebot3_teleop/build install --record /home/t-pi/TB3_RPI4_WS/build/turtlebot3_teleop/install.log --single-version-externally-managed
[5.316s] running egg_info
[5.318s] creating ../../../build/turtlebot3_teleop/turtlebot3_teleop.egg-info
[5.319s] writing ../../../build/turtlebot3_teleop/turtlebot3_teleop.egg-info/PKG-INFO
[5.320s] writing dependency_links to ../../../build/turtlebot3_teleop/turtlebot3_teleop.egg-info/dependency_links.txt
[5.321s] writing entry points to ../../../build/turtlebot3_teleop/turtlebot3_teleop.egg-info/entry_points.txt
[5.322s] writing requirements to ../../../build/turtlebot3_teleop/turtlebot3_teleop.egg-info/requires.txt
[5.322s] writing top-level names to ../../../build/turtlebot3_teleop/turtlebot3_teleop.egg-info/top_level.txt
[5.323s] writing manifest file '../../../build/turtlebot3_teleop/turtlebot3_teleop.egg-info/SOURCES.txt'
[5.331s] reading manifest file '../../../build/turtlebot3_teleop/turtlebot3_teleop.egg-info/SOURCES.txt'
[5.334s] writing manifest file '../../../build/turtlebot3_teleop/turtlebot3_teleop.egg-info/SOURCES.txt'
[5.335s] running build
[5.336s] running build_py
[5.336s] creating /home/t-pi/TB3_RPI4_WS/build/turtlebot3_teleop/build
[5.337s] creating /home/t-pi/TB3_RPI4_WS/build/turtlebot3_teleop/build/lib
[5.337s] creating /home/t-pi/TB3_RPI4_WS/build/turtlebot3_teleop/build/lib/turtlebot3_teleop
[5.338s] copying turtlebot3_teleop/__init__.py -> /home/t-pi/TB3_RPI4_WS/build/turtlebot3_teleop/build/lib/turtlebot3_teleop
[5.338s] creating /home/t-pi/TB3_RPI4_WS/build/turtlebot3_teleop/build/lib/turtlebot3_teleop/script
[5.339s] copying turtlebot3_teleop/script/__init__.py -> /home/t-pi/TB3_RPI4_WS/build/turtlebot3_teleop/build/lib/turtlebot3_teleop/script
[5.340s] copying turtlebot3_teleop/script/teleop_keyboard.py -> /home/t-pi/TB3_RPI4_WS/build/turtlebot3_teleop/build/lib/turtlebot3_teleop/script
[5.341s] running install
[5.342s] /usr/lib/python3/dist-packages/setuptools/command/install.py:34: SetuptoolsDeprecationWarning: setup.py install is deprecated. Use build and pip and other standards-based tools.
[5.342s]   warnings.warn(
[5.343s] running install_lib
[5.351s] creating /home/t-pi/TB3_RPI4_WS/install/turtlebot3_teleop/lib/python3.10/site-packages/turtlebot3_teleop
[5.351s] copying /home/t-pi/TB3_RPI4_WS/build/turtlebot3_teleop/build/lib/turtlebot3_teleop/__init__.py -> /home/t-pi/TB3_RPI4_WS/install/turtlebot3_teleop/lib/python3.10/site-packages/turtlebot3_teleop
[5.352s] creating /home/t-pi/TB3_RPI4_WS/install/turtlebot3_teleop/lib/python3.10/site-packages/turtlebot3_teleop/script
[5.353s] copying /home/t-pi/TB3_RPI4_WS/build/turtlebot3_teleop/build/lib/turtlebot3_teleop/script/__init__.py -> /home/t-pi/TB3_RPI4_WS/install/turtlebot3_teleop/lib/python3.10/site-packages/turtlebot3_teleop/script
[5.353s] copying /home/t-pi/TB3_RPI4_WS/build/turtlebot3_teleop/build/lib/turtlebot3_teleop/script/teleop_keyboard.py -> /home/t-pi/TB3_RPI4_WS/install/turtlebot3_teleop/lib/python3.10/site-packages/turtlebot3_teleop/script
[5.356s] byte-compiling /home/t-pi/TB3_RPI4_WS/install/turtlebot3_teleop/lib/python3.10/site-packages/turtlebot3_teleop/__init__.py to __init__.cpython-310.pyc
[5.358s] byte-compiling /home/t-pi/TB3_RPI4_WS/install/turtlebot3_teleop/lib/python3.10/site-packages/turtlebot3_teleop/script/__init__.py to __init__.cpython-310.pyc
[5.359s] byte-compiling /home/t-pi/TB3_RPI4_WS/install/turtlebot3_teleop/lib/python3.10/site-packages/turtlebot3_teleop/script/teleop_keyboard.py to teleop_keyboard.cpython-310.pyc
[5.364s] running install_data
[5.366s] creating /home/t-pi/TB3_RPI4_WS/install/turtlebot3_teleop/share/ament_index
[5.367s] creating /home/t-pi/TB3_RPI4_WS/install/turtlebot3_teleop/share/ament_index/resource_index
[5.367s] creating /home/t-pi/TB3_RPI4_WS/install/turtlebot3_teleop/share/ament_index/resource_index/packages
[5.368s] copying resource/turtlebot3_teleop -> /home/t-pi/TB3_RPI4_WS/install/turtlebot3_teleop/share/ament_index/resource_index/packages
[5.369s] copying package.xml -> /home/t-pi/TB3_RPI4_WS/install/turtlebot3_teleop/share/turtlebot3_teleop
[5.369s] running install_egg_info
[5.375s] Copying ../../../build/turtlebot3_teleop/turtlebot3_teleop.egg-info to /home/t-pi/TB3_RPI4_WS/install/turtlebot3_teleop/lib/python3.10/site-packages/turtlebot3_teleop-2.1.5-py3.10.egg-info
[5.382s] running install_scripts
[5.465s] Installing teleop_keyboard script to /home/t-pi/TB3_RPI4_WS/install/turtlebot3_teleop/lib/turtlebot3_teleop
[5.467s] writing list of installed files to '/home/t-pi/TB3_RPI4_WS/build/turtlebot3_teleop/install.log'
[5.582s] Invoked command in '/home/t-pi/TB3_RPI4_WS/src/turtlebot3/turtlebot3_teleop' returned '0': PYTHONPATH=/home/t-pi/TB3_RPI4_WS/build/turtlebot3_teleop/prefix_override:/home/t-pi/TB3_RPI4_WS/install/turtlebot3_teleop/lib/python3.10/site-packages:${PYTHONPATH} /usr/bin/python3 setup.py egg_info --egg-base ../../../build/turtlebot3_teleop build --build-base /home/t-pi/TB3_RPI4_WS/build/turtlebot3_teleop/build install --record /home/t-pi/TB3_RPI4_WS/build/turtlebot3_teleop/install.log --single-version-externally-managed
