[0.114s] Invoking command in '/home/t-pi/TB3_RPI4_WS/build/theora_image_transport': CMAKE_PREFIX_PATH=${CMAKE_PREFIX_PATH}:/home/t-pi/turtlebot3_ws/install/turtlebot3_teleop:/home/t-pi/turtlebot3_ws/install/turtlebot3_example:/home/t-pi/turtlebot3_ws/install/rpi_temprature:/home/t-pi/turtlebot3_ws/install/RPI_temprature:/opt/ros/humble /usr/bin/cmake /home/t-pi/TB3_RPI4_WS/src/image_transport_plugins/theora_image_transport -DCMAKE_INSTALL_PREFIX=/home/t-pi/TB3_RPI4_WS/install/theora_image_transport
[1.582s] -- The C compiler identification is GNU 11.3.0
[2.378s] -- The CXX compiler identification is GNU 11.3.0
[2.433s] -- Detecting C compiler ABI info
[2.938s] -- Detecting C compiler ABI info - done
[2.973s] -- Check for working C compiler: /usr/bin/cc - skipped
[2.975s] -- Detecting C compile features
[2.977s] -- Detecting C compile features - done
[2.995s] -- Detecting CXX compiler ABI info
[3.494s] -- Detecting CXX compiler ABI info - done
[3.534s] -- Check for working CXX compiler: /usr/bin/c++ - skipped
[3.536s] -- Detecting CXX compile features
[3.539s] -- Detecting CXX compile features - done
[3.663s] -- Found ament_cmake: 1.3.5 (/opt/ros/humble/share/ament_cmake/cmake)
[5.072s] -- Found Python3: /usr/bin/python3.10 (found version "3.10.6") found components: Interpreter 
[6.042s] -- Found image_transport: 3.1.5 (/opt/ros/humble/share/image_transport/cmake)
[6.649s] -- Found rosidl_generator_c: 3.1.4 (/opt/ros/humble/share/rosidl_generator_c/cmake)
[6.723s] -- Found rosidl_adapter: 3.1.4 (/opt/ros/humble/share/rosidl_adapter/cmake)
[6.823s] -- Found rosidl_generator_cpp: 3.1.4 (/opt/ros/humble/share/rosidl_generator_cpp/cmake)
[6.971s] -- Using all available rosidl_typesupport_c: rosidl_typesupport_fastrtps_c;rosidl_typesupport_introspection_c
[7.168s] -- Using all available rosidl_typesupport_cpp: rosidl_typesupport_fastrtps_cpp;rosidl_typesupport_introspection_cpp
[8.192s] -- Found rmw_implementation_cmake: 6.1.1 (/opt/ros/humble/share/rmw_implementation_cmake/cmake)
[8.254s] -- Found rmw_fastrtps_cpp: 6.2.2 (/opt/ros/humble/share/rmw_fastrtps_cpp/cmake)
[9.403s] -- Found OpenSSL: /usr/lib/aarch64-linux-gnu/libcrypto.so (found version "3.0.2")  
[9.707s] -- Found FastRTPS: /opt/ros/humble/include  
[10.203s] -- Using RMW implementation 'rmw_fastrtps_cpp' as default
[10.329s] -- Looking for pthread.h
[10.800s] -- Looking for pthread.h - found
[10.802s] -- Performing Test CMAKE_HAVE_LIBC_PTHREAD
[11.262s] -- Performing Test CMAKE_HAVE_LIBC_PTHREAD - Success
[11.268s] -- Found Threads: TRUE  
[13.470s] -- Found cv_bridge: 3.2.1 (/opt/ros/humble/share/cv_bridge/cmake)
[13.644s] -- Found rosidl_default_generators: 1.2.0 (/opt/ros/humble/share/rosidl_default_generators/cmake)
[13.754s] -- Found OpenCV: /usr (found version "4.5.4") found components: imgproc 
[13.773s] -- Found PkgConfig: /usr/bin/pkg-config (found version "0.29.2") 
[13.777s] -- Checking for module 'ogg'
[13.860s] --   Found ogg, version 1.3.5
[14.088s] -- Checking for module 'theora'
[14.163s] --   Found theora, version 1.1.1
[14.377s] -- Checking for module 'theoraenc'
[14.454s] --   Found theoraenc, version 1.1.1
[14.636s] -- Checking for module 'theoradec'
[14.709s] --   Found theoradec, version 1.1.1
[16.383s] -- Found ament_cmake_cppcheck: 0.12.6 (/opt/ros/humble/share/ament_cmake_cppcheck/cmake)
[16.419s] -- Found ament_cmake_cpplint: 0.12.6 (/opt/ros/humble/share/ament_cmake_cpplint/cmake)
[16.453s] -- Found ament_cmake_uncrustify: 0.12.6 (/opt/ros/humble/share/ament_cmake_uncrustify/cmake)
[16.487s] -- Found ament_cmake_ros: 0.10.0 (/opt/ros/humble/share/ament_cmake_ros/cmake)
[19.053s] -- Using all available rosidl_typesupport_c: rosidl_typesupport_fastrtps_c;rosidl_typesupport_introspection_c
[20.117s] -- Using all available rosidl_typesupport_cpp: rosidl_typesupport_fastrtps_cpp;rosidl_typesupport_introspection_cpp
[20.324s] -- Found PythonInterp: /usr/bin/python3 (found suitable version "3.10.6", minimum required is "3.6") 
[20.356s] -- Found python_cmake_module: 0.10.0 (/opt/ros/humble/share/python_cmake_module/cmake)
[20.552s] -- Found PythonLibs: /usr/lib/aarch64-linux-gnu/libpython3.10.so (found suitable version "3.10.6", minimum required is "3.5") 
[20.554s] -- Using PYTHON_EXECUTABLE: /usr/bin/python3
[20.555s] -- Using PYTHON_INCLUDE_DIRS: /usr/include/python3.10
[20.557s] -- Using PYTHON_LIBRARIES: /usr/lib/aarch64-linux-gnu/libpython3.10.so
[20.714s] -- Found PythonExtra: .so  
[21.105s] -- Found ament_cmake_flake8: 0.12.6 (/opt/ros/humble/share/ament_cmake_flake8/cmake)
[21.144s] -- Found ament_cmake_pep257: 0.12.6 (/opt/ros/humble/share/ament_cmake_pep257/cmake)
[21.241s] -- Configuring done
[21.636s] -- Generating done
[21.671s] -- Build files have been written to: /home/t-pi/TB3_RPI4_WS/build/theora_image_transport
[21.761s] Invoked command in '/home/t-pi/TB3_RPI4_WS/build/theora_image_transport' returned '0': CMAKE_PREFIX_PATH=${CMAKE_PREFIX_PATH}:/home/t-pi/turtlebot3_ws/install/turtlebot3_teleop:/home/t-pi/turtlebot3_ws/install/turtlebot3_example:/home/t-pi/turtlebot3_ws/install/rpi_temprature:/home/t-pi/turtlebot3_ws/install/RPI_temprature:/opt/ros/humble /usr/bin/cmake /home/t-pi/TB3_RPI4_WS/src/image_transport_plugins/theora_image_transport -DCMAKE_INSTALL_PREFIX=/home/t-pi/TB3_RPI4_WS/install/theora_image_transport
[21.765s] Invoking command in '/home/t-pi/TB3_RPI4_WS/build/theora_image_transport': CMAKE_PREFIX_PATH=${CMAKE_PREFIX_PATH}:/home/t-pi/turtlebot3_ws/install/turtlebot3_teleop:/home/t-pi/turtlebot3_ws/install/turtlebot3_example:/home/t-pi/turtlebot3_ws/install/rpi_temprature:/home/t-pi/turtlebot3_ws/install/RPI_temprature:/opt/ros/humble /usr/bin/cmake --build /home/t-pi/TB3_RPI4_WS/build/theora_image_transport -- -j4 -l4
[22.092s] [  2%] [34m[1mGenerating C++ code for ROS interfaces[0m
[24.206s] [  2%] Built target theora_image_transport__cpp
[24.353s] [  2%] Built target ament_cmake_python_copy_theora_image_transport
[24.418s] [  5%] [34m[1mGenerating C++ type support for eProsima Fast-RTPS[0m
[26.303s] [  8%] [32mBuilding CXX object CMakeFiles/theora_image_transport__rosidl_typesupport_fastrtps_cpp.dir/rosidl_typesupport_fastrtps_cpp/theora_image_transport/msg/detail/dds_fastrtps/packet__type_support.cpp.o[0m
[29.530s] [ 10%] [32m[1mLinking CXX shared library libtheora_image_transport__rosidl_typesupport_fastrtps_cpp.so[0m
[29.949s] [ 10%] Built target theora_image_transport__rosidl_typesupport_fastrtps_cpp
[30.012s] [ 13%] [34m[1mGenerating C++ introspection for ROS interfaces[0m
[32.011s] [ 16%] [32mBuilding CXX object CMakeFiles/theora_image_transport__rosidl_typesupport_introspection_cpp.dir/rosidl_typesupport_introspection_cpp/theora_image_transport/msg/detail/packet__type_support.cpp.o[0m
[34.716s] [ 18%] [32m[1mLinking CXX shared library libtheora_image_transport__rosidl_typesupport_introspection_cpp.so[0m
[35.135s] [ 18%] Built target theora_image_transport__rosidl_typesupport_introspection_cpp
[37.153s] running egg_info
[37.158s] creating theora_image_transport.egg-info
[37.160s] writing theora_image_transport.egg-info/PKG-INFO
[37.161s] writing dependency_links to theora_image_transport.egg-info/dependency_links.txt
[37.163s] writing top-level names to theora_image_transport.egg-info/top_level.txt
[37.165s] writing manifest file 'theora_image_transport.egg-info/SOURCES.txt'
[37.187s] reading manifest file 'theora_image_transport.egg-info/SOURCES.txt'
[37.190s] writing manifest file 'theora_image_transport.egg-info/SOURCES.txt'
[37.381s] [ 18%] Built target ament_cmake_python_build_theora_image_transport_egg
[37.449s] [ 21%] [34m[1mGenerating C++ type support dispatch for ROS interfaces[0m
[41.062s] [ 24%] [32mBuilding CXX object CMakeFiles/theora_image_transport__rosidl_typesupport_cpp.dir/rosidl_typesupport_cpp/theora_image_transport/msg/packet__type_support.cpp.o[0m
[43.281s] [ 27%] [32m[1mLinking CXX shared library libtheora_image_transport__rosidl_typesupport_cpp.so[0m
[43.517s] [ 27%] Built target theora_image_transport__rosidl_typesupport_cpp
[43.579s] [ 29%] [34m[1mGenerating C code for ROS interfaces[0m
[45.991s] [ 32%] [32mBuilding C object CMakeFiles/theora_image_transport__rosidl_generator_c.dir/rosidl_generator_c/theora_image_transport/msg/detail/packet__functions.c.o[0m
[46.336s] [ 35%] [32m[1mLinking C shared library libtheora_image_transport__rosidl_generator_c.so[0m
[46.533s] [ 35%] Built target theora_image_transport__rosidl_generator_c
[46.635s] [ 37%] [32mBuilding CXX object CMakeFiles/ogg_saver.dir/src/ogg_saver.cpp.o[0m
[91.865s] [ 40%] [32m[1mLinking CXX executable ogg_saver[0m
[94.466s] [ 40%] Built target ogg_saver
[94.529s] [ 43%] [34m[1mGenerating C introspection for ROS interfaces[0m
[96.571s] [ 45%] [32mBuilding C object CMakeFiles/theora_image_transport__rosidl_typesupport_introspection_c.dir/rosidl_typesupport_introspection_c/theora_image_transport/msg/detail/packet__type_support.c.o[0m
[96.855s] [ 48%] [32m[1mLinking C shared library libtheora_image_transport__rosidl_typesupport_introspection_c.so[0m
[97.062s] [ 48%] Built target theora_image_transport__rosidl_typesupport_introspection_c
[97.124s] [ 51%] [34m[1mGenerating C type support dispatch for ROS interfaces[0m
[98.999s] [ 54%] [32mBuilding CXX object CMakeFiles/theora_image_transport__rosidl_typesupport_c.dir/rosidl_typesupport_c/theora_image_transport/msg/packet__type_support.cpp.o[0m
[99.212s] [ 56%] [32m[1mLinking CXX shared library libtheora_image_transport__rosidl_typesupport_c.so[0m
[99.450s] [ 56%] Built target theora_image_transport__rosidl_typesupport_c
[99.511s] [ 59%] [34m[1mGenerating C type support for eProsima Fast-RTPS[0m
[101.879s] [ 62%] [32mBuilding CXX object CMakeFiles/theora_image_transport__rosidl_typesupport_fastrtps_c.dir/rosidl_typesupport_fastrtps_c/theora_image_transport/msg/detail/packet__type_support_c.cpp.o[0m
[104.406s] [ 64%] [32m[1mLinking CXX shared library libtheora_image_transport__rosidl_typesupport_fastrtps_c.so[0m
[104.818s] [ 64%] Built target theora_image_transport__rosidl_typesupport_fastrtps_c
[104.929s] [ 67%] [32mBuilding CXX object CMakeFiles/theora_image_transport_component.dir/src/theora_publisher.cpp.o[0m
[131.213s] [ 70%] [32mBuilding CXX object CMakeFiles/theora_image_transport_component.dir/src/manifest.cpp.o[0m
[150.247s] [ 72%] [32mBuilding CXX object CMakeFiles/theora_image_transport_component.dir/src/theora_subscriber.cpp.o[0m
[197.933s] [ 75%] [32m[1mLinking CXX shared library libtheora_image_transport_component.so[0m
[200.836s] [ 75%] Built target theora_image_transport_component
[200.950s] [ 75%] Built target theora_image_transport
[201.072s] [ 78%] [34m[1mGenerating Python code for ROS interfaces[0m
[204.341s] [ 78%] Built target theora_image_transport__py
[204.464s] [ 81%] [32mBuilding C object CMakeFiles/theora_image_transport__rosidl_generator_py.dir/rosidl_generator_py/theora_image_transport/msg/_packet_s.c.o[0m
[205.487s] [ 83%] [32m[1mLinking C shared library rosidl_generator_py/theora_image_transport/libtheora_image_transport__rosidl_generator_py.so[0m
[205.753s] [ 83%] Built target theora_image_transport__rosidl_generator_py
[205.888s] [ 86%] [32mBuilding C object CMakeFiles/theora_image_transport__rosidl_typesupport_fastrtps_c__pyext.dir/rosidl_generator_py/theora_image_transport/_theora_image_transport_s.ep.rosidl_typesupport_fastrtps_c.c.o[0m
[206.728s] [ 89%] [32m[1mLinking C shared library rosidl_generator_py/theora_image_transport/theora_image_transport_s__rosidl_typesupport_fastrtps_c.cpython-310-aarch64-linux-gnu.so[0m
[207.015s] [ 89%] Built target theora_image_transport__rosidl_typesupport_fastrtps_c__pyext
[207.133s] [ 91%] [32mBuilding C object CMakeFiles/theora_image_transport__rosidl_typesupport_c__pyext.dir/rosidl_generator_py/theora_image_transport/_theora_image_transport_s.ep.rosidl_typesupport_c.c.o[0m
[207.854s] [ 94%] [32m[1mLinking C shared library rosidl_generator_py/theora_image_transport/theora_image_transport_s__rosidl_typesupport_c.cpython-310-aarch64-linux-gnu.so[0m
[208.119s] [ 94%] Built target theora_image_transport__rosidl_typesupport_c__pyext
[208.237s] [ 97%] [32mBuilding C object CMakeFiles/theora_image_transport__rosidl_typesupport_introspection_c__pyext.dir/rosidl_generator_py/theora_image_transport/_theora_image_transport_s.ep.rosidl_typesupport_introspection_c.c.o[0m
[208.959s] [100%] [32m[1mLinking C shared library rosidl_generator_py/theora_image_transport/theora_image_transport_s__rosidl_typesupport_introspection_c.cpython-310-aarch64-linux-gnu.so[0m
[209.226s] [100%] Built target theora_image_transport__rosidl_typesupport_introspection_c__pyext
[209.292s] Invoked command in '/home/t-pi/TB3_RPI4_WS/build/theora_image_transport' returned '0': CMAKE_PREFIX_PATH=${CMAKE_PREFIX_PATH}:/home/t-pi/turtlebot3_ws/install/turtlebot3_teleop:/home/t-pi/turtlebot3_ws/install/turtlebot3_example:/home/t-pi/turtlebot3_ws/install/rpi_temprature:/home/t-pi/turtlebot3_ws/install/RPI_temprature:/opt/ros/humble /usr/bin/cmake --build /home/t-pi/TB3_RPI4_WS/build/theora_image_transport -- -j4 -l4
[209.895s] Invoking command in '/home/t-pi/TB3_RPI4_WS/build/theora_image_transport': CMAKE_PREFIX_PATH=${CMAKE_PREFIX_PATH}:/home/t-pi/turtlebot3_ws/install/turtlebot3_teleop:/home/t-pi/turtlebot3_ws/install/turtlebot3_example:/home/t-pi/turtlebot3_ws/install/rpi_temprature:/home/t-pi/turtlebot3_ws/install/RPI_temprature:/opt/ros/humble /usr/bin/cmake --install /home/t-pi/TB3_RPI4_WS/build/theora_image_transport
[209.940s] -- Install configuration: ""
[209.943s] -- Installing: /home/t-pi/TB3_RPI4_WS/install/theora_image_transport/share/ament_index/resource_index/rosidl_interfaces/theora_image_transport
[209.945s] -- Installing: /home/t-pi/TB3_RPI4_WS/install/theora_image_transport/include/theora_image_transport/theora_image_transport
[209.946s] -- Installing: /home/t-pi/TB3_RPI4_WS/install/theora_image_transport/include/theora_image_transport/theora_image_transport/msg
[209.947s] -- Installing: /home/t-pi/TB3_RPI4_WS/install/theora_image_transport/include/theora_image_transport/theora_image_transport/msg/packet.h
[209.949s] -- Installing: /home/t-pi/TB3_RPI4_WS/install/theora_image_transport/include/theora_image_transport/theora_image_transport/msg/detail
[209.950s] -- Installing: /home/t-pi/TB3_RPI4_WS/install/theora_image_transport/include/theora_image_transport/theora_image_transport/msg/detail/packet__struct.h
[209.952s] -- Installing: /home/t-pi/TB3_RPI4_WS/install/theora_image_transport/include/theora_image_transport/theora_image_transport/msg/detail/packet__type_support.h
[209.954s] -- Installing: /home/t-pi/TB3_RPI4_WS/install/theora_image_transport/include/theora_image_transport/theora_image_transport/msg/detail/packet__functions.c
[209.956s] -- Installing: /home/t-pi/TB3_RPI4_WS/install/theora_image_transport/include/theora_image_transport/theora_image_transport/msg/detail/packet__functions.h
[209.958s] -- Installing: /home/t-pi/TB3_RPI4_WS/install/theora_image_transport/include/theora_image_transport/theora_image_transport/msg/rosidl_generator_c__visibility_control.h
[209.960s] -- Installing: /home/t-pi/TB3_RPI4_WS/install/theora_image_transport/share/theora_image_transport/environment/library_path.sh
[209.962s] -- Installing: /home/t-pi/TB3_RPI4_WS/install/theora_image_transport/share/theora_image_transport/environment/library_path.dsv
[209.965s] -- Installing: /home/t-pi/TB3_RPI4_WS/install/theora_image_transport/lib/libtheora_image_transport__rosidl_generator_c.so
[209.969s] -- Set runtime path of "/home/t-pi/TB3_RPI4_WS/install/theora_image_transport/lib/libtheora_image_transport__rosidl_generator_c.so" to ""
[209.970s] -- Up-to-date: /home/t-pi/TB3_RPI4_WS/install/theora_image_transport/include/theora_image_transport/theora_image_transport
[209.971s] -- Up-to-date: /home/t-pi/TB3_RPI4_WS/install/theora_image_transport/include/theora_image_transport/theora_image_transport/msg
[209.972s] -- Installing: /home/t-pi/TB3_RPI4_WS/install/theora_image_transport/include/theora_image_transport/theora_image_transport/msg/rosidl_typesupport_fastrtps_c__visibility_control.h
[209.973s] -- Up-to-date: /home/t-pi/TB3_RPI4_WS/install/theora_image_transport/include/theora_image_transport/theora_image_transport/msg/detail
[209.974s] -- Installing: /home/t-pi/TB3_RPI4_WS/install/theora_image_transport/include/theora_image_transport/theora_image_transport/msg/detail/packet__rosidl_typesupport_fastrtps_c.h
[209.976s] -- Installing: /home/t-pi/TB3_RPI4_WS/install/theora_image_transport/lib/libtheora_image_transport__rosidl_typesupport_fastrtps_c.so
[209.980s] -- Set runtime path of "/home/t-pi/TB3_RPI4_WS/install/theora_image_transport/lib/libtheora_image_transport__rosidl_typesupport_fastrtps_c.so" to ""
[209.981s] -- Up-to-date: /home/t-pi/TB3_RPI4_WS/install/theora_image_transport/include/theora_image_transport/theora_image_transport
[209.982s] -- Up-to-date: /home/t-pi/TB3_RPI4_WS/install/theora_image_transport/include/theora_image_transport/theora_image_transport/msg
[209.984s] -- Up-to-date: /home/t-pi/TB3_RPI4_WS/install/theora_image_transport/include/theora_image_transport/theora_image_transport/msg/detail
[209.985s] -- Installing: /home/t-pi/TB3_RPI4_WS/install/theora_image_transport/include/theora_image_transport/theora_image_transport/msg/detail/packet__traits.hpp
[209.986s] -- Installing: /home/t-pi/TB3_RPI4_WS/install/theora_image_transport/include/theora_image_transport/theora_image_transport/msg/detail/packet__struct.hpp
[209.992s] -- Installing: /home/t-pi/TB3_RPI4_WS/install/theora_image_transport/include/theora_image_transport/theora_image_transport/msg/detail/packet__builder.hpp
[209.992s] -- Installing: /home/t-pi/TB3_RPI4_WS/install/theora_image_transport/include/theora_image_transport/theora_image_transport/msg/packet.hpp
[209.993s] -- Up-to-date: /home/t-pi/TB3_RPI4_WS/install/theora_image_transport/include/theora_image_transport/theora_image_transport
[209.994s] -- Up-to-date: /home/t-pi/TB3_RPI4_WS/install/theora_image_transport/include/theora_image_transport/theora_image_transport/msg
[209.995s] -- Up-to-date: /home/t-pi/TB3_RPI4_WS/install/theora_image_transport/include/theora_image_transport/theora_image_transport/msg/detail
[209.996s] -- Installing: /home/t-pi/TB3_RPI4_WS/install/theora_image_transport/include/theora_image_transport/theora_image_transport/msg/detail/packet__rosidl_typesupport_fastrtps_cpp.hpp
[210.000s] -- Installing: /home/t-pi/TB3_RPI4_WS/install/theora_image_transport/include/theora_image_transport/theora_image_transport/msg/detail/dds_fastrtps
[210.001s] -- Installing: /home/t-pi/TB3_RPI4_WS/install/theora_image_transport/include/theora_image_transport/theora_image_transport/msg/rosidl_typesupport_fastrtps_cpp__visibility_control.h
[210.004s] -- Installing: /home/t-pi/TB3_RPI4_WS/install/theora_image_transport/lib/libtheora_image_transport__rosidl_typesupport_fastrtps_cpp.so
[210.005s] -- Set runtime path of "/home/t-pi/TB3_RPI4_WS/install/theora_image_transport/lib/libtheora_image_transport__rosidl_typesupport_fastrtps_cpp.so" to ""
[210.008s] -- Up-to-date: /home/t-pi/TB3_RPI4_WS/install/theora_image_transport/include/theora_image_transport/theora_image_transport
[210.014s] -- Up-to-date: /home/t-pi/TB3_RPI4_WS/install/theora_image_transport/include/theora_image_transport/theora_image_transport/msg
[210.016s] -- Up-to-date: /home/t-pi/TB3_RPI4_WS/install/theora_image_transport/include/theora_image_transport/theora_image_transport/msg/detail
[210.017s] -- Installing: /home/t-pi/TB3_RPI4_WS/install/theora_image_transport/include/theora_image_transport/theora_image_transport/msg/detail/packet__type_support.c
[210.017s] -- Installing: /home/t-pi/TB3_RPI4_WS/install/theora_image_transport/include/theora_image_transport/theora_image_transport/msg/detail/packet__rosidl_typesupport_introspection_c.h
[210.018s] -- Installing: /home/t-pi/TB3_RPI4_WS/install/theora_image_transport/include/theora_image_transport/theora_image_transport/msg/rosidl_typesupport_introspection_c__visibility_control.h
[210.025s] -- Installing: /home/t-pi/TB3_RPI4_WS/install/theora_image_transport/lib/libtheora_image_transport__rosidl_typesupport_introspection_c.so
[210.026s] -- Set runtime path of "/home/t-pi/TB3_RPI4_WS/install/theora_image_transport/lib/libtheora_image_transport__rosidl_typesupport_introspection_c.so" to ""
[210.027s] -- Installing: /home/t-pi/TB3_RPI4_WS/install/theora_image_transport/lib/libtheora_image_transport__rosidl_typesupport_c.so
[210.028s] -- Set runtime path of "/home/t-pi/TB3_RPI4_WS/install/theora_image_transport/lib/libtheora_image_transport__rosidl_typesupport_c.so" to ""
[210.029s] -- Up-to-date: /home/t-pi/TB3_RPI4_WS/install/theora_image_transport/include/theora_image_transport/theora_image_transport
[210.029s] -- Up-to-date: /home/t-pi/TB3_RPI4_WS/install/theora_image_transport/include/theora_image_transport/theora_image_transport/msg
[210.030s] -- Up-to-date: /home/t-pi/TB3_RPI4_WS/install/theora_image_transport/include/theora_image_transport/theora_image_transport/msg/detail
[210.036s] -- Installing: /home/t-pi/TB3_RPI4_WS/install/theora_image_transport/include/theora_image_transport/theora_image_transport/msg/detail/packet__type_support.cpp
[210.037s] -- Installing: /home/t-pi/TB3_RPI4_WS/install/theora_image_transport/include/theora_image_transport/theora_image_transport/msg/detail/packet__rosidl_typesupport_introspection_cpp.hpp
[210.038s] -- Installing: /home/t-pi/TB3_RPI4_WS/install/theora_image_transport/lib/libtheora_image_transport__rosidl_typesupport_introspection_cpp.so
[210.039s] -- Set runtime path of "/home/t-pi/TB3_RPI4_WS/install/theora_image_transport/lib/libtheora_image_transport__rosidl_typesupport_introspection_cpp.so" to ""
[210.044s] -- Installing: /home/t-pi/TB3_RPI4_WS/install/theora_image_transport/lib/libtheora_image_transport__rosidl_typesupport_cpp.so
[210.045s] -- Set runtime path of "/home/t-pi/TB3_RPI4_WS/install/theora_image_transport/lib/libtheora_image_transport__rosidl_typesupport_cpp.so" to ""
[210.045s] -- Installing: /home/t-pi/TB3_RPI4_WS/install/theora_image_transport/share/theora_image_transport/environment/pythonpath.sh
[210.046s] -- Installing: /home/t-pi/TB3_RPI4_WS/install/theora_image_transport/share/theora_image_transport/environment/pythonpath.dsv
[210.047s] -- Installing: /home/t-pi/TB3_RPI4_WS/install/theora_image_transport/local/lib/python3.10/dist-packages/theora_image_transport-2.5.0-py3.10.egg-info
[210.052s] -- Installing: /home/t-pi/TB3_RPI4_WS/install/theora_image_transport/local/lib/python3.10/dist-packages/theora_image_transport-2.5.0-py3.10.egg-info/dependency_links.txt
[210.052s] -- Installing: /home/t-pi/TB3_RPI4_WS/install/theora_image_transport/local/lib/python3.10/dist-packages/theora_image_transport-2.5.0-py3.10.egg-info/top_level.txt
[210.053s] -- Installing: /home/t-pi/TB3_RPI4_WS/install/theora_image_transport/local/lib/python3.10/dist-packages/theora_image_transport-2.5.0-py3.10.egg-info/SOURCES.txt
[210.056s] -- Installing: /home/t-pi/TB3_RPI4_WS/install/theora_image_transport/local/lib/python3.10/dist-packages/theora_image_transport-2.5.0-py3.10.egg-info/PKG-INFO
[210.057s] -- Installing: /home/t-pi/TB3_RPI4_WS/install/theora_image_transport/local/lib/python3.10/dist-packages/theora_image_transport
[210.059s] -- Installing: /home/t-pi/TB3_RPI4_WS/install/theora_image_transport/local/lib/python3.10/dist-packages/theora_image_transport/theora_image_transport_s__rosidl_typesupport_fastrtps_c.cpython-310-aarch64-linux-gnu.so
[210.060s] -- Installing: /home/t-pi/TB3_RPI4_WS/install/theora_image_transport/local/lib/python3.10/dist-packages/theora_image_transport/msg
[210.061s] -- Installing: /home/t-pi/TB3_RPI4_WS/install/theora_image_transport/local/lib/python3.10/dist-packages/theora_image_transport/msg/__init__.py
[210.062s] -- Installing: /home/t-pi/TB3_RPI4_WS/install/theora_image_transport/local/lib/python3.10/dist-packages/theora_image_transport/msg/_packet_s.c
[210.069s] -- Installing: /home/t-pi/TB3_RPI4_WS/install/theora_image_transport/local/lib/python3.10/dist-packages/theora_image_transport/msg/_packet.py
[210.069s] -- Installing: /home/t-pi/TB3_RPI4_WS/install/theora_image_transport/local/lib/python3.10/dist-packages/theora_image_transport/libtheora_image_transport__rosidl_generator_py.so
[210.070s] -- Installing: /home/t-pi/TB3_RPI4_WS/install/theora_image_transport/local/lib/python3.10/dist-packages/theora_image_transport/theora_image_transport_s__rosidl_typesupport_introspection_c.cpython-310-aarch64-linux-gnu.so
[210.071s] -- Installing: /home/t-pi/TB3_RPI4_WS/install/theora_image_transport/local/lib/python3.10/dist-packages/theora_image_transport/_theora_image_transport_s.ep.rosidl_typesupport_fastrtps_c.c
[210.072s] -- Installing: /home/t-pi/TB3_RPI4_WS/install/theora_image_transport/local/lib/python3.10/dist-packages/theora_image_transport/__init__.py
[210.087s] -- Installing: /home/t-pi/TB3_RPI4_WS/install/theora_image_transport/local/lib/python3.10/dist-packages/theora_image_transport/theora_image_transport_s__rosidl_typesupport_c.cpython-310-aarch64-linux-gnu.so
[210.089s] -- Installing: /home/t-pi/TB3_RPI4_WS/install/theora_image_transport/local/lib/python3.10/dist-packages/theora_image_transport/_theora_image_transport_s.ep.rosidl_typesupport_c.c
[210.090s] -- Installing: /home/t-pi/TB3_RPI4_WS/install/theora_image_transport/local/lib/python3.10/dist-packages/theora_image_transport/_theora_image_transport_s.ep.rosidl_typesupport_introspection_c.c
[210.321s] Listing '/home/t-pi/TB3_RPI4_WS/install/theora_image_transport/local/lib/python3.10/dist-packages/theora_image_transport'...
[210.323s] Compiling '/home/t-pi/TB3_RPI4_WS/install/theora_image_transport/local/lib/python3.10/dist-packages/theora_image_transport/__init__.py'...
[210.324s] Listing '/home/t-pi/TB3_RPI4_WS/install/theora_image_transport/local/lib/python3.10/dist-packages/theora_image_transport/msg'...
[210.326s] Compiling '/home/t-pi/TB3_RPI4_WS/install/theora_image_transport/local/lib/python3.10/dist-packages/theora_image_transport/msg/__init__.py'...
[210.327s] Compiling '/home/t-pi/TB3_RPI4_WS/install/theora_image_transport/local/lib/python3.10/dist-packages/theora_image_transport/msg/_packet.py'...
[210.358s] -- Installing: /home/t-pi/TB3_RPI4_WS/install/theora_image_transport/local/lib/python3.10/dist-packages/theora_image_transport/theora_image_transport_s__rosidl_typesupport_fastrtps_c.cpython-310-aarch64-linux-gnu.so
[210.362s] -- Set runtime path of "/home/t-pi/TB3_RPI4_WS/install/theora_image_transport/local/lib/python3.10/dist-packages/theora_image_transport/theora_image_transport_s__rosidl_typesupport_fastrtps_c.cpython-310-aarch64-linux-gnu.so" to ""
[210.365s] -- Installing: /home/t-pi/TB3_RPI4_WS/install/theora_image_transport/local/lib/python3.10/dist-packages/theora_image_transport/theora_image_transport_s__rosidl_typesupport_introspection_c.cpython-310-aarch64-linux-gnu.so
[210.369s] -- Set runtime path of "/home/t-pi/TB3_RPI4_WS/install/theora_image_transport/local/lib/python3.10/dist-packages/theora_image_transport/theora_image_transport_s__rosidl_typesupport_introspection_c.cpython-310-aarch64-linux-gnu.so" to ""
[210.371s] -- Installing: /home/t-pi/TB3_RPI4_WS/install/theora_image_transport/local/lib/python3.10/dist-packages/theora_image_transport/theora_image_transport_s__rosidl_typesupport_c.cpython-310-aarch64-linux-gnu.so
[210.375s] -- Set runtime path of "/home/t-pi/TB3_RPI4_WS/install/theora_image_transport/local/lib/python3.10/dist-packages/theora_image_transport/theora_image_transport_s__rosidl_typesupport_c.cpython-310-aarch64-linux-gnu.so" to ""
[210.376s] -- Installing: /home/t-pi/TB3_RPI4_WS/install/theora_image_transport/lib/libtheora_image_transport__rosidl_generator_py.so
[210.381s] -- Set runtime path of "/home/t-pi/TB3_RPI4_WS/install/theora_image_transport/lib/libtheora_image_transport__rosidl_generator_py.so" to ""
[210.384s] -- Installing: /home/t-pi/TB3_RPI4_WS/install/theora_image_transport/share/theora_image_transport/msg/Packet.idl
[210.387s] -- Installing: /home/t-pi/TB3_RPI4_WS/install/theora_image_transport/share/theora_image_transport/msg/Packet.msg
[210.393s] -- Installing: /home/t-pi/TB3_RPI4_WS/install/theora_image_transport/lib/libtheora_image_transport_component.so
[210.458s] -- Set runtime path of "/home/t-pi/TB3_RPI4_WS/install/theora_image_transport/lib/libtheora_image_transport_component.so" to ""
[210.461s] -- Installing: /home/t-pi/TB3_RPI4_WS/install/theora_image_transport/lib/theora_image_transport/ogg_saver
[210.500s] -- Set runtime path of "/home/t-pi/TB3_RPI4_WS/install/theora_image_transport/lib/theora_image_transport/ogg_saver" to ""
[210.502s] -- Up-to-date: /home/t-pi/TB3_RPI4_WS/install/theora_image_transport/include/theora_image_transport
[210.504s] -- Up-to-date: /home/t-pi/TB3_RPI4_WS/install/theora_image_transport/include/theora_image_transport/theora_image_transport
[210.506s] -- Installing: /home/t-pi/TB3_RPI4_WS/install/theora_image_transport/include/theora_image_transport/theora_image_transport/theora_publisher.h
[210.509s] -- Installing: /home/t-pi/TB3_RPI4_WS/install/theora_image_transport/include/theora_image_transport/theora_image_transport/theora_subscriber.h
[210.512s] -- Installing: /home/t-pi/TB3_RPI4_WS/install/theora_image_transport/share/theora_image_transport/theora_plugins.xml
[210.519s] -- Installing: /home/t-pi/TB3_RPI4_WS/install/theora_image_transport/share/ament_index/resource_index/package_run_dependencies/theora_image_transport
[210.523s] -- Installing: /home/t-pi/TB3_RPI4_WS/install/theora_image_transport/share/ament_index/resource_index/parent_prefix_path/theora_image_transport
[210.527s] -- Installing: /home/t-pi/TB3_RPI4_WS/install/theora_image_transport/share/theora_image_transport/environment/ament_prefix_path.sh
[210.531s] -- Installing: /home/t-pi/TB3_RPI4_WS/install/theora_image_transport/share/theora_image_transport/environment/ament_prefix_path.dsv
[210.535s] -- Installing: /home/t-pi/TB3_RPI4_WS/install/theora_image_transport/share/theora_image_transport/environment/path.sh
[210.538s] -- Installing: /home/t-pi/TB3_RPI4_WS/install/theora_image_transport/share/theora_image_transport/environment/path.dsv
[210.542s] -- Installing: /home/t-pi/TB3_RPI4_WS/install/theora_image_transport/share/theora_image_transport/local_setup.bash
[210.545s] -- Installing: /home/t-pi/TB3_RPI4_WS/install/theora_image_transport/share/theora_image_transport/local_setup.sh
[210.549s] -- Installing: /home/t-pi/TB3_RPI4_WS/install/theora_image_transport/share/theora_image_transport/local_setup.zsh
[210.552s] -- Installing: /home/t-pi/TB3_RPI4_WS/install/theora_image_transport/share/theora_image_transport/local_setup.dsv
[210.555s] -- Installing: /home/t-pi/TB3_RPI4_WS/install/theora_image_transport/share/theora_image_transport/package.dsv
[210.559s] -- Installing: /home/t-pi/TB3_RPI4_WS/install/theora_image_transport/share/ament_index/resource_index/packages/theora_image_transport
[210.563s] -- Installing: /home/t-pi/TB3_RPI4_WS/install/theora_image_transport/share/ament_index/resource_index/image_transport__pluginlib__plugin/theora_image_transport
[210.567s] -- Installing: /home/t-pi/TB3_RPI4_WS/install/theora_image_transport/share/theora_image_transport/cmake/export_theora_image_transport__rosidl_generator_cExport.cmake
[210.571s] -- Installing: /home/t-pi/TB3_RPI4_WS/install/theora_image_transport/share/theora_image_transport/cmake/export_theora_image_transport__rosidl_generator_cExport-noconfig.cmake
[210.575s] -- Installing: /home/t-pi/TB3_RPI4_WS/install/theora_image_transport/share/theora_image_transport/cmake/export_theora_image_transport__rosidl_typesupport_fastrtps_cExport.cmake
[210.578s] -- Installing: /home/t-pi/TB3_RPI4_WS/install/theora_image_transport/share/theora_image_transport/cmake/export_theora_image_transport__rosidl_typesupport_fastrtps_cExport-noconfig.cmake
[210.582s] -- Installing: /home/t-pi/TB3_RPI4_WS/install/theora_image_transport/share/theora_image_transport/cmake/export_theora_image_transport__rosidl_generator_cppExport.cmake
[210.586s] -- Installing: /home/t-pi/TB3_RPI4_WS/install/theora_image_transport/share/theora_image_transport/cmake/export_theora_image_transport__rosidl_typesupport_fastrtps_cppExport.cmake
[210.590s] -- Installing: /home/t-pi/TB3_RPI4_WS/install/theora_image_transport/share/theora_image_transport/cmake/export_theora_image_transport__rosidl_typesupport_fastrtps_cppExport-noconfig.cmake
[210.595s] -- Installing: /home/t-pi/TB3_RPI4_WS/install/theora_image_transport/share/theora_image_transport/cmake/theora_image_transport__rosidl_typesupport_introspection_cExport.cmake
[210.599s] -- Installing: /home/t-pi/TB3_RPI4_WS/install/theora_image_transport/share/theora_image_transport/cmake/theora_image_transport__rosidl_typesupport_introspection_cExport-noconfig.cmake
[210.603s] -- Installing: /home/t-pi/TB3_RPI4_WS/install/theora_image_transport/share/theora_image_transport/cmake/theora_image_transport__rosidl_typesupport_cExport.cmake
[210.607s] -- Installing: /home/t-pi/TB3_RPI4_WS/install/theora_image_transport/share/theora_image_transport/cmake/theora_image_transport__rosidl_typesupport_cExport-noconfig.cmake
[210.610s] -- Installing: /home/t-pi/TB3_RPI4_WS/install/theora_image_transport/share/theora_image_transport/cmake/theora_image_transport__rosidl_typesupport_introspection_cppExport.cmake
[210.614s] -- Installing: /home/t-pi/TB3_RPI4_WS/install/theora_image_transport/share/theora_image_transport/cmake/theora_image_transport__rosidl_typesupport_introspection_cppExport-noconfig.cmake
[210.618s] -- Installing: /home/t-pi/TB3_RPI4_WS/install/theora_image_transport/share/theora_image_transport/cmake/theora_image_transport__rosidl_typesupport_cppExport.cmake
[210.622s] -- Installing: /home/t-pi/TB3_RPI4_WS/install/theora_image_transport/share/theora_image_transport/cmake/theora_image_transport__rosidl_typesupport_cppExport-noconfig.cmake
[210.626s] -- Installing: /home/t-pi/TB3_RPI4_WS/install/theora_image_transport/share/theora_image_transport/cmake/export_theora_image_transport__rosidl_generator_pyExport.cmake
[210.630s] -- Installing: /home/t-pi/TB3_RPI4_WS/install/theora_image_transport/share/theora_image_transport/cmake/export_theora_image_transport__rosidl_generator_pyExport-noconfig.cmake
[210.634s] -- Installing: /home/t-pi/TB3_RPI4_WS/install/theora_image_transport/share/theora_image_transport/cmake/export_theora_image_transport_componentExport.cmake
[210.638s] -- Installing: /home/t-pi/TB3_RPI4_WS/install/theora_image_transport/share/theora_image_transport/cmake/export_theora_image_transport_componentExport-noconfig.cmake
[210.641s] -- Installing: /home/t-pi/TB3_RPI4_WS/install/theora_image_transport/share/theora_image_transport/cmake/rosidl_cmake-extras.cmake
[210.644s] -- Installing: /home/t-pi/TB3_RPI4_WS/install/theora_image_transport/share/theora_image_transport/cmake/ament_cmake_export_dependencies-extras.cmake
[210.648s] -- Installing: /home/t-pi/TB3_RPI4_WS/install/theora_image_transport/share/theora_image_transport/cmake/ament_cmake_export_include_directories-extras.cmake
[210.651s] -- Installing: /home/t-pi/TB3_RPI4_WS/install/theora_image_transport/share/theora_image_transport/cmake/ament_cmake_export_libraries-extras.cmake
[210.655s] -- Installing: /home/t-pi/TB3_RPI4_WS/install/theora_image_transport/share/theora_image_transport/cmake/ament_cmake_export_targets-extras.cmake
[210.658s] -- Installing: /home/t-pi/TB3_RPI4_WS/install/theora_image_transport/share/theora_image_transport/cmake/rosidl_cmake_export_typesupport_targets-extras.cmake
[210.662s] -- Installing: /home/t-pi/TB3_RPI4_WS/install/theora_image_transport/share/theora_image_transport/cmake/rosidl_cmake_export_typesupport_libraries-extras.cmake
[210.665s] -- Installing: /home/t-pi/TB3_RPI4_WS/install/theora_image_transport/share/theora_image_transport/cmake/theora_image_transportConfig.cmake
[210.669s] -- Installing: /home/t-pi/TB3_RPI4_WS/install/theora_image_transport/share/theora_image_transport/cmake/theora_image_transportConfig-version.cmake
[210.672s] -- Installing: /home/t-pi/TB3_RPI4_WS/install/theora_image_transport/share/theora_image_transport/package.xml
[210.697s] Invoked command in '/home/t-pi/TB3_RPI4_WS/build/theora_image_transport' returned '0': CMAKE_PREFIX_PATH=${CMAKE_PREFIX_PATH}:/home/t-pi/turtlebot3_ws/install/turtlebot3_teleop:/home/t-pi/turtlebot3_ws/install/turtlebot3_example:/home/t-pi/turtlebot3_ws/install/rpi_temprature:/home/t-pi/turtlebot3_ws/install/RPI_temprature:/opt/ros/humble /usr/bin/cmake --install /home/t-pi/TB3_RPI4_WS/build/theora_image_transport
