[0.194s] Invoking command in '/home/t-pi/TB3_RPI4_WS/build/usb_cam': AMENT_PREFIX_PATH=/home/t-pi/TB3_RPI4_WS/install/image_transport_plugins:/home/t-pi/TB3_RPI4_WS/install/theora_image_transport:/home/t-pi/TB3_RPI4_WS/install/compressed_image_transport:/home/t-pi/TB3_RPI4_WS/install/compressed_depth_image_transport:${AMENT_PREFIX_PATH} CMAKE_PREFIX_PATH=/home/t-pi/TB3_RPI4_WS/install/image_transport_plugins:/home/t-pi/TB3_RPI4_WS/install/theora_image_transport:/home/t-pi/TB3_RPI4_WS/install/compressed_image_transport:/home/t-pi/TB3_RPI4_WS/install/compressed_depth_image_transport:/home/t-pi/TB3_RPI4_WS/install/turtlebot3_description:/opt/ros/humble LD_LIBRARY_PATH=/home/t-pi/TB3_RPI4_WS/install/theora_image_transport/lib:/home/t-pi/TB3_RPI4_WS/install/compressed_image_transport/lib:/home/t-pi/TB3_RPI4_WS/install/compressed_depth_image_transport/lib:${LD_LIBRARY_PATH} PYTHONPATH=/home/t-pi/TB3_RPI4_WS/install/theora_image_transport/local/lib/python3.10/dist-packages:${PYTHONPATH} /usr/bin/cmake /home/t-pi/TB3_RPI4_WS/src/usb_cam -DCMAKE_INSTALL_PREFIX=/home/t-pi/TB3_RPI4_WS/install/usb_cam
[0.820s] -- The C compiler identification is GNU 11.3.0
[1.482s] -- The CXX compiler identification is GNU 11.3.0
[1.576s] -- Detecting C compiler ABI info
[2.532s] -- Detecting C compiler ABI info - done
[2.612s] -- Check for working C compiler: /usr/bin/cc - skipped
[2.613s] -- Detecting C compile features
[2.615s] -- Detecting C compile features - done
[2.646s] -- Detecting CXX compiler ABI info
[3.409s] -- Detecting CXX compiler ABI info - done
[3.481s] -- Check for working CXX compiler: /usr/bin/c++ - skipped
[3.482s] -- Detecting CXX compile features
[3.485s] -- Detecting CXX compile features - done
[3.573s] -- Found ament_cmake_auto: 1.3.5 (/opt/ros/humble/share/ament_cmake_auto/cmake)
[5.528s] -- Found Python3: /usr/bin/python3.10 (found version "3.10.6") found components: Interpreter 
[8.332s] -- Found rosidl_generator_c: 3.1.4 (/opt/ros/humble/share/rosidl_generator_c/cmake)
[8.420s] -- Found rosidl_adapter: 3.1.4 (/opt/ros/humble/share/rosidl_adapter/cmake)
[8.533s] -- Found rosidl_generator_cpp: 3.1.4 (/opt/ros/humble/share/rosidl_generator_cpp/cmake)
[8.671s] -- Using all available rosidl_typesupport_c: rosidl_typesupport_fastrtps_c;rosidl_typesupport_introspection_c
[8.885s] -- Using all available rosidl_typesupport_cpp: rosidl_typesupport_fastrtps_cpp;rosidl_typesupport_introspection_cpp
[11.698s] -- Found rmw_implementation_cmake: 6.1.1 (/opt/ros/humble/share/rmw_implementation_cmake/cmake)
[11.793s] -- Found rmw_fastrtps_cpp: 6.2.2 (/opt/ros/humble/share/rmw_fastrtps_cpp/cmake)
[13.171s] -- Found OpenSSL: /usr/lib/aarch64-linux-gnu/libcrypto.so (found version "3.0.2")  
[13.502s] -- Found FastRTPS: /opt/ros/humble/include  
[14.065s] -- Using RMW implementation 'rmw_fastrtps_cpp' as default
[14.208s] -- Looking for pthread.h
[15.097s] -- Looking for pthread.h - found
[15.100s] -- Performing Test CMAKE_HAVE_LIBC_PTHREAD
[15.681s] -- Performing Test CMAKE_HAVE_LIBC_PTHREAD - Success
[15.687s] -- Found Threads: TRUE  
[18.697s] -- Found OpenCV: /usr (found version "4.5.4") 
[18.715s] -- Found PkgConfig: /usr/bin/pkg-config (found version "0.29.2") 
[18.719s] -- Checking for module 'libavcodec'
[18.797s] --   Found libavcodec, version 58.134.100
[18.980s] -- Checking for module 'libavutil'
[19.050s] --   Found libavutil, version 56.70.100
[19.222s] -- Checking for module 'libswscale'
[19.297s] --   Found libswscale, version 5.9.100
[19.558s] -- Found ament_lint_auto: 0.12.6 (/opt/ros/humble/share/ament_lint_auto/cmake)
[20.003s] -- Found gtest sources under '/opt/ros/humble/src/gtest_vendor': C++ tests using 'Google Test' will be built
[20.076s] -- Added test 'copyright' to check source files copyright and LICENSE
[20.161s] -- Added test 'cppcheck' to perform static code analysis on C / C++ code
[20.163s] -- Configured cppcheck include dirs: /home/t-pi/TB3_RPI4_WS/src/usb_cam/include
[20.164s] -- Configured cppcheck exclude dirs and/or files: 
[20.234s] -- Added test 'cpplint' to check C / C++ code against the Google style
[20.235s] -- Configured cpplint exclude dirs and/or files: 
[20.248s] -- Added test 'flake8' to check Python code syntax and style conventions
[20.268s] -- Added test 'lint_cmake' to check CMake code style
[20.282s] -- Added test 'pep257' to check Python code against some of the docstring style conventions in PEP 257
[20.345s] -- Added test 'uncrustify' to check C / C++ code style
[20.346s] -- Configured uncrustify additional arguments: 
[20.360s] -- Added test 'xmllint' to check XML markup files
[20.388s] -- Configuring done
[20.687s] -- Generating done
[20.701s] -- Build files have been written to: /home/t-pi/TB3_RPI4_WS/build/usb_cam
[20.759s] Invoked command in '/home/t-pi/TB3_RPI4_WS/build/usb_cam' returned '0': AMENT_PREFIX_PATH=/home/t-pi/TB3_RPI4_WS/install/image_transport_plugins:/home/t-pi/TB3_RPI4_WS/install/theora_image_transport:/home/t-pi/TB3_RPI4_WS/install/compressed_image_transport:/home/t-pi/TB3_RPI4_WS/install/compressed_depth_image_transport:${AMENT_PREFIX_PATH} CMAKE_PREFIX_PATH=/home/t-pi/TB3_RPI4_WS/install/image_transport_plugins:/home/t-pi/TB3_RPI4_WS/install/theora_image_transport:/home/t-pi/TB3_RPI4_WS/install/compressed_image_transport:/home/t-pi/TB3_RPI4_WS/install/compressed_depth_image_transport:/home/t-pi/TB3_RPI4_WS/install/turtlebot3_description:/opt/ros/humble LD_LIBRARY_PATH=/home/t-pi/TB3_RPI4_WS/install/theora_image_transport/lib:/home/t-pi/TB3_RPI4_WS/install/compressed_image_transport/lib:/home/t-pi/TB3_RPI4_WS/install/compressed_depth_image_transport/lib:${LD_LIBRARY_PATH} PYTHONPATH=/home/t-pi/TB3_RPI4_WS/install/theora_image_transport/local/lib/python3.10/dist-packages:${PYTHONPATH} /usr/bin/cmake /home/t-pi/TB3_RPI4_WS/src/usb_cam -DCMAKE_INSTALL_PREFIX=/home/t-pi/TB3_RPI4_WS/install/usb_cam
[20.768s] Invoking command in '/home/t-pi/TB3_RPI4_WS/build/usb_cam': AMENT_PREFIX_PATH=/home/t-pi/TB3_RPI4_WS/install/image_transport_plugins:/home/t-pi/TB3_RPI4_WS/install/theora_image_transport:/home/t-pi/TB3_RPI4_WS/install/compressed_image_transport:/home/t-pi/TB3_RPI4_WS/install/compressed_depth_image_transport:${AMENT_PREFIX_PATH} CMAKE_PREFIX_PATH=/home/t-pi/TB3_RPI4_WS/install/image_transport_plugins:/home/t-pi/TB3_RPI4_WS/install/theora_image_transport:/home/t-pi/TB3_RPI4_WS/install/compressed_image_transport:/home/t-pi/TB3_RPI4_WS/install/compressed_depth_image_transport:/home/t-pi/TB3_RPI4_WS/install/turtlebot3_description:/opt/ros/humble LD_LIBRARY_PATH=/home/t-pi/TB3_RPI4_WS/install/theora_image_transport/lib:/home/t-pi/TB3_RPI4_WS/install/compressed_image_transport/lib:/home/t-pi/TB3_RPI4_WS/install/compressed_depth_image_transport/lib:${LD_LIBRARY_PATH} PYTHONPATH=/home/t-pi/TB3_RPI4_WS/install/theora_image_transport/local/lib/python3.10/dist-packages:${PYTHONPATH} /usr/bin/cmake --build /home/t-pi/TB3_RPI4_WS/build/usb_cam -- -j4 -l4
[21.037s] [ 21%] [32mBuilding CXX object gtest/CMakeFiles/gtest_main.dir/src/gtest_main.cc.o[0m
[21.038s] [ 21%] [32mBuilding CXX object CMakeFiles/usb_cam.dir/src/usb_cam.cpp.o[0m
[21.039s] [ 21%] [32mBuilding CXX object CMakeFiles/usb_cam_node_exe.dir/rclcpp_components/node_main_usb_cam_node_exe.cpp.o[0m
[25.286s] [ 28%] [32m[1mLinking CXX static library libgtest_main.a[0m
[25.467s] [ 28%] Built target gtest_main
[25.585s] [ 35%] [32mBuilding CXX object gtest/CMakeFiles/gtest.dir/src/gtest-all.cc.o[0m
[39.241s] [ 42%] [32m[1mLinking CXX executable usb_cam_node_exe[0m
[40.020s] [ 42%] Built target usb_cam_node_exe
[41.770s] [ 50%] [32m[1mLinking CXX static library libgtest.a[0m
[42.197s] [ 50%] Built target gtest
[44.321s] [ 57%] [32m[1mLinking CXX shared library libusb_cam.so[0m
[46.018s] [ 57%] Built target usb_cam
[46.124s] [ 64%] [32mBuilding CXX object CMakeFiles/usb_cam_node.dir/src/usb_cam_node.cpp.o[0m
[46.126s] [ 71%] [32mBuilding CXX object CMakeFiles/test_usb_cam_utils.dir/test/test_usb_cam_utils.cpp.o[0m
[46.131s] [ 78%] [32mBuilding CXX object CMakeFiles/test_pixel_formats.dir/test/test_pixel_formats.cpp.o[0m
[54.426s] [ 85%] [32m[1mLinking CXX executable test_pixel_formats[0m
[55.517s] [ 92%] [32m[1mLinking CXX executable test_usb_cam_utils[0m
[55.986s] [ 92%] Built target test_pixel_formats
[56.927s] [ 92%] Built target test_usb_cam_utils
[72.742s] [100%] [32m[1mLinking CXX shared library libusb_cam_node.so[0m
[74.226s] [100%] Built target usb_cam_node
[74.274s] Invoked command in '/home/t-pi/TB3_RPI4_WS/build/usb_cam' returned '0': AMENT_PREFIX_PATH=/home/t-pi/TB3_RPI4_WS/install/image_transport_plugins:/home/t-pi/TB3_RPI4_WS/install/theora_image_transport:/home/t-pi/TB3_RPI4_WS/install/compressed_image_transport:/home/t-pi/TB3_RPI4_WS/install/compressed_depth_image_transport:${AMENT_PREFIX_PATH} CMAKE_PREFIX_PATH=/home/t-pi/TB3_RPI4_WS/install/image_transport_plugins:/home/t-pi/TB3_RPI4_WS/install/theora_image_transport:/home/t-pi/TB3_RPI4_WS/install/compressed_image_transport:/home/t-pi/TB3_RPI4_WS/install/compressed_depth_image_transport:/home/t-pi/TB3_RPI4_WS/install/turtlebot3_description:/opt/ros/humble LD_LIBRARY_PATH=/home/t-pi/TB3_RPI4_WS/install/theora_image_transport/lib:/home/t-pi/TB3_RPI4_WS/install/compressed_image_transport/lib:/home/t-pi/TB3_RPI4_WS/install/compressed_depth_image_transport/lib:${LD_LIBRARY_PATH} PYTHONPATH=/home/t-pi/TB3_RPI4_WS/install/theora_image_transport/local/lib/python3.10/dist-packages:${PYTHONPATH} /usr/bin/cmake --build /home/t-pi/TB3_RPI4_WS/build/usb_cam -- -j4 -l4
[74.525s] Invoking command in '/home/t-pi/TB3_RPI4_WS/build/usb_cam': AMENT_PREFIX_PATH=/home/t-pi/TB3_RPI4_WS/install/image_transport_plugins:/home/t-pi/TB3_RPI4_WS/install/theora_image_transport:/home/t-pi/TB3_RPI4_WS/install/compressed_image_transport:/home/t-pi/TB3_RPI4_WS/install/compressed_depth_image_transport:${AMENT_PREFIX_PATH} CMAKE_PREFIX_PATH=/home/t-pi/TB3_RPI4_WS/install/image_transport_plugins:/home/t-pi/TB3_RPI4_WS/install/theora_image_transport:/home/t-pi/TB3_RPI4_WS/install/compressed_image_transport:/home/t-pi/TB3_RPI4_WS/install/compressed_depth_image_transport:/home/t-pi/TB3_RPI4_WS/install/turtlebot3_description:/opt/ros/humble LD_LIBRARY_PATH=/home/t-pi/TB3_RPI4_WS/install/theora_image_transport/lib:/home/t-pi/TB3_RPI4_WS/install/compressed_image_transport/lib:/home/t-pi/TB3_RPI4_WS/install/compressed_depth_image_transport/lib:${LD_LIBRARY_PATH} PYTHONPATH=/home/t-pi/TB3_RPI4_WS/install/theora_image_transport/local/lib/python3.10/dist-packages:${PYTHONPATH} /usr/bin/cmake --install /home/t-pi/TB3_RPI4_WS/build/usb_cam
[74.557s] -- Install configuration: ""
[74.558s] -- Installing: /home/t-pi/TB3_RPI4_WS/install/usb_cam/share/usb_cam/environment/library_path.sh
[74.560s] -- Installing: /home/t-pi/TB3_RPI4_WS/install/usb_cam/share/usb_cam/environment/library_path.dsv
[74.561s] -- Installing: /home/t-pi/TB3_RPI4_WS/install/usb_cam/lib/usb_cam/usb_cam_node_exe
[74.566s] -- Set runtime path of "/home/t-pi/TB3_RPI4_WS/install/usb_cam/lib/usb_cam/usb_cam_node_exe" to ""
[74.566s] -- Installing: /home/t-pi/TB3_RPI4_WS/install/usb_cam/lib/usb_cam/show_image.py
[74.571s] -- Installing: /home/t-pi/TB3_RPI4_WS/install/usb_cam/lib/libusb_cam.so
[74.578s] -- Set runtime path of "/home/t-pi/TB3_RPI4_WS/install/usb_cam/lib/libusb_cam.so" to ""
[74.578s] -- Installing: /home/t-pi/TB3_RPI4_WS/install/usb_cam/lib/libusb_cam_node.so
[74.596s] -- Set runtime path of "/home/t-pi/TB3_RPI4_WS/install/usb_cam/lib/libusb_cam_node.so" to ""
[74.597s] -- Installing: /home/t-pi/TB3_RPI4_WS/install/usb_cam/include
[74.597s] -- Installing: /home/t-pi/TB3_RPI4_WS/install/usb_cam/include/usb_cam
[74.597s] -- Installing: /home/t-pi/TB3_RPI4_WS/install/usb_cam/include/usb_cam/constants.hpp
[74.598s] -- Installing: /home/t-pi/TB3_RPI4_WS/install/usb_cam/include/usb_cam/conversions.hpp
[74.599s] -- Installing: /home/t-pi/TB3_RPI4_WS/install/usb_cam/include/usb_cam/utils.hpp
[74.600s] -- Installing: /home/t-pi/TB3_RPI4_WS/install/usb_cam/include/usb_cam/usb_cam_node.hpp
[74.601s] -- Installing: /home/t-pi/TB3_RPI4_WS/install/usb_cam/include/usb_cam/formats
[74.602s] -- Installing: /home/t-pi/TB3_RPI4_WS/install/usb_cam/include/usb_cam/formats/uyvy.hpp
[74.603s] -- Installing: /home/t-pi/TB3_RPI4_WS/install/usb_cam/include/usb_cam/formats/mono.hpp
[74.604s] -- Installing: /home/t-pi/TB3_RPI4_WS/install/usb_cam/include/usb_cam/formats/pixel_format_base.hpp
[74.605s] -- Installing: /home/t-pi/TB3_RPI4_WS/install/usb_cam/include/usb_cam/formats/mjpeg.hpp
[74.606s] -- Installing: /home/t-pi/TB3_RPI4_WS/install/usb_cam/include/usb_cam/formats/rgb.hpp
[74.607s] -- Installing: /home/t-pi/TB3_RPI4_WS/install/usb_cam/include/usb_cam/formats/utils.hpp
[74.608s] -- Installing: /home/t-pi/TB3_RPI4_WS/install/usb_cam/include/usb_cam/formats/yuyv.hpp
[74.609s] -- Installing: /home/t-pi/TB3_RPI4_WS/install/usb_cam/include/usb_cam/formats/m420.hpp
[74.610s] -- Installing: /home/t-pi/TB3_RPI4_WS/install/usb_cam/include/usb_cam/usb_cam.hpp
[74.612s] -- Up-to-date: /home/t-pi/TB3_RPI4_WS/install/usb_cam/lib/libusb_cam.so
[74.614s] -- Up-to-date: /home/t-pi/TB3_RPI4_WS/install/usb_cam/lib/libusb_cam_node.so
[74.615s] -- Installing: /home/t-pi/TB3_RPI4_WS/install/usb_cam/share/usb_cam/launch
[74.616s] -- Installing: /home/t-pi/TB3_RPI4_WS/install/usb_cam/share/usb_cam/launch/demo_launch.py
[74.620s] -- Installing: /home/t-pi/TB3_RPI4_WS/install/usb_cam/share/usb_cam/config
[74.620s] -- Installing: /home/t-pi/TB3_RPI4_WS/install/usb_cam/share/usb_cam/config/params.yaml
[74.622s] -- Installing: /home/t-pi/TB3_RPI4_WS/install/usb_cam/share/usb_cam/config/camera_info.yaml
[74.625s] -- Installing: /home/t-pi/TB3_RPI4_WS/install/usb_cam/share/ament_index/resource_index/package_run_dependencies/usb_cam
[74.627s] -- Installing: /home/t-pi/TB3_RPI4_WS/install/usb_cam/share/ament_index/resource_index/parent_prefix_path/usb_cam
[74.628s] -- Installing: /home/t-pi/TB3_RPI4_WS/install/usb_cam/share/usb_cam/environment/ament_prefix_path.sh
[74.630s] -- Installing: /home/t-pi/TB3_RPI4_WS/install/usb_cam/share/usb_cam/environment/ament_prefix_path.dsv
[74.631s] -- Installing: /home/t-pi/TB3_RPI4_WS/install/usb_cam/share/usb_cam/environment/path.sh
[74.632s] -- Installing: /home/t-pi/TB3_RPI4_WS/install/usb_cam/share/usb_cam/environment/path.dsv
[74.633s] -- Installing: /home/t-pi/TB3_RPI4_WS/install/usb_cam/share/usb_cam/local_setup.bash
[74.634s] -- Installing: /home/t-pi/TB3_RPI4_WS/install/usb_cam/share/usb_cam/local_setup.sh
[74.636s] -- Installing: /home/t-pi/TB3_RPI4_WS/install/usb_cam/share/usb_cam/local_setup.zsh
[74.637s] -- Installing: /home/t-pi/TB3_RPI4_WS/install/usb_cam/share/usb_cam/local_setup.dsv
[74.638s] -- Installing: /home/t-pi/TB3_RPI4_WS/install/usb_cam/share/usb_cam/package.dsv
[74.640s] -- Installing: /home/t-pi/TB3_RPI4_WS/install/usb_cam/share/ament_index/resource_index/packages/usb_cam
[74.642s] -- Installing: /home/t-pi/TB3_RPI4_WS/install/usb_cam/share/ament_index/resource_index/rclcpp_components/usb_cam
[74.643s] -- Installing: /home/t-pi/TB3_RPI4_WS/install/usb_cam/share/usb_cam/cmake/ament_cmake_export_libraries-extras.cmake
[74.645s] -- Installing: /home/t-pi/TB3_RPI4_WS/install/usb_cam/share/usb_cam/cmake/ament_cmake_export_dependencies-extras.cmake
[74.646s] -- Installing: /home/t-pi/TB3_RPI4_WS/install/usb_cam/share/usb_cam/cmake/ament_cmake_export_include_directories-extras.cmake
[74.647s] -- Installing: /home/t-pi/TB3_RPI4_WS/install/usb_cam/share/usb_cam/cmake/usb_camConfig.cmake
[74.648s] -- Installing: /home/t-pi/TB3_RPI4_WS/install/usb_cam/share/usb_cam/cmake/usb_camConfig-version.cmake
[74.649s] -- Installing: /home/t-pi/TB3_RPI4_WS/install/usb_cam/share/usb_cam/package.xml
[74.666s] Invoked command in '/home/t-pi/TB3_RPI4_WS/build/usb_cam' returned '0': AMENT_PREFIX_PATH=/home/t-pi/TB3_RPI4_WS/install/image_transport_plugins:/home/t-pi/TB3_RPI4_WS/install/theora_image_transport:/home/t-pi/TB3_RPI4_WS/install/compressed_image_transport:/home/t-pi/TB3_RPI4_WS/install/compressed_depth_image_transport:${AMENT_PREFIX_PATH} CMAKE_PREFIX_PATH=/home/t-pi/TB3_RPI4_WS/install/image_transport_plugins:/home/t-pi/TB3_RPI4_WS/install/theora_image_transport:/home/t-pi/TB3_RPI4_WS/install/compressed_image_transport:/home/t-pi/TB3_RPI4_WS/install/compressed_depth_image_transport:/home/t-pi/TB3_RPI4_WS/install/turtlebot3_description:/opt/ros/humble LD_LIBRARY_PATH=/home/t-pi/TB3_RPI4_WS/install/theora_image_transport/lib:/home/t-pi/TB3_RPI4_WS/install/compressed_image_transport/lib:/home/t-pi/TB3_RPI4_WS/install/compressed_depth_image_transport/lib:${LD_LIBRARY_PATH} PYTHONPATH=/home/t-pi/TB3_RPI4_WS/install/theora_image_transport/local/lib/python3.10/dist-packages:${PYTHONPATH} /usr/bin/cmake --install /home/t-pi/TB3_RPI4_WS/build/usb_cam
