[0.608s] Invoking command in '/home/t-pi/TB3_RPI4_WS/build/turtlebot3_description': CMAKE_PREFIX_PATH=/opt/ros/humble /usr/bin/cmake --build /home/t-pi/TB3_RPI4_WS/build/turtlebot3_description -- -j4 -l4
[0.766s] Invoked command in '/home/t-pi/TB3_RPI4_WS/build/turtlebot3_description' returned '0': CMAKE_PREFIX_PATH=/opt/ros/humble /usr/bin/cmake --build /home/t-pi/TB3_RPI4_WS/build/turtlebot3_description -- -j4 -l4
[0.923s] Invoking command in '/home/t-pi/TB3_RPI4_WS/build/turtlebot3_description': CMAKE_PREFIX_PATH=/opt/ros/humble /usr/bin/cmake --install /home/t-pi/TB3_RPI4_WS/build/turtlebot3_description
[0.951s] -- Install configuration: ""
[0.952s] -- Installing: /home/t-pi/TB3_RPI4_WS/install/turtlebot3_description/share/turtlebot3_description/meshes
[0.952s] -- Installing: /home/t-pi/TB3_RPI4_WS/install/turtlebot3_description/share/turtlebot3_description/meshes/wheels
[0.953s] -- Installing: /home/t-pi/TB3_RPI4_WS/install/turtlebot3_description/share/turtlebot3_description/meshes/wheels/right_tire.stl
[0.964s] -- Installing: /home/t-pi/TB3_RPI4_WS/install/turtlebot3_description/share/turtlebot3_description/meshes/wheels/left_tire.stl
[0.974s] -- Installing: /home/t-pi/TB3_RPI4_WS/install/turtlebot3_description/share/turtlebot3_description/meshes/bases
[0.975s] -- Installing: /home/t-pi/TB3_RPI4_WS/install/turtlebot3_description/share/turtlebot3_description/meshes/bases/burger_base.stl
[1.017s] -- Installing: /home/t-pi/TB3_RPI4_WS/install/turtlebot3_description/share/turtlebot3_description/meshes/bases/waffle_base.stl
[1.155s] -- Installing: /home/t-pi/TB3_RPI4_WS/install/turtlebot3_description/share/turtlebot3_description/meshes/bases/waffle_pi_base.stl
[1.223s] -- Installing: /home/t-pi/TB3_RPI4_WS/install/turtlebot3_description/share/turtlebot3_description/meshes/sensors
[1.224s] -- Installing: /home/t-pi/TB3_RPI4_WS/install/turtlebot3_description/share/turtlebot3_description/meshes/sensors/astra.jpg
[1.226s] -- Installing: /home/t-pi/TB3_RPI4_WS/install/turtlebot3_description/share/turtlebot3_description/meshes/sensors/lds.stl
[1.233s] -- Installing: /home/t-pi/TB3_RPI4_WS/install/turtlebot3_description/share/turtlebot3_description/meshes/sensors/astra.dae
[1.310s] -- Installing: /home/t-pi/TB3_RPI4_WS/install/turtlebot3_description/share/turtlebot3_description/meshes/sensors/r200.jpg
[1.311s] -- Installing: /home/t-pi/TB3_RPI4_WS/install/turtlebot3_description/share/turtlebot3_description/meshes/sensors/r200.dae
[1.314s] -- Installing: /home/t-pi/TB3_RPI4_WS/install/turtlebot3_description/share/turtlebot3_description/rviz
[1.314s] -- Installing: /home/t-pi/TB3_RPI4_WS/install/turtlebot3_description/share/turtlebot3_description/rviz/model.rviz
[1.316s] -- Installing: /home/t-pi/TB3_RPI4_WS/install/turtlebot3_description/share/turtlebot3_description/urdf
[1.317s] -- Installing: /home/t-pi/TB3_RPI4_WS/install/turtlebot3_description/share/turtlebot3_description/urdf/common_properties.urdf
[1.318s] -- Installing: /home/t-pi/TB3_RPI4_WS/install/turtlebot3_description/share/turtlebot3_description/urdf/turtlebot3_waffle.urdf
[1.319s] -- Installing: /home/t-pi/TB3_RPI4_WS/install/turtlebot3_description/share/turtlebot3_description/urdf/turtlebot3_waffle_pi.urdf
[1.321s] -- Installing: /home/t-pi/TB3_RPI4_WS/install/turtlebot3_description/share/turtlebot3_description/urdf/turtlebot3_burger.urdf
[1.323s] -- Installing: /home/t-pi/TB3_RPI4_WS/install/turtlebot3_description/share/ament_index/resource_index/package_run_dependencies/turtlebot3_description
[1.325s] -- Installing: /home/t-pi/TB3_RPI4_WS/install/turtlebot3_description/share/ament_index/resource_index/parent_prefix_path/turtlebot3_description
[1.327s] -- Installing: /home/t-pi/TB3_RPI4_WS/install/turtlebot3_description/share/turtlebot3_description/environment/ament_prefix_path.sh
[1.328s] -- Installing: /home/t-pi/TB3_RPI4_WS/install/turtlebot3_description/share/turtlebot3_description/environment/ament_prefix_path.dsv
[1.330s] -- Installing: /home/t-pi/TB3_RPI4_WS/install/turtlebot3_description/share/turtlebot3_description/environment/path.sh
[1.331s] -- Installing: /home/t-pi/TB3_RPI4_WS/install/turtlebot3_description/share/turtlebot3_description/environment/path.dsv
[1.333s] -- Installing: /home/t-pi/TB3_RPI4_WS/install/turtlebot3_description/share/turtlebot3_description/local_setup.bash
[1.334s] -- Installing: /home/t-pi/TB3_RPI4_WS/install/turtlebot3_description/share/turtlebot3_description/local_setup.sh
[1.336s] -- Installing: /home/t-pi/TB3_RPI4_WS/install/turtlebot3_description/share/turtlebot3_description/local_setup.zsh
[1.337s] -- Installing: /home/t-pi/TB3_RPI4_WS/install/turtlebot3_description/share/turtlebot3_description/local_setup.dsv
[1.339s] -- Installing: /home/t-pi/TB3_RPI4_WS/install/turtlebot3_description/share/turtlebot3_description/package.dsv
[1.340s] -- Installing: /home/t-pi/TB3_RPI4_WS/install/turtlebot3_description/share/ament_index/resource_index/packages/turtlebot3_description
[1.342s] -- Installing: /home/t-pi/TB3_RPI4_WS/install/turtlebot3_description/share/turtlebot3_description/cmake/turtlebot3_descriptionConfig.cmake
[1.343s] -- Installing: /home/t-pi/TB3_RPI4_WS/install/turtlebot3_description/share/turtlebot3_description/cmake/turtlebot3_descriptionConfig-version.cmake
[1.345s] -- Installing: /home/t-pi/TB3_RPI4_WS/install/turtlebot3_description/share/turtlebot3_description/package.xml
[1.355s] Invoked command in '/home/t-pi/TB3_RPI4_WS/build/turtlebot3_description' returned '0': CMAKE_PREFIX_PATH=/opt/ros/humble /usr/bin/cmake --install /home/t-pi/TB3_RPI4_WS/build/turtlebot3_description
