[0.133s] Invoking command in '/home/t-pi/TB3_RPI4_WS/build/compressed_image_transport': CMAKE_PREFIX_PATH=${CMAKE_PREFIX_PATH}:/home/t-pi/TB3_RPI4_WS/install/turtlebot3_teleop:/home/t-pi/TB3_RPI4_WS/install/turtlebot3_example:/home/t-pi/TB3_RPI4_WS/install/rpi_temprature:/opt/ros/humble /usr/bin/cmake /home/t-pi/TB3_RPI4_WS/src/image_transport_plugins/compressed_image_transport -DCMAKE_INSTALL_PREFIX=/home/t-pi/TB3_RPI4_WS/install/compressed_image_transport
[0.504s] -- The C compiler identification is GNU 11.3.0
[0.875s] -- The CXX compiler identification is GNU 11.3.0
[0.919s] -- Detecting C compiler ABI info
[1.366s] -- Detecting C compiler ABI info - done
[1.408s] -- Check for working C compiler: /usr/bin/cc - skipped
[1.411s] -- Detecting C compile features
[1.414s] -- Detecting C compile features - done
[1.436s] -- Detecting CXX compiler ABI info
[1.915s] -- Detecting CXX compiler ABI info - done
[1.952s] -- Check for working CXX compiler: /usr/bin/c++ - skipped
[1.954s] -- Detecting CXX compile features
[1.956s] -- Detecting CXX compile features - done
[1.989s] -- Found ament_cmake: 1.3.5 (/opt/ros/humble/share/ament_cmake/cmake)
[3.240s] -- Found Python3: /usr/bin/python3.10 (found version "3.10.6") found components: Interpreter 
[4.018s] -- Found image_transport: 3.1.5 (/opt/ros/humble/share/image_transport/cmake)
[4.494s] -- Found rosidl_generator_c: 3.1.4 (/opt/ros/humble/share/rosidl_generator_c/cmake)
[4.550s] -- Found rosidl_adapter: 3.1.4 (/opt/ros/humble/share/rosidl_adapter/cmake)
[4.626s] -- Found rosidl_generator_cpp: 3.1.4 (/opt/ros/humble/share/rosidl_generator_cpp/cmake)
[4.729s] -- Using all available rosidl_typesupport_c: rosidl_typesupport_fastrtps_c;rosidl_typesupport_introspection_c
[4.886s] -- Using all available rosidl_typesupport_cpp: rosidl_typesupport_fastrtps_cpp;rosidl_typesupport_introspection_cpp
[5.399s] -- Found rmw_implementation_cmake: 6.1.1 (/opt/ros/humble/share/rmw_implementation_cmake/cmake)
[5.432s] -- Found rmw_fastrtps_cpp: 6.2.2 (/opt/ros/humble/share/rmw_fastrtps_cpp/cmake)
[6.222s] -- Found OpenSSL: /usr/lib/aarch64-linux-gnu/libcrypto.so (found version "3.0.2")  
[6.517s] -- Found FastRTPS: /opt/ros/humble/include  
[7.013s] -- Using RMW implementation 'rmw_fastrtps_cpp' as default
[7.119s] -- Looking for pthread.h
[7.573s] -- Looking for pthread.h - found
[7.575s] -- Performing Test CMAKE_HAVE_LIBC_PTHREAD
[8.042s] -- Performing Test CMAKE_HAVE_LIBC_PTHREAD - Success
[8.047s] -- Found Threads: TRUE  
[10.112s] -- Found cv_bridge: 3.2.1 (/opt/ros/humble/share/cv_bridge/cmake)
[10.221s] -- Found OpenCV: /usr (found version "4.5.4") 
[10.632s] -- Configuring done
[10.739s] -- Generating done
[10.749s] -- Build files have been written to: /home/t-pi/TB3_RPI4_WS/build/compressed_image_transport
[10.820s] Invoked command in '/home/t-pi/TB3_RPI4_WS/build/compressed_image_transport' returned '0': CMAKE_PREFIX_PATH=${CMAKE_PREFIX_PATH}:/home/t-pi/TB3_RPI4_WS/install/turtlebot3_teleop:/home/t-pi/TB3_RPI4_WS/install/turtlebot3_example:/home/t-pi/TB3_RPI4_WS/install/rpi_temprature:/opt/ros/humble /usr/bin/cmake /home/t-pi/TB3_RPI4_WS/src/image_transport_plugins/compressed_image_transport -DCMAKE_INSTALL_PREFIX=/home/t-pi/TB3_RPI4_WS/install/compressed_image_transport
[10.831s] Invoking command in '/home/t-pi/TB3_RPI4_WS/build/compressed_image_transport': CMAKE_PREFIX_PATH=${CMAKE_PREFIX_PATH}:/home/t-pi/TB3_RPI4_WS/install/turtlebot3_teleop:/home/t-pi/TB3_RPI4_WS/install/turtlebot3_example:/home/t-pi/TB3_RPI4_WS/install/rpi_temprature:/opt/ros/humble /usr/bin/cmake --build /home/t-pi/TB3_RPI4_WS/build/compressed_image_transport -- -j4 -l4
[11.117s] [ 25%] [32mBuilding CXX object CMakeFiles/compressed_image_transport.dir/src/compressed_subscriber.cpp.o[0m
[11.136s] [ 50%] [32mBuilding CXX object CMakeFiles/compressed_image_transport.dir/src/compressed_publisher.cpp.o[0m
[11.161s] [ 75%] [32mBuilding CXX object CMakeFiles/compressed_image_transport.dir/src/manifest.cpp.o[0m
[1668.659s] gmake[2]: *** [CMakeFiles/compressed_image_transport.dir/build.make:104: CMakeFiles/compressed_image_transport.dir/src/manifest.cpp.o] Interrupt
[1668.696s] gmake[1]: *** [CMakeFiles/Makefile2:137: CMakeFiles/compressed_image_transport.dir/all] Interrupt
[1668.697s] gmake: *** [Makefile:146: all] Interrupt
[1668.743s] Invoked command in '/home/t-pi/TB3_RPI4_WS/build/compressed_image_transport' returned '-2': CMAKE_PREFIX_PATH=${CMAKE_PREFIX_PATH}:/home/t-pi/TB3_RPI4_WS/install/turtlebot3_teleop:/home/t-pi/TB3_RPI4_WS/install/turtlebot3_example:/home/t-pi/TB3_RPI4_WS/install/rpi_temprature:/opt/ros/humble /usr/bin/cmake --build /home/t-pi/TB3_RPI4_WS/build/compressed_image_transport -- -j4 -l4
