[4.373s] Invoking command in '/home/t-pi/TB3_RPI4_WS/src/turtlebot3/turtlebot3_teleop': PYTHONPATH=/home/t-pi/TB3_RPI4_WS/build/turtlebot3_teleop/prefix_override:/home/t-pi/TB3_RPI4_WS/install/turtlebot3_teleop/lib/python3.10/site-packages:${PYTHONPATH} /usr/bin/python3 setup.py egg_info --egg-base ../../../build/turtlebot3_teleop build --build-base /home/t-pi/TB3_RPI4_WS/build/turtlebot3_teleop/build install --record /home/t-pi/TB3_RPI4_WS/build/turtlebot3_teleop/install.log --single-version-externally-managed
[6.275s] running egg_info
[6.279s] creating ../../../build/turtlebot3_teleop/turtlebot3_teleop.egg-info
[6.280s] writing ../../../build/turtlebot3_teleop/turtlebot3_teleop.egg-info/PKG-INFO
[6.282s] writing dependency_links to ../../../build/turtlebot3_teleop/turtlebot3_teleop.egg-info/dependency_links.txt
[6.283s] writing entry points to ../../../build/turtlebot3_teleop/turtlebot3_teleop.egg-info/entry_points.txt
[6.284s] writing requirements to ../../../build/turtlebot3_teleop/turtlebot3_teleop.egg-info/requires.txt
[6.285s] writing top-level names to ../../../build/turtlebot3_teleop/turtlebot3_teleop.egg-info/top_level.txt
[6.287s] writing manifest file '../../../build/turtlebot3_teleop/turtlebot3_teleop.egg-info/SOURCES.txt'
[6.297s] reading manifest file '../../../build/turtlebot3_teleop/turtlebot3_teleop.egg-info/SOURCES.txt'
[6.303s] writing manifest file '../../../build/turtlebot3_teleop/turtlebot3_teleop.egg-info/SOURCES.txt'
[6.305s] running build
[6.306s] running build_py
[6.309s] creating /home/t-pi/TB3_RPI4_WS/build/turtlebot3_teleop/build
[6.310s] creating /home/t-pi/TB3_RPI4_WS/build/turtlebot3_teleop/build/lib
[6.322s] creating /home/t-pi/TB3_RPI4_WS/build/turtlebot3_teleop/build/lib/turtlebot3_teleop
[6.323s] copying turtlebot3_teleop/__init__.py -> /home/t-pi/TB3_RPI4_WS/build/turtlebot3_teleop/build/lib/turtlebot3_teleop
[6.324s] creating /home/t-pi/TB3_RPI4_WS/build/turtlebot3_teleop/build/lib/turtlebot3_teleop/script
[6.325s] copying turtlebot3_teleop/script/__init__.py -> /home/t-pi/TB3_RPI4_WS/build/turtlebot3_teleop/build/lib/turtlebot3_teleop/script
[6.326s] copying turtlebot3_teleop/script/teleop_keyboard.py -> /home/t-pi/TB3_RPI4_WS/build/turtlebot3_teleop/build/lib/turtlebot3_teleop/script
[6.326s] running install
[6.327s] /usr/lib/python3/dist-packages/setuptools/command/install.py:34: SetuptoolsDeprecationWarning: setup.py install is deprecated. Use build and pip and other standards-based tools.
[6.328s]   warnings.warn(
[6.329s] running install_lib
[6.333s] creating /home/t-pi/TB3_RPI4_WS/install/turtlebot3_teleop/lib/python3.10/site-packages/turtlebot3_teleop
[6.335s] creating /home/t-pi/TB3_RPI4_WS/install/turtlebot3_teleop/lib/python3.10/site-packages/turtlebot3_teleop/script
[6.336s] copying /home/t-pi/TB3_RPI4_WS/build/turtlebot3_teleop/build/lib/turtlebot3_teleop/script/__init__.py -> /home/t-pi/TB3_RPI4_WS/install/turtlebot3_teleop/lib/python3.10/site-packages/turtlebot3_teleop/script
[6.337s] copying /home/t-pi/TB3_RPI4_WS/build/turtlebot3_teleop/build/lib/turtlebot3_teleop/script/teleop_keyboard.py -> /home/t-pi/TB3_RPI4_WS/install/turtlebot3_teleop/lib/python3.10/site-packages/turtlebot3_teleop/script
[6.339s] copying /home/t-pi/TB3_RPI4_WS/build/turtlebot3_teleop/build/lib/turtlebot3_teleop/__init__.py -> /home/t-pi/TB3_RPI4_WS/install/turtlebot3_teleop/lib/python3.10/site-packages/turtlebot3_teleop
[6.345s] byte-compiling /home/t-pi/TB3_RPI4_WS/install/turtlebot3_teleop/lib/python3.10/site-packages/turtlebot3_teleop/script/__init__.py to __init__.cpython-310.pyc
[6.347s] byte-compiling /home/t-pi/TB3_RPI4_WS/install/turtlebot3_teleop/lib/python3.10/site-packages/turtlebot3_teleop/script/teleop_keyboard.py to teleop_keyboard.cpython-310.pyc
[6.354s] byte-compiling /home/t-pi/TB3_RPI4_WS/install/turtlebot3_teleop/lib/python3.10/site-packages/turtlebot3_teleop/__init__.py to __init__.cpython-310.pyc
[6.356s] running install_data
[6.360s] creating /home/t-pi/TB3_RPI4_WS/install/turtlebot3_teleop/share/ament_index
[6.361s] creating /home/t-pi/TB3_RPI4_WS/install/turtlebot3_teleop/share/ament_index/resource_index
[6.362s] creating /home/t-pi/TB3_RPI4_WS/install/turtlebot3_teleop/share/ament_index/resource_index/packages
[6.362s] copying resource/turtlebot3_teleop -> /home/t-pi/TB3_RPI4_WS/install/turtlebot3_teleop/share/ament_index/resource_index/packages
[6.364s] copying package.xml -> /home/t-pi/TB3_RPI4_WS/install/turtlebot3_teleop/share/turtlebot3_teleop
[6.365s] running install_egg_info
[6.375s] Copying ../../../build/turtlebot3_teleop/turtlebot3_teleop.egg-info to /home/t-pi/TB3_RPI4_WS/install/turtlebot3_teleop/lib/python3.10/site-packages/turtlebot3_teleop-2.1.5-py3.10.egg-info
[6.387s] running install_scripts
[6.519s] Installing teleop_keyboard script to /home/t-pi/TB3_RPI4_WS/install/turtlebot3_teleop/lib/turtlebot3_teleop
[6.522s] writing list of installed files to '/home/t-pi/TB3_RPI4_WS/build/turtlebot3_teleop/install.log'
[6.723s] Invoked command in '/home/t-pi/TB3_RPI4_WS/src/turtlebot3/turtlebot3_teleop' returned '0': PYTHONPATH=/home/t-pi/TB3_RPI4_WS/build/turtlebot3_teleop/prefix_override:/home/t-pi/TB3_RPI4_WS/install/turtlebot3_teleop/lib/python3.10/site-packages:${PYTHONPATH} /usr/bin/python3 setup.py egg_info --egg-base ../../../build/turtlebot3_teleop build --build-base /home/t-pi/TB3_RPI4_WS/build/turtlebot3_teleop/build install --record /home/t-pi/TB3_RPI4_WS/build/turtlebot3_teleop/install.log --single-version-externally-managed
