[0.069s] Invoking command in '/home/t-pi/TB3_RPI4_WS/build/turtlebot3_node': CMAKE_PREFIX_PATH=${CMAKE_PREFIX_PATH}:/home/t-pi/TB3_RPI4_WS/install/turtlebot3_teleop:/home/t-pi/TB3_RPI4_WS/install/turtlebot3_example:/home/t-pi/TB3_RPI4_WS/install/rpi_temprature:/opt/ros/humble /usr/bin/cmake --build /home/t-pi/TB3_RPI4_WS/build/turtlebot3_node -- -j4 -l4
[0.254s] -- Found ament_cmake: 1.3.5 (/opt/ros/humble/share/ament_cmake/cmake)
[0.739s] -- Found Python3: /usr/bin/python3.10 (found version "3.10.12") found components: Interpreter 
[1.161s] -- Found dynamixel_sdk: 3.7.60 (/opt/ros/humble/share/dynamixel_sdk/cmake)
[1.179s] -- Found geometry_msgs: 4.2.3 (/opt/ros/humble/share/geometry_msgs/cmake)
[1.380s] -- Found rosidl_generator_c: 3.1.5 (/opt/ros/humble/share/rosidl_generator_c/cmake)
[1.394s] -- Found rosidl_adapter: 3.1.5 (/opt/ros/humble/share/rosidl_adapter/cmake)
[1.426s] -- Found rosidl_generator_cpp: 3.1.5 (/opt/ros/humble/share/rosidl_generator_cpp/cmake)
[1.488s] -- Using all available rosidl_typesupport_c: rosidl_typesupport_fastrtps_c;rosidl_typesupport_introspection_c
[1.573s] -- Using all available rosidl_typesupport_cpp: rosidl_typesupport_fastrtps_cpp;rosidl_typesupport_introspection_cpp
[2.123s] -- Found message_filters: 4.3.3 (/opt/ros/humble/share/message_filters/cmake)
[2.374s] -- Found rmw_implementation_cmake: 6.1.1 (/opt/ros/humble/share/rmw_implementation_cmake/cmake)
[2.383s] -- Found rmw_fastrtps_cpp: 6.2.3 (/opt/ros/humble/share/rmw_fastrtps_cpp/cmake)
[3.717s] -- Using RMW implementation 'rmw_fastrtps_cpp' as default
[4.434s] -- Found nav_msgs: 4.2.3 (/opt/ros/humble/share/nav_msgs/cmake)
[4.875s] -- Found sensor_msgs: 4.2.3 (/opt/ros/humble/share/sensor_msgs/cmake)
[5.279s] -- Found std_srvs: 4.2.3 (/opt/ros/humble/share/std_srvs/cmake)
[5.438s] -- Found tf2: 0.25.3 (/opt/ros/humble/share/tf2/cmake)
[5.488s] -- Found tf2_ros: 0.25.3 (/opt/ros/humble/share/tf2_ros/cmake)
[7.396s] -- Found turtlebot3_msgs: 2.2.3 (/opt/ros/humble/share/turtlebot3_msgs/cmake)
[8.360s] -- Configuring done
[8.529s] -- Generating done
[8.543s] -- Build files have been written to: /home/t-pi/TB3_RPI4_WS/build/turtlebot3_node
[8.739s] [35m[1mConsolidate compiler generated dependencies of target turtlebot3_node_lib[0m
[8.997s] [ 85%] Built target turtlebot3_node_lib
[9.083s] [35m[1mConsolidate compiler generated dependencies of target turtlebot3_ros[0m
[9.231s] [100%] Built target turtlebot3_ros
[9.304s] Invoked command in '/home/t-pi/TB3_RPI4_WS/build/turtlebot3_node' returned '0': CMAKE_PREFIX_PATH=${CMAKE_PREFIX_PATH}:/home/t-pi/TB3_RPI4_WS/install/turtlebot3_teleop:/home/t-pi/TB3_RPI4_WS/install/turtlebot3_example:/home/t-pi/TB3_RPI4_WS/install/rpi_temprature:/opt/ros/humble /usr/bin/cmake --build /home/t-pi/TB3_RPI4_WS/build/turtlebot3_node -- -j4 -l4
[10.861s] Invoking command in '/home/t-pi/TB3_RPI4_WS/build/turtlebot3_node': CMAKE_PREFIX_PATH=${CMAKE_PREFIX_PATH}:/home/t-pi/TB3_RPI4_WS/install/turtlebot3_teleop:/home/t-pi/TB3_RPI4_WS/install/turtlebot3_example:/home/t-pi/TB3_RPI4_WS/install/rpi_temprature:/opt/ros/humble /usr/bin/cmake --install /home/t-pi/TB3_RPI4_WS/build/turtlebot3_node
[10.989s] -- Install configuration: ""
[10.990s] -- Up-to-date: /home/t-pi/TB3_RPI4_WS/install/turtlebot3_node/share/turtlebot3_node/param
[10.991s] -- Up-to-date: /home/t-pi/TB3_RPI4_WS/install/turtlebot3_node/share/turtlebot3_node/param/waffle_pi.yaml
[10.992s] -- Up-to-date: /home/t-pi/TB3_RPI4_WS/install/turtlebot3_node/share/turtlebot3_node/param/waffle.yaml
[10.993s] -- Up-to-date: /home/t-pi/TB3_RPI4_WS/install/turtlebot3_node/share/turtlebot3_node/param/burger.yaml
[10.993s] -- Up-to-date: /home/t-pi/TB3_RPI4_WS/install/turtlebot3_node/lib/turtlebot3_node/turtlebot3_ros
[10.995s] -- Up-to-date: /home/t-pi/TB3_RPI4_WS/install/turtlebot3_node/share/ament_index/resource_index/package_run_dependencies/turtlebot3_node
[11.005s] -- Up-to-date: /home/t-pi/TB3_RPI4_WS/install/turtlebot3_node/share/ament_index/resource_index/parent_prefix_path/turtlebot3_node
[11.006s] -- Up-to-date: /home/t-pi/TB3_RPI4_WS/install/turtlebot3_node/share/turtlebot3_node/environment/ament_prefix_path.sh
[11.007s] -- Installing: /home/t-pi/TB3_RPI4_WS/install/turtlebot3_node/share/turtlebot3_node/environment/ament_prefix_path.dsv
[11.008s] -- Up-to-date: /home/t-pi/TB3_RPI4_WS/install/turtlebot3_node/share/turtlebot3_node/environment/path.sh
[11.009s] -- Installing: /home/t-pi/TB3_RPI4_WS/install/turtlebot3_node/share/turtlebot3_node/environment/path.dsv
[11.011s] -- Up-to-date: /home/t-pi/TB3_RPI4_WS/install/turtlebot3_node/share/turtlebot3_node/local_setup.bash
[11.018s] -- Up-to-date: /home/t-pi/TB3_RPI4_WS/install/turtlebot3_node/share/turtlebot3_node/local_setup.sh
[11.019s] -- Up-to-date: /home/t-pi/TB3_RPI4_WS/install/turtlebot3_node/share/turtlebot3_node/local_setup.zsh
[11.019s] -- Installing: /home/t-pi/TB3_RPI4_WS/install/turtlebot3_node/share/turtlebot3_node/local_setup.dsv
[11.021s] -- Installing: /home/t-pi/TB3_RPI4_WS/install/turtlebot3_node/share/turtlebot3_node/package.dsv
[11.022s] -- Up-to-date: /home/t-pi/TB3_RPI4_WS/install/turtlebot3_node/share/ament_index/resource_index/packages/turtlebot3_node
[11.034s] -- Up-to-date: /home/t-pi/TB3_RPI4_WS/install/turtlebot3_node/share/turtlebot3_node/cmake/ament_cmake_export_include_directories-extras.cmake
[11.035s] -- Up-to-date: /home/t-pi/TB3_RPI4_WS/install/turtlebot3_node/share/turtlebot3_node/cmake/turtlebot3_nodeConfig.cmake
[11.036s] -- Up-to-date: /home/t-pi/TB3_RPI4_WS/install/turtlebot3_node/share/turtlebot3_node/cmake/turtlebot3_nodeConfig-version.cmake
[11.036s] -- Up-to-date: /home/t-pi/TB3_RPI4_WS/install/turtlebot3_node/share/turtlebot3_node/package.xml
[11.062s] Invoked command in '/home/t-pi/TB3_RPI4_WS/build/turtlebot3_node' returned '0': CMAKE_PREFIX_PATH=${CMAKE_PREFIX_PATH}:/home/t-pi/TB3_RPI4_WS/install/turtlebot3_teleop:/home/t-pi/TB3_RPI4_WS/install/turtlebot3_example:/home/t-pi/TB3_RPI4_WS/install/rpi_temprature:/opt/ros/humble /usr/bin/cmake --install /home/t-pi/TB3_RPI4_WS/build/turtlebot3_node
