[0.054s] Invoking command in '/home/t-pi/TB3_RPI4_WS/build/theora_image_transport': CMAKE_PREFIX_PATH=${CMAKE_PREFIX_PATH}:/opt/ros/humble /usr/bin/cmake --build /home/t-pi/TB3_RPI4_WS/build/theora_image_transport -- -j4 -l4
[0.347s] [  2%] Built target theora_image_transport__cpp
[0.473s] [  2%] Built target ament_cmake_python_copy_theora_image_transport
[0.533s] [35m[1mConsolidate compiler generated dependencies of target theora_image_transport__rosidl_typesupport_fastrtps_cpp[0m
[0.599s] [ 10%] Built target theora_image_transport__rosidl_typesupport_fastrtps_cpp
[0.716s] [ 18%] Built target theora_image_transport__rosidl_typesupport_introspection_cpp
[2.119s] running egg_info
[2.122s] writing theora_image_transport.egg-info/PKG-INFO
[2.123s] writing dependency_links to theora_image_transport.egg-info/dependency_links.txt
[2.124s] writing top-level names to theora_image_transport.egg-info/top_level.txt
[2.152s] reading manifest file 'theora_image_transport.egg-info/SOURCES.txt'
[2.156s] writing manifest file 'theora_image_transport.egg-info/SOURCES.txt'
[2.283s] [ 18%] Built target ament_cmake_python_build_theora_image_transport_egg
[2.404s] [ 27%] Built target theora_image_transport__rosidl_typesupport_cpp
[2.522s] [ 35%] Built target theora_image_transport__rosidl_generator_c
[2.624s] [ 37%] [32mBuilding CXX object CMakeFiles/ogg_saver.dir/src/ogg_saver.cpp.o[0m
[38.468s] [ 40%] [32m[1mLinking CXX executable ogg_saver[0m
[40.435s] [ 40%] Built target ogg_saver
[40.551s] [ 48%] Built target theora_image_transport__rosidl_typesupport_introspection_c
[40.660s] [ 56%] Built target theora_image_transport__rosidl_typesupport_c
[40.723s] [35m[1mConsolidate compiler generated dependencies of target theora_image_transport__rosidl_typesupport_fastrtps_c[0m
[40.790s] [ 64%] Built target theora_image_transport__rosidl_typesupport_fastrtps_c
[40.889s] [ 67%] [32mBuilding CXX object CMakeFiles/theora_image_transport_component.dir/src/theora_publisher.cpp.o[0m
[64.883s] [ 70%] [32mBuilding CXX object CMakeFiles/theora_image_transport_component.dir/src/manifest.cpp.o[0m
[86.154s] [ 72%] [32mBuilding CXX object CMakeFiles/theora_image_transport_component.dir/src/theora_subscriber.cpp.o[0m
[139.366s] [ 75%] [32m[1mLinking CXX shared library libtheora_image_transport_component.so[0m
[142.632s] [ 75%] Built target theora_image_transport_component
[142.722s] [ 75%] Built target theora_image_transport
[142.820s] [ 78%] [34m[1mGenerating Python code for ROS interfaces[0m
[145.220s] [ 78%] Built target theora_image_transport__py
[145.320s] [ 81%] [32mBuilding C object CMakeFiles/theora_image_transport__rosidl_generator_py.dir/rosidl_generator_py/theora_image_transport/msg/_packet_s.c.o[0m
[146.519s] [ 83%] [32m[1mLinking C shared library rosidl_generator_py/theora_image_transport/libtheora_image_transport__rosidl_generator_py.so[0m
[146.741s] [ 83%] Built target theora_image_transport__rosidl_generator_py
[146.844s] [ 86%] [32mBuilding C object CMakeFiles/theora_image_transport__rosidl_typesupport_fastrtps_c__pyext.dir/rosidl_generator_py/theora_image_transport/_theora_image_transport_s.ep.rosidl_typesupport_fastrtps_c.c.o[0m
[147.473s] [ 89%] [32m[1mLinking C shared library rosidl_generator_py/theora_image_transport/theora_image_transport_s__rosidl_typesupport_fastrtps_c.cpython-310-aarch64-linux-gnu.so[0m
[147.689s] [ 89%] Built target theora_image_transport__rosidl_typesupport_fastrtps_c__pyext
[147.789s] [ 91%] [32mBuilding C object CMakeFiles/theora_image_transport__rosidl_typesupport_c__pyext.dir/rosidl_generator_py/theora_image_transport/_theora_image_transport_s.ep.rosidl_typesupport_c.c.o[0m
[148.395s] [ 94%] [32m[1mLinking C shared library rosidl_generator_py/theora_image_transport/theora_image_transport_s__rosidl_typesupport_c.cpython-310-aarch64-linux-gnu.so[0m
[148.606s] [ 94%] Built target theora_image_transport__rosidl_typesupport_c__pyext
[148.707s] [ 97%] [32mBuilding C object CMakeFiles/theora_image_transport__rosidl_typesupport_introspection_c__pyext.dir/rosidl_generator_py/theora_image_transport/_theora_image_transport_s.ep.rosidl_typesupport_introspection_c.c.o[0m
[149.324s] [100%] [32m[1mLinking C shared library rosidl_generator_py/theora_image_transport/theora_image_transport_s__rosidl_typesupport_introspection_c.cpython-310-aarch64-linux-gnu.so[0m
[149.540s] [100%] Built target theora_image_transport__rosidl_typesupport_introspection_c__pyext
[149.595s] Invoked command in '/home/t-pi/TB3_RPI4_WS/build/theora_image_transport' returned '0': CMAKE_PREFIX_PATH=${CMAKE_PREFIX_PATH}:/opt/ros/humble /usr/bin/cmake --build /home/t-pi/TB3_RPI4_WS/build/theora_image_transport -- -j4 -l4
[150.013s] Invoking command in '/home/t-pi/TB3_RPI4_WS/build/theora_image_transport': CMAKE_PREFIX_PATH=${CMAKE_PREFIX_PATH}:/opt/ros/humble /usr/bin/cmake --install /home/t-pi/TB3_RPI4_WS/build/theora_image_transport
[150.048s] -- Install configuration: ""
[150.050s] -- Installing: /home/t-pi/TB3_RPI4_WS/install/theora_image_transport/share/ament_index/resource_index/rosidl_interfaces/theora_image_transport
[150.052s] -- Installing: /home/t-pi/TB3_RPI4_WS/install/theora_image_transport/include/theora_image_transport/theora_image_transport
[150.053s] -- Installing: /home/t-pi/TB3_RPI4_WS/install/theora_image_transport/include/theora_image_transport/theora_image_transport/msg
[150.054s] -- Installing: /home/t-pi/TB3_RPI4_WS/install/theora_image_transport/include/theora_image_transport/theora_image_transport/msg/packet.h
[150.056s] -- Installing: /home/t-pi/TB3_RPI4_WS/install/theora_image_transport/include/theora_image_transport/theora_image_transport/msg/detail
[150.057s] -- Installing: /home/t-pi/TB3_RPI4_WS/install/theora_image_transport/include/theora_image_transport/theora_image_transport/msg/detail/packet__struct.h
[150.059s] -- Installing: /home/t-pi/TB3_RPI4_WS/install/theora_image_transport/include/theora_image_transport/theora_image_transport/msg/detail/packet__type_support.h
[150.060s] -- Installing: /home/t-pi/TB3_RPI4_WS/install/theora_image_transport/include/theora_image_transport/theora_image_transport/msg/detail/packet__functions.c
[150.063s] -- Installing: /home/t-pi/TB3_RPI4_WS/install/theora_image_transport/include/theora_image_transport/theora_image_transport/msg/detail/packet__functions.h
[150.064s] -- Installing: /home/t-pi/TB3_RPI4_WS/install/theora_image_transport/include/theora_image_transport/theora_image_transport/msg/rosidl_generator_c__visibility_control.h
[150.066s] -- Installing: /home/t-pi/TB3_RPI4_WS/install/theora_image_transport/share/theora_image_transport/environment/library_path.sh
[150.071s] -- Installing: /home/t-pi/TB3_RPI4_WS/install/theora_image_transport/share/theora_image_transport/environment/library_path.dsv
[150.074s] -- Installing: /home/t-pi/TB3_RPI4_WS/install/theora_image_transport/lib/libtheora_image_transport__rosidl_generator_c.so
[150.077s] -- Set runtime path of "/home/t-pi/TB3_RPI4_WS/install/theora_image_transport/lib/libtheora_image_transport__rosidl_generator_c.so" to ""
[150.078s] -- Up-to-date: /home/t-pi/TB3_RPI4_WS/install/theora_image_transport/include/theora_image_transport/theora_image_transport
[150.078s] -- Up-to-date: /home/t-pi/TB3_RPI4_WS/install/theora_image_transport/include/theora_image_transport/theora_image_transport/msg
[150.079s] -- Installing: /home/t-pi/TB3_RPI4_WS/install/theora_image_transport/include/theora_image_transport/theora_image_transport/msg/rosidl_typesupport_fastrtps_c__visibility_control.h
[150.081s] -- Up-to-date: /home/t-pi/TB3_RPI4_WS/install/theora_image_transport/include/theora_image_transport/theora_image_transport/msg/detail
[150.081s] -- Installing: /home/t-pi/TB3_RPI4_WS/install/theora_image_transport/include/theora_image_transport/theora_image_transport/msg/detail/packet__rosidl_typesupport_fastrtps_c.h
[150.084s] -- Installing: /home/t-pi/TB3_RPI4_WS/install/theora_image_transport/lib/libtheora_image_transport__rosidl_typesupport_fastrtps_c.so
[150.088s] -- Set runtime path of "/home/t-pi/TB3_RPI4_WS/install/theora_image_transport/lib/libtheora_image_transport__rosidl_typesupport_fastrtps_c.so" to ""
[150.088s] -- Up-to-date: /home/t-pi/TB3_RPI4_WS/install/theora_image_transport/include/theora_image_transport/theora_image_transport
[150.089s] -- Up-to-date: /home/t-pi/TB3_RPI4_WS/install/theora_image_transport/include/theora_image_transport/theora_image_transport/msg
[150.089s] -- Up-to-date: /home/t-pi/TB3_RPI4_WS/install/theora_image_transport/include/theora_image_transport/theora_image_transport/msg/detail
[150.090s] -- Installing: /home/t-pi/TB3_RPI4_WS/install/theora_image_transport/include/theora_image_transport/theora_image_transport/msg/detail/packet__traits.hpp
[150.091s] -- Installing: /home/t-pi/TB3_RPI4_WS/install/theora_image_transport/include/theora_image_transport/theora_image_transport/msg/detail/packet__struct.hpp
[150.093s] -- Installing: /home/t-pi/TB3_RPI4_WS/install/theora_image_transport/include/theora_image_transport/theora_image_transport/msg/detail/packet__builder.hpp
[150.094s] -- Installing: /home/t-pi/TB3_RPI4_WS/install/theora_image_transport/include/theora_image_transport/theora_image_transport/msg/packet.hpp
[150.096s] -- Up-to-date: /home/t-pi/TB3_RPI4_WS/install/theora_image_transport/include/theora_image_transport/theora_image_transport
[150.096s] -- Up-to-date: /home/t-pi/TB3_RPI4_WS/install/theora_image_transport/include/theora_image_transport/theora_image_transport/msg
[150.097s] -- Up-to-date: /home/t-pi/TB3_RPI4_WS/install/theora_image_transport/include/theora_image_transport/theora_image_transport/msg/detail
[150.098s] -- Installing: /home/t-pi/TB3_RPI4_WS/install/theora_image_transport/include/theora_image_transport/theora_image_transport/msg/detail/packet__rosidl_typesupport_fastrtps_cpp.hpp
[150.102s] -- Installing: /home/t-pi/TB3_RPI4_WS/install/theora_image_transport/include/theora_image_transport/theora_image_transport/msg/detail/dds_fastrtps
[150.103s] -- Installing: /home/t-pi/TB3_RPI4_WS/install/theora_image_transport/include/theora_image_transport/theora_image_transport/msg/rosidl_typesupport_fastrtps_cpp__visibility_control.h
[150.106s] -- Installing: /home/t-pi/TB3_RPI4_WS/install/theora_image_transport/lib/libtheora_image_transport__rosidl_typesupport_fastrtps_cpp.so
[150.112s] -- Set runtime path of "/home/t-pi/TB3_RPI4_WS/install/theora_image_transport/lib/libtheora_image_transport__rosidl_typesupport_fastrtps_cpp.so" to ""
[150.113s] -- Up-to-date: /home/t-pi/TB3_RPI4_WS/install/theora_image_transport/include/theora_image_transport/theora_image_transport
[150.113s] -- Up-to-date: /home/t-pi/TB3_RPI4_WS/install/theora_image_transport/include/theora_image_transport/theora_image_transport/msg
[150.114s] -- Up-to-date: /home/t-pi/TB3_RPI4_WS/install/theora_image_transport/include/theora_image_transport/theora_image_transport/msg/detail
[150.114s] -- Installing: /home/t-pi/TB3_RPI4_WS/install/theora_image_transport/include/theora_image_transport/theora_image_transport/msg/detail/packet__type_support.c
[150.117s] -- Installing: /home/t-pi/TB3_RPI4_WS/install/theora_image_transport/include/theora_image_transport/theora_image_transport/msg/detail/packet__rosidl_typesupport_introspection_c.h
[150.119s] -- Installing: /home/t-pi/TB3_RPI4_WS/install/theora_image_transport/include/theora_image_transport/theora_image_transport/msg/rosidl_typesupport_introspection_c__visibility_control.h
[150.122s] -- Installing: /home/t-pi/TB3_RPI4_WS/install/theora_image_transport/lib/libtheora_image_transport__rosidl_typesupport_introspection_c.so
[150.125s] -- Set runtime path of "/home/t-pi/TB3_RPI4_WS/install/theora_image_transport/lib/libtheora_image_transport__rosidl_typesupport_introspection_c.so" to ""
[150.126s] -- Installing: /home/t-pi/TB3_RPI4_WS/install/theora_image_transport/lib/libtheora_image_transport__rosidl_typesupport_c.so
[150.129s] -- Set runtime path of "/home/t-pi/TB3_RPI4_WS/install/theora_image_transport/lib/libtheora_image_transport__rosidl_typesupport_c.so" to ""
[150.129s] -- Up-to-date: /home/t-pi/TB3_RPI4_WS/install/theora_image_transport/include/theora_image_transport/theora_image_transport
[150.130s] -- Up-to-date: /home/t-pi/TB3_RPI4_WS/install/theora_image_transport/include/theora_image_transport/theora_image_transport/msg
[150.131s] -- Up-to-date: /home/t-pi/TB3_RPI4_WS/install/theora_image_transport/include/theora_image_transport/theora_image_transport/msg/detail
[150.131s] -- Installing: /home/t-pi/TB3_RPI4_WS/install/theora_image_transport/include/theora_image_transport/theora_image_transport/msg/detail/packet__type_support.cpp
[150.136s] -- Installing: /home/t-pi/TB3_RPI4_WS/install/theora_image_transport/include/theora_image_transport/theora_image_transport/msg/detail/packet__rosidl_typesupport_introspection_cpp.hpp
[150.138s] -- Installing: /home/t-pi/TB3_RPI4_WS/install/theora_image_transport/lib/libtheora_image_transport__rosidl_typesupport_introspection_cpp.so
[150.144s] -- Set runtime path of "/home/t-pi/TB3_RPI4_WS/install/theora_image_transport/lib/libtheora_image_transport__rosidl_typesupport_introspection_cpp.so" to ""
[150.145s] -- Installing: /home/t-pi/TB3_RPI4_WS/install/theora_image_transport/lib/libtheora_image_transport__rosidl_typesupport_cpp.so
[150.148s] -- Set runtime path of "/home/t-pi/TB3_RPI4_WS/install/theora_image_transport/lib/libtheora_image_transport__rosidl_typesupport_cpp.so" to ""
[150.148s] -- Installing: /home/t-pi/TB3_RPI4_WS/install/theora_image_transport/share/theora_image_transport/environment/pythonpath.sh
[150.153s] -- Installing: /home/t-pi/TB3_RPI4_WS/install/theora_image_transport/share/theora_image_transport/environment/pythonpath.dsv
[150.155s] -- Installing: /home/t-pi/TB3_RPI4_WS/install/theora_image_transport/local/lib/python3.10/dist-packages/theora_image_transport-2.5.0-py3.10.egg-info
[150.156s] -- Installing: /home/t-pi/TB3_RPI4_WS/install/theora_image_transport/local/lib/python3.10/dist-packages/theora_image_transport-2.5.0-py3.10.egg-info/dependency_links.txt
[150.159s] -- Installing: /home/t-pi/TB3_RPI4_WS/install/theora_image_transport/local/lib/python3.10/dist-packages/theora_image_transport-2.5.0-py3.10.egg-info/top_level.txt
[150.161s] -- Installing: /home/t-pi/TB3_RPI4_WS/install/theora_image_transport/local/lib/python3.10/dist-packages/theora_image_transport-2.5.0-py3.10.egg-info/SOURCES.txt
[150.163s] -- Installing: /home/t-pi/TB3_RPI4_WS/install/theora_image_transport/local/lib/python3.10/dist-packages/theora_image_transport-2.5.0-py3.10.egg-info/PKG-INFO
[150.165s] -- Installing: /home/t-pi/TB3_RPI4_WS/install/theora_image_transport/local/lib/python3.10/dist-packages/theora_image_transport
[150.166s] -- Installing: /home/t-pi/TB3_RPI4_WS/install/theora_image_transport/local/lib/python3.10/dist-packages/theora_image_transport/theora_image_transport_s__rosidl_typesupport_fastrtps_c.cpython-310-aarch64-linux-gnu.so
[150.168s] -- Installing: /home/t-pi/TB3_RPI4_WS/install/theora_image_transport/local/lib/python3.10/dist-packages/theora_image_transport/msg
[150.169s] -- Installing: /home/t-pi/TB3_RPI4_WS/install/theora_image_transport/local/lib/python3.10/dist-packages/theora_image_transport/msg/__init__.py
[150.171s] -- Installing: /home/t-pi/TB3_RPI4_WS/install/theora_image_transport/local/lib/python3.10/dist-packages/theora_image_transport/msg/_packet_s.c
[150.172s] -- Installing: /home/t-pi/TB3_RPI4_WS/install/theora_image_transport/local/lib/python3.10/dist-packages/theora_image_transport/msg/_packet.py
[150.174s] -- Installing: /home/t-pi/TB3_RPI4_WS/install/theora_image_transport/local/lib/python3.10/dist-packages/theora_image_transport/libtheora_image_transport__rosidl_generator_py.so
[150.176s] -- Installing: /home/t-pi/TB3_RPI4_WS/install/theora_image_transport/local/lib/python3.10/dist-packages/theora_image_transport/theora_image_transport_s__rosidl_typesupport_introspection_c.cpython-310-aarch64-linux-gnu.so
[150.177s] -- Installing: /home/t-pi/TB3_RPI4_WS/install/theora_image_transport/local/lib/python3.10/dist-packages/theora_image_transport/_theora_image_transport_s.ep.rosidl_typesupport_fastrtps_c.c
[150.179s] -- Installing: /home/t-pi/TB3_RPI4_WS/install/theora_image_transport/local/lib/python3.10/dist-packages/theora_image_transport/__init__.py
[150.180s] -- Installing: /home/t-pi/TB3_RPI4_WS/install/theora_image_transport/local/lib/python3.10/dist-packages/theora_image_transport/theora_image_transport_s__rosidl_typesupport_c.cpython-310-aarch64-linux-gnu.so
[150.182s] -- Installing: /home/t-pi/TB3_RPI4_WS/install/theora_image_transport/local/lib/python3.10/dist-packages/theora_image_transport/_theora_image_transport_s.ep.rosidl_typesupport_c.c
[150.184s] -- Installing: /home/t-pi/TB3_RPI4_WS/install/theora_image_transport/local/lib/python3.10/dist-packages/theora_image_transport/_theora_image_transport_s.ep.rosidl_typesupport_introspection_c.c
[150.381s] Listing '/home/t-pi/TB3_RPI4_WS/install/theora_image_transport/local/lib/python3.10/dist-packages/theora_image_transport'...
[150.383s] Compiling '/home/t-pi/TB3_RPI4_WS/install/theora_image_transport/local/lib/python3.10/dist-packages/theora_image_transport/__init__.py'...
[150.384s] Listing '/home/t-pi/TB3_RPI4_WS/install/theora_image_transport/local/lib/python3.10/dist-packages/theora_image_transport/msg'...
[150.385s] Compiling '/home/t-pi/TB3_RPI4_WS/install/theora_image_transport/local/lib/python3.10/dist-packages/theora_image_transport/msg/__init__.py'...
[150.386s] Compiling '/home/t-pi/TB3_RPI4_WS/install/theora_image_transport/local/lib/python3.10/dist-packages/theora_image_transport/msg/_packet.py'...
[150.413s] -- Installing: /home/t-pi/TB3_RPI4_WS/install/theora_image_transport/local/lib/python3.10/dist-packages/theora_image_transport/theora_image_transport_s__rosidl_typesupport_fastrtps_c.cpython-310-aarch64-linux-gnu.so
[150.416s] -- Set runtime path of "/home/t-pi/TB3_RPI4_WS/install/theora_image_transport/local/lib/python3.10/dist-packages/theora_image_transport/theora_image_transport_s__rosidl_typesupport_fastrtps_c.cpython-310-aarch64-linux-gnu.so" to ""
[150.418s] -- Installing: /home/t-pi/TB3_RPI4_WS/install/theora_image_transport/local/lib/python3.10/dist-packages/theora_image_transport/theora_image_transport_s__rosidl_typesupport_introspection_c.cpython-310-aarch64-linux-gnu.so
[150.422s] -- Set runtime path of "/home/t-pi/TB3_RPI4_WS/install/theora_image_transport/local/lib/python3.10/dist-packages/theora_image_transport/theora_image_transport_s__rosidl_typesupport_introspection_c.cpython-310-aarch64-linux-gnu.so" to ""
[150.424s] -- Installing: /home/t-pi/TB3_RPI4_WS/install/theora_image_transport/local/lib/python3.10/dist-packages/theora_image_transport/theora_image_transport_s__rosidl_typesupport_c.cpython-310-aarch64-linux-gnu.so
[150.428s] -- Set runtime path of "/home/t-pi/TB3_RPI4_WS/install/theora_image_transport/local/lib/python3.10/dist-packages/theora_image_transport/theora_image_transport_s__rosidl_typesupport_c.cpython-310-aarch64-linux-gnu.so" to ""
[150.428s] -- Installing: /home/t-pi/TB3_RPI4_WS/install/theora_image_transport/lib/libtheora_image_transport__rosidl_generator_py.so
[150.432s] -- Set runtime path of "/home/t-pi/TB3_RPI4_WS/install/theora_image_transport/lib/libtheora_image_transport__rosidl_generator_py.so" to ""
[150.432s] -- Installing: /home/t-pi/TB3_RPI4_WS/install/theora_image_transport/share/theora_image_transport/msg/Packet.idl
[150.434s] -- Installing: /home/t-pi/TB3_RPI4_WS/install/theora_image_transport/share/theora_image_transport/msg/Packet.msg
[150.439s] -- Installing: /home/t-pi/TB3_RPI4_WS/install/theora_image_transport/lib/libtheora_image_transport_component.so
[150.496s] -- Set runtime path of "/home/t-pi/TB3_RPI4_WS/install/theora_image_transport/lib/libtheora_image_transport_component.so" to ""
[150.497s] -- Installing: /home/t-pi/TB3_RPI4_WS/install/theora_image_transport/lib/theora_image_transport/ogg_saver
[150.529s] -- Set runtime path of "/home/t-pi/TB3_RPI4_WS/install/theora_image_transport/lib/theora_image_transport/ogg_saver" to ""
[150.530s] -- Up-to-date: /home/t-pi/TB3_RPI4_WS/install/theora_image_transport/include/theora_image_transport
[150.530s] -- Up-to-date: /home/t-pi/TB3_RPI4_WS/install/theora_image_transport/include/theora_image_transport/theora_image_transport
[150.531s] -- Installing: /home/t-pi/TB3_RPI4_WS/install/theora_image_transport/include/theora_image_transport/theora_image_transport/theora_publisher.h
[150.532s] -- Installing: /home/t-pi/TB3_RPI4_WS/install/theora_image_transport/include/theora_image_transport/theora_image_transport/theora_subscriber.h
[150.533s] -- Installing: /home/t-pi/TB3_RPI4_WS/install/theora_image_transport/share/theora_image_transport/theora_plugins.xml
[150.538s] -- Installing: /home/t-pi/TB3_RPI4_WS/install/theora_image_transport/share/ament_index/resource_index/package_run_dependencies/theora_image_transport
[150.541s] -- Installing: /home/t-pi/TB3_RPI4_WS/install/theora_image_transport/share/ament_index/resource_index/parent_prefix_path/theora_image_transport
[150.544s] -- Installing: /home/t-pi/TB3_RPI4_WS/install/theora_image_transport/share/theora_image_transport/environment/ament_prefix_path.sh
[150.545s] -- Installing: /home/t-pi/TB3_RPI4_WS/install/theora_image_transport/share/theora_image_transport/environment/ament_prefix_path.dsv
[150.547s] -- Installing: /home/t-pi/TB3_RPI4_WS/install/theora_image_transport/share/theora_image_transport/environment/path.sh
[150.549s] -- Installing: /home/t-pi/TB3_RPI4_WS/install/theora_image_transport/share/theora_image_transport/environment/path.dsv
[150.551s] -- Installing: /home/t-pi/TB3_RPI4_WS/install/theora_image_transport/share/theora_image_transport/local_setup.bash
[150.553s] -- Installing: /home/t-pi/TB3_RPI4_WS/install/theora_image_transport/share/theora_image_transport/local_setup.sh
[150.555s] -- Installing: /home/t-pi/TB3_RPI4_WS/install/theora_image_transport/share/theora_image_transport/local_setup.zsh
[150.558s] -- Installing: /home/t-pi/TB3_RPI4_WS/install/theora_image_transport/share/theora_image_transport/local_setup.dsv
[150.560s] -- Installing: /home/t-pi/TB3_RPI4_WS/install/theora_image_transport/share/theora_image_transport/package.dsv
[150.562s] -- Installing: /home/t-pi/TB3_RPI4_WS/install/theora_image_transport/share/ament_index/resource_index/packages/theora_image_transport
[150.564s] -- Installing: /home/t-pi/TB3_RPI4_WS/install/theora_image_transport/share/ament_index/resource_index/image_transport__pluginlib__plugin/theora_image_transport
[150.570s] -- Installing: /home/t-pi/TB3_RPI4_WS/install/theora_image_transport/share/theora_image_transport/cmake/export_theora_image_transport__rosidl_generator_cExport.cmake
[150.573s] -- Installing: /home/t-pi/TB3_RPI4_WS/install/theora_image_transport/share/theora_image_transport/cmake/export_theora_image_transport__rosidl_generator_cExport-noconfig.cmake
[150.575s] -- Installing: /home/t-pi/TB3_RPI4_WS/install/theora_image_transport/share/theora_image_transport/cmake/export_theora_image_transport__rosidl_typesupport_fastrtps_cExport.cmake
[150.578s] -- Installing: /home/t-pi/TB3_RPI4_WS/install/theora_image_transport/share/theora_image_transport/cmake/export_theora_image_transport__rosidl_typesupport_fastrtps_cExport-noconfig.cmake
[150.581s] -- Installing: /home/t-pi/TB3_RPI4_WS/install/theora_image_transport/share/theora_image_transport/cmake/export_theora_image_transport__rosidl_generator_cppExport.cmake
[150.583s] -- Installing: /home/t-pi/TB3_RPI4_WS/install/theora_image_transport/share/theora_image_transport/cmake/export_theora_image_transport__rosidl_typesupport_fastrtps_cppExport.cmake
[150.586s] -- Installing: /home/t-pi/TB3_RPI4_WS/install/theora_image_transport/share/theora_image_transport/cmake/export_theora_image_transport__rosidl_typesupport_fastrtps_cppExport-noconfig.cmake
[150.589s] -- Installing: /home/t-pi/TB3_RPI4_WS/install/theora_image_transport/share/theora_image_transport/cmake/theora_image_transport__rosidl_typesupport_introspection_cExport.cmake
[150.592s] -- Installing: /home/t-pi/TB3_RPI4_WS/install/theora_image_transport/share/theora_image_transport/cmake/theora_image_transport__rosidl_typesupport_introspection_cExport-noconfig.cmake
[150.594s] -- Installing: /home/t-pi/TB3_RPI4_WS/install/theora_image_transport/share/theora_image_transport/cmake/theora_image_transport__rosidl_typesupport_cExport.cmake
[150.597s] -- Installing: /home/t-pi/TB3_RPI4_WS/install/theora_image_transport/share/theora_image_transport/cmake/theora_image_transport__rosidl_typesupport_cExport-noconfig.cmake
[150.599s] -- Installing: /home/t-pi/TB3_RPI4_WS/install/theora_image_transport/share/theora_image_transport/cmake/theora_image_transport__rosidl_typesupport_introspection_cppExport.cmake
[150.602s] -- Installing: /home/t-pi/TB3_RPI4_WS/install/theora_image_transport/share/theora_image_transport/cmake/theora_image_transport__rosidl_typesupport_introspection_cppExport-noconfig.cmake
[150.605s] -- Installing: /home/t-pi/TB3_RPI4_WS/install/theora_image_transport/share/theora_image_transport/cmake/theora_image_transport__rosidl_typesupport_cppExport.cmake
[150.608s] -- Installing: /home/t-pi/TB3_RPI4_WS/install/theora_image_transport/share/theora_image_transport/cmake/theora_image_transport__rosidl_typesupport_cppExport-noconfig.cmake
[150.610s] -- Installing: /home/t-pi/TB3_RPI4_WS/install/theora_image_transport/share/theora_image_transport/cmake/export_theora_image_transport__rosidl_generator_pyExport.cmake
[150.613s] -- Installing: /home/t-pi/TB3_RPI4_WS/install/theora_image_transport/share/theora_image_transport/cmake/export_theora_image_transport__rosidl_generator_pyExport-noconfig.cmake
[150.615s] -- Installing: /home/t-pi/TB3_RPI4_WS/install/theora_image_transport/share/theora_image_transport/cmake/export_theora_image_transport_componentExport.cmake
[150.618s] -- Installing: /home/t-pi/TB3_RPI4_WS/install/theora_image_transport/share/theora_image_transport/cmake/export_theora_image_transport_componentExport-noconfig.cmake
[150.620s] -- Installing: /home/t-pi/TB3_RPI4_WS/install/theora_image_transport/share/theora_image_transport/cmake/rosidl_cmake-extras.cmake
[150.623s] -- Installing: /home/t-pi/TB3_RPI4_WS/install/theora_image_transport/share/theora_image_transport/cmake/ament_cmake_export_dependencies-extras.cmake
[150.625s] -- Installing: /home/t-pi/TB3_RPI4_WS/install/theora_image_transport/share/theora_image_transport/cmake/ament_cmake_export_include_directories-extras.cmake
[150.627s] -- Installing: /home/t-pi/TB3_RPI4_WS/install/theora_image_transport/share/theora_image_transport/cmake/ament_cmake_export_libraries-extras.cmake
[150.630s] -- Installing: /home/t-pi/TB3_RPI4_WS/install/theora_image_transport/share/theora_image_transport/cmake/ament_cmake_export_targets-extras.cmake
[150.632s] -- Installing: /home/t-pi/TB3_RPI4_WS/install/theora_image_transport/share/theora_image_transport/cmake/rosidl_cmake_export_typesupport_targets-extras.cmake
[150.635s] -- Installing: /home/t-pi/TB3_RPI4_WS/install/theora_image_transport/share/theora_image_transport/cmake/rosidl_cmake_export_typesupport_libraries-extras.cmake
[150.637s] -- Installing: /home/t-pi/TB3_RPI4_WS/install/theora_image_transport/share/theora_image_transport/cmake/theora_image_transportConfig.cmake
[150.639s] -- Installing: /home/t-pi/TB3_RPI4_WS/install/theora_image_transport/share/theora_image_transport/cmake/theora_image_transportConfig-version.cmake
[150.641s] -- Installing: /home/t-pi/TB3_RPI4_WS/install/theora_image_transport/share/theora_image_transport/package.xml
[150.665s] Invoked command in '/home/t-pi/TB3_RPI4_WS/build/theora_image_transport' returned '0': CMAKE_PREFIX_PATH=${CMAKE_PREFIX_PATH}:/opt/ros/humble /usr/bin/cmake --install /home/t-pi/TB3_RPI4_WS/build/theora_image_transport
