[0.114s] Invoking command in '/home/t-pi/TB3_RPI4_WS/build/turtlebot3_bringup': CMAKE_PREFIX_PATH=/home/t-pi/TB3_RPI4_WS/install/turtlebot3_node:/home/t-pi/TB3_RPI4_WS/install/turtlebot3_description:/home/t-pi/TB3_RPI4_WS/install/usb_cam:/home/t-pi/TB3_RPI4_WS/install/turtlebot3:/home/t-pi/TB3_RPI4_WS/install/turtlebot3_bringup:/home/t-pi/TB3_RPI4_WS/install/image_transport_plugins:/home/t-pi/TB3_RPI4_WS/install/theora_image_transport:/home/t-pi/TB3_RPI4_WS/install/ld08_driver:/home/t-pi/TB3_RPI4_WS/install/cv_camera:/home/t-pi/TB3_RPI4_WS/install/compressed_image_transport:/home/t-pi/TB3_RPI4_WS/install/compressed_depth_image_transport:/home/t-pi/TB3_RPI4_WS/install/turtlebot3_teleop:/home/t-pi/TB3_RPI4_WS/install/turtlebot3_example:/home/t-pi/TB3_RPI4_WS/install/rpi_temprature:/opt/ros/humble /usr/bin/cmake --build /home/t-pi/TB3_RPI4_WS/build/turtlebot3_bringup -- -j4 -l4
[0.433s] Invoked command in '/home/t-pi/TB3_RPI4_WS/build/turtlebot3_bringup' returned '0': CMAKE_PREFIX_PATH=/home/t-pi/TB3_RPI4_WS/install/turtlebot3_node:/home/t-pi/TB3_RPI4_WS/install/turtlebot3_description:/home/t-pi/TB3_RPI4_WS/install/usb_cam:/home/t-pi/TB3_RPI4_WS/install/turtlebot3:/home/t-pi/TB3_RPI4_WS/install/turtlebot3_bringup:/home/t-pi/TB3_RPI4_WS/install/image_transport_plugins:/home/t-pi/TB3_RPI4_WS/install/theora_image_transport:/home/t-pi/TB3_RPI4_WS/install/ld08_driver:/home/t-pi/TB3_RPI4_WS/install/cv_camera:/home/t-pi/TB3_RPI4_WS/install/compressed_image_transport:/home/t-pi/TB3_RPI4_WS/install/compressed_depth_image_transport:/home/t-pi/TB3_RPI4_WS/install/turtlebot3_teleop:/home/t-pi/TB3_RPI4_WS/install/turtlebot3_example:/home/t-pi/TB3_RPI4_WS/install/rpi_temprature:/opt/ros/humble /usr/bin/cmake --build /home/t-pi/TB3_RPI4_WS/build/turtlebot3_bringup -- -j4 -l4
[1.054s] Invoking command in '/home/t-pi/TB3_RPI4_WS/build/turtlebot3_bringup': CMAKE_PREFIX_PATH=/home/t-pi/TB3_RPI4_WS/install/turtlebot3_node:/home/t-pi/TB3_RPI4_WS/install/turtlebot3_description:/home/t-pi/TB3_RPI4_WS/install/usb_cam:/home/t-pi/TB3_RPI4_WS/install/turtlebot3:/home/t-pi/TB3_RPI4_WS/install/turtlebot3_bringup:/home/t-pi/TB3_RPI4_WS/install/image_transport_plugins:/home/t-pi/TB3_RPI4_WS/install/theora_image_transport:/home/t-pi/TB3_RPI4_WS/install/ld08_driver:/home/t-pi/TB3_RPI4_WS/install/cv_camera:/home/t-pi/TB3_RPI4_WS/install/compressed_image_transport:/home/t-pi/TB3_RPI4_WS/install/compressed_depth_image_transport:/home/t-pi/TB3_RPI4_WS/install/turtlebot3_teleop:/home/t-pi/TB3_RPI4_WS/install/turtlebot3_example:/home/t-pi/TB3_RPI4_WS/install/rpi_temprature:/opt/ros/humble /usr/bin/cmake --install /home/t-pi/TB3_RPI4_WS/build/turtlebot3_bringup
[1.169s] -- Install configuration: ""
[1.170s] -- Up-to-date: /home/t-pi/TB3_RPI4_WS/install/turtlebot3_bringup/share/turtlebot3_bringup/launch
[1.173s] -- Up-to-date: /home/t-pi/TB3_RPI4_WS/install/turtlebot3_bringup/share/turtlebot3_bringup/launch/rviz2.launch.py
[1.175s] -- Up-to-date: /home/t-pi/TB3_RPI4_WS/install/turtlebot3_bringup/share/turtlebot3_bringup/launch/robot.launch.py
[1.177s] -- Up-to-date: /home/t-pi/TB3_RPI4_WS/install/turtlebot3_bringup/share/turtlebot3_bringup/launch/turtlebot3_state_publisher.launch.py
[1.179s] -- Up-to-date: /home/t-pi/TB3_RPI4_WS/install/turtlebot3_bringup/share/turtlebot3_bringup/param
[1.181s] -- Up-to-date: /home/t-pi/TB3_RPI4_WS/install/turtlebot3_bringup/share/turtlebot3_bringup/param/waffle_pi.yaml
[1.182s] -- Up-to-date: /home/t-pi/TB3_RPI4_WS/install/turtlebot3_bringup/share/turtlebot3_bringup/param/waffle.yaml
[1.184s] -- Up-to-date: /home/t-pi/TB3_RPI4_WS/install/turtlebot3_bringup/share/turtlebot3_bringup/param/burger.yaml
[1.185s] -- Up-to-date: /home/t-pi/TB3_RPI4_WS/install/turtlebot3_bringup/share/turtlebot3_bringup/script
[1.187s] -- Up-to-date: /home/t-pi/TB3_RPI4_WS/install/turtlebot3_bringup/share/turtlebot3_bringup/script/create_udev_rules
[1.189s] -- Up-to-date: /home/t-pi/TB3_RPI4_WS/install/turtlebot3_bringup/share/turtlebot3_bringup/script/99-turtlebot3-cdc.rules
[1.191s] -- Up-to-date: /home/t-pi/TB3_RPI4_WS/install/turtlebot3_bringup/share/ament_index/resource_index/package_run_dependencies/turtlebot3_bringup
[1.193s] -- Up-to-date: /home/t-pi/TB3_RPI4_WS/install/turtlebot3_bringup/share/ament_index/resource_index/parent_prefix_path/turtlebot3_bringup
[1.195s] -- Up-to-date: /home/t-pi/TB3_RPI4_WS/install/turtlebot3_bringup/share/turtlebot3_bringup/environment/ament_prefix_path.sh
[1.198s] -- Up-to-date: /home/t-pi/TB3_RPI4_WS/install/turtlebot3_bringup/share/turtlebot3_bringup/environment/ament_prefix_path.dsv
[1.200s] -- Up-to-date: /home/t-pi/TB3_RPI4_WS/install/turtlebot3_bringup/share/turtlebot3_bringup/environment/path.sh
[1.202s] -- Up-to-date: /home/t-pi/TB3_RPI4_WS/install/turtlebot3_bringup/share/turtlebot3_bringup/environment/path.dsv
[1.204s] -- Up-to-date: /home/t-pi/TB3_RPI4_WS/install/turtlebot3_bringup/share/turtlebot3_bringup/local_setup.bash
[1.206s] -- Up-to-date: /home/t-pi/TB3_RPI4_WS/install/turtlebot3_bringup/share/turtlebot3_bringup/local_setup.sh
[1.208s] -- Up-to-date: /home/t-pi/TB3_RPI4_WS/install/turtlebot3_bringup/share/turtlebot3_bringup/local_setup.zsh
[1.210s] -- Up-to-date: /home/t-pi/TB3_RPI4_WS/install/turtlebot3_bringup/share/turtlebot3_bringup/local_setup.dsv
[1.212s] -- Up-to-date: /home/t-pi/TB3_RPI4_WS/install/turtlebot3_bringup/share/turtlebot3_bringup/package.dsv
[1.214s] -- Up-to-date: /home/t-pi/TB3_RPI4_WS/install/turtlebot3_bringup/share/ament_index/resource_index/packages/turtlebot3_bringup
[1.217s] -- Up-to-date: /home/t-pi/TB3_RPI4_WS/install/turtlebot3_bringup/share/turtlebot3_bringup/cmake/turtlebot3_bringupConfig.cmake
[1.219s] -- Up-to-date: /home/t-pi/TB3_RPI4_WS/install/turtlebot3_bringup/share/turtlebot3_bringup/cmake/turtlebot3_bringupConfig-version.cmake
[1.223s] -- Up-to-date: /home/t-pi/TB3_RPI4_WS/install/turtlebot3_bringup/share/turtlebot3_bringup/package.xml
[1.245s] Invoked command in '/home/t-pi/TB3_RPI4_WS/build/turtlebot3_bringup' returned '0': CMAKE_PREFIX_PATH=/home/t-pi/TB3_RPI4_WS/install/turtlebot3_node:/home/t-pi/TB3_RPI4_WS/install/turtlebot3_description:/home/t-pi/TB3_RPI4_WS/install/usb_cam:/home/t-pi/TB3_RPI4_WS/install/turtlebot3:/home/t-pi/TB3_RPI4_WS/install/turtlebot3_bringup:/home/t-pi/TB3_RPI4_WS/install/image_transport_plugins:/home/t-pi/TB3_RPI4_WS/install/theora_image_transport:/home/t-pi/TB3_RPI4_WS/install/ld08_driver:/home/t-pi/TB3_RPI4_WS/install/cv_camera:/home/t-pi/TB3_RPI4_WS/install/compressed_image_transport:/home/t-pi/TB3_RPI4_WS/install/compressed_depth_image_transport:/home/t-pi/TB3_RPI4_WS/install/turtlebot3_teleop:/home/t-pi/TB3_RPI4_WS/install/turtlebot3_example:/home/t-pi/TB3_RPI4_WS/install/rpi_temprature:/opt/ros/humble /usr/bin/cmake --install /home/t-pi/TB3_RPI4_WS/build/turtlebot3_bringup
