[3.548s] Invoking command in '/home/t-pi/TB3_RPI4_WS/src/turtlebot3/turtlebot3_teleop': PYTHONPATH=/home/t-pi/TB3_RPI4_WS/build/turtlebot3_teleop/prefix_override:/home/t-pi/TB3_RPI4_WS/install/turtlebot3_teleop/lib/python3.10/site-packages:${PYTHONPATH} /usr/bin/python3 setup.py egg_info --egg-base ../../../build/turtlebot3_teleop build --build-base /home/t-pi/TB3_RPI4_WS/build/turtlebot3_teleop/build install --record /home/t-pi/TB3_RPI4_WS/build/turtlebot3_teleop/install.log --single-version-externally-managed
[4.874s] running egg_info
[4.876s] creating ../../../build/turtlebot3_teleop/turtlebot3_teleop.egg-info
[4.877s] writing ../../../build/turtlebot3_teleop/turtlebot3_teleop.egg-info/PKG-INFO
[4.879s] writing dependency_links to ../../../build/turtlebot3_teleop/turtlebot3_teleop.egg-info/dependency_links.txt
[4.879s] writing entry points to ../../../build/turtlebot3_teleop/turtlebot3_teleop.egg-info/entry_points.txt
[4.880s] writing requirements to ../../../build/turtlebot3_teleop/turtlebot3_teleop.egg-info/requires.txt
[4.881s] writing top-level names to ../../../build/turtlebot3_teleop/turtlebot3_teleop.egg-info/top_level.txt
[4.882s] writing manifest file '../../../build/turtlebot3_teleop/turtlebot3_teleop.egg-info/SOURCES.txt'
[4.890s] reading manifest file '../../../build/turtlebot3_teleop/turtlebot3_teleop.egg-info/SOURCES.txt'
[4.894s] writing manifest file '../../../build/turtlebot3_teleop/turtlebot3_teleop.egg-info/SOURCES.txt'
[4.895s] running build
[4.896s] running build_py
[4.897s] creating /home/t-pi/TB3_RPI4_WS/build/turtlebot3_teleop/build
[4.897s] creating /home/t-pi/TB3_RPI4_WS/build/turtlebot3_teleop/build/lib
[4.898s] creating /home/t-pi/TB3_RPI4_WS/build/turtlebot3_teleop/build/lib/turtlebot3_teleop
[4.899s] copying turtlebot3_teleop/__init__.py -> /home/t-pi/TB3_RPI4_WS/build/turtlebot3_teleop/build/lib/turtlebot3_teleop
[4.900s] creating /home/t-pi/TB3_RPI4_WS/build/turtlebot3_teleop/build/lib/turtlebot3_teleop/script
[4.900s] copying turtlebot3_teleop/script/__init__.py -> /home/t-pi/TB3_RPI4_WS/build/turtlebot3_teleop/build/lib/turtlebot3_teleop/script
[4.901s] copying turtlebot3_teleop/script/teleop_keyboard.py -> /home/t-pi/TB3_RPI4_WS/build/turtlebot3_teleop/build/lib/turtlebot3_teleop/script
[4.902s] running install
[4.903s] /usr/lib/python3/dist-packages/setuptools/command/install.py:34: SetuptoolsDeprecationWarning: setup.py install is deprecated. Use build and pip and other standards-based tools.
[4.903s]   warnings.warn(
[4.904s] running install_lib
[4.907s] creating /home/t-pi/TB3_RPI4_WS/install/turtlebot3_teleop/lib/python3.10/site-packages/turtlebot3_teleop
[4.908s] creating /home/t-pi/TB3_RPI4_WS/install/turtlebot3_teleop/lib/python3.10/site-packages/turtlebot3_teleop/script
[4.909s] copying /home/t-pi/TB3_RPI4_WS/build/turtlebot3_teleop/build/lib/turtlebot3_teleop/script/__init__.py -> /home/t-pi/TB3_RPI4_WS/install/turtlebot3_teleop/lib/python3.10/site-packages/turtlebot3_teleop/script
[4.914s] copying /home/t-pi/TB3_RPI4_WS/build/turtlebot3_teleop/build/lib/turtlebot3_teleop/script/teleop_keyboard.py -> /home/t-pi/TB3_RPI4_WS/install/turtlebot3_teleop/lib/python3.10/site-packages/turtlebot3_teleop/script
[4.915s] copying /home/t-pi/TB3_RPI4_WS/build/turtlebot3_teleop/build/lib/turtlebot3_teleop/__init__.py -> /home/t-pi/TB3_RPI4_WS/install/turtlebot3_teleop/lib/python3.10/site-packages/turtlebot3_teleop
[4.917s] byte-compiling /home/t-pi/TB3_RPI4_WS/install/turtlebot3_teleop/lib/python3.10/site-packages/turtlebot3_teleop/script/__init__.py to __init__.cpython-310.pyc
[4.919s] byte-compiling /home/t-pi/TB3_RPI4_WS/install/turtlebot3_teleop/lib/python3.10/site-packages/turtlebot3_teleop/script/teleop_keyboard.py to teleop_keyboard.cpython-310.pyc
[4.924s] byte-compiling /home/t-pi/TB3_RPI4_WS/install/turtlebot3_teleop/lib/python3.10/site-packages/turtlebot3_teleop/__init__.py to __init__.cpython-310.pyc
[4.926s] running install_data
[4.928s] creating /home/t-pi/TB3_RPI4_WS/install/turtlebot3_teleop/share/ament_index
[4.929s] creating /home/t-pi/TB3_RPI4_WS/install/turtlebot3_teleop/share/ament_index/resource_index
[4.929s] creating /home/t-pi/TB3_RPI4_WS/install/turtlebot3_teleop/share/ament_index/resource_index/packages
[4.930s] copying resource/turtlebot3_teleop -> /home/t-pi/TB3_RPI4_WS/install/turtlebot3_teleop/share/ament_index/resource_index/packages
[4.930s] copying package.xml -> /home/t-pi/TB3_RPI4_WS/install/turtlebot3_teleop/share/turtlebot3_teleop
[4.934s] running install_egg_info
[4.941s] Copying ../../../build/turtlebot3_teleop/turtlebot3_teleop.egg-info to /home/t-pi/TB3_RPI4_WS/install/turtlebot3_teleop/lib/python3.10/site-packages/turtlebot3_teleop-2.1.5-py3.10.egg-info
[4.948s] running install_scripts
[5.039s] Installing teleop_keyboard script to /home/t-pi/TB3_RPI4_WS/install/turtlebot3_teleop/lib/turtlebot3_teleop
[5.041s] writing list of installed files to '/home/t-pi/TB3_RPI4_WS/build/turtlebot3_teleop/install.log'
[5.171s] Invoked command in '/home/t-pi/TB3_RPI4_WS/src/turtlebot3/turtlebot3_teleop' returned '0': PYTHONPATH=/home/t-pi/TB3_RPI4_WS/build/turtlebot3_teleop/prefix_override:/home/t-pi/TB3_RPI4_WS/install/turtlebot3_teleop/lib/python3.10/site-packages:${PYTHONPATH} /usr/bin/python3 setup.py egg_info --egg-base ../../../build/turtlebot3_teleop build --build-base /home/t-pi/TB3_RPI4_WS/build/turtlebot3_teleop/build install --record /home/t-pi/TB3_RPI4_WS/build/turtlebot3_teleop/install.log --single-version-externally-managed
