[0.167s] Invoking command in '/home/t-pi/TB3_RPI4_WS/build/turtlebot3_description': CMAKE_PREFIX_PATH=${CMAKE_PREFIX_PATH}:/opt/ros/humble /usr/bin/cmake --build /home/t-pi/TB3_RPI4_WS/build/turtlebot3_description -- -j4 -l4
[0.689s] Invoked command in '/home/t-pi/TB3_RPI4_WS/build/turtlebot3_description' returned '0': CMAKE_PREFIX_PATH=${CMAKE_PREFIX_PATH}:/opt/ros/humble /usr/bin/cmake --build /home/t-pi/TB3_RPI4_WS/build/turtlebot3_description -- -j4 -l4
[1.010s] Invoking command in '/home/t-pi/TB3_RPI4_WS/build/turtlebot3_description': CMAKE_PREFIX_PATH=${CMAKE_PREFIX_PATH}:/opt/ros/humble /usr/bin/cmake --install /home/t-pi/TB3_RPI4_WS/build/turtlebot3_description
[1.090s] -- Install configuration: ""
[1.091s] -- Up-to-date: /home/t-pi/TB3_RPI4_WS/install/turtlebot3_description/share/turtlebot3_description/meshes
[1.101s] -- Up-to-date: /home/t-pi/TB3_RPI4_WS/install/turtlebot3_description/share/turtlebot3_description/meshes/sensors
[1.111s] -- Up-to-date: /home/t-pi/TB3_RPI4_WS/install/turtlebot3_description/share/turtlebot3_description/meshes/sensors/astra.dae
[1.112s] -- Up-to-date: /home/t-pi/TB3_RPI4_WS/install/turtlebot3_description/share/turtlebot3_description/meshes/sensors/r200.dae
[1.113s] -- Up-to-date: /home/t-pi/TB3_RPI4_WS/install/turtlebot3_description/share/turtlebot3_description/meshes/sensors/astra.jpg
[1.118s] -- Up-to-date: /home/t-pi/TB3_RPI4_WS/install/turtlebot3_description/share/turtlebot3_description/meshes/sensors/r200.jpg
[1.119s] -- Up-to-date: /home/t-pi/TB3_RPI4_WS/install/turtlebot3_description/share/turtlebot3_description/meshes/sensors/lds.stl
[1.120s] -- Up-to-date: /home/t-pi/TB3_RPI4_WS/install/turtlebot3_description/share/turtlebot3_description/meshes/bases
[1.127s] -- Up-to-date: /home/t-pi/TB3_RPI4_WS/install/turtlebot3_description/share/turtlebot3_description/meshes/bases/burger_base.stl
[1.128s] -- Up-to-date: /home/t-pi/TB3_RPI4_WS/install/turtlebot3_description/share/turtlebot3_description/meshes/bases/waffle_pi_base.stl
[1.129s] -- Up-to-date: /home/t-pi/TB3_RPI4_WS/install/turtlebot3_description/share/turtlebot3_description/meshes/bases/waffle_base.stl
[1.130s] -- Up-to-date: /home/t-pi/TB3_RPI4_WS/install/turtlebot3_description/share/turtlebot3_description/meshes/wheels
[1.143s] -- Up-to-date: /home/t-pi/TB3_RPI4_WS/install/turtlebot3_description/share/turtlebot3_description/meshes/wheels/right_tire.stl
[1.146s] -- Up-to-date: /home/t-pi/TB3_RPI4_WS/install/turtlebot3_description/share/turtlebot3_description/meshes/wheels/left_tire.stl
[1.147s] -- Up-to-date: /home/t-pi/TB3_RPI4_WS/install/turtlebot3_description/share/turtlebot3_description/rviz
[1.152s] -- Up-to-date: /home/t-pi/TB3_RPI4_WS/install/turtlebot3_description/share/turtlebot3_description/rviz/model.rviz
[1.153s] -- Up-to-date: /home/t-pi/TB3_RPI4_WS/install/turtlebot3_description/share/turtlebot3_description/urdf
[1.168s] -- Up-to-date: /home/t-pi/TB3_RPI4_WS/install/turtlebot3_description/share/turtlebot3_description/urdf/turtlebot3_waffle_pi.urdf
[1.170s] -- Up-to-date: /home/t-pi/TB3_RPI4_WS/install/turtlebot3_description/share/turtlebot3_description/urdf/turtlebot3_waffle.urdf
[1.170s] -- Up-to-date: /home/t-pi/TB3_RPI4_WS/install/turtlebot3_description/share/turtlebot3_description/urdf/common_properties.urdf
[1.171s] -- Up-to-date: /home/t-pi/TB3_RPI4_WS/install/turtlebot3_description/share/turtlebot3_description/urdf/turtlebot3_burger.urdf
[1.171s] -- Up-to-date: /home/t-pi/TB3_RPI4_WS/install/turtlebot3_description/share/ament_index/resource_index/package_run_dependencies/turtlebot3_description
[1.178s] -- Up-to-date: /home/t-pi/TB3_RPI4_WS/install/turtlebot3_description/share/ament_index/resource_index/parent_prefix_path/turtlebot3_description
[1.178s] -- Up-to-date: /home/t-pi/TB3_RPI4_WS/install/turtlebot3_description/share/turtlebot3_description/environment/ament_prefix_path.sh
[1.184s] -- Up-to-date: /home/t-pi/TB3_RPI4_WS/install/turtlebot3_description/share/turtlebot3_description/environment/ament_prefix_path.dsv
[1.185s] -- Up-to-date: /home/t-pi/TB3_RPI4_WS/install/turtlebot3_description/share/turtlebot3_description/environment/path.sh
[1.186s] -- Up-to-date: /home/t-pi/TB3_RPI4_WS/install/turtlebot3_description/share/turtlebot3_description/environment/path.dsv
[1.186s] -- Up-to-date: /home/t-pi/TB3_RPI4_WS/install/turtlebot3_description/share/turtlebot3_description/local_setup.bash
[1.187s] -- Up-to-date: /home/t-pi/TB3_RPI4_WS/install/turtlebot3_description/share/turtlebot3_description/local_setup.sh
[1.187s] -- Up-to-date: /home/t-pi/TB3_RPI4_WS/install/turtlebot3_description/share/turtlebot3_description/local_setup.zsh
[1.188s] -- Up-to-date: /home/t-pi/TB3_RPI4_WS/install/turtlebot3_description/share/turtlebot3_description/local_setup.dsv
[1.189s] -- Installing: /home/t-pi/TB3_RPI4_WS/install/turtlebot3_description/share/turtlebot3_description/package.dsv
[1.190s] -- Up-to-date: /home/t-pi/TB3_RPI4_WS/install/turtlebot3_description/share/ament_index/resource_index/packages/turtlebot3_description
[1.202s] -- Up-to-date: /home/t-pi/TB3_RPI4_WS/install/turtlebot3_description/share/turtlebot3_description/cmake/turtlebot3_descriptionConfig.cmake
[1.323s] -- Up-to-date: /home/t-pi/TB3_RPI4_WS/install/turtlebot3_description/share/turtlebot3_description/cmake/turtlebot3_descriptionConfig-version.cmake
[1.324s] -- Up-to-date: /home/t-pi/TB3_RPI4_WS/install/turtlebot3_description/share/turtlebot3_description/package.xml
[1.475s] Invoked command in '/home/t-pi/TB3_RPI4_WS/build/turtlebot3_description' returned '0': CMAKE_PREFIX_PATH=${CMAKE_PREFIX_PATH}:/opt/ros/humble /usr/bin/cmake --install /home/t-pi/TB3_RPI4_WS/build/turtlebot3_description
