[0.112s] Invoking command in '/home/t-pi/TB3_RPI4_WS/build/theora_image_transport': CMAKE_PREFIX_PATH=${CMAKE_PREFIX_PATH}:/home/t-pi/TB3_RPI4_WS/install/turtlebot3_teleop:/home/t-pi/TB3_RPI4_WS/install/turtlebot3_example:/home/t-pi/TB3_RPI4_WS/install/rpi_temprature:/opt/ros/humble /usr/bin/cmake /home/t-pi/TB3_RPI4_WS/src/image_transport_plugins/theora_image_transport -DCMAKE_INSTALL_PREFIX=/home/t-pi/TB3_RPI4_WS/install/theora_image_transport
[0.488s] -- The C compiler identification is GNU 11.3.0
[0.883s] -- The CXX compiler identification is GNU 11.3.0
[0.922s] -- Detecting C compiler ABI info
[1.364s] -- Detecting C compiler ABI info - done
[1.398s] -- Check for working C compiler: /usr/bin/cc - skipped
[1.400s] -- Detecting C compile features
[1.402s] -- Detecting C compile features - done
[1.417s] -- Detecting CXX compiler ABI info
[1.926s] -- Detecting CXX compiler ABI info - done
[1.961s] -- Check for working CXX compiler: /usr/bin/c++ - skipped
[1.962s] -- Detecting CXX compile features
[1.964s] -- Detecting CXX compile features - done
[1.995s] -- Found ament_cmake: 1.3.5 (/opt/ros/humble/share/ament_cmake/cmake)
[3.312s] -- Found Python3: /usr/bin/python3.10 (found version "3.10.6") found components: Interpreter 
[4.094s] -- Found image_transport: 3.1.5 (/opt/ros/humble/share/image_transport/cmake)
[4.577s] -- Found rosidl_generator_c: 3.1.4 (/opt/ros/humble/share/rosidl_generator_c/cmake)
[4.631s] -- Found rosidl_adapter: 3.1.4 (/opt/ros/humble/share/rosidl_adapter/cmake)
[4.704s] -- Found rosidl_generator_cpp: 3.1.4 (/opt/ros/humble/share/rosidl_generator_cpp/cmake)
[4.809s] -- Using all available rosidl_typesupport_c: rosidl_typesupport_fastrtps_c;rosidl_typesupport_introspection_c
[4.967s] -- Using all available rosidl_typesupport_cpp: rosidl_typesupport_fastrtps_cpp;rosidl_typesupport_introspection_cpp
[5.474s] -- Found rmw_implementation_cmake: 6.1.1 (/opt/ros/humble/share/rmw_implementation_cmake/cmake)
[5.506s] -- Found rmw_fastrtps_cpp: 6.2.2 (/opt/ros/humble/share/rmw_fastrtps_cpp/cmake)
[6.281s] -- Found OpenSSL: /usr/lib/aarch64-linux-gnu/libcrypto.so (found version "3.0.2")  
[6.584s] -- Found FastRTPS: /opt/ros/humble/include  
[7.085s] -- Using RMW implementation 'rmw_fastrtps_cpp' as default
[7.196s] -- Looking for pthread.h
[7.647s] -- Looking for pthread.h - found
[7.649s] -- Performing Test CMAKE_HAVE_LIBC_PTHREAD
[8.089s] -- Performing Test CMAKE_HAVE_LIBC_PTHREAD - Success
[8.096s] -- Found Threads: TRUE  
[10.184s] -- Found cv_bridge: 3.2.1 (/opt/ros/humble/share/cv_bridge/cmake)
[10.314s] -- Found rosidl_default_generators: 1.2.0 (/opt/ros/humble/share/rosidl_default_generators/cmake)
[10.404s] -- Found OpenCV: /usr (found version "4.5.4") found components: imgproc 
[10.425s] -- Found PkgConfig: /usr/bin/pkg-config (found version "0.29.2") 
[10.430s] -- Checking for module 'ogg'
[10.517s] --   Found ogg, version 1.3.5
[10.718s] -- Checking for module 'theora'
[10.816s] --   Found theora, version 1.1.1
[11.031s] -- Checking for module 'theoraenc'
[11.187s] --   Found theoraenc, version 1.1.1
[11.540s] -- Checking for module 'theoradec'
[11.710s] --   Found theoradec, version 1.1.1
[15.185s] -- Found ament_cmake_cppcheck: 0.12.6 (/opt/ros/humble/share/ament_cmake_cppcheck/cmake)
[15.260s] -- Found ament_cmake_cpplint: 0.12.6 (/opt/ros/humble/share/ament_cmake_cpplint/cmake)
[15.316s] -- Found ament_cmake_uncrustify: 0.12.6 (/opt/ros/humble/share/ament_cmake_uncrustify/cmake)
[15.384s] -- Found ament_cmake_ros: 0.10.0 (/opt/ros/humble/share/ament_cmake_ros/cmake)
[20.850s] -- Using all available rosidl_typesupport_c: rosidl_typesupport_fastrtps_c;rosidl_typesupport_introspection_c
[22.644s] -- Using all available rosidl_typesupport_cpp: rosidl_typesupport_fastrtps_cpp;rosidl_typesupport_introspection_cpp
[23.087s] -- Found PythonInterp: /usr/bin/python3 (found suitable version "3.10.6", minimum required is "3.6") 
[23.168s] -- Found python_cmake_module: 0.10.0 (/opt/ros/humble/share/python_cmake_module/cmake)
[23.686s] -- Found PythonLibs: /usr/lib/aarch64-linux-gnu/libpython3.10.so (found suitable version "3.10.6", minimum required is "3.5") 
[23.693s] -- Using PYTHON_EXECUTABLE: /usr/bin/python3
[23.697s] -- Using PYTHON_INCLUDE_DIRS: /usr/include/python3.10
[23.699s] -- Using PYTHON_LIBRARIES: /usr/lib/aarch64-linux-gnu/libpython3.10.so
[24.138s] -- Found PythonExtra: .so  
[25.241s] -- Found ament_cmake_flake8: 0.12.6 (/opt/ros/humble/share/ament_cmake_flake8/cmake)
[25.353s] -- Found ament_cmake_pep257: 0.12.6 (/opt/ros/humble/share/ament_cmake_pep257/cmake)
[25.596s] -- Configuring done
[26.734s] -- Generating done
[26.851s] -- Build files have been written to: /home/t-pi/TB3_RPI4_WS/build/theora_image_transport
[27.083s] Invoked command in '/home/t-pi/TB3_RPI4_WS/build/theora_image_transport' returned '0': CMAKE_PREFIX_PATH=${CMAKE_PREFIX_PATH}:/home/t-pi/TB3_RPI4_WS/install/turtlebot3_teleop:/home/t-pi/TB3_RPI4_WS/install/turtlebot3_example:/home/t-pi/TB3_RPI4_WS/install/rpi_temprature:/opt/ros/humble /usr/bin/cmake /home/t-pi/TB3_RPI4_WS/src/image_transport_plugins/theora_image_transport -DCMAKE_INSTALL_PREFIX=/home/t-pi/TB3_RPI4_WS/install/theora_image_transport
[27.108s] Invoking command in '/home/t-pi/TB3_RPI4_WS/build/theora_image_transport': CMAKE_PREFIX_PATH=${CMAKE_PREFIX_PATH}:/home/t-pi/TB3_RPI4_WS/install/turtlebot3_teleop:/home/t-pi/TB3_RPI4_WS/install/turtlebot3_example:/home/t-pi/TB3_RPI4_WS/install/rpi_temprature:/opt/ros/humble /usr/bin/cmake --build /home/t-pi/TB3_RPI4_WS/build/theora_image_transport -- -j4 -l4
[27.629s] [  2%] [34m[1mGenerating C code for ROS interfaces[0m
[27.741s] [  5%] [34m[1mGenerating C++ code for ROS interfaces[0m
[27.969s] [  5%] Built target ament_cmake_python_copy_theora_image_transport
[33.086s] running egg_info
[33.100s] creating theora_image_transport.egg-info
[33.129s] writing theora_image_transport.egg-info/PKG-INFO
[33.144s] writing dependency_links to theora_image_transport.egg-info/dependency_links.txt
[33.204s] writing top-level names to theora_image_transport.egg-info/top_level.txt
[33.205s] writing manifest file 'theora_image_transport.egg-info/SOURCES.txt'
[33.315s] reading manifest file 'theora_image_transport.egg-info/SOURCES.txt'
[33.327s] writing manifest file 'theora_image_transport.egg-info/SOURCES.txt'
[33.836s] [  5%] Built target ament_cmake_python_build_theora_image_transport_egg
[34.126s] [  5%] Built target theora_image_transport__cpp
[34.251s] [  8%] [34m[1mGenerating C++ type support dispatch for ROS interfaces[0m
[34.343s] [ 10%] [32mBuilding C object CMakeFiles/theora_image_transport__rosidl_generator_c.dir/rosidl_generator_c/theora_image_transport/msg/detail/packet__functions.c.o[0m
[34.899s] [ 13%] [32m[1mLinking C shared library libtheora_image_transport__rosidl_generator_c.so[0m
[35.693s] [ 13%] Built target theora_image_transport__rosidl_generator_c
[35.851s] [ 16%] [34m[1mGenerating C++ introspection for ROS interfaces[0m
[40.063s] [ 18%] [32mBuilding CXX object CMakeFiles/theora_image_transport__rosidl_typesupport_cpp.dir/rosidl_typesupport_cpp/theora_image_transport/msg/packet__type_support.cpp.o[0m
[40.823s] [ 21%] [32mBuilding CXX object CMakeFiles/theora_image_transport__rosidl_typesupport_introspection_cpp.dir/rosidl_typesupport_introspection_cpp/theora_image_transport/msg/detail/packet__type_support.cpp.o[0m
[46.074s] [ 24%] [32m[1mLinking CXX shared library libtheora_image_transport__rosidl_typesupport_cpp.so[0m
[46.697s] [ 24%] Built target theora_image_transport__rosidl_typesupport_cpp
[48.337s] [ 27%] [32m[1mLinking CXX shared library libtheora_image_transport__rosidl_typesupport_introspection_cpp.so[0m
[48.824s] [ 27%] Built target theora_image_transport__rosidl_typesupport_introspection_cpp
[48.948s] [ 29%] [34m[1mGenerating C introspection for ROS interfaces[0m
[52.737s] [ 32%] [32mBuilding C object CMakeFiles/theora_image_transport__rosidl_typesupport_introspection_c.dir/rosidl_typesupport_introspection_c/theora_image_transport/msg/detail/packet__type_support.c.o[0m
[53.230s] [ 35%] [32m[1mLinking C shared library libtheora_image_transport__rosidl_typesupport_introspection_c.so[0m
[53.675s] [ 35%] Built target theora_image_transport__rosidl_typesupport_introspection_c
[53.814s] [ 37%] [34m[1mGenerating C type support dispatch for ROS interfaces[0m
[56.757s] [ 40%] [32mBuilding CXX object CMakeFiles/theora_image_transport__rosidl_typesupport_c.dir/rosidl_typesupport_c/theora_image_transport/msg/packet__type_support.cpp.o[0m
[57.129s] [ 43%] [32m[1mLinking CXX shared library libtheora_image_transport__rosidl_typesupport_c.so[0m
[57.491s] [ 43%] Built target theora_image_transport__rosidl_typesupport_c
[57.817s] [ 45%] [32mBuilding CXX object CMakeFiles/theora_image_transport_component.dir/src/theora_publisher.cpp.o[0m
[1668.612s] gmake[2]: *** [CMakeFiles/theora_image_transport_component.dir/build.make:76: CMakeFiles/theora_image_transport_component.dir/src/theora_publisher.cpp.o] Interrupt
[1668.656s] gmake[1]: *** [CMakeFiles/Makefile2:595: CMakeFiles/theora_image_transport_component.dir/all] Interrupt
[1668.657s] gmake: *** [Makefile:146: all] Interrupt
[1668.688s] Invoked command in '/home/t-pi/TB3_RPI4_WS/build/theora_image_transport' returned '-2': CMAKE_PREFIX_PATH=${CMAKE_PREFIX_PATH}:/home/t-pi/TB3_RPI4_WS/install/turtlebot3_teleop:/home/t-pi/TB3_RPI4_WS/install/turtlebot3_example:/home/t-pi/TB3_RPI4_WS/install/rpi_temprature:/opt/ros/humble /usr/bin/cmake --build /home/t-pi/TB3_RPI4_WS/build/theora_image_transport -- -j4 -l4
