[0.061s] Invoking command in '/home/t-pi/TB3_RPI4_WS/build/turtlebot3': AMENT_PREFIX_PATH=/home/t-pi/TB3_RPI4_WS/install/turtlebot3_bringup:/home/t-pi/TB3_RPI4_WS/install/turtlebot3_teleop:/home/t-pi/TB3_RPI4_WS/install/turtlebot3_node:/home/t-pi/TB3_RPI4_WS/install/turtlebot3_example:/home/t-pi/TB3_RPI4_WS/install/turtlebot3_description:${AMENT_PREFIX_PATH} CMAKE_PREFIX_PATH=/home/t-pi/TB3_RPI4_WS/install/turtlebot3_bringup:/home/t-pi/TB3_RPI4_WS/install/turtlebot3_node:/home/t-pi/TB3_RPI4_WS/install/turtlebot3_description:/home/t-pi/turtlebot3_ws/install/usb_cam:/home/t-pi/turtlebot3_ws/install/turtlebot3:/home/t-pi/turtlebot3_ws/install/turtlebot3_bringup:/home/t-pi/turtlebot3_ws/install/turtlebot3_node:/home/t-pi/turtlebot3_ws/install/turtlebot3_description:/home/t-pi/turtlebot3_ws/install/ros2_shared:/home/t-pi/turtlebot3_ws/install/ld08_driver:/home/t-pi/turtlebot3_ws/install/image_transport_plugins:/home/t-pi/turtlebot3_ws/install/cv_camera:/home/t-pi/turtlebot3_ws/install/turtlebot3_teleop:/home/t-pi/turtlebot3_ws/install/turtlebot3_example:/home/t-pi/turtlebot3_ws/install/rpi_temprature:/home/t-pi/turtlebot3_ws/install/RPI_temprature:/opt/ros/humble PYTHONPATH=/home/t-pi/TB3_RPI4_WS/install/turtlebot3_teleop/lib/python3.10/site-packages:/home/t-pi/TB3_RPI4_WS/install/turtlebot3_example/lib/python3.10/site-packages:${PYTHONPATH} /usr/bin/cmake /home/t-pi/TB3_RPI4_WS/src/turtlebot3/turtlebot3 -DCMAKE_INSTALL_PREFIX=/home/t-pi/TB3_RPI4_WS/install/turtlebot3
[0.352s] -- The C compiler identification is GNU 11.3.0
[0.634s] -- The CXX compiler identification is GNU 11.3.0
[0.671s] -- Detecting C compiler ABI info
[1.018s] -- Detecting C compiler ABI info - done
[1.050s] -- Check for working C compiler: /usr/bin/cc - skipped
[1.051s] -- Detecting C compile features
[1.052s] -- Detecting C compile features - done
[1.065s] -- Detecting CXX compiler ABI info
[1.447s] -- Detecting CXX compiler ABI info - done
[1.480s] -- Check for working CXX compiler: /usr/bin/c++ - skipped
[1.480s] -- Detecting CXX compile features
[1.482s] -- Detecting CXX compile features - done
[1.515s] -- Found ament_cmake: 1.3.5 (/opt/ros/humble/share/ament_cmake/cmake)
[2.457s] -- Found Python3: /usr/bin/python3.10 (found version "3.10.6") found components: Interpreter 
[3.411s] -- Configuring done
[3.429s] -- Generating done
[3.433s] -- Build files have been written to: /home/t-pi/TB3_RPI4_WS/build/turtlebot3
[3.448s] Invoked command in '/home/t-pi/TB3_RPI4_WS/build/turtlebot3' returned '0': AMENT_PREFIX_PATH=/home/t-pi/TB3_RPI4_WS/install/turtlebot3_bringup:/home/t-pi/TB3_RPI4_WS/install/turtlebot3_teleop:/home/t-pi/TB3_RPI4_WS/install/turtlebot3_node:/home/t-pi/TB3_RPI4_WS/install/turtlebot3_example:/home/t-pi/TB3_RPI4_WS/install/turtlebot3_description:${AMENT_PREFIX_PATH} CMAKE_PREFIX_PATH=/home/t-pi/TB3_RPI4_WS/install/turtlebot3_bringup:/home/t-pi/TB3_RPI4_WS/install/turtlebot3_node:/home/t-pi/TB3_RPI4_WS/install/turtlebot3_description:/home/t-pi/turtlebot3_ws/install/usb_cam:/home/t-pi/turtlebot3_ws/install/turtlebot3:/home/t-pi/turtlebot3_ws/install/turtlebot3_bringup:/home/t-pi/turtlebot3_ws/install/turtlebot3_node:/home/t-pi/turtlebot3_ws/install/turtlebot3_description:/home/t-pi/turtlebot3_ws/install/ros2_shared:/home/t-pi/turtlebot3_ws/install/ld08_driver:/home/t-pi/turtlebot3_ws/install/image_transport_plugins:/home/t-pi/turtlebot3_ws/install/cv_camera:/home/t-pi/turtlebot3_ws/install/turtlebot3_teleop:/home/t-pi/turtlebot3_ws/install/turtlebot3_example:/home/t-pi/turtlebot3_ws/install/rpi_temprature:/home/t-pi/turtlebot3_ws/install/RPI_temprature:/opt/ros/humble PYTHONPATH=/home/t-pi/TB3_RPI4_WS/install/turtlebot3_teleop/lib/python3.10/site-packages:/home/t-pi/TB3_RPI4_WS/install/turtlebot3_example/lib/python3.10/site-packages:${PYTHONPATH} /usr/bin/cmake /home/t-pi/TB3_RPI4_WS/src/turtlebot3/turtlebot3 -DCMAKE_INSTALL_PREFIX=/home/t-pi/TB3_RPI4_WS/install/turtlebot3
[3.457s] Invoking command in '/home/t-pi/TB3_RPI4_WS/build/turtlebot3': AMENT_PREFIX_PATH=/home/t-pi/TB3_RPI4_WS/install/turtlebot3_bringup:/home/t-pi/TB3_RPI4_WS/install/turtlebot3_teleop:/home/t-pi/TB3_RPI4_WS/install/turtlebot3_node:/home/t-pi/TB3_RPI4_WS/install/turtlebot3_example:/home/t-pi/TB3_RPI4_WS/install/turtlebot3_description:${AMENT_PREFIX_PATH} CMAKE_PREFIX_PATH=/home/t-pi/TB3_RPI4_WS/install/turtlebot3_bringup:/home/t-pi/TB3_RPI4_WS/install/turtlebot3_node:/home/t-pi/TB3_RPI4_WS/install/turtlebot3_description:/home/t-pi/turtlebot3_ws/install/usb_cam:/home/t-pi/turtlebot3_ws/install/turtlebot3:/home/t-pi/turtlebot3_ws/install/turtlebot3_bringup:/home/t-pi/turtlebot3_ws/install/turtlebot3_node:/home/t-pi/turtlebot3_ws/install/turtlebot3_description:/home/t-pi/turtlebot3_ws/install/ros2_shared:/home/t-pi/turtlebot3_ws/install/ld08_driver:/home/t-pi/turtlebot3_ws/install/image_transport_plugins:/home/t-pi/turtlebot3_ws/install/cv_camera:/home/t-pi/turtlebot3_ws/install/turtlebot3_teleop:/home/t-pi/turtlebot3_ws/install/turtlebot3_example:/home/t-pi/turtlebot3_ws/install/rpi_temprature:/home/t-pi/turtlebot3_ws/install/RPI_temprature:/opt/ros/humble PYTHONPATH=/home/t-pi/TB3_RPI4_WS/install/turtlebot3_teleop/lib/python3.10/site-packages:/home/t-pi/TB3_RPI4_WS/install/turtlebot3_example/lib/python3.10/site-packages:${PYTHONPATH} /usr/bin/cmake --build /home/t-pi/TB3_RPI4_WS/build/turtlebot3 -- -j4 -l4
[3.617s] Invoked command in '/home/t-pi/TB3_RPI4_WS/build/turtlebot3' returned '0': AMENT_PREFIX_PATH=/home/t-pi/TB3_RPI4_WS/install/turtlebot3_bringup:/home/t-pi/TB3_RPI4_WS/install/turtlebot3_teleop:/home/t-pi/TB3_RPI4_WS/install/turtlebot3_node:/home/t-pi/TB3_RPI4_WS/install/turtlebot3_example:/home/t-pi/TB3_RPI4_WS/install/turtlebot3_description:${AMENT_PREFIX_PATH} CMAKE_PREFIX_PATH=/home/t-pi/TB3_RPI4_WS/install/turtlebot3_bringup:/home/t-pi/TB3_RPI4_WS/install/turtlebot3_node:/home/t-pi/TB3_RPI4_WS/install/turtlebot3_description:/home/t-pi/turtlebot3_ws/install/usb_cam:/home/t-pi/turtlebot3_ws/install/turtlebot3:/home/t-pi/turtlebot3_ws/install/turtlebot3_bringup:/home/t-pi/turtlebot3_ws/install/turtlebot3_node:/home/t-pi/turtlebot3_ws/install/turtlebot3_description:/home/t-pi/turtlebot3_ws/install/ros2_shared:/home/t-pi/turtlebot3_ws/install/ld08_driver:/home/t-pi/turtlebot3_ws/install/image_transport_plugins:/home/t-pi/turtlebot3_ws/install/cv_camera:/home/t-pi/turtlebot3_ws/install/turtlebot3_teleop:/home/t-pi/turtlebot3_ws/install/turtlebot3_example:/home/t-pi/turtlebot3_ws/install/rpi_temprature:/home/t-pi/turtlebot3_ws/install/RPI_temprature:/opt/ros/humble PYTHONPATH=/home/t-pi/TB3_RPI4_WS/install/turtlebot3_teleop/lib/python3.10/site-packages:/home/t-pi/TB3_RPI4_WS/install/turtlebot3_example/lib/python3.10/site-packages:${PYTHONPATH} /usr/bin/cmake --build /home/t-pi/TB3_RPI4_WS/build/turtlebot3 -- -j4 -l4
[3.809s] Invoking command in '/home/t-pi/TB3_RPI4_WS/build/turtlebot3': AMENT_PREFIX_PATH=/home/t-pi/TB3_RPI4_WS/install/turtlebot3_bringup:/home/t-pi/TB3_RPI4_WS/install/turtlebot3_teleop:/home/t-pi/TB3_RPI4_WS/install/turtlebot3_node:/home/t-pi/TB3_RPI4_WS/install/turtlebot3_example:/home/t-pi/TB3_RPI4_WS/install/turtlebot3_description:${AMENT_PREFIX_PATH} CMAKE_PREFIX_PATH=/home/t-pi/TB3_RPI4_WS/install/turtlebot3_bringup:/home/t-pi/TB3_RPI4_WS/install/turtlebot3_node:/home/t-pi/TB3_RPI4_WS/install/turtlebot3_description:/home/t-pi/turtlebot3_ws/install/usb_cam:/home/t-pi/turtlebot3_ws/install/turtlebot3:/home/t-pi/turtlebot3_ws/install/turtlebot3_bringup:/home/t-pi/turtlebot3_ws/install/turtlebot3_node:/home/t-pi/turtlebot3_ws/install/turtlebot3_description:/home/t-pi/turtlebot3_ws/install/ros2_shared:/home/t-pi/turtlebot3_ws/install/ld08_driver:/home/t-pi/turtlebot3_ws/install/image_transport_plugins:/home/t-pi/turtlebot3_ws/install/cv_camera:/home/t-pi/turtlebot3_ws/install/turtlebot3_teleop:/home/t-pi/turtlebot3_ws/install/turtlebot3_example:/home/t-pi/turtlebot3_ws/install/rpi_temprature:/home/t-pi/turtlebot3_ws/install/RPI_temprature:/opt/ros/humble PYTHONPATH=/home/t-pi/TB3_RPI4_WS/install/turtlebot3_teleop/lib/python3.10/site-packages:/home/t-pi/TB3_RPI4_WS/install/turtlebot3_example/lib/python3.10/site-packages:${PYTHONPATH} /usr/bin/cmake --install /home/t-pi/TB3_RPI4_WS/build/turtlebot3
[3.811s] -- Install configuration: ""
[3.814s] -- Installing: /home/t-pi/TB3_RPI4_WS/install/turtlebot3/share/ament_index/resource_index/package_run_dependencies/turtlebot3
[3.818s] -- Installing: /home/t-pi/TB3_RPI4_WS/install/turtlebot3/share/ament_index/resource_index/parent_prefix_path/turtlebot3
[3.821s] -- Installing: /home/t-pi/TB3_RPI4_WS/install/turtlebot3/share/turtlebot3/environment/ament_prefix_path.sh
[3.822s] -- Installing: /home/t-pi/TB3_RPI4_WS/install/turtlebot3/share/turtlebot3/environment/ament_prefix_path.dsv
[3.823s] -- Installing: /home/t-pi/TB3_RPI4_WS/install/turtlebot3/share/turtlebot3/environment/path.sh
[3.824s] -- Installing: /home/t-pi/TB3_RPI4_WS/install/turtlebot3/share/turtlebot3/environment/path.dsv
[3.826s] -- Installing: /home/t-pi/TB3_RPI4_WS/install/turtlebot3/share/turtlebot3/local_setup.bash
[3.827s] -- Installing: /home/t-pi/TB3_RPI4_WS/install/turtlebot3/share/turtlebot3/local_setup.sh
[3.828s] -- Installing: /home/t-pi/TB3_RPI4_WS/install/turtlebot3/share/turtlebot3/local_setup.zsh
[3.829s] -- Installing: /home/t-pi/TB3_RPI4_WS/install/turtlebot3/share/turtlebot3/local_setup.dsv
[3.830s] -- Installing: /home/t-pi/TB3_RPI4_WS/install/turtlebot3/share/turtlebot3/package.dsv
[3.832s] -- Installing: /home/t-pi/TB3_RPI4_WS/install/turtlebot3/share/ament_index/resource_index/packages/turtlebot3
[3.833s] -- Installing: /home/t-pi/TB3_RPI4_WS/install/turtlebot3/share/turtlebot3/cmake/turtlebot3Config.cmake
[3.834s] -- Installing: /home/t-pi/TB3_RPI4_WS/install/turtlebot3/share/turtlebot3/cmake/turtlebot3Config-version.cmake
[3.836s] -- Installing: /home/t-pi/TB3_RPI4_WS/install/turtlebot3/share/turtlebot3/package.xml
[3.851s] Invoked command in '/home/t-pi/TB3_RPI4_WS/build/turtlebot3' returned '0': AMENT_PREFIX_PATH=/home/t-pi/TB3_RPI4_WS/install/turtlebot3_bringup:/home/t-pi/TB3_RPI4_WS/install/turtlebot3_teleop:/home/t-pi/TB3_RPI4_WS/install/turtlebot3_node:/home/t-pi/TB3_RPI4_WS/install/turtlebot3_example:/home/t-pi/TB3_RPI4_WS/install/turtlebot3_description:${AMENT_PREFIX_PATH} CMAKE_PREFIX_PATH=/home/t-pi/TB3_RPI4_WS/install/turtlebot3_bringup:/home/t-pi/TB3_RPI4_WS/install/turtlebot3_node:/home/t-pi/TB3_RPI4_WS/install/turtlebot3_description:/home/t-pi/turtlebot3_ws/install/usb_cam:/home/t-pi/turtlebot3_ws/install/turtlebot3:/home/t-pi/turtlebot3_ws/install/turtlebot3_bringup:/home/t-pi/turtlebot3_ws/install/turtlebot3_node:/home/t-pi/turtlebot3_ws/install/turtlebot3_description:/home/t-pi/turtlebot3_ws/install/ros2_shared:/home/t-pi/turtlebot3_ws/install/ld08_driver:/home/t-pi/turtlebot3_ws/install/image_transport_plugins:/home/t-pi/turtlebot3_ws/install/cv_camera:/home/t-pi/turtlebot3_ws/install/turtlebot3_teleop:/home/t-pi/turtlebot3_ws/install/turtlebot3_example:/home/t-pi/turtlebot3_ws/install/rpi_temprature:/home/t-pi/turtlebot3_ws/install/RPI_temprature:/opt/ros/humble PYTHONPATH=/home/t-pi/TB3_RPI4_WS/install/turtlebot3_teleop/lib/python3.10/site-packages:/home/t-pi/TB3_RPI4_WS/install/turtlebot3_example/lib/python3.10/site-packages:${PYTHONPATH} /usr/bin/cmake --install /home/t-pi/TB3_RPI4_WS/build/turtlebot3
