-- Found ament_cmake: 1.3.5 (/opt/ros/humble/share/ament_cmake/cmake)
-- Found Python3: /usr/bin/python3.10 (found version "3.10.12") found components: Interpreter 
-- Found image_transport: 3.1.5 (/opt/ros/humble/share/image_transport/cmake)
-- Found rosidl_generator_c: 3.1.5 (/opt/ros/humble/share/rosidl_generator_c/cmake)
-- Found rosidl_adapter: 3.1.5 (/opt/ros/humble/share/rosidl_adapter/cmake)
-- Found rosidl_generator_cpp: 3.1.5 (/opt/ros/humble/share/rosidl_generator_cpp/cmake)
-- Using all available rosidl_typesupport_c: rosidl_typesupport_fastrtps_c;rosidl_typesupport_introspection_c
-- Using all available rosidl_typesupport_cpp: rosidl_typesupport_fastrtps_cpp;rosidl_typesupport_introspection_cpp
-- Found rmw_implementation_cmake: 6.1.1 (/opt/ros/humble/share/rmw_implementation_cmake/cmake)
-- Found rmw_fastrtps_cpp: 6.2.3 (/opt/ros/humble/share/rmw_fastrtps_cpp/cmake)
-- Using RMW implementation 'rmw_fastrtps_cpp' as default
-- Found cv_bridge: 3.2.1 (/opt/ros/humble/share/cv_bridge/cmake)
-- Configuring done
-- Generating done
-- Build files have been written to: /home/t-pi/TB3_RPI4_WS/build/compressed_depth_image_transport
[35m[1mConsolidate compiler generated dependencies of target compressed_depth_image_transport[0m
[ 20%] [32mBuilding CXX object CMakeFiles/compressed_depth_image_transport.dir/src/codec.cpp.o[0m
[ 40%] [32m[1mLinking CXX shared library libcompressed_depth_image_transport.so[0m
[100%] Built target compressed_depth_image_transport
-- Install configuration: ""
-- Installing: /home/t-pi/TB3_RPI4_WS/install/compressed_depth_image_transport/lib/libcompressed_depth_image_transport.so
-- Set runtime path of "/home/t-pi/TB3_RPI4_WS/install/compressed_depth_image_transport/lib/libcompressed_depth_image_transport.so" to ""
-- Up-to-date: /home/t-pi/TB3_RPI4_WS/install/compressed_depth_image_transport/include
-- Up-to-date: /home/t-pi/TB3_RPI4_WS/install/compressed_depth_image_transport/include/compressed_depth_image_transport
-- Up-to-date: /home/t-pi/TB3_RPI4_WS/install/compressed_depth_image_transport/include/compressed_depth_image_transport/compression_common.h
-- Up-to-date: /home/t-pi/TB3_RPI4_WS/install/compressed_depth_image_transport/include/compressed_depth_image_transport/codec.h
-- Up-to-date: /home/t-pi/TB3_RPI4_WS/install/compressed_depth_image_transport/include/compressed_depth_image_transport/compressed_depth_subscriber.h
-- Up-to-date: /home/t-pi/TB3_RPI4_WS/install/compressed_depth_image_transport/include/compressed_depth_image_transport/compressed_depth_publisher.h
-- Up-to-date: /home/t-pi/TB3_RPI4_WS/install/compressed_depth_image_transport/share/compressed_depth_image_transport/compressed_depth_plugins.xml
-- Up-to-date: /home/t-pi/TB3_RPI4_WS/install/compressed_depth_image_transport/share/ament_index/resource_index/package_run_dependencies/compressed_depth_image_transport
-- Up-to-date: /home/t-pi/TB3_RPI4_WS/install/compressed_depth_image_transport/share/ament_index/resource_index/parent_prefix_path/compressed_depth_image_transport
-- Up-to-date: /home/t-pi/TB3_RPI4_WS/install/compressed_depth_image_transport/share/compressed_depth_image_transport/environment/ament_prefix_path.sh
-- Installing: /home/t-pi/TB3_RPI4_WS/install/compressed_depth_image_transport/share/compressed_depth_image_transport/environment/ament_prefix_path.dsv
-- Up-to-date: /home/t-pi/TB3_RPI4_WS/install/compressed_depth_image_transport/share/compressed_depth_image_transport/environment/path.sh
-- Installing: /home/t-pi/TB3_RPI4_WS/install/compressed_depth_image_transport/share/compressed_depth_image_transport/environment/path.dsv
-- Up-to-date: /home/t-pi/TB3_RPI4_WS/install/compressed_depth_image_transport/share/compressed_depth_image_transport/local_setup.bash
-- Up-to-date: /home/t-pi/TB3_RPI4_WS/install/compressed_depth_image_transport/share/compressed_depth_image_transport/local_setup.sh
-- Up-to-date: /home/t-pi/TB3_RPI4_WS/install/compressed_depth_image_transport/share/compressed_depth_image_transport/local_setup.zsh
-- Installing: /home/t-pi/TB3_RPI4_WS/install/compressed_depth_image_transport/share/compressed_depth_image_transport/local_setup.dsv
-- Installing: /home/t-pi/TB3_RPI4_WS/install/compressed_depth_image_transport/share/compressed_depth_image_transport/package.dsv
-- Up-to-date: /home/t-pi/TB3_RPI4_WS/install/compressed_depth_image_transport/share/ament_index/resource_index/packages/compressed_depth_image_transport
-- Up-to-date: /home/t-pi/TB3_RPI4_WS/install/compressed_depth_image_transport/share/ament_index/resource_index/image_transport__pluginlib__plugin/compressed_depth_image_transport
-- Up-to-date: /home/t-pi/TB3_RPI4_WS/install/compressed_depth_image_transport/share/compressed_depth_image_transport/cmake/compressed_depth_image_transportConfig.cmake
-- Up-to-date: /home/t-pi/TB3_RPI4_WS/install/compressed_depth_image_transport/share/compressed_depth_image_transport/cmake/compressed_depth_image_transportConfig-version.cmake
-- Up-to-date: /home/t-pi/TB3_RPI4_WS/install/compressed_depth_image_transport/share/compressed_depth_image_transport/package.xml
