[0.120s] Invoking command in '/home/t-pi/TB3_RPI4_WS/build/compressed_depth_image_transport': CMAKE_PREFIX_PATH=${CMAKE_PREFIX_PATH}:/opt/ros/humble /usr/bin/cmake --build /home/t-pi/TB3_RPI4_WS/build/compressed_depth_image_transport -- -j4 -l4
[1.044s] [ 20%] [32mBuilding CXX object CMakeFiles/compressed_depth_image_transport.dir/src/compressed_depth_publisher.cpp.o[0m
[25.540s] [ 40%] [32mBuilding CXX object CMakeFiles/compressed_depth_image_transport.dir/src/manifest.cpp.o[0m
[61.355s] [ 60%] [32mBuilding CXX object CMakeFiles/compressed_depth_image_transport.dir/src/compressed_depth_subscriber.cpp.o[0m
[96.316s] [ 80%] [32m[1mLinking CXX shared library libcompressed_depth_image_transport.so[0m
[100.896s] [100%] Built target compressed_depth_image_transport
[100.938s] Invoked command in '/home/t-pi/TB3_RPI4_WS/build/compressed_depth_image_transport' returned '0': CMAKE_PREFIX_PATH=${CMAKE_PREFIX_PATH}:/opt/ros/humble /usr/bin/cmake --build /home/t-pi/TB3_RPI4_WS/build/compressed_depth_image_transport -- -j4 -l4
[101.140s] Invoking command in '/home/t-pi/TB3_RPI4_WS/build/compressed_depth_image_transport': CMAKE_PREFIX_PATH=${CMAKE_PREFIX_PATH}:/opt/ros/humble /usr/bin/cmake --install /home/t-pi/TB3_RPI4_WS/build/compressed_depth_image_transport
[101.173s] -- Install configuration: ""
[101.174s] -- Installing: /home/t-pi/TB3_RPI4_WS/install/compressed_depth_image_transport/lib/libcompressed_depth_image_transport.so
[101.231s] -- Set runtime path of "/home/t-pi/TB3_RPI4_WS/install/compressed_depth_image_transport/lib/libcompressed_depth_image_transport.so" to ""
[101.232s] -- Installing: /home/t-pi/TB3_RPI4_WS/install/compressed_depth_image_transport/include
[101.232s] -- Installing: /home/t-pi/TB3_RPI4_WS/install/compressed_depth_image_transport/include/compressed_depth_image_transport
[101.233s] -- Installing: /home/t-pi/TB3_RPI4_WS/install/compressed_depth_image_transport/include/compressed_depth_image_transport/compression_common.h
[101.235s] -- Installing: /home/t-pi/TB3_RPI4_WS/install/compressed_depth_image_transport/include/compressed_depth_image_transport/codec.h
[101.236s] -- Installing: /home/t-pi/TB3_RPI4_WS/install/compressed_depth_image_transport/include/compressed_depth_image_transport/compressed_depth_subscriber.h
[101.238s] -- Installing: /home/t-pi/TB3_RPI4_WS/install/compressed_depth_image_transport/include/compressed_depth_image_transport/compressed_depth_publisher.h
[101.240s] -- Installing: /home/t-pi/TB3_RPI4_WS/install/compressed_depth_image_transport/share/compressed_depth_image_transport/compressed_depth_plugins.xml
[101.243s] -- Installing: /home/t-pi/TB3_RPI4_WS/install/compressed_depth_image_transport/share/ament_index/resource_index/package_run_dependencies/compressed_depth_image_transport
[101.246s] -- Installing: /home/t-pi/TB3_RPI4_WS/install/compressed_depth_image_transport/share/ament_index/resource_index/parent_prefix_path/compressed_depth_image_transport
[101.249s] -- Installing: /home/t-pi/TB3_RPI4_WS/install/compressed_depth_image_transport/share/compressed_depth_image_transport/environment/ament_prefix_path.sh
[101.251s] -- Installing: /home/t-pi/TB3_RPI4_WS/install/compressed_depth_image_transport/share/compressed_depth_image_transport/environment/ament_prefix_path.dsv
[101.254s] -- Installing: /home/t-pi/TB3_RPI4_WS/install/compressed_depth_image_transport/share/compressed_depth_image_transport/environment/path.sh
[101.256s] -- Installing: /home/t-pi/TB3_RPI4_WS/install/compressed_depth_image_transport/share/compressed_depth_image_transport/environment/path.dsv
[101.258s] -- Installing: /home/t-pi/TB3_RPI4_WS/install/compressed_depth_image_transport/share/compressed_depth_image_transport/local_setup.bash
[101.261s] -- Installing: /home/t-pi/TB3_RPI4_WS/install/compressed_depth_image_transport/share/compressed_depth_image_transport/local_setup.sh
[101.263s] -- Installing: /home/t-pi/TB3_RPI4_WS/install/compressed_depth_image_transport/share/compressed_depth_image_transport/local_setup.zsh
[101.265s] -- Installing: /home/t-pi/TB3_RPI4_WS/install/compressed_depth_image_transport/share/compressed_depth_image_transport/local_setup.dsv
[101.267s] -- Installing: /home/t-pi/TB3_RPI4_WS/install/compressed_depth_image_transport/share/compressed_depth_image_transport/package.dsv
[101.270s] -- Installing: /home/t-pi/TB3_RPI4_WS/install/compressed_depth_image_transport/share/ament_index/resource_index/packages/compressed_depth_image_transport
[101.272s] -- Installing: /home/t-pi/TB3_RPI4_WS/install/compressed_depth_image_transport/share/ament_index/resource_index/image_transport__pluginlib__plugin/compressed_depth_image_transport
[101.275s] -- Installing: /home/t-pi/TB3_RPI4_WS/install/compressed_depth_image_transport/share/compressed_depth_image_transport/cmake/compressed_depth_image_transportConfig.cmake
[101.277s] -- Installing: /home/t-pi/TB3_RPI4_WS/install/compressed_depth_image_transport/share/compressed_depth_image_transport/cmake/compressed_depth_image_transportConfig-version.cmake
[101.279s] -- Installing: /home/t-pi/TB3_RPI4_WS/install/compressed_depth_image_transport/share/compressed_depth_image_transport/package.xml
[101.289s] Invoked command in '/home/t-pi/TB3_RPI4_WS/build/compressed_depth_image_transport' returned '0': CMAKE_PREFIX_PATH=${CMAKE_PREFIX_PATH}:/opt/ros/humble /usr/bin/cmake --install /home/t-pi/TB3_RPI4_WS/build/compressed_depth_image_transport
