[0.182s] Invoking command in '/home/t-pi/TB3_RPI4_WS/build/theora_image_transport': CMAKE_PREFIX_PATH=/opt/ros/humble /usr/bin/cmake /home/t-pi/TB3_RPI4_WS/src/image_transport_plugins/theora_image_transport -DCMAKE_INSTALL_PREFIX=/home/t-pi/TB3_RPI4_WS/install/theora_image_transport
[1.533s] -- The C compiler identification is GNU 11.4.0
[2.440s] -- The CXX compiler identification is GNU 11.4.0
[2.498s] -- Detecting C compiler ABI info
[2.983s] -- Detecting C compiler ABI info - done
[3.016s] -- Check for working C compiler: /usr/bin/cc - skipped
[3.018s] -- Detecting C compile features
[3.024s] -- Detecting C compile features - done
[3.044s] -- Detecting CXX compiler ABI info
[3.537s] -- Detecting CXX compiler ABI info - done
[3.577s] -- Check for working CXX compiler: /usr/bin/c++ - skipped
[3.579s] -- Detecting CXX compile features
[3.582s] -- Detecting CXX compile features - done
[3.606s] -- Found ament_cmake: 1.3.5 (/opt/ros/humble/share/ament_cmake/cmake)
[4.977s] -- Found Python3: /usr/bin/python3.10 (found version "3.10.12") found components: Interpreter 
[5.886s] [31mCMake Error at CMakeLists.txt:15 (find_package):
[5.886s]   By not providing "Findimage_transport.cmake" in CMAKE_MODULE_PATH this
[5.887s]   project has asked CMake to find a package configuration file provided by
[5.888s]   "image_transport", but CMake did not find one.
[5.888s] 
[5.889s]   Could not find a package configuration file provided by "image_transport"
[5.890s]   with any of the following names:
[5.891s] 
[5.893s]     image_transportConfig.cmake
[5.893s]     image_transport-config.cmake
[5.894s] 
[5.895s]   Add the installation prefix of "image_transport" to CMAKE_PREFIX_PATH or
[5.895s]   set "image_transport_DIR" to a directory containing one of the above files.
[5.896s]   If "image_transport" provides a separate development package or SDK, be
[5.897s]   sure it has been installed.
[5.897s] 
[5.898s] [0m
[5.929s] -- Configuring incomplete, errors occurred!
[5.931s] See also "/home/t-pi/TB3_RPI4_WS/build/theora_image_transport/CMakeFiles/CMakeOutput.log".
[5.966s] Invoked command in '/home/t-pi/TB3_RPI4_WS/build/theora_image_transport' returned '1': CMAKE_PREFIX_PATH=/opt/ros/humble /usr/bin/cmake /home/t-pi/TB3_RPI4_WS/src/image_transport_plugins/theora_image_transport -DCMAKE_INSTALL_PREFIX=/home/t-pi/TB3_RPI4_WS/install/theora_image_transport
