[0.173s] Invoking command in '/home/t-pi/TB3_RPI4_WS/build/theora_image_transport': CMAKE_PREFIX_PATH=${CMAKE_PREFIX_PATH}:/opt/ros/humble /usr/bin/cmake --build /home/t-pi/TB3_RPI4_WS/build/theora_image_transport -- -j4 -l4
[0.837s] [35m[1mConsolidate compiler generated dependencies of target theora_image_transport__rosidl_generator_c[0m
[0.950s] [  2%] Built target theora_image_transport__cpp
[0.966s] [ 10%] Built target theora_image_transport__rosidl_generator_c
[0.971s] [ 10%] Built target ament_cmake_python_copy_theora_image_transport
[1.072s] [ 13%] [34m[1mGenerating C++ type support for eProsima Fast-RTPS[0m
[1.101s] [35m[1mConsolidate compiler generated dependencies of target theora_image_transport__rosidl_typesupport_cpp[0m
[1.106s] [35m[1mConsolidate compiler generated dependencies of target theora_image_transport__rosidl_typesupport_introspection_c[0m
[1.138s] [35m[1mConsolidate compiler generated dependencies of target theora_image_transport__rosidl_typesupport_c[0m
[1.210s] [ 21%] Built target theora_image_transport__rosidl_typesupport_introspection_c
[1.354s] [ 29%] Built target theora_image_transport__rosidl_typesupport_cpp
[1.497s] [ 37%] Built target theora_image_transport__rosidl_typesupport_c
[2.005s] [35m[1mConsolidate compiler generated dependencies of target theora_image_transport__rosidl_typesupport_introspection_cpp[0m
[2.006s] [ 40%] [32mBuilding CXX object CMakeFiles/theora_image_transport_component.dir/src/theora_publisher.cpp.o[0m
[2.187s] [ 48%] Built target theora_image_transport__rosidl_typesupport_introspection_cpp
[2.522s] [ 51%] [32mBuilding CXX object CMakeFiles/ogg_saver.dir/src/ogg_saver.cpp.o[0m
[5.480s] [ 54%] [32mBuilding CXX object CMakeFiles/theora_image_transport__rosidl_typesupport_fastrtps_cpp.dir/rosidl_typesupport_fastrtps_cpp/theora_image_transport/msg/detail/dds_fastrtps/packet__type_support.cpp.o[0m
[7.036s] running egg_info
[7.041s] writing theora_image_transport.egg-info/PKG-INFO
[7.043s] writing dependency_links to theora_image_transport.egg-info/dependency_links.txt
[7.045s] writing top-level names to theora_image_transport.egg-info/top_level.txt
[7.083s] reading manifest file 'theora_image_transport.egg-info/SOURCES.txt'
[7.093s] writing manifest file 'theora_image_transport.egg-info/SOURCES.txt'
[7.308s] [ 54%] Built target ament_cmake_python_build_theora_image_transport_egg
[7.426s] [ 56%] [32mBuilding CXX object CMakeFiles/theora_image_transport_component.dir/src/theora_subscriber.cpp.o[0m
[13.050s] [ 59%] [32m[1mLinking CXX shared library libtheora_image_transport__rosidl_typesupport_fastrtps_cpp.so[0m
[14.709s] [ 59%] Built target theora_image_transport__rosidl_typesupport_fastrtps_cpp
[14.821s] [ 62%] [34m[1mGenerating C type support for eProsima Fast-RTPS[0m
[23.079s] [ 64%] [32mBuilding CXX object CMakeFiles/theora_image_transport__rosidl_typesupport_fastrtps_c.dir/rosidl_typesupport_fastrtps_c/theora_image_transport/msg/detail/packet__type_support_c.cpp.o[0m
[31.622s] [ 67%] [32m[1mLinking CXX shared library libtheora_image_transport__rosidl_typesupport_fastrtps_c.so[0m
[33.401s] [ 67%] Built target theora_image_transport__rosidl_typesupport_fastrtps_c
