[0.108s] Invoking command in '/home/t-pi/TB3_RPI4_WS/build/turtlebot3_description': CMAKE_PREFIX_PATH=${CMAKE_PREFIX_PATH}:/home/t-pi/turtlebot3_ws/install/turtlebot3_teleop:/home/t-pi/turtlebot3_ws/install/turtlebot3_example:/home/t-pi/turtlebot3_ws/install/rpi_temprature:/home/t-pi/turtlebot3_ws/install/RPI_temprature:/opt/ros/humble /usr/bin/cmake /home/t-pi/TB3_RPI4_WS/src/turtlebot3/turtlebot3_description -DCMAKE_INSTALL_PREFIX=/home/t-pi/TB3_RPI4_WS/install/turtlebot3_description
[1.552s] -- The C compiler identification is GNU 11.3.0
[2.348s] -- The CXX compiler identification is GNU 11.3.0
[2.405s] -- Detecting C compiler ABI info
[2.902s] -- Detecting C compiler ABI info - done
[2.933s] -- Check for working C compiler: /usr/bin/cc - skipped
[2.939s] -- Detecting C compile features
[2.941s] -- Detecting C compile features - done
[2.961s] -- Detecting CXX compiler ABI info
[3.462s] -- Detecting CXX compiler ABI info - done
[3.493s] -- Check for working CXX compiler: /usr/bin/c++ - skipped
[3.494s] -- Detecting CXX compile features
[3.497s] -- Detecting CXX compile features - done
[3.636s] -- Found ament_cmake: 1.3.5 (/opt/ros/humble/share/ament_cmake/cmake)
[5.064s] -- Found Python3: /usr/bin/python3.10 (found version "3.10.6") found components: Interpreter 
[6.020s] -- Found urdf: 2.6.0 (/opt/ros/humble/share/urdf/cmake)
[7.115s] -- Configuring done
[7.141s] -- Generating done
[7.145s] -- Build files have been written to: /home/t-pi/TB3_RPI4_WS/build/turtlebot3_description
[7.167s] Invoked command in '/home/t-pi/TB3_RPI4_WS/build/turtlebot3_description' returned '0': CMAKE_PREFIX_PATH=${CMAKE_PREFIX_PATH}:/home/t-pi/turtlebot3_ws/install/turtlebot3_teleop:/home/t-pi/turtlebot3_ws/install/turtlebot3_example:/home/t-pi/turtlebot3_ws/install/rpi_temprature:/home/t-pi/turtlebot3_ws/install/RPI_temprature:/opt/ros/humble /usr/bin/cmake /home/t-pi/TB3_RPI4_WS/src/turtlebot3/turtlebot3_description -DCMAKE_INSTALL_PREFIX=/home/t-pi/TB3_RPI4_WS/install/turtlebot3_description
[7.178s] Invoking command in '/home/t-pi/TB3_RPI4_WS/build/turtlebot3_description': CMAKE_PREFIX_PATH=${CMAKE_PREFIX_PATH}:/home/t-pi/turtlebot3_ws/install/turtlebot3_teleop:/home/t-pi/turtlebot3_ws/install/turtlebot3_example:/home/t-pi/turtlebot3_ws/install/rpi_temprature:/home/t-pi/turtlebot3_ws/install/RPI_temprature:/opt/ros/humble /usr/bin/cmake --build /home/t-pi/TB3_RPI4_WS/build/turtlebot3_description -- -j4 -l4
[7.347s] Invoked command in '/home/t-pi/TB3_RPI4_WS/build/turtlebot3_description' returned '0': CMAKE_PREFIX_PATH=${CMAKE_PREFIX_PATH}:/home/t-pi/turtlebot3_ws/install/turtlebot3_teleop:/home/t-pi/turtlebot3_ws/install/turtlebot3_example:/home/t-pi/turtlebot3_ws/install/rpi_temprature:/home/t-pi/turtlebot3_ws/install/RPI_temprature:/opt/ros/humble /usr/bin/cmake --build /home/t-pi/TB3_RPI4_WS/build/turtlebot3_description -- -j4 -l4
[7.529s] Invoking command in '/home/t-pi/TB3_RPI4_WS/build/turtlebot3_description': CMAKE_PREFIX_PATH=${CMAKE_PREFIX_PATH}:/home/t-pi/turtlebot3_ws/install/turtlebot3_teleop:/home/t-pi/turtlebot3_ws/install/turtlebot3_example:/home/t-pi/turtlebot3_ws/install/rpi_temprature:/home/t-pi/turtlebot3_ws/install/RPI_temprature:/opt/ros/humble /usr/bin/cmake --install /home/t-pi/TB3_RPI4_WS/build/turtlebot3_description
[7.558s] -- Install configuration: ""
[7.558s] -- Installing: /home/t-pi/TB3_RPI4_WS/install/turtlebot3_description/share/turtlebot3_description/meshes
[7.759s] -- Installing: /home/t-pi/TB3_RPI4_WS/install/turtlebot3_description/share/turtlebot3_description/meshes/sensors
[7.762s] -- Installing: /home/t-pi/TB3_RPI4_WS/install/turtlebot3_description/share/turtlebot3_description/meshes/sensors/astra.dae
[8.009s] -- Installing: /home/t-pi/TB3_RPI4_WS/install/turtlebot3_description/share/turtlebot3_description/meshes/sensors/r200.dae
[8.020s] -- Installing: /home/t-pi/TB3_RPI4_WS/install/turtlebot3_description/share/turtlebot3_description/meshes/sensors/astra.jpg
[8.026s] -- Installing: /home/t-pi/TB3_RPI4_WS/install/turtlebot3_description/share/turtlebot3_description/meshes/sensors/r200.jpg
[8.029s] -- Installing: /home/t-pi/TB3_RPI4_WS/install/turtlebot3_description/share/turtlebot3_description/meshes/sensors/lds.stl
[8.051s] -- Installing: /home/t-pi/TB3_RPI4_WS/install/turtlebot3_description/share/turtlebot3_description/meshes/bases
[8.053s] -- Installing: /home/t-pi/TB3_RPI4_WS/install/turtlebot3_description/share/turtlebot3_description/meshes/bases/burger_base.stl
[8.186s] -- Installing: /home/t-pi/TB3_RPI4_WS/install/turtlebot3_description/share/turtlebot3_description/meshes/bases/waffle_pi_base.stl
[8.389s] -- Installing: /home/t-pi/TB3_RPI4_WS/install/turtlebot3_description/share/turtlebot3_description/meshes/bases/waffle_base.stl
[8.846s] -- Installing: /home/t-pi/TB3_RPI4_WS/install/turtlebot3_description/share/turtlebot3_description/meshes/wheels
[8.847s] -- Installing: /home/t-pi/TB3_RPI4_WS/install/turtlebot3_description/share/turtlebot3_description/meshes/wheels/right_tire.stl
[8.877s] -- Installing: /home/t-pi/TB3_RPI4_WS/install/turtlebot3_description/share/turtlebot3_description/meshes/wheels/left_tire.stl
[8.906s] -- Installing: /home/t-pi/TB3_RPI4_WS/install/turtlebot3_description/share/turtlebot3_description/rviz
[8.907s] -- Installing: /home/t-pi/TB3_RPI4_WS/install/turtlebot3_description/share/turtlebot3_description/rviz/model.rviz
[8.909s] -- Installing: /home/t-pi/TB3_RPI4_WS/install/turtlebot3_description/share/turtlebot3_description/urdf
[8.911s] -- Installing: /home/t-pi/TB3_RPI4_WS/install/turtlebot3_description/share/turtlebot3_description/urdf/turtlebot3_waffle_pi.urdf
[8.913s] -- Installing: /home/t-pi/TB3_RPI4_WS/install/turtlebot3_description/share/turtlebot3_description/urdf/turtlebot3_waffle.urdf
[8.915s] -- Installing: /home/t-pi/TB3_RPI4_WS/install/turtlebot3_description/share/turtlebot3_description/urdf/common_properties.urdf
[8.917s] -- Installing: /home/t-pi/TB3_RPI4_WS/install/turtlebot3_description/share/turtlebot3_description/urdf/turtlebot3_burger.urdf
[8.920s] -- Installing: /home/t-pi/TB3_RPI4_WS/install/turtlebot3_description/share/ament_index/resource_index/package_run_dependencies/turtlebot3_description
[8.921s] -- Installing: /home/t-pi/TB3_RPI4_WS/install/turtlebot3_description/share/ament_index/resource_index/parent_prefix_path/turtlebot3_description
[8.923s] -- Installing: /home/t-pi/TB3_RPI4_WS/install/turtlebot3_description/share/turtlebot3_description/environment/ament_prefix_path.sh
[8.925s] -- Installing: /home/t-pi/TB3_RPI4_WS/install/turtlebot3_description/share/turtlebot3_description/environment/ament_prefix_path.dsv
[8.926s] -- Installing: /home/t-pi/TB3_RPI4_WS/install/turtlebot3_description/share/turtlebot3_description/environment/path.sh
[8.927s] -- Installing: /home/t-pi/TB3_RPI4_WS/install/turtlebot3_description/share/turtlebot3_description/environment/path.dsv
[8.929s] -- Installing: /home/t-pi/TB3_RPI4_WS/install/turtlebot3_description/share/turtlebot3_description/local_setup.bash
[8.930s] -- Installing: /home/t-pi/TB3_RPI4_WS/install/turtlebot3_description/share/turtlebot3_description/local_setup.sh
[8.932s] -- Installing: /home/t-pi/TB3_RPI4_WS/install/turtlebot3_description/share/turtlebot3_description/local_setup.zsh
[8.933s] -- Installing: /home/t-pi/TB3_RPI4_WS/install/turtlebot3_description/share/turtlebot3_description/local_setup.dsv
[8.934s] -- Installing: /home/t-pi/TB3_RPI4_WS/install/turtlebot3_description/share/turtlebot3_description/package.dsv
[8.936s] -- Installing: /home/t-pi/TB3_RPI4_WS/install/turtlebot3_description/share/ament_index/resource_index/packages/turtlebot3_description
[8.937s] -- Installing: /home/t-pi/TB3_RPI4_WS/install/turtlebot3_description/share/turtlebot3_description/cmake/turtlebot3_descriptionConfig.cmake
[8.939s] -- Installing: /home/t-pi/TB3_RPI4_WS/install/turtlebot3_description/share/turtlebot3_description/cmake/turtlebot3_descriptionConfig-version.cmake
[8.940s] -- Installing: /home/t-pi/TB3_RPI4_WS/install/turtlebot3_description/share/turtlebot3_description/package.xml
[8.949s] Invoked command in '/home/t-pi/TB3_RPI4_WS/build/turtlebot3_description' returned '0': CMAKE_PREFIX_PATH=${CMAKE_PREFIX_PATH}:/home/t-pi/turtlebot3_ws/install/turtlebot3_teleop:/home/t-pi/turtlebot3_ws/install/turtlebot3_example:/home/t-pi/turtlebot3_ws/install/rpi_temprature:/home/t-pi/turtlebot3_ws/install/RPI_temprature:/opt/ros/humble /usr/bin/cmake --install /home/t-pi/TB3_RPI4_WS/build/turtlebot3_description
