[0.098s] Invoking command in '/home/t-pi/TB3_RPI4_WS/build/turtlebot3_node': CMAKE_PREFIX_PATH=/opt/ros/humble /usr/bin/cmake /home/t-pi/TB3_RPI4_WS/src/turtlebot3/turtlebot3_node -DCMAKE_INSTALL_PREFIX=/home/t-pi/TB3_RPI4_WS/install/turtlebot3_node
[0.368s] -- The C compiler identification is GNU 11.4.0
[0.639s] -- The CXX compiler identification is GNU 11.4.0
[0.674s] -- Detecting C compiler ABI info
[1.002s] -- Detecting C compiler ABI info - done
[1.032s] -- Check for working C compiler: /usr/bin/cc - skipped
[1.033s] -- Detecting C compile features
[1.035s] -- Detecting C compile features - done
[1.048s] -- Detecting CXX compiler ABI info
[1.412s] -- Detecting CXX compiler ABI info - done
[1.443s] -- Check for working CXX compiler: /usr/bin/c++ - skipped
[1.444s] -- Detecting CXX compile features
[1.446s] -- Detecting CXX compile features - done
[1.469s] -- Found ament_cmake: 1.3.5 (/opt/ros/humble/share/ament_cmake/cmake)
[2.306s] -- Found Python3: /usr/bin/python3.10 (found version "3.10.12") found components: Interpreter 
[6.990s] [31mCMake Error at CMakeLists.txt:19 (find_package):
[6.990s]   By not providing "Finddynamixel_sdk.cmake" in CMAKE_MODULE_PATH this
[6.991s]   project has asked CMake to find a package configuration file provided by
[6.991s]   "dynamixel_sdk", but CMake did not find one.
[6.992s] 
[6.992s]   Could not find a package configuration file provided by "dynamixel_sdk"
[6.992s]   with any of the following names:
[6.993s] 
[6.994s]     dynamixel_sdkConfig.cmake
[6.994s]     dynamixel_sdk-config.cmake
[6.995s] 
[6.996s]   Add the installation prefix of "dynamixel_sdk" to CMAKE_PREFIX_PATH or set
[6.997s]   "dynamixel_sdk_DIR" to a directory containing one of the above files.  If
[6.998s]   "dynamixel_sdk" provides a separate development package or SDK, be sure it
[6.998s]   has been installed.
[6.999s] 
[6.999s] [0m
[7.000s] -- Configuring incomplete, errors occurred!
[7.001s] See also "/home/t-pi/TB3_RPI4_WS/build/turtlebot3_node/CMakeFiles/CMakeOutput.log".
[7.006s] Invoked command in '/home/t-pi/TB3_RPI4_WS/build/turtlebot3_node' returned '1': CMAKE_PREFIX_PATH=/opt/ros/humble /usr/bin/cmake /home/t-pi/TB3_RPI4_WS/src/turtlebot3/turtlebot3_node -DCMAKE_INSTALL_PREFIX=/home/t-pi/TB3_RPI4_WS/install/turtlebot3_node
