[4.853s] Invoking command in '/home/t-pi/TB3_RPI4_WS/src/rpi_temprature': PYTHONPATH=/home/t-pi/TB3_RPI4_WS/build/rpi_temprature/prefix_override:/home/t-pi/TB3_RPI4_WS/install/rpi_temprature/lib/python3.10/site-packages:${PYTHONPATH} /usr/bin/python3 setup.py egg_info --egg-base ../../build/rpi_temprature build --build-base /home/t-pi/TB3_RPI4_WS/build/rpi_temprature/build install --record /home/t-pi/TB3_RPI4_WS/build/rpi_temprature/install.log --single-version-externally-managed
[6.606s] running egg_info
[6.607s] creating ../../build/rpi_temprature/rpi_temprature.egg-info
[6.608s] writing ../../build/rpi_temprature/rpi_temprature.egg-info/PKG-INFO
[6.609s] writing dependency_links to ../../build/rpi_temprature/rpi_temprature.egg-info/dependency_links.txt
[6.611s] writing entry points to ../../build/rpi_temprature/rpi_temprature.egg-info/entry_points.txt
[6.614s] writing requirements to ../../build/rpi_temprature/rpi_temprature.egg-info/requires.txt
[6.616s] writing top-level names to ../../build/rpi_temprature/rpi_temprature.egg-info/top_level.txt
[6.618s] writing manifest file '../../build/rpi_temprature/rpi_temprature.egg-info/SOURCES.txt'
[6.647s] reading manifest file '../../build/rpi_temprature/rpi_temprature.egg-info/SOURCES.txt'
[6.655s] writing manifest file '../../build/rpi_temprature/rpi_temprature.egg-info/SOURCES.txt'
[6.667s] running build
[6.668s] running build_py
[6.671s] creating /home/t-pi/TB3_RPI4_WS/build/rpi_temprature/build
[6.673s] creating /home/t-pi/TB3_RPI4_WS/build/rpi_temprature/build/lib
[6.675s] creating /home/t-pi/TB3_RPI4_WS/build/rpi_temprature/build/lib/rpi_temprature
[6.677s] copying rpi_temprature/__init__.py -> /home/t-pi/TB3_RPI4_WS/build/rpi_temprature/build/lib/rpi_temprature
[6.679s] copying rpi_temprature/rpi_get_temprature.py -> /home/t-pi/TB3_RPI4_WS/build/rpi_temprature/build/lib/rpi_temprature
[6.691s] running install
[6.694s] /usr/lib/python3/dist-packages/setuptools/command/install.py:34: SetuptoolsDeprecationWarning: setup.py install is deprecated. Use build and pip and other standards-based tools.
[6.695s]   warnings.warn(
[6.695s] running install_lib
[6.700s] creating /home/t-pi/TB3_RPI4_WS/install/rpi_temprature/lib/python3.10/site-packages/rpi_temprature
[6.702s] copying /home/t-pi/TB3_RPI4_WS/build/rpi_temprature/build/lib/rpi_temprature/__init__.py -> /home/t-pi/TB3_RPI4_WS/install/rpi_temprature/lib/python3.10/site-packages/rpi_temprature
[6.703s] copying /home/t-pi/TB3_RPI4_WS/build/rpi_temprature/build/lib/rpi_temprature/rpi_get_temprature.py -> /home/t-pi/TB3_RPI4_WS/install/rpi_temprature/lib/python3.10/site-packages/rpi_temprature
[6.720s] byte-compiling /home/t-pi/TB3_RPI4_WS/install/rpi_temprature/lib/python3.10/site-packages/rpi_temprature/__init__.py to __init__.cpython-310.pyc
[6.722s] byte-compiling /home/t-pi/TB3_RPI4_WS/install/rpi_temprature/lib/python3.10/site-packages/rpi_temprature/rpi_get_temprature.py to rpi_get_temprature.cpython-310.pyc
[6.725s] running install_data
[6.728s] creating /home/t-pi/TB3_RPI4_WS/install/rpi_temprature/share/ament_index
[6.738s] creating /home/t-pi/TB3_RPI4_WS/install/rpi_temprature/share/ament_index/resource_index
[6.739s] creating /home/t-pi/TB3_RPI4_WS/install/rpi_temprature/share/ament_index/resource_index/packages
[6.740s] copying resource/rpi_temprature -> /home/t-pi/TB3_RPI4_WS/install/rpi_temprature/share/ament_index/resource_index/packages
[6.741s] copying package.xml -> /home/t-pi/TB3_RPI4_WS/install/rpi_temprature/share/rpi_temprature
[6.742s] running install_egg_info
[6.751s] Copying ../../build/rpi_temprature/rpi_temprature.egg-info to /home/t-pi/TB3_RPI4_WS/install/rpi_temprature/lib/python3.10/site-packages/rpi_temprature-0.0.0-py3.10.egg-info
[6.790s] running install_scripts
[6.937s] Installing rpi_get_temprature script to /home/t-pi/TB3_RPI4_WS/install/rpi_temprature/lib/rpi_temprature
[6.939s] writing list of installed files to '/home/t-pi/TB3_RPI4_WS/build/rpi_temprature/install.log'
[7.109s] Invoked command in '/home/t-pi/TB3_RPI4_WS/src/rpi_temprature' returned '0': PYTHONPATH=/home/t-pi/TB3_RPI4_WS/build/rpi_temprature/prefix_override:/home/t-pi/TB3_RPI4_WS/install/rpi_temprature/lib/python3.10/site-packages:${PYTHONPATH} /usr/bin/python3 setup.py egg_info --egg-base ../../build/rpi_temprature build --build-base /home/t-pi/TB3_RPI4_WS/build/rpi_temprature/build install --record /home/t-pi/TB3_RPI4_WS/build/rpi_temprature/install.log --single-version-externally-managed
