[3.016s] Invoking command in '/home/t-pi/TB3_RPI4_WS/src/rpi_temprature': PYTHONPATH=/home/t-pi/TB3_RPI4_WS/build/rpi_temprature/prefix_override:/home/t-pi/TB3_RPI4_WS/install/rpi_temprature/lib/python3.10/site-packages:${PYTHONPATH} /usr/bin/python3 setup.py egg_info --egg-base ../../build/rpi_temprature build --build-base /home/t-pi/TB3_RPI4_WS/build/rpi_temprature/build install --record /home/t-pi/TB3_RPI4_WS/build/rpi_temprature/install.log --single-version-externally-managed
[4.187s] running egg_info
[4.190s] creating ../../build/rpi_temprature/rpi_temprature.egg-info
[4.190s] writing ../../build/rpi_temprature/rpi_temprature.egg-info/PKG-INFO
[4.192s] writing dependency_links to ../../build/rpi_temprature/rpi_temprature.egg-info/dependency_links.txt
[4.192s] writing entry points to ../../build/rpi_temprature/rpi_temprature.egg-info/entry_points.txt
[4.193s] writing requirements to ../../build/rpi_temprature/rpi_temprature.egg-info/requires.txt
[4.194s] writing top-level names to ../../build/rpi_temprature/rpi_temprature.egg-info/top_level.txt
[4.195s] writing manifest file '../../build/rpi_temprature/rpi_temprature.egg-info/SOURCES.txt'
[4.208s] reading manifest file '../../build/rpi_temprature/rpi_temprature.egg-info/SOURCES.txt'
[4.212s] writing manifest file '../../build/rpi_temprature/rpi_temprature.egg-info/SOURCES.txt'
[4.213s] running build
[4.214s] running build_py
[4.214s] creating /home/t-pi/TB3_RPI4_WS/build/rpi_temprature/build
[4.215s] creating /home/t-pi/TB3_RPI4_WS/build/rpi_temprature/build/lib
[4.215s] creating /home/t-pi/TB3_RPI4_WS/build/rpi_temprature/build/lib/rpi_temprature
[4.216s] copying rpi_temprature/__init__.py -> /home/t-pi/TB3_RPI4_WS/build/rpi_temprature/build/lib/rpi_temprature
[4.216s] copying rpi_temprature/rpi_get_temprature.py -> /home/t-pi/TB3_RPI4_WS/build/rpi_temprature/build/lib/rpi_temprature
[4.218s] running install
[4.219s] /usr/lib/python3/dist-packages/setuptools/command/install.py:34: SetuptoolsDeprecationWarning: setup.py install is deprecated. Use build and pip and other standards-based tools.
[4.219s]   warnings.warn(
[4.220s] running install_lib
[4.223s] creating /home/t-pi/TB3_RPI4_WS/install/rpi_temprature/lib/python3.10/site-packages/rpi_temprature
[4.224s] copying /home/t-pi/TB3_RPI4_WS/build/rpi_temprature/build/lib/rpi_temprature/__init__.py -> /home/t-pi/TB3_RPI4_WS/install/rpi_temprature/lib/python3.10/site-packages/rpi_temprature
[4.225s] copying /home/t-pi/TB3_RPI4_WS/build/rpi_temprature/build/lib/rpi_temprature/rpi_get_temprature.py -> /home/t-pi/TB3_RPI4_WS/install/rpi_temprature/lib/python3.10/site-packages/rpi_temprature
[4.228s] byte-compiling /home/t-pi/TB3_RPI4_WS/install/rpi_temprature/lib/python3.10/site-packages/rpi_temprature/__init__.py to __init__.cpython-310.pyc
[4.229s] byte-compiling /home/t-pi/TB3_RPI4_WS/install/rpi_temprature/lib/python3.10/site-packages/rpi_temprature/rpi_get_temprature.py to rpi_get_temprature.cpython-310.pyc
[4.232s] running install_data
[4.234s] creating /home/t-pi/TB3_RPI4_WS/install/rpi_temprature/share/ament_index
[4.235s] creating /home/t-pi/TB3_RPI4_WS/install/rpi_temprature/share/ament_index/resource_index
[4.235s] creating /home/t-pi/TB3_RPI4_WS/install/rpi_temprature/share/ament_index/resource_index/packages
[4.236s] copying resource/rpi_temprature -> /home/t-pi/TB3_RPI4_WS/install/rpi_temprature/share/ament_index/resource_index/packages
[4.236s] copying package.xml -> /home/t-pi/TB3_RPI4_WS/install/rpi_temprature/share/rpi_temprature
[4.239s] running install_egg_info
[4.247s] Copying ../../build/rpi_temprature/rpi_temprature.egg-info to /home/t-pi/TB3_RPI4_WS/install/rpi_temprature/lib/python3.10/site-packages/rpi_temprature-0.0.0-py3.10.egg-info
[4.254s] running install_scripts
[4.345s] Installing rpi_get_temprature script to /home/t-pi/TB3_RPI4_WS/install/rpi_temprature/lib/rpi_temprature
[4.347s] writing list of installed files to '/home/t-pi/TB3_RPI4_WS/build/rpi_temprature/install.log'
[4.474s] Invoked command in '/home/t-pi/TB3_RPI4_WS/src/rpi_temprature' returned '0': PYTHONPATH=/home/t-pi/TB3_RPI4_WS/build/rpi_temprature/prefix_override:/home/t-pi/TB3_RPI4_WS/install/rpi_temprature/lib/python3.10/site-packages:${PYTHONPATH} /usr/bin/python3 setup.py egg_info --egg-base ../../build/rpi_temprature build --build-base /home/t-pi/TB3_RPI4_WS/build/rpi_temprature/build install --record /home/t-pi/TB3_RPI4_WS/build/rpi_temprature/install.log --single-version-externally-managed
