[0.055s] Invoking command in '/home/t-pi/TB3_RPI4_WS/build/turtlebot3_node': CMAKE_PREFIX_PATH=${CMAKE_PREFIX_PATH}:/home/t-pi/turtlebot3_ws/install/turtlebot3_teleop:/home/t-pi/turtlebot3_ws/install/turtlebot3_example:/home/t-pi/turtlebot3_ws/install/rpi_temprature:/home/t-pi/turtlebot3_ws/install/RPI_temprature:/opt/ros/humble /usr/bin/cmake /home/t-pi/TB3_RPI4_WS/src/turtlebot3/turtlebot3_node -DCMAKE_INSTALL_PREFIX=/home/t-pi/TB3_RPI4_WS/install/turtlebot3_node
[0.368s] -- The C compiler identification is GNU 11.3.0
[0.661s] -- The CXX compiler identification is GNU 11.3.0
[0.693s] -- Detecting C compiler ABI info
[1.055s] -- Detecting C compiler ABI info - done
[1.089s] -- Check for working C compiler: /usr/bin/cc - skipped
[1.093s] -- Detecting C compile features
[1.096s] -- Detecting C compile features - done
[1.115s] -- Detecting CXX compiler ABI info
[1.583s] -- Detecting CXX compiler ABI info - done
[1.618s] -- Check for working CXX compiler: /usr/bin/c++ - skipped
[1.620s] -- Detecting CXX compile features
[1.624s] -- Detecting CXX compile features - done
[1.660s] -- Found ament_cmake: 1.3.5 (/opt/ros/humble/share/ament_cmake/cmake)
[2.796s] -- Found Python3: /usr/bin/python3.10 (found version "3.10.6") found components: Interpreter 
[3.506s] -- Found dynamixel_sdk: 3.7.60 (/opt/ros/humble/share/dynamixel_sdk/cmake)
[3.553s] -- Found geometry_msgs: 4.2.3 (/opt/ros/humble/share/geometry_msgs/cmake)
[3.931s] -- Found rosidl_generator_c: 3.1.4 (/opt/ros/humble/share/rosidl_generator_c/cmake)
[3.986s] -- Found rosidl_adapter: 3.1.4 (/opt/ros/humble/share/rosidl_adapter/cmake)
[4.057s] -- Found rosidl_generator_cpp: 3.1.4 (/opt/ros/humble/share/rosidl_generator_cpp/cmake)
[4.156s] -- Using all available rosidl_typesupport_c: rosidl_typesupport_fastrtps_c;rosidl_typesupport_introspection_c
[4.327s] -- Using all available rosidl_typesupport_cpp: rosidl_typesupport_fastrtps_cpp;rosidl_typesupport_introspection_cpp
[5.044s] -- Found message_filters: 4.3.3 (/opt/ros/humble/share/message_filters/cmake)
[5.546s] -- Found rmw_implementation_cmake: 6.1.1 (/opt/ros/humble/share/rmw_implementation_cmake/cmake)
[5.577s] -- Found rmw_fastrtps_cpp: 6.2.2 (/opt/ros/humble/share/rmw_fastrtps_cpp/cmake)
[6.345s] -- Found OpenSSL: /usr/lib/aarch64-linux-gnu/libcrypto.so (found version "3.0.2")  
[6.644s] -- Found FastRTPS: /opt/ros/humble/include  
[7.136s] -- Using RMW implementation 'rmw_fastrtps_cpp' as default
[7.232s] -- Looking for pthread.h
[7.726s] -- Looking for pthread.h - found
[7.732s] -- Performing Test CMAKE_HAVE_LIBC_PTHREAD
[8.158s] -- Performing Test CMAKE_HAVE_LIBC_PTHREAD - Success
[8.164s] -- Found Threads: TRUE  
[9.034s] -- Found nav_msgs: 4.2.3 (/opt/ros/humble/share/nav_msgs/cmake)
[9.554s] -- Found sensor_msgs: 4.2.3 (/opt/ros/humble/share/sensor_msgs/cmake)
[10.061s] -- Found std_srvs: 4.2.3 (/opt/ros/humble/share/std_srvs/cmake)
[10.260s] -- Found tf2: 0.25.2 (/opt/ros/humble/share/tf2/cmake)
[10.451s] -- Found tf2_ros: 0.25.2 (/opt/ros/humble/share/tf2_ros/cmake)
[12.702s] -- Found turtlebot3_msgs: 2.2.3 (/opt/ros/humble/share/turtlebot3_msgs/cmake)
[13.679s] -- Configuring done
[13.835s] -- Generating done
[13.849s] -- Build files have been written to: /home/t-pi/TB3_RPI4_WS/build/turtlebot3_node
[13.912s] Invoked command in '/home/t-pi/TB3_RPI4_WS/build/turtlebot3_node' returned '0': CMAKE_PREFIX_PATH=${CMAKE_PREFIX_PATH}:/home/t-pi/turtlebot3_ws/install/turtlebot3_teleop:/home/t-pi/turtlebot3_ws/install/turtlebot3_example:/home/t-pi/turtlebot3_ws/install/rpi_temprature:/home/t-pi/turtlebot3_ws/install/RPI_temprature:/opt/ros/humble /usr/bin/cmake /home/t-pi/TB3_RPI4_WS/src/turtlebot3/turtlebot3_node -DCMAKE_INSTALL_PREFIX=/home/t-pi/TB3_RPI4_WS/install/turtlebot3_node
[13.915s] Invoking command in '/home/t-pi/TB3_RPI4_WS/build/turtlebot3_node': CMAKE_PREFIX_PATH=${CMAKE_PREFIX_PATH}:/home/t-pi/turtlebot3_ws/install/turtlebot3_teleop:/home/t-pi/turtlebot3_ws/install/turtlebot3_example:/home/t-pi/turtlebot3_ws/install/rpi_temprature:/home/t-pi/turtlebot3_ws/install/RPI_temprature:/opt/ros/humble /usr/bin/cmake --build /home/t-pi/TB3_RPI4_WS/build/turtlebot3_node -- -j4 -l4
[14.206s] [  7%] [32mBuilding CXX object CMakeFiles/turtlebot3_node_lib.dir/src/devices/motor_power.cpp.o[0m
[38.133s] [ 14%] [32mBuilding CXX object CMakeFiles/turtlebot3_node_lib.dir/src/diff_drive_controller.cpp.o[0m
[58.285s] [ 21%] [32mBuilding CXX object CMakeFiles/turtlebot3_node_lib.dir/src/dynamixel_sdk_wrapper.cpp.o[0m
[63.062s] [ 28%] [32mBuilding CXX object CMakeFiles/turtlebot3_node_lib.dir/src/odometry.cpp.o[0m
[155.267s] [ 35%] [32mBuilding CXX object CMakeFiles/turtlebot3_node_lib.dir/src/turtlebot3.cpp.o[0m
[232.754s] [ 42%] [32mBuilding CXX object CMakeFiles/turtlebot3_node_lib.dir/src/sensors/battery_state.cpp.o[0m
[257.198s] [ 50%] [32mBuilding CXX object CMakeFiles/turtlebot3_node_lib.dir/src/sensors/imu.cpp.o[0m
[259.253s] [ 57%] [32mBuilding CXX object CMakeFiles/turtlebot3_node_lib.dir/src/sensors/joint_state.cpp.o[0m
[261.360s] [ 64%] [32mBuilding CXX object CMakeFiles/turtlebot3_node_lib.dir/src/devices/reset.cpp.o[0m
[286.700s] [ 71%] [32mBuilding CXX object CMakeFiles/turtlebot3_node_lib.dir/src/sensors/sensor_state.cpp.o[0m
[299.181s] [01m[K/home/t-pi/TB3_RPI4_WS/src/turtlebot3/turtlebot3_node/src/sensors/sensor_state.cpp:[m[K In function ‘[01m[Kfloat get_rpi_temp()[m[K’:
[299.182s] [01m[K/home/t-pi/TB3_RPI4_WS/src/turtlebot3/turtlebot3_node/src/sensors/sensor_state.cpp:32:31:[m[K [01;35m[Kwarning: [m[Kformat ‘[01m[K%lf[m[K’ expects argument of type ‘[01m[Kdouble*[m[K’, but argument 3 has type ‘[01m[Kfloat*[m[K’ [[01;35m[K]8;;https://gcc.gnu.org/onlinedocs/gcc/Warning-Options.html#index-Wformat=-Wformat=]8;;[m[K]
[299.182s]    32 |   fscanf (temperatureFile, "[01;35m[K%lf[m[K", [32m[K&T[m[K);
[299.183s]       |                             [01;35m[K~~^[m[K   [32m[K~~[m[K
[299.183s]       |                               [01;35m[K|[m[K   [32m[K|[m[K
[299.184s]       |                               [01;35m[K|[m[K   [32m[Kfloat*[m[K
[299.185s]       |                               [01;35m[Kdouble*[m[K
[299.185s]       |                             [32m[K%f[m[K
[307.574s] [ 78%] [32mBuilding CXX object CMakeFiles/turtlebot3_node_lib.dir/src/devices/sound.cpp.o[0m
[330.321s] [ 85%] [32m[1mLinking CXX static library libturtlebot3_node_lib.a[0m
[338.274s] [ 85%] Built target turtlebot3_node_lib
[338.372s] [ 92%] [32mBuilding CXX object CMakeFiles/turtlebot3_ros.dir/src/node_main.cpp.o[0m
[354.772s] [100%] [32m[1mLinking CXX executable turtlebot3_ros[0m
[363.103s] [100%] Built target turtlebot3_ros
[363.147s] Invoked command in '/home/t-pi/TB3_RPI4_WS/build/turtlebot3_node' returned '0': CMAKE_PREFIX_PATH=${CMAKE_PREFIX_PATH}:/home/t-pi/turtlebot3_ws/install/turtlebot3_teleop:/home/t-pi/turtlebot3_ws/install/turtlebot3_example:/home/t-pi/turtlebot3_ws/install/rpi_temprature:/home/t-pi/turtlebot3_ws/install/RPI_temprature:/opt/ros/humble /usr/bin/cmake --build /home/t-pi/TB3_RPI4_WS/build/turtlebot3_node -- -j4 -l4
[363.530s] Invoking command in '/home/t-pi/TB3_RPI4_WS/build/turtlebot3_node': CMAKE_PREFIX_PATH=${CMAKE_PREFIX_PATH}:/home/t-pi/turtlebot3_ws/install/turtlebot3_teleop:/home/t-pi/turtlebot3_ws/install/turtlebot3_example:/home/t-pi/turtlebot3_ws/install/rpi_temprature:/home/t-pi/turtlebot3_ws/install/RPI_temprature:/opt/ros/humble /usr/bin/cmake --install /home/t-pi/TB3_RPI4_WS/build/turtlebot3_node
[363.560s] -- Install configuration: ""
[363.560s] -- Installing: /home/t-pi/TB3_RPI4_WS/install/turtlebot3_node/share/turtlebot3_node/param
[363.564s] -- Installing: /home/t-pi/TB3_RPI4_WS/install/turtlebot3_node/share/turtlebot3_node/param/waffle_pi.yaml
[363.566s] -- Installing: /home/t-pi/TB3_RPI4_WS/install/turtlebot3_node/share/turtlebot3_node/param/waffle.yaml
[363.568s] -- Installing: /home/t-pi/TB3_RPI4_WS/install/turtlebot3_node/share/turtlebot3_node/param/burger.yaml
[363.570s] -- Installing: /home/t-pi/TB3_RPI4_WS/install/turtlebot3_node/lib/turtlebot3_node/turtlebot3_ros
[363.687s] -- Set runtime path of "/home/t-pi/TB3_RPI4_WS/install/turtlebot3_node/lib/turtlebot3_node/turtlebot3_ros" to ""
[363.688s] -- Installing: /home/t-pi/TB3_RPI4_WS/install/turtlebot3_node/share/ament_index/resource_index/package_run_dependencies/turtlebot3_node
[363.690s] -- Installing: /home/t-pi/TB3_RPI4_WS/install/turtlebot3_node/share/ament_index/resource_index/parent_prefix_path/turtlebot3_node
[363.692s] -- Installing: /home/t-pi/TB3_RPI4_WS/install/turtlebot3_node/share/turtlebot3_node/environment/ament_prefix_path.sh
[363.693s] -- Installing: /home/t-pi/TB3_RPI4_WS/install/turtlebot3_node/share/turtlebot3_node/environment/ament_prefix_path.dsv
[363.694s] -- Installing: /home/t-pi/TB3_RPI4_WS/install/turtlebot3_node/share/turtlebot3_node/environment/path.sh
[363.696s] -- Installing: /home/t-pi/TB3_RPI4_WS/install/turtlebot3_node/share/turtlebot3_node/environment/path.dsv
[363.697s] -- Installing: /home/t-pi/TB3_RPI4_WS/install/turtlebot3_node/share/turtlebot3_node/local_setup.bash
[363.698s] -- Installing: /home/t-pi/TB3_RPI4_WS/install/turtlebot3_node/share/turtlebot3_node/local_setup.sh
[363.699s] -- Installing: /home/t-pi/TB3_RPI4_WS/install/turtlebot3_node/share/turtlebot3_node/local_setup.zsh
[363.701s] -- Installing: /home/t-pi/TB3_RPI4_WS/install/turtlebot3_node/share/turtlebot3_node/local_setup.dsv
[363.702s] -- Installing: /home/t-pi/TB3_RPI4_WS/install/turtlebot3_node/share/turtlebot3_node/package.dsv
[363.703s] -- Installing: /home/t-pi/TB3_RPI4_WS/install/turtlebot3_node/share/ament_index/resource_index/packages/turtlebot3_node
[363.705s] -- Installing: /home/t-pi/TB3_RPI4_WS/install/turtlebot3_node/share/turtlebot3_node/cmake/ament_cmake_export_include_directories-extras.cmake
[363.706s] -- Installing: /home/t-pi/TB3_RPI4_WS/install/turtlebot3_node/share/turtlebot3_node/cmake/turtlebot3_nodeConfig.cmake
[363.707s] -- Installing: /home/t-pi/TB3_RPI4_WS/install/turtlebot3_node/share/turtlebot3_node/cmake/turtlebot3_nodeConfig-version.cmake
[363.709s] -- Installing: /home/t-pi/TB3_RPI4_WS/install/turtlebot3_node/share/turtlebot3_node/package.xml
[363.724s] Invoked command in '/home/t-pi/TB3_RPI4_WS/build/turtlebot3_node' returned '0': CMAKE_PREFIX_PATH=${CMAKE_PREFIX_PATH}:/home/t-pi/turtlebot3_ws/install/turtlebot3_teleop:/home/t-pi/turtlebot3_ws/install/turtlebot3_example:/home/t-pi/turtlebot3_ws/install/rpi_temprature:/home/t-pi/turtlebot3_ws/install/RPI_temprature:/opt/ros/humble /usr/bin/cmake --install /home/t-pi/TB3_RPI4_WS/build/turtlebot3_node
