[0.119s] Invoking command in '/home/t-pi/TB3_RPI4_WS/build/turtlebot3': AMENT_PREFIX_PATH=/home/t-pi/TB3_RPI4_WS/install/turtlebot3_bringup:/home/t-pi/TB3_RPI4_WS/install/turtlebot3_teleop:/home/t-pi/TB3_RPI4_WS/install/turtlebot3_example:/home/t-pi/TB3_RPI4_WS/install/turtlebot3_description:${AMENT_PREFIX_PATH} CMAKE_PREFIX_PATH=/home/t-pi/TB3_RPI4_WS/install/turtlebot3_bringup:/home/t-pi/TB3_RPI4_WS/install/turtlebot3_description:/opt/ros/humble PYTHONPATH=/home/t-pi/TB3_RPI4_WS/install/turtlebot3_teleop/lib/python3.10/site-packages:/home/t-pi/TB3_RPI4_WS/install/turtlebot3_example/lib/python3.10/site-packages:${PYTHONPATH} /usr/bin/cmake /home/t-pi/TB3_RPI4_WS/src/turtlebot3/turtlebot3 -DCMAKE_INSTALL_PREFIX=/home/t-pi/TB3_RPI4_WS/install/turtlebot3
[0.384s] -- The C compiler identification is GNU 11.4.0
[0.655s] -- The CXX compiler identification is GNU 11.4.0
[0.689s] -- Detecting C compiler ABI info
[1.017s] -- Detecting C compiler ABI info - done
[1.046s] -- Check for working C compiler: /usr/bin/cc - skipped
[1.047s] -- Detecting C compile features
[1.049s] -- Detecting C compile features - done
[1.062s] -- Detecting CXX compiler ABI info
[1.423s] -- Detecting CXX compiler ABI info - done
[1.454s] -- Check for working CXX compiler: /usr/bin/c++ - skipped
[1.455s] -- Detecting CXX compile features
[1.457s] -- Detecting CXX compile features - done
[1.482s] -- Found ament_cmake: 1.3.5 (/opt/ros/humble/share/ament_cmake/cmake)
[2.358s] -- Found Python3: /usr/bin/python3.10 (found version "3.10.12") found components: Interpreter 
[3.198s] -- Configuring done
[3.219s] -- Generating done
[3.224s] -- Build files have been written to: /home/t-pi/TB3_RPI4_WS/build/turtlebot3
[3.238s] Invoked command in '/home/t-pi/TB3_RPI4_WS/build/turtlebot3' returned '0': AMENT_PREFIX_PATH=/home/t-pi/TB3_RPI4_WS/install/turtlebot3_bringup:/home/t-pi/TB3_RPI4_WS/install/turtlebot3_teleop:/home/t-pi/TB3_RPI4_WS/install/turtlebot3_example:/home/t-pi/TB3_RPI4_WS/install/turtlebot3_description:${AMENT_PREFIX_PATH} CMAKE_PREFIX_PATH=/home/t-pi/TB3_RPI4_WS/install/turtlebot3_bringup:/home/t-pi/TB3_RPI4_WS/install/turtlebot3_description:/opt/ros/humble PYTHONPATH=/home/t-pi/TB3_RPI4_WS/install/turtlebot3_teleop/lib/python3.10/site-packages:/home/t-pi/TB3_RPI4_WS/install/turtlebot3_example/lib/python3.10/site-packages:${PYTHONPATH} /usr/bin/cmake /home/t-pi/TB3_RPI4_WS/src/turtlebot3/turtlebot3 -DCMAKE_INSTALL_PREFIX=/home/t-pi/TB3_RPI4_WS/install/turtlebot3
[3.249s] Invoking command in '/home/t-pi/TB3_RPI4_WS/build/turtlebot3': AMENT_PREFIX_PATH=/home/t-pi/TB3_RPI4_WS/install/turtlebot3_bringup:/home/t-pi/TB3_RPI4_WS/install/turtlebot3_teleop:/home/t-pi/TB3_RPI4_WS/install/turtlebot3_example:/home/t-pi/TB3_RPI4_WS/install/turtlebot3_description:${AMENT_PREFIX_PATH} CMAKE_PREFIX_PATH=/home/t-pi/TB3_RPI4_WS/install/turtlebot3_bringup:/home/t-pi/TB3_RPI4_WS/install/turtlebot3_description:/opt/ros/humble PYTHONPATH=/home/t-pi/TB3_RPI4_WS/install/turtlebot3_teleop/lib/python3.10/site-packages:/home/t-pi/TB3_RPI4_WS/install/turtlebot3_example/lib/python3.10/site-packages:${PYTHONPATH} /usr/bin/cmake --build /home/t-pi/TB3_RPI4_WS/build/turtlebot3 -- -j4 -l4
[3.398s] Invoked command in '/home/t-pi/TB3_RPI4_WS/build/turtlebot3' returned '0': AMENT_PREFIX_PATH=/home/t-pi/TB3_RPI4_WS/install/turtlebot3_bringup:/home/t-pi/TB3_RPI4_WS/install/turtlebot3_teleop:/home/t-pi/TB3_RPI4_WS/install/turtlebot3_example:/home/t-pi/TB3_RPI4_WS/install/turtlebot3_description:${AMENT_PREFIX_PATH} CMAKE_PREFIX_PATH=/home/t-pi/TB3_RPI4_WS/install/turtlebot3_bringup:/home/t-pi/TB3_RPI4_WS/install/turtlebot3_description:/opt/ros/humble PYTHONPATH=/home/t-pi/TB3_RPI4_WS/install/turtlebot3_teleop/lib/python3.10/site-packages:/home/t-pi/TB3_RPI4_WS/install/turtlebot3_example/lib/python3.10/site-packages:${PYTHONPATH} /usr/bin/cmake --build /home/t-pi/TB3_RPI4_WS/build/turtlebot3 -- -j4 -l4
[3.556s] Invoking command in '/home/t-pi/TB3_RPI4_WS/build/turtlebot3': AMENT_PREFIX_PATH=/home/t-pi/TB3_RPI4_WS/install/turtlebot3_bringup:/home/t-pi/TB3_RPI4_WS/install/turtlebot3_teleop:/home/t-pi/TB3_RPI4_WS/install/turtlebot3_example:/home/t-pi/TB3_RPI4_WS/install/turtlebot3_description:${AMENT_PREFIX_PATH} CMAKE_PREFIX_PATH=/home/t-pi/TB3_RPI4_WS/install/turtlebot3_bringup:/home/t-pi/TB3_RPI4_WS/install/turtlebot3_description:/opt/ros/humble PYTHONPATH=/home/t-pi/TB3_RPI4_WS/install/turtlebot3_teleop/lib/python3.10/site-packages:/home/t-pi/TB3_RPI4_WS/install/turtlebot3_example/lib/python3.10/site-packages:${PYTHONPATH} /usr/bin/cmake --install /home/t-pi/TB3_RPI4_WS/build/turtlebot3
[3.584s] -- Install configuration: ""
[3.585s] -- Installing: /home/t-pi/TB3_RPI4_WS/install/turtlebot3/share/ament_index/resource_index/package_run_dependencies/turtlebot3
[3.587s] -- Installing: /home/t-pi/TB3_RPI4_WS/install/turtlebot3/share/ament_index/resource_index/parent_prefix_path/turtlebot3
[3.589s] -- Installing: /home/t-pi/TB3_RPI4_WS/install/turtlebot3/share/turtlebot3/environment/ament_prefix_path.sh
[3.590s] -- Installing: /home/t-pi/TB3_RPI4_WS/install/turtlebot3/share/turtlebot3/environment/ament_prefix_path.dsv
[3.591s] -- Installing: /home/t-pi/TB3_RPI4_WS/install/turtlebot3/share/turtlebot3/environment/path.sh
[3.593s] -- Installing: /home/t-pi/TB3_RPI4_WS/install/turtlebot3/share/turtlebot3/environment/path.dsv
[3.594s] -- Installing: /home/t-pi/TB3_RPI4_WS/install/turtlebot3/share/turtlebot3/local_setup.bash
[3.595s] -- Installing: /home/t-pi/TB3_RPI4_WS/install/turtlebot3/share/turtlebot3/local_setup.sh
[3.596s] -- Installing: /home/t-pi/TB3_RPI4_WS/install/turtlebot3/share/turtlebot3/local_setup.zsh
[3.598s] -- Installing: /home/t-pi/TB3_RPI4_WS/install/turtlebot3/share/turtlebot3/local_setup.dsv
[3.599s] -- Installing: /home/t-pi/TB3_RPI4_WS/install/turtlebot3/share/turtlebot3/package.dsv
[3.600s] -- Installing: /home/t-pi/TB3_RPI4_WS/install/turtlebot3/share/ament_index/resource_index/packages/turtlebot3
[3.602s] -- Installing: /home/t-pi/TB3_RPI4_WS/install/turtlebot3/share/turtlebot3/cmake/turtlebot3Config.cmake
[3.603s] -- Installing: /home/t-pi/TB3_RPI4_WS/install/turtlebot3/share/turtlebot3/cmake/turtlebot3Config-version.cmake
[3.605s] -- Installing: /home/t-pi/TB3_RPI4_WS/install/turtlebot3/share/turtlebot3/package.xml
[3.616s] Invoked command in '/home/t-pi/TB3_RPI4_WS/build/turtlebot3' returned '0': AMENT_PREFIX_PATH=/home/t-pi/TB3_RPI4_WS/install/turtlebot3_bringup:/home/t-pi/TB3_RPI4_WS/install/turtlebot3_teleop:/home/t-pi/TB3_RPI4_WS/install/turtlebot3_example:/home/t-pi/TB3_RPI4_WS/install/turtlebot3_description:${AMENT_PREFIX_PATH} CMAKE_PREFIX_PATH=/home/t-pi/TB3_RPI4_WS/install/turtlebot3_bringup:/home/t-pi/TB3_RPI4_WS/install/turtlebot3_description:/opt/ros/humble PYTHONPATH=/home/t-pi/TB3_RPI4_WS/install/turtlebot3_teleop/lib/python3.10/site-packages:/home/t-pi/TB3_RPI4_WS/install/turtlebot3_example/lib/python3.10/site-packages:${PYTHONPATH} /usr/bin/cmake --install /home/t-pi/TB3_RPI4_WS/build/turtlebot3
