[0.100s] Invoking command in '/home/t-pi/TB3_RPI4_WS/build/usb_cam': AMENT_PREFIX_PATH=/home/t-pi/TB3_RPI4_WS/install/image_transport_plugins:/home/t-pi/TB3_RPI4_WS/install/theora_image_transport:/home/t-pi/TB3_RPI4_WS/install/compressed_image_transport:/home/t-pi/TB3_RPI4_WS/install/compressed_depth_image_transport:${AMENT_PREFIX_PATH} CMAKE_PREFIX_PATH=/home/t-pi/TB3_RPI4_WS/install/image_transport_plugins:/home/t-pi/TB3_RPI4_WS/install/theora_image_transport:/home/t-pi/TB3_RPI4_WS/install/compressed_image_transport:/home/t-pi/TB3_RPI4_WS/install/compressed_depth_image_transport:/home/t-pi/turtlebot3_ws/install/usb_cam:/home/t-pi/turtlebot3_ws/install/turtlebot3:/home/t-pi/turtlebot3_ws/install/turtlebot3_bringup:/home/t-pi/turtlebot3_ws/install/turtlebot3_node:/home/t-pi/turtlebot3_ws/install/turtlebot3_description:/home/t-pi/turtlebot3_ws/install/ros2_shared:/home/t-pi/turtlebot3_ws/install/ld08_driver:/home/t-pi/turtlebot3_ws/install/image_transport_plugins:/home/t-pi/turtlebot3_ws/install/cv_camera:/home/t-pi/turtlebot3_ws/install/turtlebot3_teleop:/home/t-pi/turtlebot3_ws/install/turtlebot3_example:/home/t-pi/turtlebot3_ws/install/rpi_temprature:/home/t-pi/turtlebot3_ws/install/RPI_temprature:/opt/ros/humble LD_LIBRARY_PATH=/home/t-pi/TB3_RPI4_WS/install/theora_image_transport/lib:/home/t-pi/TB3_RPI4_WS/install/compressed_image_transport/lib:/home/t-pi/TB3_RPI4_WS/install/compressed_depth_image_transport/lib:${LD_LIBRARY_PATH} PYTHONPATH=/home/t-pi/TB3_RPI4_WS/install/theora_image_transport/local/lib/python3.10/dist-packages:${PYTHONPATH} /usr/bin/cmake /home/t-pi/TB3_RPI4_WS/src/usb_cam -DCMAKE_INSTALL_PREFIX=/home/t-pi/TB3_RPI4_WS/install/usb_cam
[0.480s] -- The C compiler identification is GNU 11.3.0
[0.816s] -- The CXX compiler identification is GNU 11.3.0
[0.859s] -- Detecting C compiler ABI info
[1.321s] -- Detecting C compiler ABI info - done
[1.357s] -- Check for working C compiler: /usr/bin/cc - skipped
[1.361s] -- Detecting C compile features
[1.364s] -- Detecting C compile features - done
[1.384s] -- Detecting CXX compiler ABI info
[1.901s] -- Detecting CXX compiler ABI info - done
[1.939s] -- Check for working CXX compiler: /usr/bin/c++ - skipped
[1.942s] -- Detecting CXX compile features
[1.947s] -- Detecting CXX compile features - done
[1.991s] -- Found ament_cmake_auto: 1.3.5 (/opt/ros/humble/share/ament_cmake_auto/cmake)
[3.439s] -- Found Python3: /usr/bin/python3.10 (found version "3.10.6") found components: Interpreter 
[5.471s] -- Found rosidl_generator_c: 3.1.4 (/opt/ros/humble/share/rosidl_generator_c/cmake)
[5.551s] -- Found rosidl_adapter: 3.1.4 (/opt/ros/humble/share/rosidl_adapter/cmake)
[5.657s] -- Found rosidl_generator_cpp: 3.1.4 (/opt/ros/humble/share/rosidl_generator_cpp/cmake)
[5.981s] -- Using all available rosidl_typesupport_c: rosidl_typesupport_fastrtps_c;rosidl_typesupport_introspection_c
[6.193s] -- Using all available rosidl_typesupport_cpp: rosidl_typesupport_fastrtps_cpp;rosidl_typesupport_introspection_cpp
[8.178s] -- Found rmw_implementation_cmake: 6.1.1 (/opt/ros/humble/share/rmw_implementation_cmake/cmake)
[8.222s] -- Found rmw_fastrtps_cpp: 6.2.2 (/opt/ros/humble/share/rmw_fastrtps_cpp/cmake)
[9.130s] -- Found OpenSSL: /usr/lib/aarch64-linux-gnu/libcrypto.so (found version "3.0.2")  
[9.454s] -- Found FastRTPS: /opt/ros/humble/include  
[10.005s] -- Using RMW implementation 'rmw_fastrtps_cpp' as default
[10.143s] -- Looking for pthread.h
[11.963s] -- Looking for pthread.h - found
[11.966s] -- Performing Test CMAKE_HAVE_LIBC_PTHREAD
[13.098s] -- Performing Test CMAKE_HAVE_LIBC_PTHREAD - Success
[13.105s] -- Found Threads: TRUE  
[15.914s] -- Found OpenCV: /usr (found version "4.5.4") 
[15.938s] -- Found PkgConfig: /usr/bin/pkg-config (found version "0.29.2") 
[15.944s] -- Checking for module 'libavcodec'
[16.046s] --   Found libavcodec, version 58.134.100
[16.346s] -- Checking for module 'libavutil'
[16.437s] --   Found libavutil, version 56.70.100
[16.648s] -- Checking for module 'libswscale'
[16.749s] --   Found libswscale, version 5.9.100
[17.350s] -- Found ament_lint_auto: 0.12.6 (/opt/ros/humble/share/ament_lint_auto/cmake)
[17.842s] -- Found gtest sources under '/opt/ros/humble/src/gtest_vendor': C++ tests using 'Google Test' will be built
[17.915s] -- Added test 'copyright' to check source files copyright and LICENSE
[18.002s] -- Added test 'cppcheck' to perform static code analysis on C / C++ code
[18.005s] -- Configured cppcheck include dirs: /home/t-pi/TB3_RPI4_WS/src/usb_cam/include
[18.006s] -- Configured cppcheck exclude dirs and/or files: 
[18.076s] -- Added test 'cpplint' to check C / C++ code against the Google style
[18.078s] -- Configured cpplint exclude dirs and/or files: 
[18.095s] -- Added test 'flake8' to check Python code syntax and style conventions
[18.119s] -- Added test 'lint_cmake' to check CMake code style
[18.137s] -- Added test 'pep257' to check Python code against some of the docstring style conventions in PEP 257
[18.206s] -- Added test 'uncrustify' to check C / C++ code style
[18.207s] -- Configured uncrustify additional arguments: 
[18.225s] -- Added test 'xmllint' to check XML markup files
[18.255s] -- Configuring done
[18.567s] -- Generating done
[18.686s] -- Build files have been written to: /home/t-pi/TB3_RPI4_WS/build/usb_cam
[18.766s] Invoked command in '/home/t-pi/TB3_RPI4_WS/build/usb_cam' returned '0': AMENT_PREFIX_PATH=/home/t-pi/TB3_RPI4_WS/install/image_transport_plugins:/home/t-pi/TB3_RPI4_WS/install/theora_image_transport:/home/t-pi/TB3_RPI4_WS/install/compressed_image_transport:/home/t-pi/TB3_RPI4_WS/install/compressed_depth_image_transport:${AMENT_PREFIX_PATH} CMAKE_PREFIX_PATH=/home/t-pi/TB3_RPI4_WS/install/image_transport_plugins:/home/t-pi/TB3_RPI4_WS/install/theora_image_transport:/home/t-pi/TB3_RPI4_WS/install/compressed_image_transport:/home/t-pi/TB3_RPI4_WS/install/compressed_depth_image_transport:/home/t-pi/turtlebot3_ws/install/usb_cam:/home/t-pi/turtlebot3_ws/install/turtlebot3:/home/t-pi/turtlebot3_ws/install/turtlebot3_bringup:/home/t-pi/turtlebot3_ws/install/turtlebot3_node:/home/t-pi/turtlebot3_ws/install/turtlebot3_description:/home/t-pi/turtlebot3_ws/install/ros2_shared:/home/t-pi/turtlebot3_ws/install/ld08_driver:/home/t-pi/turtlebot3_ws/install/image_transport_plugins:/home/t-pi/turtlebot3_ws/install/cv_camera:/home/t-pi/turtlebot3_ws/install/turtlebot3_teleop:/home/t-pi/turtlebot3_ws/install/turtlebot3_example:/home/t-pi/turtlebot3_ws/install/rpi_temprature:/home/t-pi/turtlebot3_ws/install/RPI_temprature:/opt/ros/humble LD_LIBRARY_PATH=/home/t-pi/TB3_RPI4_WS/install/theora_image_transport/lib:/home/t-pi/TB3_RPI4_WS/install/compressed_image_transport/lib:/home/t-pi/TB3_RPI4_WS/install/compressed_depth_image_transport/lib:${LD_LIBRARY_PATH} PYTHONPATH=/home/t-pi/TB3_RPI4_WS/install/theora_image_transport/local/lib/python3.10/dist-packages:${PYTHONPATH} /usr/bin/cmake /home/t-pi/TB3_RPI4_WS/src/usb_cam -DCMAKE_INSTALL_PREFIX=/home/t-pi/TB3_RPI4_WS/install/usb_cam
[18.771s] Invoking command in '/home/t-pi/TB3_RPI4_WS/build/usb_cam': AMENT_PREFIX_PATH=/home/t-pi/TB3_RPI4_WS/install/image_transport_plugins:/home/t-pi/TB3_RPI4_WS/install/theora_image_transport:/home/t-pi/TB3_RPI4_WS/install/compressed_image_transport:/home/t-pi/TB3_RPI4_WS/install/compressed_depth_image_transport:${AMENT_PREFIX_PATH} CMAKE_PREFIX_PATH=/home/t-pi/TB3_RPI4_WS/install/image_transport_plugins:/home/t-pi/TB3_RPI4_WS/install/theora_image_transport:/home/t-pi/TB3_RPI4_WS/install/compressed_image_transport:/home/t-pi/TB3_RPI4_WS/install/compressed_depth_image_transport:/home/t-pi/turtlebot3_ws/install/usb_cam:/home/t-pi/turtlebot3_ws/install/turtlebot3:/home/t-pi/turtlebot3_ws/install/turtlebot3_bringup:/home/t-pi/turtlebot3_ws/install/turtlebot3_node:/home/t-pi/turtlebot3_ws/install/turtlebot3_description:/home/t-pi/turtlebot3_ws/install/ros2_shared:/home/t-pi/turtlebot3_ws/install/ld08_driver:/home/t-pi/turtlebot3_ws/install/image_transport_plugins:/home/t-pi/turtlebot3_ws/install/cv_camera:/home/t-pi/turtlebot3_ws/install/turtlebot3_teleop:/home/t-pi/turtlebot3_ws/install/turtlebot3_example:/home/t-pi/turtlebot3_ws/install/rpi_temprature:/home/t-pi/turtlebot3_ws/install/RPI_temprature:/opt/ros/humble LD_LIBRARY_PATH=/home/t-pi/TB3_RPI4_WS/install/theora_image_transport/lib:/home/t-pi/TB3_RPI4_WS/install/compressed_image_transport/lib:/home/t-pi/TB3_RPI4_WS/install/compressed_depth_image_transport/lib:${LD_LIBRARY_PATH} PYTHONPATH=/home/t-pi/TB3_RPI4_WS/install/theora_image_transport/local/lib/python3.10/dist-packages:${PYTHONPATH} /usr/bin/cmake --build /home/t-pi/TB3_RPI4_WS/build/usb_cam -- -j4 -l4
[19.073s] [  7%] [32mBuilding CXX object CMakeFiles/usb_cam.dir/src/usb_cam.cpp.o[0m
[43.343s] [ 14%] [32m[1mLinking CXX shared library libusb_cam.so[0m
[45.143s] [ 14%] Built target usb_cam
[45.257s] [ 21%] [32mBuilding CXX object gtest/CMakeFiles/gtest.dir/src/gtest-all.cc.o[0m
[45.260s] [ 28%] [32mBuilding CXX object gtest/CMakeFiles/gtest_main.dir/src/gtest_main.cc.o[0m
[50.291s] [ 35%] [32m[1mLinking CXX static library libgtest_main.a[0m
[50.724s] [ 35%] Built target gtest_main
[65.269s] [ 42%] [32m[1mLinking CXX static library libgtest.a[0m
[65.804s] [ 42%] Built target gtest
[65.944s] [ 50%] [32mBuilding CXX object CMakeFiles/usb_cam_node.dir/src/usb_cam_node.cpp.o[0m
[92.683s] [ 57%] [32m[1mLinking CXX shared library libusb_cam_node.so[0m
[94.164s] [ 57%] Built target usb_cam_node
[94.278s] [ 71%] [32mBuilding CXX object CMakeFiles/usb_cam_node_exe.dir/rclcpp_components/node_main_usb_cam_node_exe.cpp.o[0m
[94.279s] [ 78%] [32mBuilding CXX object CMakeFiles/test_usb_cam_utils.dir/test/test_usb_cam_utils.cpp.o[0m
[94.280s] [ 71%] [32mBuilding CXX object CMakeFiles/test_pixel_formats.dir/test/test_pixel_formats.cpp.o[0m
[103.925s] [ 85%] [32m[1mLinking CXX executable test_pixel_formats[0m
[105.163s] [ 92%] [32m[1mLinking CXX executable test_usb_cam_utils[0m
[105.606s] [ 92%] Built target test_pixel_formats
[106.677s] [ 92%] Built target test_usb_cam_utils
[113.826s] [100%] [32m[1mLinking CXX executable usb_cam_node_exe[0m
[114.488s] [100%] Built target usb_cam_node_exe
[114.628s] Invoked command in '/home/t-pi/TB3_RPI4_WS/build/usb_cam' returned '0': AMENT_PREFIX_PATH=/home/t-pi/TB3_RPI4_WS/install/image_transport_plugins:/home/t-pi/TB3_RPI4_WS/install/theora_image_transport:/home/t-pi/TB3_RPI4_WS/install/compressed_image_transport:/home/t-pi/TB3_RPI4_WS/install/compressed_depth_image_transport:${AMENT_PREFIX_PATH} CMAKE_PREFIX_PATH=/home/t-pi/TB3_RPI4_WS/install/image_transport_plugins:/home/t-pi/TB3_RPI4_WS/install/theora_image_transport:/home/t-pi/TB3_RPI4_WS/install/compressed_image_transport:/home/t-pi/TB3_RPI4_WS/install/compressed_depth_image_transport:/home/t-pi/turtlebot3_ws/install/usb_cam:/home/t-pi/turtlebot3_ws/install/turtlebot3:/home/t-pi/turtlebot3_ws/install/turtlebot3_bringup:/home/t-pi/turtlebot3_ws/install/turtlebot3_node:/home/t-pi/turtlebot3_ws/install/turtlebot3_description:/home/t-pi/turtlebot3_ws/install/ros2_shared:/home/t-pi/turtlebot3_ws/install/ld08_driver:/home/t-pi/turtlebot3_ws/install/image_transport_plugins:/home/t-pi/turtlebot3_ws/install/cv_camera:/home/t-pi/turtlebot3_ws/install/turtlebot3_teleop:/home/t-pi/turtlebot3_ws/install/turtlebot3_example:/home/t-pi/turtlebot3_ws/install/rpi_temprature:/home/t-pi/turtlebot3_ws/install/RPI_temprature:/opt/ros/humble LD_LIBRARY_PATH=/home/t-pi/TB3_RPI4_WS/install/theora_image_transport/lib:/home/t-pi/TB3_RPI4_WS/install/compressed_image_transport/lib:/home/t-pi/TB3_RPI4_WS/install/compressed_depth_image_transport/lib:${LD_LIBRARY_PATH} PYTHONPATH=/home/t-pi/TB3_RPI4_WS/install/theora_image_transport/local/lib/python3.10/dist-packages:${PYTHONPATH} /usr/bin/cmake --build /home/t-pi/TB3_RPI4_WS/build/usb_cam -- -j4 -l4
[114.868s] Invoking command in '/home/t-pi/TB3_RPI4_WS/build/usb_cam': AMENT_PREFIX_PATH=/home/t-pi/TB3_RPI4_WS/install/image_transport_plugins:/home/t-pi/TB3_RPI4_WS/install/theora_image_transport:/home/t-pi/TB3_RPI4_WS/install/compressed_image_transport:/home/t-pi/TB3_RPI4_WS/install/compressed_depth_image_transport:${AMENT_PREFIX_PATH} CMAKE_PREFIX_PATH=/home/t-pi/TB3_RPI4_WS/install/image_transport_plugins:/home/t-pi/TB3_RPI4_WS/install/theora_image_transport:/home/t-pi/TB3_RPI4_WS/install/compressed_image_transport:/home/t-pi/TB3_RPI4_WS/install/compressed_depth_image_transport:/home/t-pi/turtlebot3_ws/install/usb_cam:/home/t-pi/turtlebot3_ws/install/turtlebot3:/home/t-pi/turtlebot3_ws/install/turtlebot3_bringup:/home/t-pi/turtlebot3_ws/install/turtlebot3_node:/home/t-pi/turtlebot3_ws/install/turtlebot3_description:/home/t-pi/turtlebot3_ws/install/ros2_shared:/home/t-pi/turtlebot3_ws/install/ld08_driver:/home/t-pi/turtlebot3_ws/install/image_transport_plugins:/home/t-pi/turtlebot3_ws/install/cv_camera:/home/t-pi/turtlebot3_ws/install/turtlebot3_teleop:/home/t-pi/turtlebot3_ws/install/turtlebot3_example:/home/t-pi/turtlebot3_ws/install/rpi_temprature:/home/t-pi/turtlebot3_ws/install/RPI_temprature:/opt/ros/humble LD_LIBRARY_PATH=/home/t-pi/TB3_RPI4_WS/install/theora_image_transport/lib:/home/t-pi/TB3_RPI4_WS/install/compressed_image_transport/lib:/home/t-pi/TB3_RPI4_WS/install/compressed_depth_image_transport/lib:${LD_LIBRARY_PATH} PYTHONPATH=/home/t-pi/TB3_RPI4_WS/install/theora_image_transport/local/lib/python3.10/dist-packages:${PYTHONPATH} /usr/bin/cmake --install /home/t-pi/TB3_RPI4_WS/build/usb_cam
[114.909s] -- Install configuration: ""
[114.910s] -- Installing: /home/t-pi/TB3_RPI4_WS/install/usb_cam/share/usb_cam/environment/library_path.sh
[114.912s] -- Installing: /home/t-pi/TB3_RPI4_WS/install/usb_cam/share/usb_cam/environment/library_path.dsv
[114.914s] -- Installing: /home/t-pi/TB3_RPI4_WS/install/usb_cam/lib/usb_cam/usb_cam_node_exe
[114.919s] -- Set runtime path of "/home/t-pi/TB3_RPI4_WS/install/usb_cam/lib/usb_cam/usb_cam_node_exe" to ""
[114.919s] -- Installing: /home/t-pi/TB3_RPI4_WS/install/usb_cam/lib/usb_cam/show_image.py
[114.924s] -- Installing: /home/t-pi/TB3_RPI4_WS/install/usb_cam/lib/libusb_cam.so
[114.932s] -- Set runtime path of "/home/t-pi/TB3_RPI4_WS/install/usb_cam/lib/libusb_cam.so" to ""
[114.933s] -- Installing: /home/t-pi/TB3_RPI4_WS/install/usb_cam/lib/libusb_cam_node.so
[114.949s] -- Set runtime path of "/home/t-pi/TB3_RPI4_WS/install/usb_cam/lib/libusb_cam_node.so" to ""
[114.949s] -- Installing: /home/t-pi/TB3_RPI4_WS/install/usb_cam/include
[114.950s] -- Installing: /home/t-pi/TB3_RPI4_WS/install/usb_cam/include/usb_cam
[114.951s] -- Installing: /home/t-pi/TB3_RPI4_WS/install/usb_cam/include/usb_cam/constants.hpp
[114.952s] -- Installing: /home/t-pi/TB3_RPI4_WS/install/usb_cam/include/usb_cam/conversions.hpp
[114.953s] -- Installing: /home/t-pi/TB3_RPI4_WS/install/usb_cam/include/usb_cam/utils.hpp
[114.954s] -- Installing: /home/t-pi/TB3_RPI4_WS/install/usb_cam/include/usb_cam/usb_cam_node.hpp
[114.955s] -- Installing: /home/t-pi/TB3_RPI4_WS/install/usb_cam/include/usb_cam/formats
[114.956s] -- Installing: /home/t-pi/TB3_RPI4_WS/install/usb_cam/include/usb_cam/formats/uyvy.hpp
[114.957s] -- Installing: /home/t-pi/TB3_RPI4_WS/install/usb_cam/include/usb_cam/formats/mono.hpp
[114.958s] -- Installing: /home/t-pi/TB3_RPI4_WS/install/usb_cam/include/usb_cam/formats/pixel_format_base.hpp
[114.959s] -- Installing: /home/t-pi/TB3_RPI4_WS/install/usb_cam/include/usb_cam/formats/mjpeg.hpp
[114.961s] -- Installing: /home/t-pi/TB3_RPI4_WS/install/usb_cam/include/usb_cam/formats/rgb.hpp
[114.962s] -- Installing: /home/t-pi/TB3_RPI4_WS/install/usb_cam/include/usb_cam/formats/utils.hpp
[114.964s] -- Installing: /home/t-pi/TB3_RPI4_WS/install/usb_cam/include/usb_cam/formats/yuyv.hpp
[114.965s] -- Installing: /home/t-pi/TB3_RPI4_WS/install/usb_cam/include/usb_cam/formats/m420.hpp
[114.966s] -- Installing: /home/t-pi/TB3_RPI4_WS/install/usb_cam/include/usb_cam/usb_cam.hpp
[114.969s] -- Up-to-date: /home/t-pi/TB3_RPI4_WS/install/usb_cam/lib/libusb_cam.so
[114.972s] -- Up-to-date: /home/t-pi/TB3_RPI4_WS/install/usb_cam/lib/libusb_cam_node.so
[114.974s] -- Installing: /home/t-pi/TB3_RPI4_WS/install/usb_cam/share/usb_cam/launch
[114.975s] -- Installing: /home/t-pi/TB3_RPI4_WS/install/usb_cam/share/usb_cam/launch/demo_launch.py
[114.979s] -- Installing: /home/t-pi/TB3_RPI4_WS/install/usb_cam/share/usb_cam/config
[114.980s] -- Installing: /home/t-pi/TB3_RPI4_WS/install/usb_cam/share/usb_cam/config/params.yaml
[114.982s] -- Installing: /home/t-pi/TB3_RPI4_WS/install/usb_cam/share/usb_cam/config/camera_info.yaml
[114.985s] -- Installing: /home/t-pi/TB3_RPI4_WS/install/usb_cam/share/ament_index/resource_index/package_run_dependencies/usb_cam
[114.987s] -- Installing: /home/t-pi/TB3_RPI4_WS/install/usb_cam/share/ament_index/resource_index/parent_prefix_path/usb_cam
[114.989s] -- Installing: /home/t-pi/TB3_RPI4_WS/install/usb_cam/share/usb_cam/environment/ament_prefix_path.sh
[114.990s] -- Installing: /home/t-pi/TB3_RPI4_WS/install/usb_cam/share/usb_cam/environment/ament_prefix_path.dsv
[114.992s] -- Installing: /home/t-pi/TB3_RPI4_WS/install/usb_cam/share/usb_cam/environment/path.sh
[114.993s] -- Installing: /home/t-pi/TB3_RPI4_WS/install/usb_cam/share/usb_cam/environment/path.dsv
[114.995s] -- Installing: /home/t-pi/TB3_RPI4_WS/install/usb_cam/share/usb_cam/local_setup.bash
[114.996s] -- Installing: /home/t-pi/TB3_RPI4_WS/install/usb_cam/share/usb_cam/local_setup.sh
[114.997s] -- Installing: /home/t-pi/TB3_RPI4_WS/install/usb_cam/share/usb_cam/local_setup.zsh
[114.999s] -- Installing: /home/t-pi/TB3_RPI4_WS/install/usb_cam/share/usb_cam/local_setup.dsv
[115.001s] -- Installing: /home/t-pi/TB3_RPI4_WS/install/usb_cam/share/usb_cam/package.dsv
[115.003s] -- Installing: /home/t-pi/TB3_RPI4_WS/install/usb_cam/share/ament_index/resource_index/packages/usb_cam
[115.004s] -- Installing: /home/t-pi/TB3_RPI4_WS/install/usb_cam/share/ament_index/resource_index/rclcpp_components/usb_cam
[115.006s] -- Installing: /home/t-pi/TB3_RPI4_WS/install/usb_cam/share/usb_cam/cmake/ament_cmake_export_libraries-extras.cmake
[115.008s] -- Installing: /home/t-pi/TB3_RPI4_WS/install/usb_cam/share/usb_cam/cmake/ament_cmake_export_dependencies-extras.cmake
[115.009s] -- Installing: /home/t-pi/TB3_RPI4_WS/install/usb_cam/share/usb_cam/cmake/ament_cmake_export_include_directories-extras.cmake
[115.011s] -- Installing: /home/t-pi/TB3_RPI4_WS/install/usb_cam/share/usb_cam/cmake/usb_camConfig.cmake
[115.012s] -- Installing: /home/t-pi/TB3_RPI4_WS/install/usb_cam/share/usb_cam/cmake/usb_camConfig-version.cmake
[115.014s] -- Installing: /home/t-pi/TB3_RPI4_WS/install/usb_cam/share/usb_cam/package.xml
[115.032s] Invoked command in '/home/t-pi/TB3_RPI4_WS/build/usb_cam' returned '0': AMENT_PREFIX_PATH=/home/t-pi/TB3_RPI4_WS/install/image_transport_plugins:/home/t-pi/TB3_RPI4_WS/install/theora_image_transport:/home/t-pi/TB3_RPI4_WS/install/compressed_image_transport:/home/t-pi/TB3_RPI4_WS/install/compressed_depth_image_transport:${AMENT_PREFIX_PATH} CMAKE_PREFIX_PATH=/home/t-pi/TB3_RPI4_WS/install/image_transport_plugins:/home/t-pi/TB3_RPI4_WS/install/theora_image_transport:/home/t-pi/TB3_RPI4_WS/install/compressed_image_transport:/home/t-pi/TB3_RPI4_WS/install/compressed_depth_image_transport:/home/t-pi/turtlebot3_ws/install/usb_cam:/home/t-pi/turtlebot3_ws/install/turtlebot3:/home/t-pi/turtlebot3_ws/install/turtlebot3_bringup:/home/t-pi/turtlebot3_ws/install/turtlebot3_node:/home/t-pi/turtlebot3_ws/install/turtlebot3_description:/home/t-pi/turtlebot3_ws/install/ros2_shared:/home/t-pi/turtlebot3_ws/install/ld08_driver:/home/t-pi/turtlebot3_ws/install/image_transport_plugins:/home/t-pi/turtlebot3_ws/install/cv_camera:/home/t-pi/turtlebot3_ws/install/turtlebot3_teleop:/home/t-pi/turtlebot3_ws/install/turtlebot3_example:/home/t-pi/turtlebot3_ws/install/rpi_temprature:/home/t-pi/turtlebot3_ws/install/RPI_temprature:/opt/ros/humble LD_LIBRARY_PATH=/home/t-pi/TB3_RPI4_WS/install/theora_image_transport/lib:/home/t-pi/TB3_RPI4_WS/install/compressed_image_transport/lib:/home/t-pi/TB3_RPI4_WS/install/compressed_depth_image_transport/lib:${LD_LIBRARY_PATH} PYTHONPATH=/home/t-pi/TB3_RPI4_WS/install/theora_image_transport/local/lib/python3.10/dist-packages:${PYTHONPATH} /usr/bin/cmake --install /home/t-pi/TB3_RPI4_WS/build/usb_cam
