[0.065s] Invoking command in '/home/t-pi/turtlebot3_ws/src/turtlebot3/turtlebot3_node/build/turtlebot3_node': CMAKE_PREFIX_PATH=${CMAKE_PREFIX_PATH}:/home/t-pi/turtlebot3_ws/install/turtlebot3_teleop:/home/t-pi/turtlebot3_ws/install/turtlebot3_example:/opt/ros/humble /usr/bin/cmake /home/t-pi/turtlebot3_ws/src/turtlebot3/turtlebot3_node -DAMENT_CMAKE_SYMLINK_INSTALL=1 -DCMAKE_INSTALL_PREFIX=/home/t-pi/turtlebot3_ws/src/turtlebot3/turtlebot3_node/install/turtlebot3_node
[1.290s] -- The C compiler identification is GNU 11.3.0
[2.075s] -- The CXX compiler identification is GNU 11.3.0
[2.129s] -- Detecting C compiler ABI info
[2.549s] -- Detecting C compiler ABI info - done
[2.578s] -- Check for working C compiler: /usr/bin/cc - skipped
[2.582s] -- Detecting C compile features
[2.586s] -- Detecting C compile features - done
[2.605s] -- Detecting CXX compiler ABI info
[3.004s] -- Detecting CXX compiler ABI info - done
[3.035s] -- Check for working CXX compiler: /usr/bin/c++ - skipped
[3.036s] -- Detecting CXX compile features
[3.038s] -- Detecting CXX compile features - done
[3.089s] -- Found ament_cmake: 1.3.5 (/opt/ros/humble/share/ament_cmake/cmake)
[4.073s] -- Found Python3: /usr/bin/python3.10 (found version "3.10.6") found components: Interpreter 
[4.475s] -- Override CMake install command with custom implementation using symlinks instead of copying resources
[4.960s] -- Found dynamixel_sdk: 3.7.60 (/opt/ros/humble/share/dynamixel_sdk/cmake)
[5.000s] -- Found geometry_msgs: 4.2.3 (/opt/ros/humble/share/geometry_msgs/cmake)
[5.459s] -- Found rosidl_generator_c: 3.1.4 (/opt/ros/humble/share/rosidl_generator_c/cmake)
[5.538s] -- Found rosidl_adapter: 3.1.4 (/opt/ros/humble/share/rosidl_adapter/cmake)
[5.637s] -- Found rosidl_generator_cpp: 3.1.4 (/opt/ros/humble/share/rosidl_generator_cpp/cmake)
[5.774s] -- Using all available rosidl_typesupport_c: rosidl_typesupport_fastrtps_c;rosidl_typesupport_introspection_c
[5.964s] -- Using all available rosidl_typesupport_cpp: rosidl_typesupport_fastrtps_cpp;rosidl_typesupport_introspection_cpp
[6.628s] -- Found message_filters: 4.3.3 (/opt/ros/humble/share/message_filters/cmake)
[7.217s] -- Found rmw_implementation_cmake: 6.1.1 (/opt/ros/humble/share/rmw_implementation_cmake/cmake)
[7.261s] -- Found rmw_fastrtps_cpp: 6.2.2 (/opt/ros/humble/share/rmw_fastrtps_cpp/cmake)
[7.987s] -- Found OpenSSL: /usr/lib/aarch64-linux-gnu/libcrypto.so (found version "3.0.2")  
[8.136s] -- Found FastRTPS: /opt/ros/humble/include  
[8.404s] -- Using RMW implementation 'rmw_fastrtps_cpp' as default
[8.527s] -- Looking for pthread.h
[8.924s] -- Looking for pthread.h - found
[8.925s] -- Performing Test CMAKE_HAVE_LIBC_PTHREAD
[9.301s] -- Performing Test CMAKE_HAVE_LIBC_PTHREAD - Success
[9.307s] -- Found Threads: TRUE  
[10.068s] -- Found nav_msgs: 4.2.3 (/opt/ros/humble/share/nav_msgs/cmake)
[10.484s] -- Found sensor_msgs: 4.2.3 (/opt/ros/humble/share/sensor_msgs/cmake)
[10.900s] -- Found std_srvs: 4.2.3 (/opt/ros/humble/share/std_srvs/cmake)
[11.039s] -- Found tf2: 0.25.2 (/opt/ros/humble/share/tf2/cmake)
[11.175s] -- Found tf2_ros: 0.25.2 (/opt/ros/humble/share/tf2_ros/cmake)
[12.952s] -- Found turtlebot3_msgs: 2.2.3 (/opt/ros/humble/share/turtlebot3_msgs/cmake)
[13.712s] -- Configuring done
[13.830s] -- Generating done
[13.841s] -- Build files have been written to: /home/t-pi/turtlebot3_ws/src/turtlebot3/turtlebot3_node/build/turtlebot3_node
[13.878s] Invoked command in '/home/t-pi/turtlebot3_ws/src/turtlebot3/turtlebot3_node/build/turtlebot3_node' returned '0': CMAKE_PREFIX_PATH=${CMAKE_PREFIX_PATH}:/home/t-pi/turtlebot3_ws/install/turtlebot3_teleop:/home/t-pi/turtlebot3_ws/install/turtlebot3_example:/opt/ros/humble /usr/bin/cmake /home/t-pi/turtlebot3_ws/src/turtlebot3/turtlebot3_node -DAMENT_CMAKE_SYMLINK_INSTALL=1 -DCMAKE_INSTALL_PREFIX=/home/t-pi/turtlebot3_ws/src/turtlebot3/turtlebot3_node/install/turtlebot3_node
[13.889s] Invoking command in '/home/t-pi/turtlebot3_ws/src/turtlebot3/turtlebot3_node/build/turtlebot3_node': CMAKE_PREFIX_PATH=${CMAKE_PREFIX_PATH}:/home/t-pi/turtlebot3_ws/install/turtlebot3_teleop:/home/t-pi/turtlebot3_ws/install/turtlebot3_example:/opt/ros/humble /usr/bin/cmake --build /home/t-pi/turtlebot3_ws/src/turtlebot3/turtlebot3_node/build/turtlebot3_node -- -j4 -l4
[14.119s] [  7%] [32mBuilding CXX object CMakeFiles/turtlebot3_node_lib.dir/src/devices/motor_power.cpp.o[0m
[14.122s] [ 14%] [32mBuilding CXX object CMakeFiles/turtlebot3_node_lib.dir/src/devices/sound.cpp.o[0m
[14.125s] [ 21%] [32mBuilding CXX object CMakeFiles/turtlebot3_node_lib.dir/src/devices/reset.cpp.o[0m
[14.129s] [ 28%] [32mBuilding CXX object CMakeFiles/turtlebot3_node_lib.dir/src/diff_drive_controller.cpp.o[0m
[35.006s] [ 35%] [32mBuilding CXX object CMakeFiles/turtlebot3_node_lib.dir/src/dynamixel_sdk_wrapper.cpp.o[0m
[37.395s] [ 42%] [32mBuilding CXX object CMakeFiles/turtlebot3_node_lib.dir/src/odometry.cpp.o[0m
[37.407s] [ 50%] [32mBuilding CXX object CMakeFiles/turtlebot3_node_lib.dir/src/turtlebot3.cpp.o[0m
[38.025s] [ 57%] [32mBuilding CXX object CMakeFiles/turtlebot3_node_lib.dir/src/sensors/battery_state.cpp.o[0m
[38.841s] [ 64%] [32mBuilding CXX object CMakeFiles/turtlebot3_node_lib.dir/src/sensors/imu.cpp.o[0m
[64.792s] [ 71%] [32mBuilding CXX object CMakeFiles/turtlebot3_node_lib.dir/src/sensors/joint_state.cpp.o[0m
[67.198s] [ 78%] [32mBuilding CXX object CMakeFiles/turtlebot3_node_lib.dir/src/sensors/sensor_state.cpp.o[0m
[118.028s] [ 85%] [32m[1mLinking CXX static library libturtlebot3_node_lib.a[0m
[127.255s] [ 85%] Built target turtlebot3_node_lib
[127.347s] [ 92%] [32mBuilding CXX object CMakeFiles/turtlebot3_ros.dir/src/node_main.cpp.o[0m
[142.837s] [100%] [32m[1mLinking CXX executable turtlebot3_ros[0m
[151.342s] [100%] Built target turtlebot3_ros
[151.383s] Invoked command in '/home/t-pi/turtlebot3_ws/src/turtlebot3/turtlebot3_node/build/turtlebot3_node' returned '0': CMAKE_PREFIX_PATH=${CMAKE_PREFIX_PATH}:/home/t-pi/turtlebot3_ws/install/turtlebot3_teleop:/home/t-pi/turtlebot3_ws/install/turtlebot3_example:/opt/ros/humble /usr/bin/cmake --build /home/t-pi/turtlebot3_ws/src/turtlebot3/turtlebot3_node/build/turtlebot3_node -- -j4 -l4
[151.781s] Invoking command in '/home/t-pi/turtlebot3_ws/src/turtlebot3/turtlebot3_node/build/turtlebot3_node': CMAKE_PREFIX_PATH=${CMAKE_PREFIX_PATH}:/home/t-pi/turtlebot3_ws/install/turtlebot3_teleop:/home/t-pi/turtlebot3_ws/install/turtlebot3_example:/opt/ros/humble /usr/bin/cmake --install /home/t-pi/turtlebot3_ws/src/turtlebot3/turtlebot3_node/build/turtlebot3_node
[151.809s] -- Install configuration: ""
[151.810s] -- Execute custom install script
[151.813s] -- Symlinking: /home/t-pi/turtlebot3_ws/src/turtlebot3/turtlebot3_node/install/turtlebot3_node/share/turtlebot3_node/param/burger.yaml
[151.845s] -- Symlinking: /home/t-pi/turtlebot3_ws/src/turtlebot3/turtlebot3_node/install/turtlebot3_node/share/turtlebot3_node/param/waffle.yaml
[151.879s] -- Symlinking: /home/t-pi/turtlebot3_ws/src/turtlebot3/turtlebot3_node/install/turtlebot3_node/share/turtlebot3_node/param/waffle_pi.yaml
[151.913s] -- Symlinking: /home/t-pi/turtlebot3_ws/src/turtlebot3/turtlebot3_node/install/turtlebot3_node/lib/turtlebot3_node/turtlebot3_ros
[151.948s] -- Symlinking: /home/t-pi/turtlebot3_ws/src/turtlebot3/turtlebot3_node/install/turtlebot3_node/share/ament_index/resource_index/package_run_dependencies/turtlebot3_node
[151.981s] -- Symlinking: /home/t-pi/turtlebot3_ws/src/turtlebot3/turtlebot3_node/install/turtlebot3_node/share/ament_index/resource_index/parent_prefix_path/turtlebot3_node
[152.016s] -- Symlinking: /home/t-pi/turtlebot3_ws/src/turtlebot3/turtlebot3_node/install/turtlebot3_node/share/turtlebot3_node/environment/ament_prefix_path.sh
[152.050s] -- Symlinking: /home/t-pi/turtlebot3_ws/src/turtlebot3/turtlebot3_node/install/turtlebot3_node/share/turtlebot3_node/environment/ament_prefix_path.dsv
[152.083s] -- Symlinking: /home/t-pi/turtlebot3_ws/src/turtlebot3/turtlebot3_node/install/turtlebot3_node/share/turtlebot3_node/environment/path.sh
[152.116s] -- Symlinking: /home/t-pi/turtlebot3_ws/src/turtlebot3/turtlebot3_node/install/turtlebot3_node/share/turtlebot3_node/environment/path.dsv
[152.149s] -- Symlinking: /home/t-pi/turtlebot3_ws/src/turtlebot3/turtlebot3_node/install/turtlebot3_node/share/turtlebot3_node/local_setup.bash
[152.182s] -- Symlinking: /home/t-pi/turtlebot3_ws/src/turtlebot3/turtlebot3_node/install/turtlebot3_node/share/turtlebot3_node/local_setup.sh
[152.215s] -- Symlinking: /home/t-pi/turtlebot3_ws/src/turtlebot3/turtlebot3_node/install/turtlebot3_node/share/turtlebot3_node/local_setup.zsh
[152.248s] -- Symlinking: /home/t-pi/turtlebot3_ws/src/turtlebot3/turtlebot3_node/install/turtlebot3_node/share/turtlebot3_node/local_setup.dsv
[152.281s] -- Symlinking: /home/t-pi/turtlebot3_ws/src/turtlebot3/turtlebot3_node/install/turtlebot3_node/share/turtlebot3_node/package.dsv
[152.315s] -- Symlinking: /home/t-pi/turtlebot3_ws/src/turtlebot3/turtlebot3_node/install/turtlebot3_node/share/ament_index/resource_index/packages/turtlebot3_node
[152.349s] -- Symlinking: /home/t-pi/turtlebot3_ws/src/turtlebot3/turtlebot3_node/install/turtlebot3_node/share/turtlebot3_node/cmake/ament_cmake_export_include_directories-extras.cmake
[152.383s] -- Symlinking: /home/t-pi/turtlebot3_ws/src/turtlebot3/turtlebot3_node/install/turtlebot3_node/share/turtlebot3_node/cmake/turtlebot3_nodeConfig.cmake
[152.416s] -- Symlinking: /home/t-pi/turtlebot3_ws/src/turtlebot3/turtlebot3_node/install/turtlebot3_node/share/turtlebot3_node/cmake/turtlebot3_nodeConfig-version.cmake
[152.451s] -- Symlinking: /home/t-pi/turtlebot3_ws/src/turtlebot3/turtlebot3_node/install/turtlebot3_node/share/turtlebot3_node/package.xml
[152.491s] Invoked command in '/home/t-pi/turtlebot3_ws/src/turtlebot3/turtlebot3_node/build/turtlebot3_node' returned '0': CMAKE_PREFIX_PATH=${CMAKE_PREFIX_PATH}:/home/t-pi/turtlebot3_ws/install/turtlebot3_teleop:/home/t-pi/turtlebot3_ws/install/turtlebot3_example:/opt/ros/humble /usr/bin/cmake --install /home/t-pi/turtlebot3_ws/src/turtlebot3/turtlebot3_node/build/turtlebot3_node
