[35m[1mConsolidate compiler generated dependencies of target cv_camera[0m
[ 60%] Built target cv_camera
[35m[1mConsolidate compiler generated dependencies of target cv_camera_node[0m
[100%] Built target cv_camera_node
-- Install configuration: ""
-- Up-to-date: /home/t-pi/TB3_RPI4_WS/install/cv_camera/lib/cv_camera/libcv_camera.a
-- Up-to-date: /home/t-pi/TB3_RPI4_WS/install/cv_camera/lib/cv_camera/cv_camera_node
-- Up-to-date: /home/t-pi/TB3_RPI4_WS/install/cv_camera/include/
-- Up-to-date: /home/t-pi/TB3_RPI4_WS/install/cv_camera/include//driver.h
-- Up-to-date: /home/t-pi/TB3_RPI4_WS/install/cv_camera/include//exception.h
-- Up-to-date: /home/t-pi/TB3_RPI4_WS/install/cv_camera/include//capture.h
-- Up-to-date: /home/t-pi/TB3_RPI4_WS/install/cv_camera/share/ament_index/resource_index/package_run_dependencies/cv_camera
-- Up-to-date: /home/t-pi/TB3_RPI4_WS/install/cv_camera/share/ament_index/resource_index/parent_prefix_path/cv_camera
-- Up-to-date: /home/t-pi/TB3_RPI4_WS/install/cv_camera/share/cv_camera/environment/ament_prefix_path.sh
-- Up-to-date: /home/t-pi/TB3_RPI4_WS/install/cv_camera/share/cv_camera/environment/ament_prefix_path.dsv
-- Up-to-date: /home/t-pi/TB3_RPI4_WS/install/cv_camera/share/cv_camera/environment/path.sh
-- Up-to-date: /home/t-pi/TB3_RPI4_WS/install/cv_camera/share/cv_camera/environment/path.dsv
-- Up-to-date: /home/t-pi/TB3_RPI4_WS/install/cv_camera/share/cv_camera/local_setup.bash
-- Up-to-date: /home/t-pi/TB3_RPI4_WS/install/cv_camera/share/cv_camera/local_setup.sh
-- Up-to-date: /home/t-pi/TB3_RPI4_WS/install/cv_camera/share/cv_camera/local_setup.zsh
-- Up-to-date: /home/t-pi/TB3_RPI4_WS/install/cv_camera/share/cv_camera/local_setup.dsv
-- Installing: /home/t-pi/TB3_RPI4_WS/install/cv_camera/share/cv_camera/package.dsv
-- Up-to-date: /home/t-pi/TB3_RPI4_WS/install/cv_camera/share/ament_index/resource_index/packages/cv_camera
-- Up-to-date: /home/t-pi/TB3_RPI4_WS/install/cv_camera/share/cv_camera/cmake/cv_cameraConfig.cmake
-- Up-to-date: /home/t-pi/TB3_RPI4_WS/install/cv_camera/share/cv_camera/cmake/cv_cameraConfig-version.cmake
-- Up-to-date: /home/t-pi/TB3_RPI4_WS/install/cv_camera/share/cv_camera/package.xml
