[0.283s] Invoking command in '/home/t-pi/TB3_RPI4_WS/build/compressed_depth_image_transport': CMAKE_PREFIX_PATH=/opt/ros/humble /usr/bin/cmake /home/t-pi/TB3_RPI4_WS/src/image_transport_plugins/compressed_depth_image_transport -DCMAKE_INSTALL_PREFIX=/home/t-pi/TB3_RPI4_WS/install/compressed_depth_image_transport
[0.343s] -- Found ament_cmake: 1.3.5 (/opt/ros/humble/share/ament_cmake/cmake)
[1.463s] [31mCMake Error at CMakeLists.txt:13 (find_package):
[1.464s]   By not providing "Findimage_transport.cmake" in CMAKE_MODULE_PATH this
[1.464s]   project has asked CMake to find a package configuration file provided by
[1.465s]   "image_transport", but CMake did not find one.
[1.465s] 
[1.466s]   Could not find a package configuration file provided by "image_transport"
[1.467s]   with any of the following names:
[1.468s] 
[1.468s]     image_transportConfig.cmake
[1.469s]     image_transport-config.cmake
[1.470s] 
[1.471s]   Add the installation prefix of "image_transport" to CMAKE_PREFIX_PATH or
[1.482s]   set "image_transport_DIR" to a directory containing one of the above files.
[1.483s]   If "image_transport" provides a separate development package or SDK, be
[1.485s]   sure it has been installed.
[1.486s] 
[1.488s] [0m
[1.490s] -- Configuring incomplete, errors occurred!
[1.491s] See also "/home/t-pi/TB3_RPI4_WS/build/compressed_depth_image_transport/CMakeFiles/CMakeOutput.log".
[1.537s] Invoked command in '/home/t-pi/TB3_RPI4_WS/build/compressed_depth_image_transport' returned '1': CMAKE_PREFIX_PATH=/opt/ros/humble /usr/bin/cmake /home/t-pi/TB3_RPI4_WS/src/image_transport_plugins/compressed_depth_image_transport -DCMAKE_INSTALL_PREFIX=/home/t-pi/TB3_RPI4_WS/install/compressed_depth_image_transport
