[0.226s] Invoking command in '/home/t-pi/TB3_RPI4_WS/build/compressed_image_transport': CMAKE_PREFIX_PATH=/opt/ros/humble /usr/bin/cmake /home/t-pi/TB3_RPI4_WS/src/image_transport_plugins/compressed_image_transport -DCMAKE_INSTALL_PREFIX=/home/t-pi/TB3_RPI4_WS/install/compressed_image_transport
[1.595s] -- The C compiler identification is GNU 11.4.0
[2.499s] -- The CXX compiler identification is GNU 11.4.0
[2.560s] -- Detecting C compiler ABI info
[3.046s] -- Detecting C compiler ABI info - done
[3.076s] -- Check for working C compiler: /usr/bin/cc - skipped
[3.079s] -- Detecting C compile features
[3.087s] -- Detecting C compile features - done
[3.109s] -- Detecting CXX compiler ABI info
[3.589s] -- Detecting CXX compiler ABI info - done
[3.620s] -- Check for working CXX compiler: /usr/bin/c++ - skipped
[3.623s] -- Detecting CXX compile features
[3.624s] -- Detecting CXX compile features - done
[3.666s] -- Found ament_cmake: 1.3.5 (/opt/ros/humble/share/ament_cmake/cmake)
[5.042s] -- Found Python3: /usr/bin/python3.10 (found version "3.10.12") found components: Interpreter 
[5.923s] [31mCMake Error at CMakeLists.txt:15 (find_package):
[5.924s]   By not providing "Findimage_transport.cmake" in CMAKE_MODULE_PATH this
[5.925s]   project has asked CMake to find a package configuration file provided by
[5.931s]   "image_transport", but CMake did not find one.
[5.933s] 
[5.935s]   Could not find a package configuration file provided by "image_transport"
[5.937s]   with any of the following names:
[5.941s] 
[5.942s]     image_transportConfig.cmake
[5.943s]     image_transport-config.cmake
[5.944s] 
[5.944s]   Add the installation prefix of "image_transport" to CMAKE_PREFIX_PATH or
[5.945s]   set "image_transport_DIR" to a directory containing one of the above files.
[5.946s]   If "image_transport" provides a separate development package or SDK, be
[5.947s]   sure it has been installed.
[5.947s] 
[5.948s] [0m
[5.979s] -- Configuring incomplete, errors occurred!
[5.983s] See also "/home/t-pi/TB3_RPI4_WS/build/compressed_image_transport/CMakeFiles/CMakeOutput.log".
[6.031s] Invoked command in '/home/t-pi/TB3_RPI4_WS/build/compressed_image_transport' returned '1': CMAKE_PREFIX_PATH=/opt/ros/humble /usr/bin/cmake /home/t-pi/TB3_RPI4_WS/src/image_transport_plugins/compressed_image_transport -DCMAKE_INSTALL_PREFIX=/home/t-pi/TB3_RPI4_WS/install/compressed_image_transport
