[0.172s] Invoking command in '/home/t-pi/TB3_RPI4_WS/build/compressed_image_transport': CMAKE_PREFIX_PATH=${CMAKE_PREFIX_PATH}:/home/t-pi/TB3_RPI4_WS/install/turtlebot3_teleop:/home/t-pi/TB3_RPI4_WS/install/turtlebot3_example:/home/t-pi/TB3_RPI4_WS/install/rpi_temprature:/opt/ros/humble /usr/bin/cmake --build /home/t-pi/TB3_RPI4_WS/build/compressed_image_transport -- -j4 -l4
[0.492s] -- Found ament_cmake: 1.3.5 (/opt/ros/humble/share/ament_cmake/cmake)
[1.125s] -- Found Python3: /usr/bin/python3.10 (found version "3.10.12") found components: Interpreter 
[1.732s] -- Found image_transport: 3.1.5 (/opt/ros/humble/share/image_transport/cmake)
[2.024s] -- Found rosidl_generator_c: 3.1.5 (/opt/ros/humble/share/rosidl_generator_c/cmake)
[2.043s] -- Found rosidl_adapter: 3.1.5 (/opt/ros/humble/share/rosidl_adapter/cmake)
[2.088s] -- Found rosidl_generator_cpp: 3.1.5 (/opt/ros/humble/share/rosidl_generator_cpp/cmake)
[2.164s] -- Using all available rosidl_typesupport_c: rosidl_typesupport_fastrtps_c;rosidl_typesupport_introspection_c
[2.272s] -- Using all available rosidl_typesupport_cpp: rosidl_typesupport_fastrtps_cpp;rosidl_typesupport_introspection_cpp
[2.675s] -- Found rmw_implementation_cmake: 6.1.1 (/opt/ros/humble/share/rmw_implementation_cmake/cmake)
[2.688s] -- Found rmw_fastrtps_cpp: 6.2.3 (/opt/ros/humble/share/rmw_fastrtps_cpp/cmake)
[4.071s] -- Using RMW implementation 'rmw_fastrtps_cpp' as default
[5.921s] -- Found cv_bridge: 3.2.1 (/opt/ros/humble/share/cv_bridge/cmake)
[6.451s] -- Configuring done
[6.592s] -- Generating done
[6.610s] -- Build files have been written to: /home/t-pi/TB3_RPI4_WS/build/compressed_image_transport
[6.807s] [35m[1mConsolidate compiler generated dependencies of target compressed_image_transport[0m
[6.959s] [100%] Built target compressed_image_transport
[7.019s] Invoked command in '/home/t-pi/TB3_RPI4_WS/build/compressed_image_transport' returned '0': CMAKE_PREFIX_PATH=${CMAKE_PREFIX_PATH}:/home/t-pi/TB3_RPI4_WS/install/turtlebot3_teleop:/home/t-pi/TB3_RPI4_WS/install/turtlebot3_example:/home/t-pi/TB3_RPI4_WS/install/rpi_temprature:/opt/ros/humble /usr/bin/cmake --build /home/t-pi/TB3_RPI4_WS/build/compressed_image_transport -- -j4 -l4
[7.332s] Invoking command in '/home/t-pi/TB3_RPI4_WS/build/compressed_image_transport': CMAKE_PREFIX_PATH=${CMAKE_PREFIX_PATH}:/home/t-pi/TB3_RPI4_WS/install/turtlebot3_teleop:/home/t-pi/TB3_RPI4_WS/install/turtlebot3_example:/home/t-pi/TB3_RPI4_WS/install/rpi_temprature:/opt/ros/humble /usr/bin/cmake --install /home/t-pi/TB3_RPI4_WS/build/compressed_image_transport
[7.395s] -- Install configuration: ""
[7.397s] -- Up-to-date: /home/t-pi/TB3_RPI4_WS/install/compressed_image_transport/lib/libcompressed_image_transport.so
[7.398s] -- Up-to-date: /home/t-pi/TB3_RPI4_WS/install/compressed_image_transport/include
[7.399s] -- Up-to-date: /home/t-pi/TB3_RPI4_WS/install/compressed_image_transport/include/compressed_image_transport
[7.400s] -- Up-to-date: /home/t-pi/TB3_RPI4_WS/install/compressed_image_transport/include/compressed_image_transport/compression_common.h
[7.401s] -- Up-to-date: /home/t-pi/TB3_RPI4_WS/install/compressed_image_transport/include/compressed_image_transport/compressed_subscriber.h
[7.401s] -- Up-to-date: /home/t-pi/TB3_RPI4_WS/install/compressed_image_transport/include/compressed_image_transport/compressed_publisher.h
[7.402s] -- Up-to-date: /home/t-pi/TB3_RPI4_WS/install/compressed_image_transport/share/compressed_image_transport/compressed_plugins.xml
[7.403s] -- Up-to-date: /home/t-pi/TB3_RPI4_WS/install/compressed_image_transport/share/ament_index/resource_index/package_run_dependencies/compressed_image_transport
[7.403s] -- Up-to-date: /home/t-pi/TB3_RPI4_WS/install/compressed_image_transport/share/ament_index/resource_index/parent_prefix_path/compressed_image_transport
[7.403s] -- Up-to-date: /home/t-pi/TB3_RPI4_WS/install/compressed_image_transport/share/compressed_image_transport/environment/ament_prefix_path.sh
[7.404s] -- Installing: /home/t-pi/TB3_RPI4_WS/install/compressed_image_transport/share/compressed_image_transport/environment/ament_prefix_path.dsv
[7.405s] -- Up-to-date: /home/t-pi/TB3_RPI4_WS/install/compressed_image_transport/share/compressed_image_transport/environment/path.sh
[7.410s] -- Installing: /home/t-pi/TB3_RPI4_WS/install/compressed_image_transport/share/compressed_image_transport/environment/path.dsv
[7.411s] -- Up-to-date: /home/t-pi/TB3_RPI4_WS/install/compressed_image_transport/share/compressed_image_transport/local_setup.bash
[7.411s] -- Up-to-date: /home/t-pi/TB3_RPI4_WS/install/compressed_image_transport/share/compressed_image_transport/local_setup.sh
[7.415s] -- Up-to-date: /home/t-pi/TB3_RPI4_WS/install/compressed_image_transport/share/compressed_image_transport/local_setup.zsh
[7.416s] -- Installing: /home/t-pi/TB3_RPI4_WS/install/compressed_image_transport/share/compressed_image_transport/local_setup.dsv
[7.417s] -- Installing: /home/t-pi/TB3_RPI4_WS/install/compressed_image_transport/share/compressed_image_transport/package.dsv
[7.418s] -- Up-to-date: /home/t-pi/TB3_RPI4_WS/install/compressed_image_transport/share/ament_index/resource_index/packages/compressed_image_transport
[7.433s] -- Up-to-date: /home/t-pi/TB3_RPI4_WS/install/compressed_image_transport/share/ament_index/resource_index/image_transport__pluginlib__plugin/compressed_image_transport
[7.433s] -- Up-to-date: /home/t-pi/TB3_RPI4_WS/install/compressed_image_transport/share/compressed_image_transport/cmake/compressed_image_transportConfig.cmake
[7.434s] -- Up-to-date: /home/t-pi/TB3_RPI4_WS/install/compressed_image_transport/share/compressed_image_transport/cmake/compressed_image_transportConfig-version.cmake
[7.435s] -- Up-to-date: /home/t-pi/TB3_RPI4_WS/install/compressed_image_transport/share/compressed_image_transport/package.xml
[7.435s] Invoked command in '/home/t-pi/TB3_RPI4_WS/build/compressed_image_transport' returned '0': CMAKE_PREFIX_PATH=${CMAKE_PREFIX_PATH}:/home/t-pi/TB3_RPI4_WS/install/turtlebot3_teleop:/home/t-pi/TB3_RPI4_WS/install/turtlebot3_example:/home/t-pi/TB3_RPI4_WS/install/rpi_temprature:/opt/ros/humble /usr/bin/cmake --install /home/t-pi/TB3_RPI4_WS/build/compressed_image_transport
