[9.174s] Invoking command in '/home/t-pi/TB3_RPI4_WS/src/turtlebot3/turtlebot3_example': PYTHONPATH=/home/t-pi/TB3_RPI4_WS/build/turtlebot3_example/prefix_override:/home/t-pi/TB3_RPI4_WS/install/turtlebot3_example/lib/python3.10/site-packages:${PYTHONPATH} /usr/bin/python3 setup.py egg_info --egg-base ../../../build/turtlebot3_example build --build-base /home/t-pi/TB3_RPI4_WS/build/turtlebot3_example/build install --record /home/t-pi/TB3_RPI4_WS/build/turtlebot3_example/install.log --single-version-externally-managed
[10.773s] running egg_info
[10.776s] creating ../../../build/turtlebot3_example/turtlebot3_example.egg-info
[10.777s] writing ../../../build/turtlebot3_example/turtlebot3_example.egg-info/PKG-INFO
[10.779s] writing dependency_links to ../../../build/turtlebot3_example/turtlebot3_example.egg-info/dependency_links.txt
[10.780s] writing entry points to ../../../build/turtlebot3_example/turtlebot3_example.egg-info/entry_points.txt
[10.781s] writing requirements to ../../../build/turtlebot3_example/turtlebot3_example.egg-info/requires.txt
[10.782s] writing top-level names to ../../../build/turtlebot3_example/turtlebot3_example.egg-info/top_level.txt
[10.783s] writing manifest file '../../../build/turtlebot3_example/turtlebot3_example.egg-info/SOURCES.txt'
[10.798s] reading manifest file '../../../build/turtlebot3_example/turtlebot3_example.egg-info/SOURCES.txt'
[10.803s] writing manifest file '../../../build/turtlebot3_example/turtlebot3_example.egg-info/SOURCES.txt'
[10.804s] running build
[10.805s] running build_py
[10.806s] creating /home/t-pi/TB3_RPI4_WS/build/turtlebot3_example/build
[10.807s] creating /home/t-pi/TB3_RPI4_WS/build/turtlebot3_example/build/lib
[10.807s] creating /home/t-pi/TB3_RPI4_WS/build/turtlebot3_example/build/lib/turtlebot3_example
[10.809s] copying turtlebot3_example/__init__.py -> /home/t-pi/TB3_RPI4_WS/build/turtlebot3_example/build/lib/turtlebot3_example
[10.810s] creating /home/t-pi/TB3_RPI4_WS/build/turtlebot3_example/build/lib/turtlebot3_example/turtlebot3_obstacle_detection
[10.811s] copying turtlebot3_example/turtlebot3_obstacle_detection/turtlebot3_obstacle_detection.py -> /home/t-pi/TB3_RPI4_WS/build/turtlebot3_example/build/lib/turtlebot3_example/turtlebot3_obstacle_detection
[10.813s] copying turtlebot3_example/turtlebot3_obstacle_detection/main.py -> /home/t-pi/TB3_RPI4_WS/build/turtlebot3_example/build/lib/turtlebot3_example/turtlebot3_obstacle_detection
[10.815s] copying turtlebot3_example/turtlebot3_obstacle_detection/__init__.py -> /home/t-pi/TB3_RPI4_WS/build/turtlebot3_example/build/lib/turtlebot3_example/turtlebot3_obstacle_detection
[10.818s] creating /home/t-pi/TB3_RPI4_WS/build/turtlebot3_example/build/lib/turtlebot3_example/turtlebot3_patrol_client
[10.820s] copying turtlebot3_example/turtlebot3_patrol_client/turtlebot3_patrol_client.py -> /home/t-pi/TB3_RPI4_WS/build/turtlebot3_example/build/lib/turtlebot3_example/turtlebot3_patrol_client
[10.824s] copying turtlebot3_example/turtlebot3_patrol_client/main.py -> /home/t-pi/TB3_RPI4_WS/build/turtlebot3_example/build/lib/turtlebot3_example/turtlebot3_patrol_client
[10.827s] copying turtlebot3_example/turtlebot3_patrol_client/__init__.py -> /home/t-pi/TB3_RPI4_WS/build/turtlebot3_example/build/lib/turtlebot3_example/turtlebot3_patrol_client
[10.830s] creating /home/t-pi/TB3_RPI4_WS/build/turtlebot3_example/build/lib/turtlebot3_example/turtlebot3_position_control
[10.832s] copying turtlebot3_example/turtlebot3_position_control/main.py -> /home/t-pi/TB3_RPI4_WS/build/turtlebot3_example/build/lib/turtlebot3_example/turtlebot3_position_control
[10.835s] copying turtlebot3_example/turtlebot3_position_control/turtlebot3_position_control.py -> /home/t-pi/TB3_RPI4_WS/build/turtlebot3_example/build/lib/turtlebot3_example/turtlebot3_position_control
[10.839s] copying turtlebot3_example/turtlebot3_position_control/__init__.py -> /home/t-pi/TB3_RPI4_WS/build/turtlebot3_example/build/lib/turtlebot3_example/turtlebot3_position_control
[10.842s] copying turtlebot3_example/turtlebot3_position_control/turtlebot3_path.py -> /home/t-pi/TB3_RPI4_WS/build/turtlebot3_example/build/lib/turtlebot3_example/turtlebot3_position_control
[10.848s] creating /home/t-pi/TB3_RPI4_WS/build/turtlebot3_example/build/lib/turtlebot3_example/turtlebot3_patrol_server
[10.850s] copying turtlebot3_example/turtlebot3_patrol_server/turtlebot3_patrol_server.py -> /home/t-pi/TB3_RPI4_WS/build/turtlebot3_example/build/lib/turtlebot3_example/turtlebot3_patrol_server
[10.854s] copying turtlebot3_example/turtlebot3_patrol_server/main.py -> /home/t-pi/TB3_RPI4_WS/build/turtlebot3_example/build/lib/turtlebot3_example/turtlebot3_patrol_server
[10.857s] copying turtlebot3_example/turtlebot3_patrol_server/__init__.py -> /home/t-pi/TB3_RPI4_WS/build/turtlebot3_example/build/lib/turtlebot3_example/turtlebot3_patrol_server
[10.860s] copying turtlebot3_example/turtlebot3_patrol_server/turtlebot3_path.py -> /home/t-pi/TB3_RPI4_WS/build/turtlebot3_example/build/lib/turtlebot3_example/turtlebot3_patrol_server
[10.866s] running install
[10.870s] /usr/lib/python3/dist-packages/setuptools/command/install.py:34: SetuptoolsDeprecationWarning: setup.py install is deprecated. Use build and pip and other standards-based tools.
[10.871s]   warnings.warn(
[10.872s] running install_lib
[10.877s] creating /home/t-pi/TB3_RPI4_WS/install/turtlebot3_example/lib/python3.10/site-packages/turtlebot3_example
[10.878s] creating /home/t-pi/TB3_RPI4_WS/install/turtlebot3_example/lib/python3.10/site-packages/turtlebot3_example/turtlebot3_obstacle_detection
[10.879s] copying /home/t-pi/TB3_RPI4_WS/build/turtlebot3_example/build/lib/turtlebot3_example/turtlebot3_obstacle_detection/turtlebot3_obstacle_detection.py -> /home/t-pi/TB3_RPI4_WS/install/turtlebot3_example/lib/python3.10/site-packages/turtlebot3_example/turtlebot3_obstacle_detection
[10.880s] copying /home/t-pi/TB3_RPI4_WS/build/turtlebot3_example/build/lib/turtlebot3_example/turtlebot3_obstacle_detection/main.py -> /home/t-pi/TB3_RPI4_WS/install/turtlebot3_example/lib/python3.10/site-packages/turtlebot3_example/turtlebot3_obstacle_detection
[10.882s] copying /home/t-pi/TB3_RPI4_WS/build/turtlebot3_example/build/lib/turtlebot3_example/turtlebot3_obstacle_detection/__init__.py -> /home/t-pi/TB3_RPI4_WS/install/turtlebot3_example/lib/python3.10/site-packages/turtlebot3_example/turtlebot3_obstacle_detection
[10.883s] copying /home/t-pi/TB3_RPI4_WS/build/turtlebot3_example/build/lib/turtlebot3_example/__init__.py -> /home/t-pi/TB3_RPI4_WS/install/turtlebot3_example/lib/python3.10/site-packages/turtlebot3_example
[10.884s] creating /home/t-pi/TB3_RPI4_WS/install/turtlebot3_example/lib/python3.10/site-packages/turtlebot3_example/turtlebot3_patrol_client
[10.885s] copying /home/t-pi/TB3_RPI4_WS/build/turtlebot3_example/build/lib/turtlebot3_example/turtlebot3_patrol_client/turtlebot3_patrol_client.py -> /home/t-pi/TB3_RPI4_WS/install/turtlebot3_example/lib/python3.10/site-packages/turtlebot3_example/turtlebot3_patrol_client
[10.886s] copying /home/t-pi/TB3_RPI4_WS/build/turtlebot3_example/build/lib/turtlebot3_example/turtlebot3_patrol_client/main.py -> /home/t-pi/TB3_RPI4_WS/install/turtlebot3_example/lib/python3.10/site-packages/turtlebot3_example/turtlebot3_patrol_client
[10.888s] copying /home/t-pi/TB3_RPI4_WS/build/turtlebot3_example/build/lib/turtlebot3_example/turtlebot3_patrol_client/__init__.py -> /home/t-pi/TB3_RPI4_WS/install/turtlebot3_example/lib/python3.10/site-packages/turtlebot3_example/turtlebot3_patrol_client
[10.890s] creating /home/t-pi/TB3_RPI4_WS/install/turtlebot3_example/lib/python3.10/site-packages/turtlebot3_example/turtlebot3_position_control
[10.891s] copying /home/t-pi/TB3_RPI4_WS/build/turtlebot3_example/build/lib/turtlebot3_example/turtlebot3_position_control/main.py -> /home/t-pi/TB3_RPI4_WS/install/turtlebot3_example/lib/python3.10/site-packages/turtlebot3_example/turtlebot3_position_control
[10.893s] copying /home/t-pi/TB3_RPI4_WS/build/turtlebot3_example/build/lib/turtlebot3_example/turtlebot3_position_control/turtlebot3_position_control.py -> /home/t-pi/TB3_RPI4_WS/install/turtlebot3_example/lib/python3.10/site-packages/turtlebot3_example/turtlebot3_position_control
[10.894s] copying /home/t-pi/TB3_RPI4_WS/build/turtlebot3_example/build/lib/turtlebot3_example/turtlebot3_position_control/__init__.py -> /home/t-pi/TB3_RPI4_WS/install/turtlebot3_example/lib/python3.10/site-packages/turtlebot3_example/turtlebot3_position_control
[10.896s] copying /home/t-pi/TB3_RPI4_WS/build/turtlebot3_example/build/lib/turtlebot3_example/turtlebot3_position_control/turtlebot3_path.py -> /home/t-pi/TB3_RPI4_WS/install/turtlebot3_example/lib/python3.10/site-packages/turtlebot3_example/turtlebot3_position_control
[10.909s] creating /home/t-pi/TB3_RPI4_WS/install/turtlebot3_example/lib/python3.10/site-packages/turtlebot3_example/turtlebot3_patrol_server
[10.909s] copying /home/t-pi/TB3_RPI4_WS/build/turtlebot3_example/build/lib/turtlebot3_example/turtlebot3_patrol_server/turtlebot3_patrol_server.py -> /home/t-pi/TB3_RPI4_WS/install/turtlebot3_example/lib/python3.10/site-packages/turtlebot3_example/turtlebot3_patrol_server
[10.910s] copying /home/t-pi/TB3_RPI4_WS/build/turtlebot3_example/build/lib/turtlebot3_example/turtlebot3_patrol_server/main.py -> /home/t-pi/TB3_RPI4_WS/install/turtlebot3_example/lib/python3.10/site-packages/turtlebot3_example/turtlebot3_patrol_server
[10.911s] copying /home/t-pi/TB3_RPI4_WS/build/turtlebot3_example/build/lib/turtlebot3_example/turtlebot3_patrol_server/__init__.py -> /home/t-pi/TB3_RPI4_WS/install/turtlebot3_example/lib/python3.10/site-packages/turtlebot3_example/turtlebot3_patrol_server
[10.912s] copying /home/t-pi/TB3_RPI4_WS/build/turtlebot3_example/build/lib/turtlebot3_example/turtlebot3_patrol_server/turtlebot3_path.py -> /home/t-pi/TB3_RPI4_WS/install/turtlebot3_example/lib/python3.10/site-packages/turtlebot3_example/turtlebot3_patrol_server
[10.913s] byte-compiling /home/t-pi/TB3_RPI4_WS/install/turtlebot3_example/lib/python3.10/site-packages/turtlebot3_example/turtlebot3_obstacle_detection/turtlebot3_obstacle_detection.py to turtlebot3_obstacle_detection.cpython-310.pyc
[10.914s] byte-compiling /home/t-pi/TB3_RPI4_WS/install/turtlebot3_example/lib/python3.10/site-packages/turtlebot3_example/turtlebot3_obstacle_detection/main.py to main.cpython-310.pyc
[10.917s] byte-compiling /home/t-pi/TB3_RPI4_WS/install/turtlebot3_example/lib/python3.10/site-packages/turtlebot3_example/turtlebot3_obstacle_detection/__init__.py to __init__.cpython-310.pyc
[10.919s] byte-compiling /home/t-pi/TB3_RPI4_WS/install/turtlebot3_example/lib/python3.10/site-packages/turtlebot3_example/__init__.py to __init__.cpython-310.pyc
[10.921s] byte-compiling /home/t-pi/TB3_RPI4_WS/install/turtlebot3_example/lib/python3.10/site-packages/turtlebot3_example/turtlebot3_patrol_client/turtlebot3_patrol_client.py to turtlebot3_patrol_client.cpython-310.pyc
[10.926s] byte-compiling /home/t-pi/TB3_RPI4_WS/install/turtlebot3_example/lib/python3.10/site-packages/turtlebot3_example/turtlebot3_patrol_client/main.py to main.cpython-310.pyc
[10.928s] byte-compiling /home/t-pi/TB3_RPI4_WS/install/turtlebot3_example/lib/python3.10/site-packages/turtlebot3_example/turtlebot3_patrol_client/__init__.py to __init__.cpython-310.pyc
[10.931s] byte-compiling /home/t-pi/TB3_RPI4_WS/install/turtlebot3_example/lib/python3.10/site-packages/turtlebot3_example/turtlebot3_position_control/main.py to main.cpython-310.pyc
[10.934s] byte-compiling /home/t-pi/TB3_RPI4_WS/install/turtlebot3_example/lib/python3.10/site-packages/turtlebot3_example/turtlebot3_position_control/turtlebot3_position_control.py to turtlebot3_position_control.cpython-310.pyc
[10.940s] byte-compiling /home/t-pi/TB3_RPI4_WS/install/turtlebot3_example/lib/python3.10/site-packages/turtlebot3_example/turtlebot3_position_control/__init__.py to __init__.cpython-310.pyc
[10.942s] byte-compiling /home/t-pi/TB3_RPI4_WS/install/turtlebot3_example/lib/python3.10/site-packages/turtlebot3_example/turtlebot3_position_control/turtlebot3_path.py to turtlebot3_path.cpython-310.pyc
[10.945s] byte-compiling /home/t-pi/TB3_RPI4_WS/install/turtlebot3_example/lib/python3.10/site-packages/turtlebot3_example/turtlebot3_patrol_server/turtlebot3_patrol_server.py to turtlebot3_patrol_server.cpython-310.pyc
[10.950s] byte-compiling /home/t-pi/TB3_RPI4_WS/install/turtlebot3_example/lib/python3.10/site-packages/turtlebot3_example/turtlebot3_patrol_server/main.py to main.cpython-310.pyc
[10.952s] byte-compiling /home/t-pi/TB3_RPI4_WS/install/turtlebot3_example/lib/python3.10/site-packages/turtlebot3_example/turtlebot3_patrol_server/__init__.py to __init__.cpython-310.pyc
[10.954s] byte-compiling /home/t-pi/TB3_RPI4_WS/install/turtlebot3_example/lib/python3.10/site-packages/turtlebot3_example/turtlebot3_patrol_server/turtlebot3_path.py to turtlebot3_path.cpython-310.pyc
[10.957s] running install_data
[10.960s] creating /home/t-pi/TB3_RPI4_WS/install/turtlebot3_example/share/ament_index
[10.961s] creating /home/t-pi/TB3_RPI4_WS/install/turtlebot3_example/share/ament_index/resource_index
[10.962s] creating /home/t-pi/TB3_RPI4_WS/install/turtlebot3_example/share/ament_index/resource_index/packages
[10.962s] copying resource/turtlebot3_example -> /home/t-pi/TB3_RPI4_WS/install/turtlebot3_example/share/ament_index/resource_index/packages
[10.963s] copying package.xml -> /home/t-pi/TB3_RPI4_WS/install/turtlebot3_example/share/turtlebot3_example
[10.964s] running install_egg_info
[10.974s] Copying ../../../build/turtlebot3_example/turtlebot3_example.egg-info to /home/t-pi/TB3_RPI4_WS/install/turtlebot3_example/lib/python3.10/site-packages/turtlebot3_example-2.1.5-py3.10.egg-info
[10.985s] running install_scripts
[11.094s] Installing turtlebot3_obstacle_detection script to /home/t-pi/TB3_RPI4_WS/install/turtlebot3_example/lib/turtlebot3_example
[11.095s] Installing turtlebot3_patrol_client script to /home/t-pi/TB3_RPI4_WS/install/turtlebot3_example/lib/turtlebot3_example
[11.096s] Installing turtlebot3_patrol_server script to /home/t-pi/TB3_RPI4_WS/install/turtlebot3_example/lib/turtlebot3_example
[11.097s] Installing turtlebot3_position_control script to /home/t-pi/TB3_RPI4_WS/install/turtlebot3_example/lib/turtlebot3_example
[11.102s] writing list of installed files to '/home/t-pi/TB3_RPI4_WS/build/turtlebot3_example/install.log'
[11.260s] Invoked command in '/home/t-pi/TB3_RPI4_WS/src/turtlebot3/turtlebot3_example' returned '0': PYTHONPATH=/home/t-pi/TB3_RPI4_WS/build/turtlebot3_example/prefix_override:/home/t-pi/TB3_RPI4_WS/install/turtlebot3_example/lib/python3.10/site-packages:${PYTHONPATH} /usr/bin/python3 setup.py egg_info --egg-base ../../../build/turtlebot3_example build --build-base /home/t-pi/TB3_RPI4_WS/build/turtlebot3_example/build install --record /home/t-pi/TB3_RPI4_WS/build/turtlebot3_example/install.log --single-version-externally-managed
