[1.923s] DEBUG:colcon:Command line arguments: ['/home/t-pi/.local/bin/colcon', 'list']
[1.923s] DEBUG:colcon:Parsed command line arguments: Namespace(log_base=None, log_level=None, verb_name='list', build_base='build', ignore_user_meta=False, metas=['./colcon.meta'], base_paths=['.'], packages_ignore=None, packages_ignore_regex=None, paths=None, packages_up_to=None, packages_up_to_regex=None, packages_above=None, packages_above_and_dependencies=None, packages_above_depth=None, packages_select_by_dep=None, packages_skip_by_dep=None, packages_skip_up_to=None, packages_select_build_failed=False, packages_skip_build_finished=False, packages_select_test_failures=False, packages_skip_test_passed=False, packages_select=None, packages_skip=None, packages_select_regex=None, packages_skip_regex=None, packages_start=None, packages_end=None, topological_order=False, names_only=False, paths_only=False, topological_graph=False, topological_graph_dot=False, topological_graph_density=False, topological_graph_legend=False, topological_graph_dot_cluster=False, topological_graph_dot_include_skipped=False, verb_parser=<colcon_defaults.argument_parser.defaults.DefaultArgumentsDecorator object at 0xffffba0dab90>, verb_extension=<colcon_package_information.verb.list.ListVerb object at 0xffffba28ba30>, main=<bound method ListVerb.main of <colcon_package_information.verb.list.ListVerb object at 0xffffba28ba30>>)
[2.063s] Level 1:colcon.colcon_core.package_discovery:discover_packages(colcon_meta) check parameters
[2.064s] Level 1:colcon.colcon_core.package_discovery:discover_packages(recursive) check parameters
[2.064s] Level 1:colcon.colcon_core.package_discovery:discover_packages(ignore) check parameters
[2.064s] Level 1:colcon.colcon_core.package_discovery:discover_packages(path) check parameters
[2.065s] Level 1:colcon.colcon_core.package_discovery:discover_packages(colcon_meta) discover
[2.065s] Level 1:colcon.colcon_core.package_discovery:discover_packages(recursive) discover
[2.065s] INFO:colcon.colcon_core.package_discovery:Crawling recursively for packages in '/home/t-pi/TB3_RPI4_WS'
[2.066s] Level 1:colcon.colcon_core.package_identification:_identify(.) by extensions ['ignore', 'ignore_ament_install']
[2.067s] Level 1:colcon.colcon_core.package_identification:_identify(.) by extension 'ignore'
[2.067s] Level 1:colcon.colcon_core.package_identification:_identify(.) by extension 'ignore_ament_install'
[2.068s] Level 1:colcon.colcon_core.package_identification:_identify(.) by extensions ['colcon_pkg']
[2.068s] Level 1:colcon.colcon_core.package_identification:_identify(.) by extension 'colcon_pkg'
[2.068s] Level 1:colcon.colcon_core.package_identification:_identify(.) by extensions ['colcon_meta']
[2.068s] Level 1:colcon.colcon_core.package_identification:_identify(.) by extension 'colcon_meta'
[2.068s] Level 1:colcon.colcon_core.package_identification:_identify(.) by extensions ['ros']
[2.069s] Level 1:colcon.colcon_core.package_identification:_identify(.) by extension 'ros'
[2.118s] Level 1:colcon.colcon_core.package_identification:_identify(.) by extensions ['cmake', 'python']
[2.118s] Level 1:colcon.colcon_core.package_identification:_identify(.) by extension 'cmake'
[2.118s] Level 1:colcon.colcon_core.package_identification:_identify(.) by extension 'python'
[2.119s] Level 1:colcon.colcon_core.package_identification:_identify(.) by extensions ['python_setup_py']
[2.119s] Level 1:colcon.colcon_core.package_identification:_identify(.) by extension 'python_setup_py'
[2.119s] Level 1:colcon.colcon_core.package_identification:_identify(build) by extensions ['ignore', 'ignore_ament_install']
[2.120s] Level 1:colcon.colcon_core.package_identification:_identify(build) by extension 'ignore'
[2.120s] Level 1:colcon.colcon_core.package_identification:_identify(build) ignored
[2.121s] Level 1:colcon.colcon_core.package_identification:_identify(install) by extensions ['ignore', 'ignore_ament_install']
[2.122s] Level 1:colcon.colcon_core.package_identification:_identify(install) by extension 'ignore'
[2.122s] Level 1:colcon.colcon_core.package_identification:_identify(install) ignored
[2.123s] Level 1:colcon.colcon_core.package_identification:_identify(log) by extensions ['ignore', 'ignore_ament_install']
[2.123s] Level 1:colcon.colcon_core.package_identification:_identify(log) by extension 'ignore'
[2.123s] Level 1:colcon.colcon_core.package_identification:_identify(log) ignored
[2.124s] Level 1:colcon.colcon_core.package_identification:_identify(py_rpi_scripts) by extensions ['ignore', 'ignore_ament_install']
[2.124s] Level 1:colcon.colcon_core.package_identification:_identify(py_rpi_scripts) by extension 'ignore'
[2.124s] Level 1:colcon.colcon_core.package_identification:_identify(py_rpi_scripts) by extension 'ignore_ament_install'
[2.125s] Level 1:colcon.colcon_core.package_identification:_identify(py_rpi_scripts) by extensions ['colcon_pkg']
[2.125s] Level 1:colcon.colcon_core.package_identification:_identify(py_rpi_scripts) by extension 'colcon_pkg'
[2.125s] Level 1:colcon.colcon_core.package_identification:_identify(py_rpi_scripts) by extensions ['colcon_meta']
[2.125s] Level 1:colcon.colcon_core.package_identification:_identify(py_rpi_scripts) by extension 'colcon_meta'
[2.126s] Level 1:colcon.colcon_core.package_identification:_identify(py_rpi_scripts) by extensions ['ros']
[2.126s] Level 1:colcon.colcon_core.package_identification:_identify(py_rpi_scripts) by extension 'ros'
[2.126s] Level 1:colcon.colcon_core.package_identification:_identify(py_rpi_scripts) by extensions ['cmake', 'python']
[2.126s] Level 1:colcon.colcon_core.package_identification:_identify(py_rpi_scripts) by extension 'cmake'
[2.126s] Level 1:colcon.colcon_core.package_identification:_identify(py_rpi_scripts) by extension 'python'
[2.127s] Level 1:colcon.colcon_core.package_identification:_identify(py_rpi_scripts) by extensions ['python_setup_py']
[2.127s] Level 1:colcon.colcon_core.package_identification:_identify(py_rpi_scripts) by extension 'python_setup_py'
[2.127s] Level 1:colcon.colcon_core.package_identification:_identify(scripts) by extensions ['ignore', 'ignore_ament_install']
[2.128s] Level 1:colcon.colcon_core.package_identification:_identify(scripts) by extension 'ignore'
[2.128s] Level 1:colcon.colcon_core.package_identification:_identify(scripts) by extension 'ignore_ament_install'
[2.128s] Level 1:colcon.colcon_core.package_identification:_identify(scripts) by extensions ['colcon_pkg']
[2.128s] Level 1:colcon.colcon_core.package_identification:_identify(scripts) by extension 'colcon_pkg'
[2.129s] Level 1:colcon.colcon_core.package_identification:_identify(scripts) by extensions ['colcon_meta']
[2.129s] Level 1:colcon.colcon_core.package_identification:_identify(scripts) by extension 'colcon_meta'
[2.129s] Level 1:colcon.colcon_core.package_identification:_identify(scripts) by extensions ['ros']
[2.129s] Level 1:colcon.colcon_core.package_identification:_identify(scripts) by extension 'ros'
[2.130s] Level 1:colcon.colcon_core.package_identification:_identify(scripts) by extensions ['cmake', 'python']
[2.130s] Level 1:colcon.colcon_core.package_identification:_identify(scripts) by extension 'cmake'
[2.130s] Level 1:colcon.colcon_core.package_identification:_identify(scripts) by extension 'python'
[2.130s] Level 1:colcon.colcon_core.package_identification:_identify(scripts) by extensions ['python_setup_py']
[2.130s] Level 1:colcon.colcon_core.package_identification:_identify(scripts) by extension 'python_setup_py'
[2.131s] Level 1:colcon.colcon_core.package_identification:_identify(src) by extensions ['ignore', 'ignore_ament_install']
[2.131s] Level 1:colcon.colcon_core.package_identification:_identify(src) by extension 'ignore'
[2.131s] Level 1:colcon.colcon_core.package_identification:_identify(src) by extension 'ignore_ament_install'
[2.132s] Level 1:colcon.colcon_core.package_identification:_identify(src) by extensions ['colcon_pkg']
[2.132s] Level 1:colcon.colcon_core.package_identification:_identify(src) by extension 'colcon_pkg'
[2.132s] Level 1:colcon.colcon_core.package_identification:_identify(src) by extensions ['colcon_meta']
[2.132s] Level 1:colcon.colcon_core.package_identification:_identify(src) by extension 'colcon_meta'
[2.133s] Level 1:colcon.colcon_core.package_identification:_identify(src) by extensions ['ros']
[2.133s] Level 1:colcon.colcon_core.package_identification:_identify(src) by extension 'ros'
[2.133s] Level 1:colcon.colcon_core.package_identification:_identify(src) by extensions ['cmake', 'python']
[2.133s] Level 1:colcon.colcon_core.package_identification:_identify(src) by extension 'cmake'
[2.133s] Level 1:colcon.colcon_core.package_identification:_identify(src) by extension 'python'
[2.134s] Level 1:colcon.colcon_core.package_identification:_identify(src) by extensions ['python_setup_py']
[2.134s] Level 1:colcon.colcon_core.package_identification:_identify(src) by extension 'python_setup_py'
[2.134s] Level 1:colcon.colcon_core.package_identification:_identify(src/cv_camera) by extensions ['ignore', 'ignore_ament_install']
[2.135s] Level 1:colcon.colcon_core.package_identification:_identify(src/cv_camera) by extension 'ignore'
[2.135s] Level 1:colcon.colcon_core.package_identification:_identify(src/cv_camera) by extension 'ignore_ament_install'
[2.135s] Level 1:colcon.colcon_core.package_identification:_identify(src/cv_camera) by extensions ['colcon_pkg']
[2.136s] Level 1:colcon.colcon_core.package_identification:_identify(src/cv_camera) by extension 'colcon_pkg'
[2.136s] Level 1:colcon.colcon_core.package_identification:_identify(src/cv_camera) by extensions ['colcon_meta']
[2.136s] Level 1:colcon.colcon_core.package_identification:_identify(src/cv_camera) by extension 'colcon_meta'
[2.136s] Level 1:colcon.colcon_core.package_identification:_identify(src/cv_camera) by extensions ['ros']
[2.136s] Level 1:colcon.colcon_core.package_identification:_identify(src/cv_camera) by extension 'ros'
[2.146s] DEBUG:colcon.colcon_core.package_identification:Package 'src/cv_camera' with type 'ros.ament_cmake' and name 'cv_camera'
[2.147s] Level 1:colcon.colcon_core.package_identification:_identify(src/image_transport_plugins) by extensions ['ignore', 'ignore_ament_install']
[2.147s] Level 1:colcon.colcon_core.package_identification:_identify(src/image_transport_plugins) by extension 'ignore'
[2.147s] Level 1:colcon.colcon_core.package_identification:_identify(src/image_transport_plugins) by extension 'ignore_ament_install'
[2.148s] Level 1:colcon.colcon_core.package_identification:_identify(src/image_transport_plugins) by extensions ['colcon_pkg']
[2.148s] Level 1:colcon.colcon_core.package_identification:_identify(src/image_transport_plugins) by extension 'colcon_pkg'
[2.148s] Level 1:colcon.colcon_core.package_identification:_identify(src/image_transport_plugins) by extensions ['colcon_meta']
[2.148s] Level 1:colcon.colcon_core.package_identification:_identify(src/image_transport_plugins) by extension 'colcon_meta'
[2.149s] Level 1:colcon.colcon_core.package_identification:_identify(src/image_transport_plugins) by extensions ['ros']
[2.149s] Level 1:colcon.colcon_core.package_identification:_identify(src/image_transport_plugins) by extension 'ros'
[2.149s] Level 1:colcon.colcon_core.package_identification:_identify(src/image_transport_plugins) by extensions ['cmake', 'python']
[2.149s] Level 1:colcon.colcon_core.package_identification:_identify(src/image_transport_plugins) by extension 'cmake'
[2.150s] Level 1:colcon.colcon_core.package_identification:_identify(src/image_transport_plugins) by extension 'python'
[2.150s] Level 1:colcon.colcon_core.package_identification:_identify(src/image_transport_plugins) by extensions ['python_setup_py']
[2.150s] Level 1:colcon.colcon_core.package_identification:_identify(src/image_transport_plugins) by extension 'python_setup_py'
[2.151s] Level 1:colcon.colcon_core.package_identification:_identify(src/image_transport_plugins/compressed_depth_image_transport) by extensions ['ignore', 'ignore_ament_install']
[2.151s] Level 1:colcon.colcon_core.package_identification:_identify(src/image_transport_plugins/compressed_depth_image_transport) by extension 'ignore'
[2.151s] Level 1:colcon.colcon_core.package_identification:_identify(src/image_transport_plugins/compressed_depth_image_transport) by extension 'ignore_ament_install'
[2.152s] Level 1:colcon.colcon_core.package_identification:_identify(src/image_transport_plugins/compressed_depth_image_transport) by extensions ['colcon_pkg']
[2.152s] Level 1:colcon.colcon_core.package_identification:_identify(src/image_transport_plugins/compressed_depth_image_transport) by extension 'colcon_pkg'
[2.152s] Level 1:colcon.colcon_core.package_identification:_identify(src/image_transport_plugins/compressed_depth_image_transport) by extensions ['colcon_meta']
[2.152s] Level 1:colcon.colcon_core.package_identification:_identify(src/image_transport_plugins/compressed_depth_image_transport) by extension 'colcon_meta'
[2.153s] Level 1:colcon.colcon_core.package_identification:_identify(src/image_transport_plugins/compressed_depth_image_transport) by extensions ['ros']
[2.153s] Level 1:colcon.colcon_core.package_identification:_identify(src/image_transport_plugins/compressed_depth_image_transport) by extension 'ros'
[2.156s] DEBUG:colcon.colcon_core.package_identification:Package 'src/image_transport_plugins/compressed_depth_image_transport' with type 'ros.ament_cmake' and name 'compressed_depth_image_transport'
[2.157s] Level 1:colcon.colcon_core.package_identification:_identify(src/image_transport_plugins/compressed_image_transport) by extensions ['ignore', 'ignore_ament_install']
[2.157s] Level 1:colcon.colcon_core.package_identification:_identify(src/image_transport_plugins/compressed_image_transport) by extension 'ignore'
[2.158s] Level 1:colcon.colcon_core.package_identification:_identify(src/image_transport_plugins/compressed_image_transport) by extension 'ignore_ament_install'
[2.158s] Level 1:colcon.colcon_core.package_identification:_identify(src/image_transport_plugins/compressed_image_transport) by extensions ['colcon_pkg']
[2.158s] Level 1:colcon.colcon_core.package_identification:_identify(src/image_transport_plugins/compressed_image_transport) by extension 'colcon_pkg'
[2.158s] Level 1:colcon.colcon_core.package_identification:_identify(src/image_transport_plugins/compressed_image_transport) by extensions ['colcon_meta']
[2.159s] Level 1:colcon.colcon_core.package_identification:_identify(src/image_transport_plugins/compressed_image_transport) by extension 'colcon_meta'
[2.159s] Level 1:colcon.colcon_core.package_identification:_identify(src/image_transport_plugins/compressed_image_transport) by extensions ['ros']
[2.159s] Level 1:colcon.colcon_core.package_identification:_identify(src/image_transport_plugins/compressed_image_transport) by extension 'ros'
[2.162s] DEBUG:colcon.colcon_core.package_identification:Package 'src/image_transport_plugins/compressed_image_transport' with type 'ros.ament_cmake' and name 'compressed_image_transport'
[2.163s] Level 1:colcon.colcon_core.package_identification:_identify(src/image_transport_plugins/image_transport_plugins) by extensions ['ignore', 'ignore_ament_install']
[2.163s] Level 1:colcon.colcon_core.package_identification:_identify(src/image_transport_plugins/image_transport_plugins) by extension 'ignore'
[2.163s] Level 1:colcon.colcon_core.package_identification:_identify(src/image_transport_plugins/image_transport_plugins) by extension 'ignore_ament_install'
[2.164s] Level 1:colcon.colcon_core.package_identification:_identify(src/image_transport_plugins/image_transport_plugins) by extensions ['colcon_pkg']
[2.164s] Level 1:colcon.colcon_core.package_identification:_identify(src/image_transport_plugins/image_transport_plugins) by extension 'colcon_pkg'
[2.164s] Level 1:colcon.colcon_core.package_identification:_identify(src/image_transport_plugins/image_transport_plugins) by extensions ['colcon_meta']
[2.164s] Level 1:colcon.colcon_core.package_identification:_identify(src/image_transport_plugins/image_transport_plugins) by extension 'colcon_meta'
[2.165s] Level 1:colcon.colcon_core.package_identification:_identify(src/image_transport_plugins/image_transport_plugins) by extensions ['ros']
[2.165s] Level 1:colcon.colcon_core.package_identification:_identify(src/image_transport_plugins/image_transport_plugins) by extension 'ros'
[2.167s] DEBUG:colcon.colcon_core.package_identification:Package 'src/image_transport_plugins/image_transport_plugins' with type 'ros.ament_cmake' and name 'image_transport_plugins'
[2.168s] Level 1:colcon.colcon_core.package_identification:_identify(src/image_transport_plugins/theora_image_transport) by extensions ['ignore', 'ignore_ament_install']
[2.169s] Level 1:colcon.colcon_core.package_identification:_identify(src/image_transport_plugins/theora_image_transport) by extension 'ignore'
[2.169s] Level 1:colcon.colcon_core.package_identification:_identify(src/image_transport_plugins/theora_image_transport) by extension 'ignore_ament_install'
[2.169s] Level 1:colcon.colcon_core.package_identification:_identify(src/image_transport_plugins/theora_image_transport) by extensions ['colcon_pkg']
[2.169s] Level 1:colcon.colcon_core.package_identification:_identify(src/image_transport_plugins/theora_image_transport) by extension 'colcon_pkg'
[2.170s] Level 1:colcon.colcon_core.package_identification:_identify(src/image_transport_plugins/theora_image_transport) by extensions ['colcon_meta']
[2.170s] Level 1:colcon.colcon_core.package_identification:_identify(src/image_transport_plugins/theora_image_transport) by extension 'colcon_meta'
[2.170s] Level 1:colcon.colcon_core.package_identification:_identify(src/image_transport_plugins/theora_image_transport) by extensions ['ros']
[2.170s] Level 1:colcon.colcon_core.package_identification:_identify(src/image_transport_plugins/theora_image_transport) by extension 'ros'
[2.177s] DEBUG:colcon.colcon_core.package_identification:Package 'src/image_transport_plugins/theora_image_transport' with type 'ros.ament_cmake' and name 'theora_image_transport'
[2.177s] Level 1:colcon.colcon_core.package_identification:_identify(src/ld08_driver) by extensions ['ignore', 'ignore_ament_install']
[2.178s] Level 1:colcon.colcon_core.package_identification:_identify(src/ld08_driver) by extension 'ignore'
[2.178s] Level 1:colcon.colcon_core.package_identification:_identify(src/ld08_driver) by extension 'ignore_ament_install'
[2.178s] Level 1:colcon.colcon_core.package_identification:_identify(src/ld08_driver) by extensions ['colcon_pkg']
[2.179s] Level 1:colcon.colcon_core.package_identification:_identify(src/ld08_driver) by extension 'colcon_pkg'
[2.179s] Level 1:colcon.colcon_core.package_identification:_identify(src/ld08_driver) by extensions ['colcon_meta']
[2.179s] Level 1:colcon.colcon_core.package_identification:_identify(src/ld08_driver) by extension 'colcon_meta'
[2.179s] Level 1:colcon.colcon_core.package_identification:_identify(src/ld08_driver) by extensions ['ros']
[2.179s] Level 1:colcon.colcon_core.package_identification:_identify(src/ld08_driver) by extension 'ros'
[2.182s] DEBUG:colcon.colcon_core.package_identification:Package 'src/ld08_driver' with type 'ros.ament_cmake' and name 'ld08_driver'
[2.183s] Level 1:colcon.colcon_core.package_identification:_identify(src/rpi_temprature) by extensions ['ignore', 'ignore_ament_install']
[2.183s] Level 1:colcon.colcon_core.package_identification:_identify(src/rpi_temprature) by extension 'ignore'
[2.184s] Level 1:colcon.colcon_core.package_identification:_identify(src/rpi_temprature) by extension 'ignore_ament_install'
[2.184s] Level 1:colcon.colcon_core.package_identification:_identify(src/rpi_temprature) by extensions ['colcon_pkg']
[2.184s] Level 1:colcon.colcon_core.package_identification:_identify(src/rpi_temprature) by extension 'colcon_pkg'
[2.185s] Level 1:colcon.colcon_core.package_identification:_identify(src/rpi_temprature) by extensions ['colcon_meta']
[2.185s] Level 1:colcon.colcon_core.package_identification:_identify(src/rpi_temprature) by extension 'colcon_meta'
[2.185s] Level 1:colcon.colcon_core.package_identification:_identify(src/rpi_temprature) by extensions ['ros']
[2.185s] Level 1:colcon.colcon_core.package_identification:_identify(src/rpi_temprature) by extension 'ros'
[2.187s] DEBUG:colcon.colcon_core.package_identification:Package 'src/rpi_temprature' with type 'ros.ament_python' and name 'rpi_temprature'
[2.188s] Level 1:colcon.colcon_core.package_identification:_identify(src/turtlebot3) by extensions ['ignore', 'ignore_ament_install']
[2.188s] Level 1:colcon.colcon_core.package_identification:_identify(src/turtlebot3) by extension 'ignore'
[2.189s] Level 1:colcon.colcon_core.package_identification:_identify(src/turtlebot3) by extension 'ignore_ament_install'
[2.189s] Level 1:colcon.colcon_core.package_identification:_identify(src/turtlebot3) by extensions ['colcon_pkg']
[2.189s] Level 1:colcon.colcon_core.package_identification:_identify(src/turtlebot3) by extension 'colcon_pkg'
[2.189s] Level 1:colcon.colcon_core.package_identification:_identify(src/turtlebot3) by extensions ['colcon_meta']
[2.190s] Level 1:colcon.colcon_core.package_identification:_identify(src/turtlebot3) by extension 'colcon_meta'
[2.190s] Level 1:colcon.colcon_core.package_identification:_identify(src/turtlebot3) by extensions ['ros']
[2.190s] Level 1:colcon.colcon_core.package_identification:_identify(src/turtlebot3) by extension 'ros'
[2.190s] Level 1:colcon.colcon_core.package_identification:_identify(src/turtlebot3) by extensions ['cmake', 'python']
[2.191s] Level 1:colcon.colcon_core.package_identification:_identify(src/turtlebot3) by extension 'cmake'
[2.191s] Level 1:colcon.colcon_core.package_identification:_identify(src/turtlebot3) by extension 'python'
[2.191s] Level 1:colcon.colcon_core.package_identification:_identify(src/turtlebot3) by extensions ['python_setup_py']
[2.191s] Level 1:colcon.colcon_core.package_identification:_identify(src/turtlebot3) by extension 'python_setup_py'
[2.192s] Level 1:colcon.colcon_core.package_identification:_identify(src/turtlebot3/turtlebot3) by extensions ['ignore', 'ignore_ament_install']
[2.192s] Level 1:colcon.colcon_core.package_identification:_identify(src/turtlebot3/turtlebot3) by extension 'ignore'
[2.192s] Level 1:colcon.colcon_core.package_identification:_identify(src/turtlebot3/turtlebot3) by extension 'ignore_ament_install'
[2.193s] Level 1:colcon.colcon_core.package_identification:_identify(src/turtlebot3/turtlebot3) by extensions ['colcon_pkg']
[2.193s] Level 1:colcon.colcon_core.package_identification:_identify(src/turtlebot3/turtlebot3) by extension 'colcon_pkg'
[2.193s] Level 1:colcon.colcon_core.package_identification:_identify(src/turtlebot3/turtlebot3) by extensions ['colcon_meta']
[2.193s] Level 1:colcon.colcon_core.package_identification:_identify(src/turtlebot3/turtlebot3) by extension 'colcon_meta'
[2.193s] Level 1:colcon.colcon_core.package_identification:_identify(src/turtlebot3/turtlebot3) by extensions ['ros']
[2.194s] Level 1:colcon.colcon_core.package_identification:_identify(src/turtlebot3/turtlebot3) by extension 'ros'
[2.197s] DEBUG:colcon.colcon_core.package_identification:Package 'src/turtlebot3/turtlebot3' with type 'ros.ament_cmake' and name 'turtlebot3'
[2.198s] Level 1:colcon.colcon_core.package_identification:_identify(src/turtlebot3/turtlebot3_bringup) by extensions ['ignore', 'ignore_ament_install']
[2.198s] Level 1:colcon.colcon_core.package_identification:_identify(src/turtlebot3/turtlebot3_bringup) by extension 'ignore'
[2.198s] Level 1:colcon.colcon_core.package_identification:_identify(src/turtlebot3/turtlebot3_bringup) by extension 'ignore_ament_install'
[2.199s] Level 1:colcon.colcon_core.package_identification:_identify(src/turtlebot3/turtlebot3_bringup) by extensions ['colcon_pkg']
[2.199s] Level 1:colcon.colcon_core.package_identification:_identify(src/turtlebot3/turtlebot3_bringup) by extension 'colcon_pkg'
[2.199s] Level 1:colcon.colcon_core.package_identification:_identify(src/turtlebot3/turtlebot3_bringup) by extensions ['colcon_meta']
[2.199s] Level 1:colcon.colcon_core.package_identification:_identify(src/turtlebot3/turtlebot3_bringup) by extension 'colcon_meta'
[2.200s] Level 1:colcon.colcon_core.package_identification:_identify(src/turtlebot3/turtlebot3_bringup) by extensions ['ros']
[2.200s] Level 1:colcon.colcon_core.package_identification:_identify(src/turtlebot3/turtlebot3_bringup) by extension 'ros'
[2.202s] DEBUG:colcon.colcon_core.package_identification:Package 'src/turtlebot3/turtlebot3_bringup' with type 'ros.ament_cmake' and name 'turtlebot3_bringup'
[2.203s] Level 1:colcon.colcon_core.package_identification:_identify(src/turtlebot3/turtlebot3_description) by extensions ['ignore', 'ignore_ament_install']
[2.204s] Level 1:colcon.colcon_core.package_identification:_identify(src/turtlebot3/turtlebot3_description) by extension 'ignore'
[2.204s] Level 1:colcon.colcon_core.package_identification:_identify(src/turtlebot3/turtlebot3_description) by extension 'ignore_ament_install'
[2.204s] Level 1:colcon.colcon_core.package_identification:_identify(src/turtlebot3/turtlebot3_description) by extensions ['colcon_pkg']
[2.204s] Level 1:colcon.colcon_core.package_identification:_identify(src/turtlebot3/turtlebot3_description) by extension 'colcon_pkg'
[2.205s] Level 1:colcon.colcon_core.package_identification:_identify(src/turtlebot3/turtlebot3_description) by extensions ['colcon_meta']
[2.205s] Level 1:colcon.colcon_core.package_identification:_identify(src/turtlebot3/turtlebot3_description) by extension 'colcon_meta'
[2.205s] Level 1:colcon.colcon_core.package_identification:_identify(src/turtlebot3/turtlebot3_description) by extensions ['ros']
[2.205s] Level 1:colcon.colcon_core.package_identification:_identify(src/turtlebot3/turtlebot3_description) by extension 'ros'
[2.212s] DEBUG:colcon.colcon_core.package_identification:Package 'src/turtlebot3/turtlebot3_description' with type 'ros.ament_cmake' and name 'turtlebot3_description'
[2.213s] Level 1:colcon.colcon_core.package_identification:_identify(src/turtlebot3/turtlebot3_example) by extensions ['ignore', 'ignore_ament_install']
[2.213s] Level 1:colcon.colcon_core.package_identification:_identify(src/turtlebot3/turtlebot3_example) by extension 'ignore'
[2.214s] Level 1:colcon.colcon_core.package_identification:_identify(src/turtlebot3/turtlebot3_example) by extension 'ignore_ament_install'
[2.214s] Level 1:colcon.colcon_core.package_identification:_identify(src/turtlebot3/turtlebot3_example) by extensions ['colcon_pkg']
[2.214s] Level 1:colcon.colcon_core.package_identification:_identify(src/turtlebot3/turtlebot3_example) by extension 'colcon_pkg'
[2.214s] Level 1:colcon.colcon_core.package_identification:_identify(src/turtlebot3/turtlebot3_example) by extensions ['colcon_meta']
[2.215s] Level 1:colcon.colcon_core.package_identification:_identify(src/turtlebot3/turtlebot3_example) by extension 'colcon_meta'
[2.215s] Level 1:colcon.colcon_core.package_identification:_identify(src/turtlebot3/turtlebot3_example) by extensions ['ros']
[2.215s] Level 1:colcon.colcon_core.package_identification:_identify(src/turtlebot3/turtlebot3_example) by extension 'ros'
[2.219s] DEBUG:colcon.colcon_core.package_identification:Package 'src/turtlebot3/turtlebot3_example' with type 'ros.ament_python' and name 'turtlebot3_example'
[2.220s] Level 1:colcon.colcon_core.package_identification:_identify(src/turtlebot3/turtlebot3_node) by extensions ['ignore', 'ignore_ament_install']
[2.220s] Level 1:colcon.colcon_core.package_identification:_identify(src/turtlebot3/turtlebot3_node) by extension 'ignore'
[2.220s] Level 1:colcon.colcon_core.package_identification:_identify(src/turtlebot3/turtlebot3_node) by extension 'ignore_ament_install'
[2.221s] Level 1:colcon.colcon_core.package_identification:_identify(src/turtlebot3/turtlebot3_node) by extensions ['colcon_pkg']
[2.221s] Level 1:colcon.colcon_core.package_identification:_identify(src/turtlebot3/turtlebot3_node) by extension 'colcon_pkg'
[2.221s] Level 1:colcon.colcon_core.package_identification:_identify(src/turtlebot3/turtlebot3_node) by extensions ['colcon_meta']
[2.221s] Level 1:colcon.colcon_core.package_identification:_identify(src/turtlebot3/turtlebot3_node) by extension 'colcon_meta'
[2.222s] Level 1:colcon.colcon_core.package_identification:_identify(src/turtlebot3/turtlebot3_node) by extensions ['ros']
[2.222s] Level 1:colcon.colcon_core.package_identification:_identify(src/turtlebot3/turtlebot3_node) by extension 'ros'
[2.228s] DEBUG:colcon.colcon_core.package_identification:Package 'src/turtlebot3/turtlebot3_node' with type 'ros.ament_cmake' and name 'turtlebot3_node'
[2.229s] Level 1:colcon.colcon_core.package_identification:_identify(src/turtlebot3/turtlebot3_teleop) by extensions ['ignore', 'ignore_ament_install']
[2.229s] Level 1:colcon.colcon_core.package_identification:_identify(src/turtlebot3/turtlebot3_teleop) by extension 'ignore'
[2.230s] Level 1:colcon.colcon_core.package_identification:_identify(src/turtlebot3/turtlebot3_teleop) by extension 'ignore_ament_install'
[2.230s] Level 1:colcon.colcon_core.package_identification:_identify(src/turtlebot3/turtlebot3_teleop) by extensions ['colcon_pkg']
[2.230s] Level 1:colcon.colcon_core.package_identification:_identify(src/turtlebot3/turtlebot3_teleop) by extension 'colcon_pkg'
[2.230s] Level 1:colcon.colcon_core.package_identification:_identify(src/turtlebot3/turtlebot3_teleop) by extensions ['colcon_meta']
[2.230s] Level 1:colcon.colcon_core.package_identification:_identify(src/turtlebot3/turtlebot3_teleop) by extension 'colcon_meta'
[2.231s] Level 1:colcon.colcon_core.package_identification:_identify(src/turtlebot3/turtlebot3_teleop) by extensions ['ros']
[2.231s] Level 1:colcon.colcon_core.package_identification:_identify(src/turtlebot3/turtlebot3_teleop) by extension 'ros'
[2.234s] DEBUG:colcon.colcon_core.package_identification:Package 'src/turtlebot3/turtlebot3_teleop' with type 'ros.ament_python' and name 'turtlebot3_teleop'
[2.234s] Level 1:colcon.colcon_core.package_identification:_identify(src/usb_cam) by extensions ['ignore', 'ignore_ament_install']
[2.235s] Level 1:colcon.colcon_core.package_identification:_identify(src/usb_cam) by extension 'ignore'
[2.235s] Level 1:colcon.colcon_core.package_identification:_identify(src/usb_cam) by extension 'ignore_ament_install'
[2.236s] Level 1:colcon.colcon_core.package_identification:_identify(src/usb_cam) by extensions ['colcon_pkg']
[2.236s] Level 1:colcon.colcon_core.package_identification:_identify(src/usb_cam) by extension 'colcon_pkg'
[2.236s] Level 1:colcon.colcon_core.package_identification:_identify(src/usb_cam) by extensions ['colcon_meta']
[2.236s] Level 1:colcon.colcon_core.package_identification:_identify(src/usb_cam) by extension 'colcon_meta'
[2.236s] Level 1:colcon.colcon_core.package_identification:_identify(src/usb_cam) by extensions ['ros']
[2.237s] Level 1:colcon.colcon_core.package_identification:_identify(src/usb_cam) by extension 'ros'
[2.243s] DEBUG:colcon.colcon_core.package_identification:Package 'src/usb_cam' with type 'ros.ament_cmake' and name 'usb_cam'
[2.244s] Level 1:colcon.colcon_core.package_discovery:discover_packages(recursive) using defaults
[2.244s] Level 1:colcon.colcon_core.package_discovery:discover_packages(ignore) discover
[2.244s] Level 1:colcon.colcon_core.package_discovery:discover_packages(ignore) using defaults
[2.244s] Level 1:colcon.colcon_core.package_discovery:discover_packages(path) discover
[2.244s] Level 1:colcon.colcon_core.package_discovery:discover_packages(path) using defaults
