[8.046s] Invoking command in '/home/t-pi/TB3_RPI4_WS/src/rpi_temprature': PYTHONPATH=/home/t-pi/TB3_RPI4_WS/build/rpi_temprature/prefix_override:/home/t-pi/TB3_RPI4_WS/install/rpi_temprature/lib/python3.10/site-packages:${PYTHONPATH} /usr/bin/python3 setup.py egg_info --egg-base ../../build/rpi_temprature build --build-base /home/t-pi/TB3_RPI4_WS/build/rpi_temprature/build install --record /home/t-pi/TB3_RPI4_WS/build/rpi_temprature/install.log --single-version-externally-managed
[10.786s] running egg_info
[10.790s] writing ../../build/rpi_temprature/rpi_temprature.egg-info/PKG-INFO
[10.803s] writing dependency_links to ../../build/rpi_temprature/rpi_temprature.egg-info/dependency_links.txt
[10.805s] writing entry points to ../../build/rpi_temprature/rpi_temprature.egg-info/entry_points.txt
[10.806s] writing requirements to ../../build/rpi_temprature/rpi_temprature.egg-info/requires.txt
[10.807s] writing top-level names to ../../build/rpi_temprature/rpi_temprature.egg-info/top_level.txt
[10.832s] reading manifest file '../../build/rpi_temprature/rpi_temprature.egg-info/SOURCES.txt'
[10.839s] writing manifest file '../../build/rpi_temprature/rpi_temprature.egg-info/SOURCES.txt'
[10.855s] running build
[10.855s] running build_py
[10.858s] running install
[10.858s] /usr/lib/python3/dist-packages/setuptools/command/install.py:34: SetuptoolsDeprecationWarning: setup.py install is deprecated. Use build and pip and other standards-based tools.
[10.859s]   warnings.warn(
[10.860s] running install_lib
[10.869s] running install_data
[10.882s] running install_egg_info
[10.892s] removing '/home/t-pi/TB3_RPI4_WS/install/rpi_temprature/lib/python3.10/site-packages/rpi_temprature-0.0.0-py3.10.egg-info' (and everything under it)
[10.905s] Copying ../../build/rpi_temprature/rpi_temprature.egg-info to /home/t-pi/TB3_RPI4_WS/install/rpi_temprature/lib/python3.10/site-packages/rpi_temprature-0.0.0-py3.10.egg-info
[10.928s] running install_scripts
[11.069s] Installing rpi_get_temprature script to /home/t-pi/TB3_RPI4_WS/install/rpi_temprature/lib/rpi_temprature
[11.072s] writing list of installed files to '/home/t-pi/TB3_RPI4_WS/build/rpi_temprature/install.log'
[11.257s] Invoked command in '/home/t-pi/TB3_RPI4_WS/src/rpi_temprature' returned '0': PYTHONPATH=/home/t-pi/TB3_RPI4_WS/build/rpi_temprature/prefix_override:/home/t-pi/TB3_RPI4_WS/install/rpi_temprature/lib/python3.10/site-packages:${PYTHONPATH} /usr/bin/python3 setup.py egg_info --egg-base ../../build/rpi_temprature build --build-base /home/t-pi/TB3_RPI4_WS/build/rpi_temprature/build install --record /home/t-pi/TB3_RPI4_WS/build/rpi_temprature/install.log --single-version-externally-managed
