[0.073s] Invoking command in '/home/t-pi/TB3_RPI4_WS/build/ld08_driver': CMAKE_PREFIX_PATH=${CMAKE_PREFIX_PATH}:/home/t-pi/turtlebot3_ws/install/turtlebot3_teleop:/home/t-pi/turtlebot3_ws/install/turtlebot3_example:/home/t-pi/turtlebot3_ws/install/rpi_temprature:/home/t-pi/turtlebot3_ws/install/RPI_temprature:/opt/ros/humble /usr/bin/cmake /home/t-pi/TB3_RPI4_WS/src/ld08_driver -DCMAKE_INSTALL_PREFIX=/home/t-pi/TB3_RPI4_WS/install/ld08_driver
[0.492s] -- The C compiler identification is GNU 11.3.0
[0.917s] -- The CXX compiler identification is GNU 11.3.0
[0.957s] -- Detecting C compiler ABI info
[1.359s] -- Detecting C compiler ABI info - done
[1.392s] -- Check for working C compiler: /usr/bin/cc - skipped
[1.394s] -- Detecting C compile features
[1.397s] -- Detecting C compile features - done
[1.414s] -- Detecting CXX compiler ABI info
[1.831s] -- Detecting CXX compiler ABI info - done
[1.863s] -- Check for working CXX compiler: /usr/bin/c++ - skipped
[1.864s] -- Detecting CXX compile features
[1.867s] -- Detecting CXX compile features - done
[1.897s] -- Found ament_cmake: 1.3.5 (/opt/ros/humble/share/ament_cmake/cmake)
[2.994s] -- Found Python3: /usr/bin/python3.10 (found version "3.10.6") found components: Interpreter 
[3.721s] -- Found rclcpp: 16.0.4 (/opt/ros/humble/share/rclcpp/cmake)
[4.169s] -- Found rosidl_generator_c: 3.1.4 (/opt/ros/humble/share/rosidl_generator_c/cmake)
[4.227s] -- Found rosidl_adapter: 3.1.4 (/opt/ros/humble/share/rosidl_adapter/cmake)
[4.307s] -- Found rosidl_generator_cpp: 3.1.4 (/opt/ros/humble/share/rosidl_generator_cpp/cmake)
[4.420s] -- Using all available rosidl_typesupport_c: rosidl_typesupport_fastrtps_c;rosidl_typesupport_introspection_c
[4.585s] -- Using all available rosidl_typesupport_cpp: rosidl_typesupport_fastrtps_cpp;rosidl_typesupport_introspection_cpp
[5.137s] -- Found rmw_implementation_cmake: 6.1.1 (/opt/ros/humble/share/rmw_implementation_cmake/cmake)
[5.170s] -- Found rmw_fastrtps_cpp: 6.2.2 (/opt/ros/humble/share/rmw_fastrtps_cpp/cmake)
[6.091s] -- Found OpenSSL: /usr/lib/aarch64-linux-gnu/libcrypto.so (found version "3.0.2")  
[6.401s] -- Found FastRTPS: /opt/ros/humble/include  
[6.935s] -- Using RMW implementation 'rmw_fastrtps_cpp' as default
[7.044s] -- Looking for pthread.h
[7.500s] -- Looking for pthread.h - found
[7.504s] -- Performing Test CMAKE_HAVE_LIBC_PTHREAD
[7.952s] -- Performing Test CMAKE_HAVE_LIBC_PTHREAD - Success
[7.957s] -- Found Threads: TRUE  
[8.896s] -- Found sensor_msgs: 4.2.3 (/opt/ros/humble/share/sensor_msgs/cmake)
[9.717s] -- Found Boost: /usr/lib/aarch64-linux-gnu/cmake/Boost-1.74.0/BoostConfig.cmake (found version "1.74.0") found components: system 
[9.759s] -- Found ament_lint_auto: 0.12.6 (/opt/ros/humble/share/ament_lint_auto/cmake)
[10.238s] -- Configuring done
[10.319s] -- Generating done
[10.329s] -- Build files have been written to: /home/t-pi/TB3_RPI4_WS/build/ld08_driver
[10.381s] Invoked command in '/home/t-pi/TB3_RPI4_WS/build/ld08_driver' returned '0': CMAKE_PREFIX_PATH=${CMAKE_PREFIX_PATH}:/home/t-pi/turtlebot3_ws/install/turtlebot3_teleop:/home/t-pi/turtlebot3_ws/install/turtlebot3_example:/home/t-pi/turtlebot3_ws/install/rpi_temprature:/home/t-pi/turtlebot3_ws/install/RPI_temprature:/opt/ros/humble /usr/bin/cmake /home/t-pi/TB3_RPI4_WS/src/ld08_driver -DCMAKE_INSTALL_PREFIX=/home/t-pi/TB3_RPI4_WS/install/ld08_driver
[10.383s] Invoking command in '/home/t-pi/TB3_RPI4_WS/build/ld08_driver': CMAKE_PREFIX_PATH=${CMAKE_PREFIX_PATH}:/home/t-pi/turtlebot3_ws/install/turtlebot3_teleop:/home/t-pi/turtlebot3_ws/install/turtlebot3_example:/home/t-pi/turtlebot3_ws/install/rpi_temprature:/home/t-pi/turtlebot3_ws/install/RPI_temprature:/opt/ros/humble /usr/bin/cmake --build /home/t-pi/TB3_RPI4_WS/build/ld08_driver -- -j4 -l4
[10.648s] [ 16%] [32mBuilding CXX object CMakeFiles/ld08_driver.dir/src/cmd_interface_linux.cpp.o[0m
[15.575s] [ 33%] [32mBuilding CXX object CMakeFiles/ld08_driver.dir/src/slbf.cpp.o[0m
[35.118s] [ 50%] [32mBuilding CXX object CMakeFiles/ld08_driver.dir/src/transform.cpp.o[0m
[50.883s] [01m[K/home/t-pi/TB3_RPI4_WS/src/ld08_driver/src/transform.cpp:[m[K In constructor ‘[01m[KSlTransform::SlTransform(LDVersion, bool)[m[K’:
[50.884s] [01m[K/home/t-pi/TB3_RPI4_WS/src/ld08_driver/src/transform.cpp:30:50:[m[K [01;35m[Kwarning: [m[Kunused parameter ‘[01m[Kto_right_hand[m[K’ [[01;35m[K]8;;https://gcc.gnu.org/onlinedocs/gcc/Warning-Options.html#index-Wunused-parameter-Wunused-parameter]8;;[m[K]
[50.885s]    30 | SlTransform::SlTransform(LDVersion version, [01;35m[Kbool to_right_hand[m[K)
[50.886s]       |                                             [01;35m[K~~~~~^~~~~~~~~~~~~[m[K
[54.139s] [ 66%] [32mBuilding CXX object CMakeFiles/ld08_driver.dir/src/main.cpp.o[0m
[80.672s] [ 83%] [32mBuilding CXX object CMakeFiles/ld08_driver.dir/src/lipkg.cpp.o[0m
[97.815s] [100%] [32m[1mLinking CXX executable ld08_driver[0m
[99.099s] [100%] Built target ld08_driver
[99.153s] Invoked command in '/home/t-pi/TB3_RPI4_WS/build/ld08_driver' returned '0': CMAKE_PREFIX_PATH=${CMAKE_PREFIX_PATH}:/home/t-pi/turtlebot3_ws/install/turtlebot3_teleop:/home/t-pi/turtlebot3_ws/install/turtlebot3_example:/home/t-pi/turtlebot3_ws/install/rpi_temprature:/home/t-pi/turtlebot3_ws/install/RPI_temprature:/opt/ros/humble /usr/bin/cmake --build /home/t-pi/TB3_RPI4_WS/build/ld08_driver -- -j4 -l4
[99.403s] Invoking command in '/home/t-pi/TB3_RPI4_WS/build/ld08_driver': CMAKE_PREFIX_PATH=${CMAKE_PREFIX_PATH}:/home/t-pi/turtlebot3_ws/install/turtlebot3_teleop:/home/t-pi/turtlebot3_ws/install/turtlebot3_example:/home/t-pi/turtlebot3_ws/install/rpi_temprature:/home/t-pi/turtlebot3_ws/install/RPI_temprature:/opt/ros/humble /usr/bin/cmake --install /home/t-pi/TB3_RPI4_WS/build/ld08_driver
[99.437s] -- Install configuration: ""
[99.438s] -- Installing: /home/t-pi/TB3_RPI4_WS/install/ld08_driver/share/ld08_driver/launch
[99.443s] -- Installing: /home/t-pi/TB3_RPI4_WS/install/ld08_driver/share/ld08_driver/launch/ld08.launch.py
[99.447s] -- Installing: /home/t-pi/TB3_RPI4_WS/install/ld08_driver/lib/ld08_driver/ld08_driver
[99.460s] -- Set runtime path of "/home/t-pi/TB3_RPI4_WS/install/ld08_driver/lib/ld08_driver/ld08_driver" to ""
[99.462s] -- Installing: /home/t-pi/TB3_RPI4_WS/install/ld08_driver/share/ament_index/resource_index/package_run_dependencies/ld08_driver
[99.464s] -- Installing: /home/t-pi/TB3_RPI4_WS/install/ld08_driver/share/ament_index/resource_index/parent_prefix_path/ld08_driver
[99.467s] -- Installing: /home/t-pi/TB3_RPI4_WS/install/ld08_driver/share/ld08_driver/environment/ament_prefix_path.sh
[99.469s] -- Installing: /home/t-pi/TB3_RPI4_WS/install/ld08_driver/share/ld08_driver/environment/ament_prefix_path.dsv
[99.470s] -- Installing: /home/t-pi/TB3_RPI4_WS/install/ld08_driver/share/ld08_driver/environment/path.sh
[99.472s] -- Installing: /home/t-pi/TB3_RPI4_WS/install/ld08_driver/share/ld08_driver/environment/path.dsv
[99.474s] -- Installing: /home/t-pi/TB3_RPI4_WS/install/ld08_driver/share/ld08_driver/local_setup.bash
[99.475s] -- Installing: /home/t-pi/TB3_RPI4_WS/install/ld08_driver/share/ld08_driver/local_setup.sh
[99.477s] -- Installing: /home/t-pi/TB3_RPI4_WS/install/ld08_driver/share/ld08_driver/local_setup.zsh
[99.479s] -- Installing: /home/t-pi/TB3_RPI4_WS/install/ld08_driver/share/ld08_driver/local_setup.dsv
[99.480s] -- Installing: /home/t-pi/TB3_RPI4_WS/install/ld08_driver/share/ld08_driver/package.dsv
[99.482s] -- Installing: /home/t-pi/TB3_RPI4_WS/install/ld08_driver/share/ament_index/resource_index/packages/ld08_driver
[99.484s] -- Installing: /home/t-pi/TB3_RPI4_WS/install/ld08_driver/share/ld08_driver/cmake/ament_cmake_export_dependencies-extras.cmake
[99.486s] -- Installing: /home/t-pi/TB3_RPI4_WS/install/ld08_driver/share/ld08_driver/cmake/ament_cmake_export_include_directories-extras.cmake
[99.488s] -- Installing: /home/t-pi/TB3_RPI4_WS/install/ld08_driver/share/ld08_driver/cmake/ld08_driverConfig.cmake
[99.489s] -- Installing: /home/t-pi/TB3_RPI4_WS/install/ld08_driver/share/ld08_driver/cmake/ld08_driverConfig-version.cmake
[99.491s] -- Installing: /home/t-pi/TB3_RPI4_WS/install/ld08_driver/share/ld08_driver/package.xml
[99.512s] Invoked command in '/home/t-pi/TB3_RPI4_WS/build/ld08_driver' returned '0': CMAKE_PREFIX_PATH=${CMAKE_PREFIX_PATH}:/home/t-pi/turtlebot3_ws/install/turtlebot3_teleop:/home/t-pi/turtlebot3_ws/install/turtlebot3_example:/home/t-pi/turtlebot3_ws/install/rpi_temprature:/home/t-pi/turtlebot3_ws/install/RPI_temprature:/opt/ros/humble /usr/bin/cmake --install /home/t-pi/TB3_RPI4_WS/build/ld08_driver
