-- The C compiler identification is GNU 11.3.0
-- The CXX compiler identification is GNU 11.3.0
-- Detecting C compiler ABI info
-- Detecting C compiler ABI info - done
-- Check for working C compiler: /usr/bin/cc - skipped
-- Detecting C compile features
-- Detecting C compile features - done
-- Detecting CXX compiler ABI info
-- Detecting CXX compiler ABI info - done
-- Check for working CXX compiler: /usr/bin/c++ - skipped
-- Detecting CXX compile features
-- Detecting CXX compile features - done
-- Found ament_cmake: 1.3.5 (/opt/ros/humble/share/ament_cmake/cmake)
-- Found Python3: /usr/bin/python3.10 (found version "3.10.6") found components: Interpreter 
-- Found OpenCV: /usr (found suitable version "4.5.4", minimum required is "4") 
-- Found sensor_msgs: 4.2.3 (/opt/ros/humble/share/sensor_msgs/cmake)
-- Found rosidl_generator_c: 3.1.4 (/opt/ros/humble/share/rosidl_generator_c/cmake)
-- Found rosidl_adapter: 3.1.4 (/opt/ros/humble/share/rosidl_adapter/cmake)
-- Found rosidl_generator_cpp: 3.1.4 (/opt/ros/humble/share/rosidl_generator_cpp/cmake)
-- Using all available rosidl_typesupport_c: rosidl_typesupport_fastrtps_c;rosidl_typesupport_introspection_c
-- Using all available rosidl_typesupport_cpp: rosidl_typesupport_fastrtps_cpp;rosidl_typesupport_introspection_cpp
-- Found rclcpp: 16.0.4 (/opt/ros/humble/share/rclcpp/cmake)
-- Found rmw_implementation_cmake: 6.1.1 (/opt/ros/humble/share/rmw_implementation_cmake/cmake)
-- Found rmw_fastrtps_cpp: 6.2.2 (/opt/ros/humble/share/rmw_fastrtps_cpp/cmake)
-- Found OpenSSL: /usr/lib/aarch64-linux-gnu/libcrypto.so (found version "3.0.2")  
-- Found FastRTPS: /opt/ros/humble/include  
-- Using RMW implementation 'rmw_fastrtps_cpp' as default
-- Looking for pthread.h
-- Looking for pthread.h - found
-- Performing Test CMAKE_HAVE_LIBC_PTHREAD
-- Performing Test CMAKE_HAVE_LIBC_PTHREAD - Success
-- Found Threads: TRUE  
-- Found image_transport: 3.1.5 (/opt/ros/humble/share/image_transport/cmake)
-- Found cv_bridge: 3.2.1 (/opt/ros/humble/share/cv_bridge/cmake)
-- Found camera_info_manager: 3.1.5 (/opt/ros/humble/share/camera_info_manager/cmake)
-- Found Boost: /usr/lib/aarch64-linux-gnu/cmake/Boost-1.74.0/BoostConfig.cmake (found version "1.74.0") found components: system thread 
-- Configuring done
-- Generating done
-- Build files have been written to: /home/t-pi/TB3_RPI4_WS/build/cv_camera
[ 20%] [32mBuilding CXX object CMakeFiles/cv_camera.dir/src/capture.cpp.o[0m
[ 40%] [32mBuilding CXX object CMakeFiles/cv_camera.dir/src/driver.cpp.o[0m
[ 60%] [32m[1mLinking CXX static library libcv_camera.a[0m
[ 60%] Built target cv_camera
[ 80%] [32mBuilding CXX object CMakeFiles/cv_camera_node.dir/src/cv_camera_node.cpp.o[0m
[100%] [32m[1mLinking CXX executable cv_camera_node[0m
[100%] Built target cv_camera_node
-- Install configuration: ""
-- Installing: /home/t-pi/TB3_RPI4_WS/install/cv_camera/lib/cv_camera/libcv_camera.a
-- Installing: /home/t-pi/TB3_RPI4_WS/install/cv_camera/lib/cv_camera/cv_camera_node
-- Set runtime path of "/home/t-pi/TB3_RPI4_WS/install/cv_camera/lib/cv_camera/cv_camera_node" to ""
-- Installing: /home/t-pi/TB3_RPI4_WS/install/cv_camera/include/
-- Installing: /home/t-pi/TB3_RPI4_WS/install/cv_camera/include//driver.h
-- Installing: /home/t-pi/TB3_RPI4_WS/install/cv_camera/include//exception.h
-- Installing: /home/t-pi/TB3_RPI4_WS/install/cv_camera/include//capture.h
-- Installing: /home/t-pi/TB3_RPI4_WS/install/cv_camera/share/ament_index/resource_index/package_run_dependencies/cv_camera
-- Installing: /home/t-pi/TB3_RPI4_WS/install/cv_camera/share/ament_index/resource_index/parent_prefix_path/cv_camera
-- Installing: /home/t-pi/TB3_RPI4_WS/install/cv_camera/share/cv_camera/environment/ament_prefix_path.sh
-- Installing: /home/t-pi/TB3_RPI4_WS/install/cv_camera/share/cv_camera/environment/ament_prefix_path.dsv
-- Installing: /home/t-pi/TB3_RPI4_WS/install/cv_camera/share/cv_camera/environment/path.sh
-- Installing: /home/t-pi/TB3_RPI4_WS/install/cv_camera/share/cv_camera/environment/path.dsv
-- Installing: /home/t-pi/TB3_RPI4_WS/install/cv_camera/share/cv_camera/local_setup.bash
-- Installing: /home/t-pi/TB3_RPI4_WS/install/cv_camera/share/cv_camera/local_setup.sh
-- Installing: /home/t-pi/TB3_RPI4_WS/install/cv_camera/share/cv_camera/local_setup.zsh
-- Installing: /home/t-pi/TB3_RPI4_WS/install/cv_camera/share/cv_camera/local_setup.dsv
-- Installing: /home/t-pi/TB3_RPI4_WS/install/cv_camera/share/cv_camera/package.dsv
-- Installing: /home/t-pi/TB3_RPI4_WS/install/cv_camera/share/ament_index/resource_index/packages/cv_camera
-- Installing: /home/t-pi/TB3_RPI4_WS/install/cv_camera/share/cv_camera/cmake/cv_cameraConfig.cmake
-- Installing: /home/t-pi/TB3_RPI4_WS/install/cv_camera/share/cv_camera/cmake/cv_cameraConfig-version.cmake
-- Installing: /home/t-pi/TB3_RPI4_WS/install/cv_camera/share/cv_camera/package.xml
