-- Found ament_cmake: 1.3.5 (/opt/ros/humble/share/ament_cmake/cmake)
-- Found Python3: /usr/bin/python3.10 (found version "3.10.12") found components: Interpreter 
-- Found image_transport: 3.1.5 (/opt/ros/humble/share/image_transport/cmake)
-- Found rosidl_generator_c: 3.1.5 (/opt/ros/humble/share/rosidl_generator_c/cmake)
-- Found rosidl_adapter: 3.1.5 (/opt/ros/humble/share/rosidl_adapter/cmake)
-- Found rosidl_generator_cpp: 3.1.5 (/opt/ros/humble/share/rosidl_generator_cpp/cmake)
-- Using all available rosidl_typesupport_c: rosidl_typesupport_fastrtps_c;rosidl_typesupport_introspection_c
-- Using all available rosidl_typesupport_cpp: rosidl_typesupport_fastrtps_cpp;rosidl_typesupport_introspection_cpp
-- Found rmw_implementation_cmake: 6.1.1 (/opt/ros/humble/share/rmw_implementation_cmake/cmake)
-- Found rmw_fastrtps_cpp: 6.2.3 (/opt/ros/humble/share/rmw_fastrtps_cpp/cmake)
-- Using RMW implementation 'rmw_fastrtps_cpp' as default
-- Found cv_bridge: 3.2.1 (/opt/ros/humble/share/cv_bridge/cmake)
-- Found rosidl_default_generators: 1.2.0 (/opt/ros/humble/share/rosidl_default_generators/cmake)
-- Found ament_cmake_cppcheck: 0.12.7 (/opt/ros/humble/share/ament_cmake_cppcheck/cmake)
-- Found ament_cmake_cpplint: 0.12.7 (/opt/ros/humble/share/ament_cmake_cpplint/cmake)
-- Found ament_cmake_uncrustify: 0.12.7 (/opt/ros/humble/share/ament_cmake_uncrustify/cmake)
-- Found ament_cmake_ros: 0.10.0 (/opt/ros/humble/share/ament_cmake_ros/cmake)
-- Using all available rosidl_typesupport_c: rosidl_typesupport_fastrtps_c;rosidl_typesupport_introspection_c
-- Using all available rosidl_typesupport_cpp: rosidl_typesupport_fastrtps_cpp;rosidl_typesupport_introspection_cpp
-- Found PythonInterp: /usr/bin/python3 (found suitable version "3.10.12", minimum required is "3.6") 
-- Found python_cmake_module: 0.10.0 (/opt/ros/humble/share/python_cmake_module/cmake)
-- Found PythonLibs: /usr/lib/aarch64-linux-gnu/libpython3.10.so (found suitable version "3.10.12", minimum required is "3.5") 
-- Using PYTHON_EXECUTABLE: /usr/bin/python3
-- Using PYTHON_INCLUDE_DIRS: /usr/include/python3.10
-- Using PYTHON_LIBRARIES: /usr/lib/aarch64-linux-gnu/libpython3.10.so
-- Found ament_cmake_flake8: 0.12.7 (/opt/ros/humble/share/ament_cmake_flake8/cmake)
-- Found ament_cmake_pep257: 0.12.7 (/opt/ros/humble/share/ament_cmake_pep257/cmake)
-- Configuring done
-- Generating done
-- Build files have been written to: /home/t-pi/TB3_RPI4_WS/build/theora_image_transport
[  2%] [34m[1mGenerating C code for ROS interfaces[0m
[  5%] [34m[1mGenerating C++ code for ROS interfaces[0m
[  5%] Built target ament_cmake_python_copy_theora_image_transport
[35m[1mConsolidate compiler generated dependencies of target theora_image_transport__rosidl_generator_c[0m
[  8%] [32mBuilding C object CMakeFiles/theora_image_transport__rosidl_generator_c.dir/rosidl_generator_c/theora_image_transport/msg/detail/packet__functions.c.o[0m
running egg_info
writing theora_image_transport.egg-info/PKG-INFO
writing dependency_links to theora_image_transport.egg-info/dependency_links.txt
writing top-level names to theora_image_transport.egg-info/top_level.txt
reading manifest file 'theora_image_transport.egg-info/SOURCES.txt'
writing manifest file 'theora_image_transport.egg-info/SOURCES.txt'
[  8%] Built target ament_cmake_python_build_theora_image_transport_egg
[  8%] Built target theora_image_transport__cpp
[ 10%] [34m[1mGenerating C++ type support dispatch for ROS interfaces[0m
[35m[1mConsolidate compiler generated dependencies of target theora_image_transport__rosidl_typesupport_fastrtps_cpp[0m
[ 13%] [34m[1mGenerating C++ introspection for ROS interfaces[0m
[ 16%] [32mBuilding CXX object CMakeFiles/theora_image_transport__rosidl_typesupport_fastrtps_cpp.dir/rosidl_typesupport_fastrtps_cpp/theora_image_transport/msg/detail/dds_fastrtps/packet__type_support.cpp.o[0m
[ 18%] [32m[1mLinking C shared library libtheora_image_transport__rosidl_generator_c.so[0m
[ 18%] Built target theora_image_transport__rosidl_generator_c
[35m[1mConsolidate compiler generated dependencies of target theora_image_transport__rosidl_typesupport_fastrtps_c[0m
[ 21%] [32mBuilding CXX object CMakeFiles/theora_image_transport__rosidl_typesupport_fastrtps_c.dir/rosidl_typesupport_fastrtps_c/theora_image_transport/msg/detail/packet__type_support_c.cpp.o[0m
[35m[1mConsolidate compiler generated dependencies of target theora_image_transport__rosidl_typesupport_cpp[0m
[ 24%] [32mBuilding CXX object CMakeFiles/theora_image_transport__rosidl_typesupport_cpp.dir/rosidl_typesupport_cpp/theora_image_transport/msg/packet__type_support.cpp.o[0m
[35m[1mConsolidate compiler generated dependencies of target theora_image_transport__rosidl_typesupport_introspection_cpp[0m
[ 27%] [32mBuilding CXX object CMakeFiles/theora_image_transport__rosidl_typesupport_introspection_cpp.dir/rosidl_typesupport_introspection_cpp/theora_image_transport/msg/detail/packet__type_support.cpp.o[0m
[ 29%] [32m[1mLinking CXX shared library libtheora_image_transport__rosidl_typesupport_fastrtps_c.so[0m
[ 32%] Built target theora_image_transport__rosidl_typesupport_fastrtps_c
[ 35%] [34m[1mGenerating C introspection for ROS interfaces[0m
[ 37%] [32m[1mLinking CXX shared library libtheora_image_transport__rosidl_typesupport_fastrtps_cpp.so[0m
[ 40%] [32m[1mLinking CXX shared library libtheora_image_transport__rosidl_typesupport_cpp.so[0m
[ 40%] Built target theora_image_transport__rosidl_typesupport_cpp
[ 43%] [34m[1mGenerating C type support dispatch for ROS interfaces[0m
[ 45%] Built target theora_image_transport__rosidl_typesupport_fastrtps_cpp
[35m[1mConsolidate compiler generated dependencies of target theora_image_transport_component[0m
[ 48%] [32mBuilding CXX object CMakeFiles/theora_image_transport_component.dir/src/theora_publisher.cpp.o[0m
[ 51%] [32m[1mLinking CXX shared library libtheora_image_transport__rosidl_typesupport_introspection_cpp.so[0m
[35m[1mConsolidate compiler generated dependencies of target theora_image_transport__rosidl_typesupport_introspection_c[0m
[ 54%] [32mBuilding C object CMakeFiles/theora_image_transport__rosidl_typesupport_introspection_c.dir/rosidl_typesupport_introspection_c/theora_image_transport/msg/detail/packet__type_support.c.o[0m
[35m[1mConsolidate compiler generated dependencies of target theora_image_transport__rosidl_typesupport_c[0m
[ 56%] [32mBuilding CXX object CMakeFiles/theora_image_transport__rosidl_typesupport_c.dir/rosidl_typesupport_c/theora_image_transport/msg/packet__type_support.cpp.o[0m
[ 56%] Built target theora_image_transport__rosidl_typesupport_introspection_cpp
[35m[1mConsolidate compiler generated dependencies of target ogg_saver[0m
[ 59%] [32m[1mLinking C shared library libtheora_image_transport__rosidl_typesupport_introspection_c.so[0m
[ 62%] [32mBuilding CXX object CMakeFiles/ogg_saver.dir/src/ogg_saver.cpp.o[0m
[ 64%] [32m[1mLinking CXX shared library libtheora_image_transport__rosidl_typesupport_c.so[0m
[ 64%] Built target theora_image_transport__rosidl_typesupport_introspection_c
[ 67%] [32mBuilding CXX object CMakeFiles/theora_image_transport_component.dir/src/theora_subscriber.cpp.o[0m
[ 67%] Built target theora_image_transport__rosidl_typesupport_c
[ 67%] Built target theora_image_transport
[ 70%] Built target theora_image_transport__py
[35m[1mConsolidate compiler generated dependencies of target theora_image_transport__rosidl_generator_py[0m
[ 72%] [32mBuilding C object CMakeFiles/theora_image_transport__rosidl_generator_py.dir/rosidl_generator_py/theora_image_transport/msg/_packet_s.c.o[0m
[ 75%] [32m[1mLinking C shared library rosidl_generator_py/theora_image_transport/libtheora_image_transport__rosidl_generator_py.so[0m
[ 75%] Built target theora_image_transport__rosidl_generator_py
[35m[1mConsolidate compiler generated dependencies of target theora_image_transport__rosidl_typesupport_fastrtps_c__pyext[0m
[ 78%] [32mBuilding C object CMakeFiles/theora_image_transport__rosidl_typesupport_fastrtps_c__pyext.dir/rosidl_generator_py/theora_image_transport/_theora_image_transport_s.ep.rosidl_typesupport_fastrtps_c.c.o[0m
[ 81%] [32m[1mLinking C shared library rosidl_generator_py/theora_image_transport/theora_image_transport_s__rosidl_typesupport_fastrtps_c.cpython-310-aarch64-linux-gnu.so[0m
[ 81%] Built target theora_image_transport__rosidl_typesupport_fastrtps_c__pyext
[35m[1mConsolidate compiler generated dependencies of target theora_image_transport__rosidl_typesupport_introspection_c__pyext[0m
[ 83%] [32mBuilding C object CMakeFiles/theora_image_transport__rosidl_typesupport_introspection_c__pyext.dir/rosidl_generator_py/theora_image_transport/_theora_image_transport_s.ep.rosidl_typesupport_introspection_c.c.o[0m
[ 86%] [32m[1mLinking C shared library rosidl_generator_py/theora_image_transport/theora_image_transport_s__rosidl_typesupport_introspection_c.cpython-310-aarch64-linux-gnu.so[0m
[ 86%] Built target theora_image_transport__rosidl_typesupport_introspection_c__pyext
[35m[1mConsolidate compiler generated dependencies of target theora_image_transport__rosidl_typesupport_c__pyext[0m
[ 89%] [32mBuilding C object CMakeFiles/theora_image_transport__rosidl_typesupport_c__pyext.dir/rosidl_generator_py/theora_image_transport/_theora_image_transport_s.ep.rosidl_typesupport_c.c.o[0m
[ 91%] [32m[1mLinking C shared library rosidl_generator_py/theora_image_transport/theora_image_transport_s__rosidl_typesupport_c.cpython-310-aarch64-linux-gnu.so[0m
[ 91%] Built target theora_image_transport__rosidl_typesupport_c__pyext
[ 94%] [32mBuilding CXX object CMakeFiles/theora_image_transport_component.dir/src/manifest.cpp.o[0m
[ 97%] [32m[1mLinking CXX executable ogg_saver[0m
[ 97%] Built target ogg_saver
[100%] [32m[1mLinking CXX shared library libtheora_image_transport_component.so[0m
[100%] Built target theora_image_transport_component
-- Install configuration: ""
-- Up-to-date: /home/t-pi/TB3_RPI4_WS/install/theora_image_transport/share/ament_index/resource_index/rosidl_interfaces/theora_image_transport
-- Up-to-date: /home/t-pi/TB3_RPI4_WS/install/theora_image_transport/include/theora_image_transport/theora_image_transport
-- Up-to-date: /home/t-pi/TB3_RPI4_WS/install/theora_image_transport/include/theora_image_transport/theora_image_transport/msg
-- Installing: /home/t-pi/TB3_RPI4_WS/install/theora_image_transport/include/theora_image_transport/theora_image_transport/msg/packet.h
-- Up-to-date: /home/t-pi/TB3_RPI4_WS/install/theora_image_transport/include/theora_image_transport/theora_image_transport/msg/detail
-- Installing: /home/t-pi/TB3_RPI4_WS/install/theora_image_transport/include/theora_image_transport/theora_image_transport/msg/detail/packet__struct.h
-- Installing: /home/t-pi/TB3_RPI4_WS/install/theora_image_transport/include/theora_image_transport/theora_image_transport/msg/detail/packet__type_support.h
-- Installing: /home/t-pi/TB3_RPI4_WS/install/theora_image_transport/include/theora_image_transport/theora_image_transport/msg/detail/packet__functions.c
-- Installing: /home/t-pi/TB3_RPI4_WS/install/theora_image_transport/include/theora_image_transport/theora_image_transport/msg/detail/packet__functions.h
-- Up-to-date: /home/t-pi/TB3_RPI4_WS/install/theora_image_transport/include/theora_image_transport/theora_image_transport/msg/rosidl_generator_c__visibility_control.h
-- Up-to-date: /home/t-pi/TB3_RPI4_WS/install/theora_image_transport/share/theora_image_transport/environment/library_path.sh
-- Installing: /home/t-pi/TB3_RPI4_WS/install/theora_image_transport/share/theora_image_transport/environment/library_path.dsv
-- Installing: /home/t-pi/TB3_RPI4_WS/install/theora_image_transport/lib/libtheora_image_transport__rosidl_generator_c.so
-- Set runtime path of "/home/t-pi/TB3_RPI4_WS/install/theora_image_transport/lib/libtheora_image_transport__rosidl_generator_c.so" to ""
-- Up-to-date: /home/t-pi/TB3_RPI4_WS/install/theora_image_transport/include/theora_image_transport/theora_image_transport
-- Up-to-date: /home/t-pi/TB3_RPI4_WS/install/theora_image_transport/include/theora_image_transport/theora_image_transport/msg
-- Up-to-date: /home/t-pi/TB3_RPI4_WS/install/theora_image_transport/include/theora_image_transport/theora_image_transport/msg/rosidl_typesupport_fastrtps_c__visibility_control.h
-- Up-to-date: /home/t-pi/TB3_RPI4_WS/install/theora_image_transport/include/theora_image_transport/theora_image_transport/msg/detail
-- Up-to-date: /home/t-pi/TB3_RPI4_WS/install/theora_image_transport/include/theora_image_transport/theora_image_transport/msg/detail/packet__rosidl_typesupport_fastrtps_c.h
-- Installing: /home/t-pi/TB3_RPI4_WS/install/theora_image_transport/lib/libtheora_image_transport__rosidl_typesupport_fastrtps_c.so
-- Set runtime path of "/home/t-pi/TB3_RPI4_WS/install/theora_image_transport/lib/libtheora_image_transport__rosidl_typesupport_fastrtps_c.so" to ""
-- Up-to-date: /home/t-pi/TB3_RPI4_WS/install/theora_image_transport/include/theora_image_transport/theora_image_transport
-- Up-to-date: /home/t-pi/TB3_RPI4_WS/install/theora_image_transport/include/theora_image_transport/theora_image_transport/msg
-- Up-to-date: /home/t-pi/TB3_RPI4_WS/install/theora_image_transport/include/theora_image_transport/theora_image_transport/msg/detail
-- Installing: /home/t-pi/TB3_RPI4_WS/install/theora_image_transport/include/theora_image_transport/theora_image_transport/msg/detail/packet__traits.hpp
-- Installing: /home/t-pi/TB3_RPI4_WS/install/theora_image_transport/include/theora_image_transport/theora_image_transport/msg/detail/packet__struct.hpp
-- Installing: /home/t-pi/TB3_RPI4_WS/install/theora_image_transport/include/theora_image_transport/theora_image_transport/msg/detail/packet__builder.hpp
-- Installing: /home/t-pi/TB3_RPI4_WS/install/theora_image_transport/include/theora_image_transport/theora_image_transport/msg/packet.hpp
-- Up-to-date: /home/t-pi/TB3_RPI4_WS/install/theora_image_transport/include/theora_image_transport/theora_image_transport
-- Up-to-date: /home/t-pi/TB3_RPI4_WS/install/theora_image_transport/include/theora_image_transport/theora_image_transport/msg
-- Up-to-date: /home/t-pi/TB3_RPI4_WS/install/theora_image_transport/include/theora_image_transport/theora_image_transport/msg/detail
-- Up-to-date: /home/t-pi/TB3_RPI4_WS/install/theora_image_transport/include/theora_image_transport/theora_image_transport/msg/detail/packet__rosidl_typesupport_fastrtps_cpp.hpp
-- Up-to-date: /home/t-pi/TB3_RPI4_WS/install/theora_image_transport/include/theora_image_transport/theora_image_transport/msg/detail/dds_fastrtps
-- Up-to-date: /home/t-pi/TB3_RPI4_WS/install/theora_image_transport/include/theora_image_transport/theora_image_transport/msg/rosidl_typesupport_fastrtps_cpp__visibility_control.h
-- Installing: /home/t-pi/TB3_RPI4_WS/install/theora_image_transport/lib/libtheora_image_transport__rosidl_typesupport_fastrtps_cpp.so
-- Set runtime path of "/home/t-pi/TB3_RPI4_WS/install/theora_image_transport/lib/libtheora_image_transport__rosidl_typesupport_fastrtps_cpp.so" to ""
-- Up-to-date: /home/t-pi/TB3_RPI4_WS/install/theora_image_transport/include/theora_image_transport/theora_image_transport
-- Up-to-date: /home/t-pi/TB3_RPI4_WS/install/theora_image_transport/include/theora_image_transport/theora_image_transport/msg
-- Up-to-date: /home/t-pi/TB3_RPI4_WS/install/theora_image_transport/include/theora_image_transport/theora_image_transport/msg/detail
-- Installing: /home/t-pi/TB3_RPI4_WS/install/theora_image_transport/include/theora_image_transport/theora_image_transport/msg/detail/packet__type_support.c
-- Installing: /home/t-pi/TB3_RPI4_WS/install/theora_image_transport/include/theora_image_transport/theora_image_transport/msg/detail/packet__rosidl_typesupport_introspection_c.h
-- Up-to-date: /home/t-pi/TB3_RPI4_WS/install/theora_image_transport/include/theora_image_transport/theora_image_transport/msg/rosidl_typesupport_introspection_c__visibility_control.h
-- Installing: /home/t-pi/TB3_RPI4_WS/install/theora_image_transport/lib/libtheora_image_transport__rosidl_typesupport_introspection_c.so
-- Set runtime path of "/home/t-pi/TB3_RPI4_WS/install/theora_image_transport/lib/libtheora_image_transport__rosidl_typesupport_introspection_c.so" to ""
-- Installing: /home/t-pi/TB3_RPI4_WS/install/theora_image_transport/lib/libtheora_image_transport__rosidl_typesupport_c.so
-- Set runtime path of "/home/t-pi/TB3_RPI4_WS/install/theora_image_transport/lib/libtheora_image_transport__rosidl_typesupport_c.so" to ""
-- Up-to-date: /home/t-pi/TB3_RPI4_WS/install/theora_image_transport/include/theora_image_transport/theora_image_transport
-- Up-to-date: /home/t-pi/TB3_RPI4_WS/install/theora_image_transport/include/theora_image_transport/theora_image_transport/msg
-- Up-to-date: /home/t-pi/TB3_RPI4_WS/install/theora_image_transport/include/theora_image_transport/theora_image_transport/msg/detail
-- Installing: /home/t-pi/TB3_RPI4_WS/install/theora_image_transport/include/theora_image_transport/theora_image_transport/msg/detail/packet__type_support.cpp
-- Installing: /home/t-pi/TB3_RPI4_WS/install/theora_image_transport/include/theora_image_transport/theora_image_transport/msg/detail/packet__rosidl_typesupport_introspection_cpp.hpp
-- Installing: /home/t-pi/TB3_RPI4_WS/install/theora_image_transport/lib/libtheora_image_transport__rosidl_typesupport_introspection_cpp.so
-- Set runtime path of "/home/t-pi/TB3_RPI4_WS/install/theora_image_transport/lib/libtheora_image_transport__rosidl_typesupport_introspection_cpp.so" to ""
-- Installing: /home/t-pi/TB3_RPI4_WS/install/theora_image_transport/lib/libtheora_image_transport__rosidl_typesupport_cpp.so
-- Set runtime path of "/home/t-pi/TB3_RPI4_WS/install/theora_image_transport/lib/libtheora_image_transport__rosidl_typesupport_cpp.so" to ""
-- Up-to-date: /home/t-pi/TB3_RPI4_WS/install/theora_image_transport/share/theora_image_transport/environment/pythonpath.sh
-- Installing: /home/t-pi/TB3_RPI4_WS/install/theora_image_transport/share/theora_image_transport/environment/pythonpath.dsv
-- Up-to-date: /home/t-pi/TB3_RPI4_WS/install/theora_image_transport/local/lib/python3.10/dist-packages/theora_image_transport-2.5.0-py3.10.egg-info
-- Installing: /home/t-pi/TB3_RPI4_WS/install/theora_image_transport/local/lib/python3.10/dist-packages/theora_image_transport-2.5.0-py3.10.egg-info/dependency_links.txt
-- Installing: /home/t-pi/TB3_RPI4_WS/install/theora_image_transport/local/lib/python3.10/dist-packages/theora_image_transport-2.5.0-py3.10.egg-info/top_level.txt
-- Installing: /home/t-pi/TB3_RPI4_WS/install/theora_image_transport/local/lib/python3.10/dist-packages/theora_image_transport-2.5.0-py3.10.egg-info/SOURCES.txt
-- Installing: /home/t-pi/TB3_RPI4_WS/install/theora_image_transport/local/lib/python3.10/dist-packages/theora_image_transport-2.5.0-py3.10.egg-info/PKG-INFO
-- Up-to-date: /home/t-pi/TB3_RPI4_WS/install/theora_image_transport/local/lib/python3.10/dist-packages/theora_image_transport
-- Installing: /home/t-pi/TB3_RPI4_WS/install/theora_image_transport/local/lib/python3.10/dist-packages/theora_image_transport/theora_image_transport_s__rosidl_typesupport_fastrtps_c.cpython-310-aarch64-linux-gnu.so
-- Up-to-date: /home/t-pi/TB3_RPI4_WS/install/theora_image_transport/local/lib/python3.10/dist-packages/theora_image_transport/msg
-- Up-to-date: /home/t-pi/TB3_RPI4_WS/install/theora_image_transport/local/lib/python3.10/dist-packages/theora_image_transport/msg/__init__.py
-- Up-to-date: /home/t-pi/TB3_RPI4_WS/install/theora_image_transport/local/lib/python3.10/dist-packages/theora_image_transport/msg/_packet_s.c
-- Up-to-date: /home/t-pi/TB3_RPI4_WS/install/theora_image_transport/local/lib/python3.10/dist-packages/theora_image_transport/msg/_packet.py
-- Installing: /home/t-pi/TB3_RPI4_WS/install/theora_image_transport/local/lib/python3.10/dist-packages/theora_image_transport/libtheora_image_transport__rosidl_generator_py.so
-- Installing: /home/t-pi/TB3_RPI4_WS/install/theora_image_transport/local/lib/python3.10/dist-packages/theora_image_transport/theora_image_transport_s__rosidl_typesupport_introspection_c.cpython-310-aarch64-linux-gnu.so
-- Up-to-date: /home/t-pi/TB3_RPI4_WS/install/theora_image_transport/local/lib/python3.10/dist-packages/theora_image_transport/_theora_image_transport_s.ep.rosidl_typesupport_fastrtps_c.c
-- Installing: /home/t-pi/TB3_RPI4_WS/install/theora_image_transport/local/lib/python3.10/dist-packages/theora_image_transport/__init__.py
-- Installing: /home/t-pi/TB3_RPI4_WS/install/theora_image_transport/local/lib/python3.10/dist-packages/theora_image_transport/theora_image_transport_s__rosidl_typesupport_c.cpython-310-aarch64-linux-gnu.so
-- Up-to-date: /home/t-pi/TB3_RPI4_WS/install/theora_image_transport/local/lib/python3.10/dist-packages/theora_image_transport/_theora_image_transport_s.ep.rosidl_typesupport_c.c
-- Up-to-date: /home/t-pi/TB3_RPI4_WS/install/theora_image_transport/local/lib/python3.10/dist-packages/theora_image_transport/_theora_image_transport_s.ep.rosidl_typesupport_introspection_c.c
Listing '/home/t-pi/TB3_RPI4_WS/install/theora_image_transport/local/lib/python3.10/dist-packages/theora_image_transport'...
Compiling '/home/t-pi/TB3_RPI4_WS/install/theora_image_transport/local/lib/python3.10/dist-packages/theora_image_transport/__init__.py'...
Listing '/home/t-pi/TB3_RPI4_WS/install/theora_image_transport/local/lib/python3.10/dist-packages/theora_image_transport/msg'...
-- Installing: /home/t-pi/TB3_RPI4_WS/install/theora_image_transport/local/lib/python3.10/dist-packages/theora_image_transport/theora_image_transport_s__rosidl_typesupport_fastrtps_c.cpython-310-aarch64-linux-gnu.so
-- Set runtime path of "/home/t-pi/TB3_RPI4_WS/install/theora_image_transport/local/lib/python3.10/dist-packages/theora_image_transport/theora_image_transport_s__rosidl_typesupport_fastrtps_c.cpython-310-aarch64-linux-gnu.so" to ""
-- Installing: /home/t-pi/TB3_RPI4_WS/install/theora_image_transport/local/lib/python3.10/dist-packages/theora_image_transport/theora_image_transport_s__rosidl_typesupport_introspection_c.cpython-310-aarch64-linux-gnu.so
-- Set runtime path of "/home/t-pi/TB3_RPI4_WS/install/theora_image_transport/local/lib/python3.10/dist-packages/theora_image_transport/theora_image_transport_s__rosidl_typesupport_introspection_c.cpython-310-aarch64-linux-gnu.so" to ""
-- Installing: /home/t-pi/TB3_RPI4_WS/install/theora_image_transport/local/lib/python3.10/dist-packages/theora_image_transport/theora_image_transport_s__rosidl_typesupport_c.cpython-310-aarch64-linux-gnu.so
-- Set runtime path of "/home/t-pi/TB3_RPI4_WS/install/theora_image_transport/local/lib/python3.10/dist-packages/theora_image_transport/theora_image_transport_s__rosidl_typesupport_c.cpython-310-aarch64-linux-gnu.so" to ""
-- Installing: /home/t-pi/TB3_RPI4_WS/install/theora_image_transport/lib/libtheora_image_transport__rosidl_generator_py.so
-- Set runtime path of "/home/t-pi/TB3_RPI4_WS/install/theora_image_transport/lib/libtheora_image_transport__rosidl_generator_py.so" to ""
-- Up-to-date: /home/t-pi/TB3_RPI4_WS/install/theora_image_transport/share/theora_image_transport/msg/Packet.idl
-- Up-to-date: /home/t-pi/TB3_RPI4_WS/install/theora_image_transport/share/theora_image_transport/msg/Packet.msg
-- Installing: /home/t-pi/TB3_RPI4_WS/install/theora_image_transport/lib/libtheora_image_transport_component.so
-- Set runtime path of "/home/t-pi/TB3_RPI4_WS/install/theora_image_transport/lib/libtheora_image_transport_component.so" to ""
-- Installing: /home/t-pi/TB3_RPI4_WS/install/theora_image_transport/lib/theora_image_transport/ogg_saver
-- Set runtime path of "/home/t-pi/TB3_RPI4_WS/install/theora_image_transport/lib/theora_image_transport/ogg_saver" to ""
-- Up-to-date: /home/t-pi/TB3_RPI4_WS/install/theora_image_transport/include/theora_image_transport
-- Up-to-date: /home/t-pi/TB3_RPI4_WS/install/theora_image_transport/include/theora_image_transport/theora_image_transport
-- Up-to-date: /home/t-pi/TB3_RPI4_WS/install/theora_image_transport/include/theora_image_transport/theora_image_transport/theora_publisher.h
-- Up-to-date: /home/t-pi/TB3_RPI4_WS/install/theora_image_transport/include/theora_image_transport/theora_image_transport/theora_subscriber.h
-- Up-to-date: /home/t-pi/TB3_RPI4_WS/install/theora_image_transport/share/theora_image_transport/theora_plugins.xml
-- Up-to-date: /home/t-pi/TB3_RPI4_WS/install/theora_image_transport/share/ament_index/resource_index/package_run_dependencies/theora_image_transport
-- Up-to-date: /home/t-pi/TB3_RPI4_WS/install/theora_image_transport/share/ament_index/resource_index/parent_prefix_path/theora_image_transport
-- Up-to-date: /home/t-pi/TB3_RPI4_WS/install/theora_image_transport/share/theora_image_transport/environment/ament_prefix_path.sh
-- Installing: /home/t-pi/TB3_RPI4_WS/install/theora_image_transport/share/theora_image_transport/environment/ament_prefix_path.dsv
-- Up-to-date: /home/t-pi/TB3_RPI4_WS/install/theora_image_transport/share/theora_image_transport/environment/path.sh
-- Installing: /home/t-pi/TB3_RPI4_WS/install/theora_image_transport/share/theora_image_transport/environment/path.dsv
-- Up-to-date: /home/t-pi/TB3_RPI4_WS/install/theora_image_transport/share/theora_image_transport/local_setup.bash
-- Up-to-date: /home/t-pi/TB3_RPI4_WS/install/theora_image_transport/share/theora_image_transport/local_setup.sh
-- Up-to-date: /home/t-pi/TB3_RPI4_WS/install/theora_image_transport/share/theora_image_transport/local_setup.zsh
-- Installing: /home/t-pi/TB3_RPI4_WS/install/theora_image_transport/share/theora_image_transport/local_setup.dsv
-- Installing: /home/t-pi/TB3_RPI4_WS/install/theora_image_transport/share/theora_image_transport/package.dsv
-- Up-to-date: /home/t-pi/TB3_RPI4_WS/install/theora_image_transport/share/ament_index/resource_index/packages/theora_image_transport
-- Up-to-date: /home/t-pi/TB3_RPI4_WS/install/theora_image_transport/share/ament_index/resource_index/image_transport__pluginlib__plugin/theora_image_transport
-- Up-to-date: /home/t-pi/TB3_RPI4_WS/install/theora_image_transport/share/theora_image_transport/cmake/export_theora_image_transport__rosidl_generator_cExport.cmake
-- Up-to-date: /home/t-pi/TB3_RPI4_WS/install/theora_image_transport/share/theora_image_transport/cmake/export_theora_image_transport__rosidl_generator_cExport-noconfig.cmake
-- Up-to-date: /home/t-pi/TB3_RPI4_WS/install/theora_image_transport/share/theora_image_transport/cmake/export_theora_image_transport__rosidl_typesupport_fastrtps_cExport.cmake
-- Up-to-date: /home/t-pi/TB3_RPI4_WS/install/theora_image_transport/share/theora_image_transport/cmake/export_theora_image_transport__rosidl_typesupport_fastrtps_cExport-noconfig.cmake
-- Up-to-date: /home/t-pi/TB3_RPI4_WS/install/theora_image_transport/share/theora_image_transport/cmake/export_theora_image_transport__rosidl_generator_cppExport.cmake
-- Up-to-date: /home/t-pi/TB3_RPI4_WS/install/theora_image_transport/share/theora_image_transport/cmake/export_theora_image_transport__rosidl_typesupport_fastrtps_cppExport.cmake
-- Up-to-date: /home/t-pi/TB3_RPI4_WS/install/theora_image_transport/share/theora_image_transport/cmake/export_theora_image_transport__rosidl_typesupport_fastrtps_cppExport-noconfig.cmake
-- Up-to-date: /home/t-pi/TB3_RPI4_WS/install/theora_image_transport/share/theora_image_transport/cmake/theora_image_transport__rosidl_typesupport_introspection_cExport.cmake
-- Up-to-date: /home/t-pi/TB3_RPI4_WS/install/theora_image_transport/share/theora_image_transport/cmake/theora_image_transport__rosidl_typesupport_introspection_cExport-noconfig.cmake
-- Up-to-date: /home/t-pi/TB3_RPI4_WS/install/theora_image_transport/share/theora_image_transport/cmake/theora_image_transport__rosidl_typesupport_cExport.cmake
-- Up-to-date: /home/t-pi/TB3_RPI4_WS/install/theora_image_transport/share/theora_image_transport/cmake/theora_image_transport__rosidl_typesupport_cExport-noconfig.cmake
-- Up-to-date: /home/t-pi/TB3_RPI4_WS/install/theora_image_transport/share/theora_image_transport/cmake/theora_image_transport__rosidl_typesupport_introspection_cppExport.cmake
-- Up-to-date: /home/t-pi/TB3_RPI4_WS/install/theora_image_transport/share/theora_image_transport/cmake/theora_image_transport__rosidl_typesupport_introspection_cppExport-noconfig.cmake
-- Up-to-date: /home/t-pi/TB3_RPI4_WS/install/theora_image_transport/share/theora_image_transport/cmake/theora_image_transport__rosidl_typesupport_cppExport.cmake
-- Up-to-date: /home/t-pi/TB3_RPI4_WS/install/theora_image_transport/share/theora_image_transport/cmake/theora_image_transport__rosidl_typesupport_cppExport-noconfig.cmake
-- Up-to-date: /home/t-pi/TB3_RPI4_WS/install/theora_image_transport/share/theora_image_transport/cmake/export_theora_image_transport__rosidl_generator_pyExport.cmake
-- Up-to-date: /home/t-pi/TB3_RPI4_WS/install/theora_image_transport/share/theora_image_transport/cmake/export_theora_image_transport__rosidl_generator_pyExport-noconfig.cmake
-- Up-to-date: /home/t-pi/TB3_RPI4_WS/install/theora_image_transport/share/theora_image_transport/cmake/export_theora_image_transport_componentExport.cmake
-- Up-to-date: /home/t-pi/TB3_RPI4_WS/install/theora_image_transport/share/theora_image_transport/cmake/export_theora_image_transport_componentExport-noconfig.cmake
-- Up-to-date: /home/t-pi/TB3_RPI4_WS/install/theora_image_transport/share/theora_image_transport/cmake/rosidl_cmake-extras.cmake
-- Up-to-date: /home/t-pi/TB3_RPI4_WS/install/theora_image_transport/share/theora_image_transport/cmake/ament_cmake_export_dependencies-extras.cmake
-- Up-to-date: /home/t-pi/TB3_RPI4_WS/install/theora_image_transport/share/theora_image_transport/cmake/ament_cmake_export_include_directories-extras.cmake
-- Up-to-date: /home/t-pi/TB3_RPI4_WS/install/theora_image_transport/share/theora_image_transport/cmake/ament_cmake_export_libraries-extras.cmake
-- Up-to-date: /home/t-pi/TB3_RPI4_WS/install/theora_image_transport/share/theora_image_transport/cmake/ament_cmake_export_targets-extras.cmake
-- Up-to-date: /home/t-pi/TB3_RPI4_WS/install/theora_image_transport/share/theora_image_transport/cmake/rosidl_cmake_export_typesupport_targets-extras.cmake
-- Up-to-date: /home/t-pi/TB3_RPI4_WS/install/theora_image_transport/share/theora_image_transport/cmake/rosidl_cmake_export_typesupport_libraries-extras.cmake
-- Up-to-date: /home/t-pi/TB3_RPI4_WS/install/theora_image_transport/share/theora_image_transport/cmake/theora_image_transportConfig.cmake
-- Up-to-date: /home/t-pi/TB3_RPI4_WS/install/theora_image_transport/share/theora_image_transport/cmake/theora_image_transportConfig-version.cmake
-- Up-to-date: /home/t-pi/TB3_RPI4_WS/install/theora_image_transport/share/theora_image_transport/package.xml
