[0.151s] Invoking command in '/home/t-pi/TB3_RPI4_WS/build/theora_image_transport': CMAKE_PREFIX_PATH=${CMAKE_PREFIX_PATH}:/home/t-pi/TB3_RPI4_WS/install/turtlebot3_teleop:/home/t-pi/TB3_RPI4_WS/install/turtlebot3_example:/home/t-pi/TB3_RPI4_WS/install/rpi_temprature:/opt/ros/humble /usr/bin/cmake --build /home/t-pi/TB3_RPI4_WS/build/theora_image_transport -- -j4 -l4
[0.453s] -- Found ament_cmake: 1.3.5 (/opt/ros/humble/share/ament_cmake/cmake)
[1.086s] -- Found Python3: /usr/bin/python3.10 (found version "3.10.12") found components: Interpreter 
[1.690s] -- Found image_transport: 3.1.5 (/opt/ros/humble/share/image_transport/cmake)
[1.982s] -- Found rosidl_generator_c: 3.1.5 (/opt/ros/humble/share/rosidl_generator_c/cmake)
[2.001s] -- Found rosidl_adapter: 3.1.5 (/opt/ros/humble/share/rosidl_adapter/cmake)
[2.046s] -- Found rosidl_generator_cpp: 3.1.5 (/opt/ros/humble/share/rosidl_generator_cpp/cmake)
[2.125s] -- Using all available rosidl_typesupport_c: rosidl_typesupport_fastrtps_c;rosidl_typesupport_introspection_c
[2.232s] -- Using all available rosidl_typesupport_cpp: rosidl_typesupport_fastrtps_cpp;rosidl_typesupport_introspection_cpp
[2.632s] -- Found rmw_implementation_cmake: 6.1.1 (/opt/ros/humble/share/rmw_implementation_cmake/cmake)
[2.648s] -- Found rmw_fastrtps_cpp: 6.2.3 (/opt/ros/humble/share/rmw_fastrtps_cpp/cmake)
[4.027s] -- Using RMW implementation 'rmw_fastrtps_cpp' as default
[5.871s] -- Found cv_bridge: 3.2.1 (/opt/ros/humble/share/cv_bridge/cmake)
[5.941s] -- Found rosidl_default_generators: 1.2.0 (/opt/ros/humble/share/rosidl_default_generators/cmake)
[7.769s] -- Found ament_cmake_cppcheck: 0.12.7 (/opt/ros/humble/share/ament_cmake_cppcheck/cmake)
[7.778s] -- Found ament_cmake_cpplint: 0.12.7 (/opt/ros/humble/share/ament_cmake_cpplint/cmake)
[7.792s] -- Found ament_cmake_uncrustify: 0.12.7 (/opt/ros/humble/share/ament_cmake_uncrustify/cmake)
[7.807s] -- Found ament_cmake_ros: 0.10.0 (/opt/ros/humble/share/ament_cmake_ros/cmake)
[10.126s] -- Using all available rosidl_typesupport_c: rosidl_typesupport_fastrtps_c;rosidl_typesupport_introspection_c
[11.104s] -- Using all available rosidl_typesupport_cpp: rosidl_typesupport_fastrtps_cpp;rosidl_typesupport_introspection_cpp
[11.280s] -- Found PythonInterp: /usr/bin/python3 (found suitable version "3.10.12", minimum required is "3.6") 
[11.286s] -- Found python_cmake_module: 0.10.0 (/opt/ros/humble/share/python_cmake_module/cmake)
[11.564s] -- Found PythonLibs: /usr/lib/aarch64-linux-gnu/libpython3.10.so (found suitable version "3.10.12", minimum required is "3.5") 
[11.566s] -- Using PYTHON_EXECUTABLE: /usr/bin/python3
[11.567s] -- Using PYTHON_INCLUDE_DIRS: /usr/include/python3.10
[11.568s] -- Using PYTHON_LIBRARIES: /usr/lib/aarch64-linux-gnu/libpython3.10.so
[11.802s] -- Found ament_cmake_flake8: 0.12.7 (/opt/ros/humble/share/ament_cmake_flake8/cmake)
[11.847s] -- Found ament_cmake_pep257: 0.12.7 (/opt/ros/humble/share/ament_cmake_pep257/cmake)
[11.972s] -- Configuring done
[12.361s] -- Generating done
[12.395s] -- Build files have been written to: /home/t-pi/TB3_RPI4_WS/build/theora_image_transport
[12.589s] [  2%] [34m[1mGenerating C code for ROS interfaces[0m
[12.680s] [  5%] [34m[1mGenerating C++ code for ROS interfaces[0m
[12.850s] [  5%] Built target ament_cmake_python_copy_theora_image_transport
[15.303s] [35m[1mConsolidate compiler generated dependencies of target theora_image_transport__rosidl_generator_c[0m
[15.398s] [  8%] [32mBuilding C object CMakeFiles/theora_image_transport__rosidl_generator_c.dir/rosidl_generator_c/theora_image_transport/msg/detail/packet__functions.c.o[0m
[15.492s] running egg_info
[15.497s] writing theora_image_transport.egg-info/PKG-INFO
[15.499s] writing dependency_links to theora_image_transport.egg-info/dependency_links.txt
[15.502s] writing top-level names to theora_image_transport.egg-info/top_level.txt
[15.517s] reading manifest file 'theora_image_transport.egg-info/SOURCES.txt'
[15.523s] writing manifest file 'theora_image_transport.egg-info/SOURCES.txt'
[15.794s] [  8%] Built target ament_cmake_python_build_theora_image_transport_egg
[15.924s] [  8%] Built target theora_image_transport__cpp
[16.007s] [ 10%] [34m[1mGenerating C++ type support dispatch for ROS interfaces[0m
[16.052s] [35m[1mConsolidate compiler generated dependencies of target theora_image_transport__rosidl_typesupport_fastrtps_cpp[0m
[16.069s] [ 13%] [34m[1mGenerating C++ introspection for ROS interfaces[0m
[16.262s] [ 16%] [32mBuilding CXX object CMakeFiles/theora_image_transport__rosidl_typesupport_fastrtps_cpp.dir/rosidl_typesupport_fastrtps_cpp/theora_image_transport/msg/detail/dds_fastrtps/packet__type_support.cpp.o[0m
[16.536s] [ 18%] [32m[1mLinking C shared library libtheora_image_transport__rosidl_generator_c.so[0m
[17.403s] [ 18%] Built target theora_image_transport__rosidl_generator_c
[17.562s] [35m[1mConsolidate compiler generated dependencies of target theora_image_transport__rosidl_typesupport_fastrtps_c[0m
[17.745s] [ 21%] [32mBuilding CXX object CMakeFiles/theora_image_transport__rosidl_typesupport_fastrtps_c.dir/rosidl_typesupport_fastrtps_c/theora_image_transport/msg/detail/packet__type_support_c.cpp.o[0m
[18.389s] [35m[1mConsolidate compiler generated dependencies of target theora_image_transport__rosidl_typesupport_cpp[0m
[18.582s] [ 24%] [32mBuilding CXX object CMakeFiles/theora_image_transport__rosidl_typesupport_cpp.dir/rosidl_typesupport_cpp/theora_image_transport/msg/packet__type_support.cpp.o[0m
[18.686s] [35m[1mConsolidate compiler generated dependencies of target theora_image_transport__rosidl_typesupport_introspection_cpp[0m
[18.847s] [ 27%] [32mBuilding CXX object CMakeFiles/theora_image_transport__rosidl_typesupport_introspection_cpp.dir/rosidl_typesupport_introspection_cpp/theora_image_transport/msg/detail/packet__type_support.cpp.o[0m
[20.617s] [ 29%] [32m[1mLinking CXX shared library libtheora_image_transport__rosidl_typesupport_fastrtps_c.so[0m
[21.536s] [ 32%] Built target theora_image_transport__rosidl_typesupport_fastrtps_c
[21.621s] [ 35%] [34m[1mGenerating C introspection for ROS interfaces[0m
[21.661s] [ 37%] [32m[1mLinking CXX shared library libtheora_image_transport__rosidl_typesupport_fastrtps_cpp.so[0m
[21.875s] [ 40%] [32m[1mLinking CXX shared library libtheora_image_transport__rosidl_typesupport_cpp.so[0m
[22.255s] [ 40%] Built target theora_image_transport__rosidl_typesupport_cpp
[22.354s] [ 43%] [34m[1mGenerating C type support dispatch for ROS interfaces[0m
[22.641s] [ 45%] Built target theora_image_transport__rosidl_typesupport_fastrtps_cpp
[22.798s] [35m[1mConsolidate compiler generated dependencies of target theora_image_transport_component[0m
[23.135s] [ 48%] [32mBuilding CXX object CMakeFiles/theora_image_transport_component.dir/src/theora_publisher.cpp.o[0m
[24.348s] [ 51%] [32m[1mLinking CXX shared library libtheora_image_transport__rosidl_typesupport_introspection_cpp.so[0m
[24.690s] [35m[1mConsolidate compiler generated dependencies of target theora_image_transport__rosidl_typesupport_introspection_c[0m
[24.836s] [ 54%] [32mBuilding C object CMakeFiles/theora_image_transport__rosidl_typesupport_introspection_c.dir/rosidl_typesupport_introspection_c/theora_image_transport/msg/detail/packet__type_support.c.o[0m
[24.981s] [35m[1mConsolidate compiler generated dependencies of target theora_image_transport__rosidl_typesupport_c[0m
[25.082s] [ 56%] [32mBuilding CXX object CMakeFiles/theora_image_transport__rosidl_typesupport_c.dir/rosidl_typesupport_c/theora_image_transport/msg/packet__type_support.cpp.o[0m
[25.149s] [ 56%] Built target theora_image_transport__rosidl_typesupport_introspection_cpp
[25.235s] [35m[1mConsolidate compiler generated dependencies of target ogg_saver[0m
[25.283s] [ 59%] [32m[1mLinking C shared library libtheora_image_transport__rosidl_typesupport_introspection_c.so[0m
[25.379s] [ 62%] [32mBuilding CXX object CMakeFiles/ogg_saver.dir/src/ogg_saver.cpp.o[0m
[25.450s] [ 64%] [32m[1mLinking CXX shared library libtheora_image_transport__rosidl_typesupport_c.so[0m
[25.676s] [ 64%] Built target theora_image_transport__rosidl_typesupport_introspection_c
[25.826s] [ 67%] [32mBuilding CXX object CMakeFiles/theora_image_transport_component.dir/src/theora_subscriber.cpp.o[0m
[26.001s] [ 67%] Built target theora_image_transport__rosidl_typesupport_c
[26.364s] [ 67%] Built target theora_image_transport
[26.615s] [ 70%] Built target theora_image_transport__py
[26.710s] [35m[1mConsolidate compiler generated dependencies of target theora_image_transport__rosidl_generator_py[0m
[26.893s] [ 72%] [32mBuilding C object CMakeFiles/theora_image_transport__rosidl_generator_py.dir/rosidl_generator_py/theora_image_transport/msg/_packet_s.c.o[0m
[28.397s] [ 75%] [32m[1mLinking C shared library rosidl_generator_py/theora_image_transport/libtheora_image_transport__rosidl_generator_py.so[0m
[29.025s] [ 75%] Built target theora_image_transport__rosidl_generator_py
[29.192s] [35m[1mConsolidate compiler generated dependencies of target theora_image_transport__rosidl_typesupport_fastrtps_c__pyext[0m
[29.386s] [ 78%] [32mBuilding C object CMakeFiles/theora_image_transport__rosidl_typesupport_fastrtps_c__pyext.dir/rosidl_generator_py/theora_image_transport/_theora_image_transport_s.ep.rosidl_typesupport_fastrtps_c.c.o[0m
[30.610s] [ 81%] [32m[1mLinking C shared library rosidl_generator_py/theora_image_transport/theora_image_transport_s__rosidl_typesupport_fastrtps_c.cpython-310-aarch64-linux-gnu.so[0m
[31.239s] [ 81%] Built target theora_image_transport__rosidl_typesupport_fastrtps_c__pyext
[31.405s] [35m[1mConsolidate compiler generated dependencies of target theora_image_transport__rosidl_typesupport_introspection_c__pyext[0m
[31.608s] [ 83%] [32mBuilding C object CMakeFiles/theora_image_transport__rosidl_typesupport_introspection_c__pyext.dir/rosidl_generator_py/theora_image_transport/_theora_image_transport_s.ep.rosidl_typesupport_introspection_c.c.o[0m
[32.614s] [ 86%] [32m[1mLinking C shared library rosidl_generator_py/theora_image_transport/theora_image_transport_s__rosidl_typesupport_introspection_c.cpython-310-aarch64-linux-gnu.so[0m
[33.250s] [ 86%] Built target theora_image_transport__rosidl_typesupport_introspection_c__pyext
[33.348s] [35m[1mConsolidate compiler generated dependencies of target theora_image_transport__rosidl_typesupport_c__pyext[0m
[33.421s] [ 89%] [32mBuilding C object CMakeFiles/theora_image_transport__rosidl_typesupport_c__pyext.dir/rosidl_generator_py/theora_image_transport/_theora_image_transport_s.ep.rosidl_typesupport_c.c.o[0m
[34.678s] [ 91%] [32m[1mLinking C shared library rosidl_generator_py/theora_image_transport/theora_image_transport_s__rosidl_typesupport_c.cpython-310-aarch64-linux-gnu.so[0m
[35.194s] [ 91%] Built target theora_image_transport__rosidl_typesupport_c__pyext
[35.297s] [ 94%] [32mBuilding CXX object CMakeFiles/theora_image_transport_component.dir/src/manifest.cpp.o[0m
[69.108s] [ 97%] [32m[1mLinking CXX executable ogg_saver[0m
[72.313s] [ 97%] Built target ogg_saver
[73.466s] [100%] [32m[1mLinking CXX shared library libtheora_image_transport_component.so[0m
[76.016s] [100%] Built target theora_image_transport_component
[76.071s] Invoked command in '/home/t-pi/TB3_RPI4_WS/build/theora_image_transport' returned '0': CMAKE_PREFIX_PATH=${CMAKE_PREFIX_PATH}:/home/t-pi/TB3_RPI4_WS/install/turtlebot3_teleop:/home/t-pi/TB3_RPI4_WS/install/turtlebot3_example:/home/t-pi/TB3_RPI4_WS/install/rpi_temprature:/opt/ros/humble /usr/bin/cmake --build /home/t-pi/TB3_RPI4_WS/build/theora_image_transport -- -j4 -l4
[76.672s] Invoking command in '/home/t-pi/TB3_RPI4_WS/build/theora_image_transport': CMAKE_PREFIX_PATH=${CMAKE_PREFIX_PATH}:/home/t-pi/TB3_RPI4_WS/install/turtlebot3_teleop:/home/t-pi/TB3_RPI4_WS/install/turtlebot3_example:/home/t-pi/TB3_RPI4_WS/install/rpi_temprature:/opt/ros/humble /usr/bin/cmake --install /home/t-pi/TB3_RPI4_WS/build/theora_image_transport
[76.707s] -- Install configuration: ""
[76.708s] -- Up-to-date: /home/t-pi/TB3_RPI4_WS/install/theora_image_transport/share/ament_index/resource_index/rosidl_interfaces/theora_image_transport
[76.708s] -- Up-to-date: /home/t-pi/TB3_RPI4_WS/install/theora_image_transport/include/theora_image_transport/theora_image_transport
[76.709s] -- Up-to-date: /home/t-pi/TB3_RPI4_WS/install/theora_image_transport/include/theora_image_transport/theora_image_transport/msg
[76.709s] -- Installing: /home/t-pi/TB3_RPI4_WS/install/theora_image_transport/include/theora_image_transport/theora_image_transport/msg/packet.h
[76.710s] -- Up-to-date: /home/t-pi/TB3_RPI4_WS/install/theora_image_transport/include/theora_image_transport/theora_image_transport/msg/detail
[76.711s] -- Installing: /home/t-pi/TB3_RPI4_WS/install/theora_image_transport/include/theora_image_transport/theora_image_transport/msg/detail/packet__struct.h
[76.713s] -- Installing: /home/t-pi/TB3_RPI4_WS/install/theora_image_transport/include/theora_image_transport/theora_image_transport/msg/detail/packet__type_support.h
[76.715s] -- Installing: /home/t-pi/TB3_RPI4_WS/install/theora_image_transport/include/theora_image_transport/theora_image_transport/msg/detail/packet__functions.c
[76.716s] -- Installing: /home/t-pi/TB3_RPI4_WS/install/theora_image_transport/include/theora_image_transport/theora_image_transport/msg/detail/packet__functions.h
[76.718s] -- Up-to-date: /home/t-pi/TB3_RPI4_WS/install/theora_image_transport/include/theora_image_transport/theora_image_transport/msg/rosidl_generator_c__visibility_control.h
[76.718s] -- Up-to-date: /home/t-pi/TB3_RPI4_WS/install/theora_image_transport/share/theora_image_transport/environment/library_path.sh
[76.719s] -- Installing: /home/t-pi/TB3_RPI4_WS/install/theora_image_transport/share/theora_image_transport/environment/library_path.dsv
[76.721s] -- Installing: /home/t-pi/TB3_RPI4_WS/install/theora_image_transport/lib/libtheora_image_transport__rosidl_generator_c.so
[76.724s] -- Set runtime path of "/home/t-pi/TB3_RPI4_WS/install/theora_image_transport/lib/libtheora_image_transport__rosidl_generator_c.so" to ""
[76.724s] -- Up-to-date: /home/t-pi/TB3_RPI4_WS/install/theora_image_transport/include/theora_image_transport/theora_image_transport
[76.725s] -- Up-to-date: /home/t-pi/TB3_RPI4_WS/install/theora_image_transport/include/theora_image_transport/theora_image_transport/msg
[76.725s] -- Up-to-date: /home/t-pi/TB3_RPI4_WS/install/theora_image_transport/include/theora_image_transport/theora_image_transport/msg/rosidl_typesupport_fastrtps_c__visibility_control.h
[76.726s] -- Up-to-date: /home/t-pi/TB3_RPI4_WS/install/theora_image_transport/include/theora_image_transport/theora_image_transport/msg/detail
[76.726s] -- Up-to-date: /home/t-pi/TB3_RPI4_WS/install/theora_image_transport/include/theora_image_transport/theora_image_transport/msg/detail/packet__rosidl_typesupport_fastrtps_c.h
[76.728s] -- Installing: /home/t-pi/TB3_RPI4_WS/install/theora_image_transport/lib/libtheora_image_transport__rosidl_typesupport_fastrtps_c.so
[76.731s] -- Set runtime path of "/home/t-pi/TB3_RPI4_WS/install/theora_image_transport/lib/libtheora_image_transport__rosidl_typesupport_fastrtps_c.so" to ""
[76.731s] -- Up-to-date: /home/t-pi/TB3_RPI4_WS/install/theora_image_transport/include/theora_image_transport/theora_image_transport
[76.732s] -- Up-to-date: /home/t-pi/TB3_RPI4_WS/install/theora_image_transport/include/theora_image_transport/theora_image_transport/msg
[76.732s] -- Up-to-date: /home/t-pi/TB3_RPI4_WS/install/theora_image_transport/include/theora_image_transport/theora_image_transport/msg/detail
[76.732s] -- Installing: /home/t-pi/TB3_RPI4_WS/install/theora_image_transport/include/theora_image_transport/theora_image_transport/msg/detail/packet__traits.hpp
[76.734s] -- Installing: /home/t-pi/TB3_RPI4_WS/install/theora_image_transport/include/theora_image_transport/theora_image_transport/msg/detail/packet__struct.hpp
[76.735s] -- Installing: /home/t-pi/TB3_RPI4_WS/install/theora_image_transport/include/theora_image_transport/theora_image_transport/msg/detail/packet__builder.hpp
[76.737s] -- Installing: /home/t-pi/TB3_RPI4_WS/install/theora_image_transport/include/theora_image_transport/theora_image_transport/msg/packet.hpp
[76.738s] -- Up-to-date: /home/t-pi/TB3_RPI4_WS/install/theora_image_transport/include/theora_image_transport/theora_image_transport
[76.739s] -- Up-to-date: /home/t-pi/TB3_RPI4_WS/install/theora_image_transport/include/theora_image_transport/theora_image_transport/msg
[76.739s] -- Up-to-date: /home/t-pi/TB3_RPI4_WS/install/theora_image_transport/include/theora_image_transport/theora_image_transport/msg/detail
[76.740s] -- Up-to-date: /home/t-pi/TB3_RPI4_WS/install/theora_image_transport/include/theora_image_transport/theora_image_transport/msg/detail/packet__rosidl_typesupport_fastrtps_cpp.hpp
[76.740s] -- Up-to-date: /home/t-pi/TB3_RPI4_WS/install/theora_image_transport/include/theora_image_transport/theora_image_transport/msg/detail/dds_fastrtps
[76.741s] -- Up-to-date: /home/t-pi/TB3_RPI4_WS/install/theora_image_transport/include/theora_image_transport/theora_image_transport/msg/rosidl_typesupport_fastrtps_cpp__visibility_control.h
[76.742s] -- Installing: /home/t-pi/TB3_RPI4_WS/install/theora_image_transport/lib/libtheora_image_transport__rosidl_typesupport_fastrtps_cpp.so
[76.746s] -- Set runtime path of "/home/t-pi/TB3_RPI4_WS/install/theora_image_transport/lib/libtheora_image_transport__rosidl_typesupport_fastrtps_cpp.so" to ""
[76.746s] -- Up-to-date: /home/t-pi/TB3_RPI4_WS/install/theora_image_transport/include/theora_image_transport/theora_image_transport
[76.747s] -- Up-to-date: /home/t-pi/TB3_RPI4_WS/install/theora_image_transport/include/theora_image_transport/theora_image_transport/msg
[76.747s] -- Up-to-date: /home/t-pi/TB3_RPI4_WS/install/theora_image_transport/include/theora_image_transport/theora_image_transport/msg/detail
[76.748s] -- Installing: /home/t-pi/TB3_RPI4_WS/install/theora_image_transport/include/theora_image_transport/theora_image_transport/msg/detail/packet__type_support.c
[76.749s] -- Installing: /home/t-pi/TB3_RPI4_WS/install/theora_image_transport/include/theora_image_transport/theora_image_transport/msg/detail/packet__rosidl_typesupport_introspection_c.h
[76.751s] -- Up-to-date: /home/t-pi/TB3_RPI4_WS/install/theora_image_transport/include/theora_image_transport/theora_image_transport/msg/rosidl_typesupport_introspection_c__visibility_control.h
[76.752s] -- Installing: /home/t-pi/TB3_RPI4_WS/install/theora_image_transport/lib/libtheora_image_transport__rosidl_typesupport_introspection_c.so
[76.755s] -- Set runtime path of "/home/t-pi/TB3_RPI4_WS/install/theora_image_transport/lib/libtheora_image_transport__rosidl_typesupport_introspection_c.so" to ""
[76.756s] -- Installing: /home/t-pi/TB3_RPI4_WS/install/theora_image_transport/lib/libtheora_image_transport__rosidl_typesupport_c.so
[76.759s] -- Set runtime path of "/home/t-pi/TB3_RPI4_WS/install/theora_image_transport/lib/libtheora_image_transport__rosidl_typesupport_c.so" to ""
[76.760s] -- Up-to-date: /home/t-pi/TB3_RPI4_WS/install/theora_image_transport/include/theora_image_transport/theora_image_transport
[76.760s] -- Up-to-date: /home/t-pi/TB3_RPI4_WS/install/theora_image_transport/include/theora_image_transport/theora_image_transport/msg
[76.760s] -- Up-to-date: /home/t-pi/TB3_RPI4_WS/install/theora_image_transport/include/theora_image_transport/theora_image_transport/msg/detail
[76.761s] -- Installing: /home/t-pi/TB3_RPI4_WS/install/theora_image_transport/include/theora_image_transport/theora_image_transport/msg/detail/packet__type_support.cpp
[76.762s] -- Installing: /home/t-pi/TB3_RPI4_WS/install/theora_image_transport/include/theora_image_transport/theora_image_transport/msg/detail/packet__rosidl_typesupport_introspection_cpp.hpp
[76.765s] -- Installing: /home/t-pi/TB3_RPI4_WS/install/theora_image_transport/lib/libtheora_image_transport__rosidl_typesupport_introspection_cpp.so
[76.769s] -- Set runtime path of "/home/t-pi/TB3_RPI4_WS/install/theora_image_transport/lib/libtheora_image_transport__rosidl_typesupport_introspection_cpp.so" to ""
[76.770s] -- Installing: /home/t-pi/TB3_RPI4_WS/install/theora_image_transport/lib/libtheora_image_transport__rosidl_typesupport_cpp.so
[76.773s] -- Set runtime path of "/home/t-pi/TB3_RPI4_WS/install/theora_image_transport/lib/libtheora_image_transport__rosidl_typesupport_cpp.so" to ""
[76.773s] -- Up-to-date: /home/t-pi/TB3_RPI4_WS/install/theora_image_transport/share/theora_image_transport/environment/pythonpath.sh
[76.774s] -- Installing: /home/t-pi/TB3_RPI4_WS/install/theora_image_transport/share/theora_image_transport/environment/pythonpath.dsv
[76.775s] -- Up-to-date: /home/t-pi/TB3_RPI4_WS/install/theora_image_transport/local/lib/python3.10/dist-packages/theora_image_transport-2.5.0-py3.10.egg-info
[76.775s] -- Installing: /home/t-pi/TB3_RPI4_WS/install/theora_image_transport/local/lib/python3.10/dist-packages/theora_image_transport-2.5.0-py3.10.egg-info/dependency_links.txt
[76.777s] -- Installing: /home/t-pi/TB3_RPI4_WS/install/theora_image_transport/local/lib/python3.10/dist-packages/theora_image_transport-2.5.0-py3.10.egg-info/top_level.txt
[76.779s] -- Installing: /home/t-pi/TB3_RPI4_WS/install/theora_image_transport/local/lib/python3.10/dist-packages/theora_image_transport-2.5.0-py3.10.egg-info/SOURCES.txt
[76.780s] -- Installing: /home/t-pi/TB3_RPI4_WS/install/theora_image_transport/local/lib/python3.10/dist-packages/theora_image_transport-2.5.0-py3.10.egg-info/PKG-INFO
[76.782s] -- Up-to-date: /home/t-pi/TB3_RPI4_WS/install/theora_image_transport/local/lib/python3.10/dist-packages/theora_image_transport
[76.782s] -- Installing: /home/t-pi/TB3_RPI4_WS/install/theora_image_transport/local/lib/python3.10/dist-packages/theora_image_transport/theora_image_transport_s__rosidl_typesupport_fastrtps_c.cpython-310-aarch64-linux-gnu.so
[76.784s] -- Up-to-date: /home/t-pi/TB3_RPI4_WS/install/theora_image_transport/local/lib/python3.10/dist-packages/theora_image_transport/msg
[76.785s] -- Up-to-date: /home/t-pi/TB3_RPI4_WS/install/theora_image_transport/local/lib/python3.10/dist-packages/theora_image_transport/msg/__init__.py
[76.785s] -- Up-to-date: /home/t-pi/TB3_RPI4_WS/install/theora_image_transport/local/lib/python3.10/dist-packages/theora_image_transport/msg/_packet_s.c
[76.785s] -- Up-to-date: /home/t-pi/TB3_RPI4_WS/install/theora_image_transport/local/lib/python3.10/dist-packages/theora_image_transport/msg/_packet.py
[76.786s] -- Installing: /home/t-pi/TB3_RPI4_WS/install/theora_image_transport/local/lib/python3.10/dist-packages/theora_image_transport/libtheora_image_transport__rosidl_generator_py.so
[76.788s] -- Installing: /home/t-pi/TB3_RPI4_WS/install/theora_image_transport/local/lib/python3.10/dist-packages/theora_image_transport/theora_image_transport_s__rosidl_typesupport_introspection_c.cpython-310-aarch64-linux-gnu.so
[76.789s] -- Up-to-date: /home/t-pi/TB3_RPI4_WS/install/theora_image_transport/local/lib/python3.10/dist-packages/theora_image_transport/_theora_image_transport_s.ep.rosidl_typesupport_fastrtps_c.c
[76.790s] -- Installing: /home/t-pi/TB3_RPI4_WS/install/theora_image_transport/local/lib/python3.10/dist-packages/theora_image_transport/__init__.py
[76.791s] -- Installing: /home/t-pi/TB3_RPI4_WS/install/theora_image_transport/local/lib/python3.10/dist-packages/theora_image_transport/theora_image_transport_s__rosidl_typesupport_c.cpython-310-aarch64-linux-gnu.so
[76.793s] -- Up-to-date: /home/t-pi/TB3_RPI4_WS/install/theora_image_transport/local/lib/python3.10/dist-packages/theora_image_transport/_theora_image_transport_s.ep.rosidl_typesupport_c.c
[76.793s] -- Up-to-date: /home/t-pi/TB3_RPI4_WS/install/theora_image_transport/local/lib/python3.10/dist-packages/theora_image_transport/_theora_image_transport_s.ep.rosidl_typesupport_introspection_c.c
[77.032s] Listing '/home/t-pi/TB3_RPI4_WS/install/theora_image_transport/local/lib/python3.10/dist-packages/theora_image_transport'...
[77.033s] Compiling '/home/t-pi/TB3_RPI4_WS/install/theora_image_transport/local/lib/python3.10/dist-packages/theora_image_transport/__init__.py'...
[77.034s] Listing '/home/t-pi/TB3_RPI4_WS/install/theora_image_transport/local/lib/python3.10/dist-packages/theora_image_transport/msg'...
[77.057s] -- Installing: /home/t-pi/TB3_RPI4_WS/install/theora_image_transport/local/lib/python3.10/dist-packages/theora_image_transport/theora_image_transport_s__rosidl_typesupport_fastrtps_c.cpython-310-aarch64-linux-gnu.so
[77.060s] -- Set runtime path of "/home/t-pi/TB3_RPI4_WS/install/theora_image_transport/local/lib/python3.10/dist-packages/theora_image_transport/theora_image_transport_s__rosidl_typesupport_fastrtps_c.cpython-310-aarch64-linux-gnu.so" to ""
[77.061s] -- Installing: /home/t-pi/TB3_RPI4_WS/install/theora_image_transport/local/lib/python3.10/dist-packages/theora_image_transport/theora_image_transport_s__rosidl_typesupport_introspection_c.cpython-310-aarch64-linux-gnu.so
[77.065s] -- Set runtime path of "/home/t-pi/TB3_RPI4_WS/install/theora_image_transport/local/lib/python3.10/dist-packages/theora_image_transport/theora_image_transport_s__rosidl_typesupport_introspection_c.cpython-310-aarch64-linux-gnu.so" to ""
[77.066s] -- Installing: /home/t-pi/TB3_RPI4_WS/install/theora_image_transport/local/lib/python3.10/dist-packages/theora_image_transport/theora_image_transport_s__rosidl_typesupport_c.cpython-310-aarch64-linux-gnu.so
[77.069s] -- Set runtime path of "/home/t-pi/TB3_RPI4_WS/install/theora_image_transport/local/lib/python3.10/dist-packages/theora_image_transport/theora_image_transport_s__rosidl_typesupport_c.cpython-310-aarch64-linux-gnu.so" to ""
[77.071s] -- Installing: /home/t-pi/TB3_RPI4_WS/install/theora_image_transport/lib/libtheora_image_transport__rosidl_generator_py.so
[77.074s] -- Set runtime path of "/home/t-pi/TB3_RPI4_WS/install/theora_image_transport/lib/libtheora_image_transport__rosidl_generator_py.so" to ""
[77.074s] -- Up-to-date: /home/t-pi/TB3_RPI4_WS/install/theora_image_transport/share/theora_image_transport/msg/Packet.idl
[77.075s] -- Up-to-date: /home/t-pi/TB3_RPI4_WS/install/theora_image_transport/share/theora_image_transport/msg/Packet.msg
[77.076s] -- Installing: /home/t-pi/TB3_RPI4_WS/install/theora_image_transport/lib/libtheora_image_transport_component.so
[77.135s] -- Set runtime path of "/home/t-pi/TB3_RPI4_WS/install/theora_image_transport/lib/libtheora_image_transport_component.so" to ""
[77.136s] -- Installing: /home/t-pi/TB3_RPI4_WS/install/theora_image_transport/lib/theora_image_transport/ogg_saver
[77.167s] -- Set runtime path of "/home/t-pi/TB3_RPI4_WS/install/theora_image_transport/lib/theora_image_transport/ogg_saver" to ""
[77.167s] -- Up-to-date: /home/t-pi/TB3_RPI4_WS/install/theora_image_transport/include/theora_image_transport
[77.168s] -- Up-to-date: /home/t-pi/TB3_RPI4_WS/install/theora_image_transport/include/theora_image_transport/theora_image_transport
[77.168s] -- Up-to-date: /home/t-pi/TB3_RPI4_WS/install/theora_image_transport/include/theora_image_transport/theora_image_transport/theora_publisher.h
[77.169s] -- Up-to-date: /home/t-pi/TB3_RPI4_WS/install/theora_image_transport/include/theora_image_transport/theora_image_transport/theora_subscriber.h
[77.169s] -- Up-to-date: /home/t-pi/TB3_RPI4_WS/install/theora_image_transport/share/theora_image_transport/theora_plugins.xml
[77.169s] -- Up-to-date: /home/t-pi/TB3_RPI4_WS/install/theora_image_transport/share/ament_index/resource_index/package_run_dependencies/theora_image_transport
[77.170s] -- Up-to-date: /home/t-pi/TB3_RPI4_WS/install/theora_image_transport/share/ament_index/resource_index/parent_prefix_path/theora_image_transport
[77.170s] -- Up-to-date: /home/t-pi/TB3_RPI4_WS/install/theora_image_transport/share/theora_image_transport/environment/ament_prefix_path.sh
[77.171s] -- Installing: /home/t-pi/TB3_RPI4_WS/install/theora_image_transport/share/theora_image_transport/environment/ament_prefix_path.dsv
[77.172s] -- Up-to-date: /home/t-pi/TB3_RPI4_WS/install/theora_image_transport/share/theora_image_transport/environment/path.sh
[77.173s] -- Installing: /home/t-pi/TB3_RPI4_WS/install/theora_image_transport/share/theora_image_transport/environment/path.dsv
[77.174s] -- Up-to-date: /home/t-pi/TB3_RPI4_WS/install/theora_image_transport/share/theora_image_transport/local_setup.bash
[77.174s] -- Up-to-date: /home/t-pi/TB3_RPI4_WS/install/theora_image_transport/share/theora_image_transport/local_setup.sh
[77.175s] -- Up-to-date: /home/t-pi/TB3_RPI4_WS/install/theora_image_transport/share/theora_image_transport/local_setup.zsh
[77.175s] -- Installing: /home/t-pi/TB3_RPI4_WS/install/theora_image_transport/share/theora_image_transport/local_setup.dsv
[77.177s] -- Installing: /home/t-pi/TB3_RPI4_WS/install/theora_image_transport/share/theora_image_transport/package.dsv
[77.178s] -- Up-to-date: /home/t-pi/TB3_RPI4_WS/install/theora_image_transport/share/ament_index/resource_index/packages/theora_image_transport
[77.179s] -- Up-to-date: /home/t-pi/TB3_RPI4_WS/install/theora_image_transport/share/ament_index/resource_index/image_transport__pluginlib__plugin/theora_image_transport
[77.180s] -- Up-to-date: /home/t-pi/TB3_RPI4_WS/install/theora_image_transport/share/theora_image_transport/cmake/export_theora_image_transport__rosidl_generator_cExport.cmake
[77.180s] -- Up-to-date: /home/t-pi/TB3_RPI4_WS/install/theora_image_transport/share/theora_image_transport/cmake/export_theora_image_transport__rosidl_generator_cExport-noconfig.cmake
[77.181s] -- Up-to-date: /home/t-pi/TB3_RPI4_WS/install/theora_image_transport/share/theora_image_transport/cmake/export_theora_image_transport__rosidl_typesupport_fastrtps_cExport.cmake
[77.182s] -- Up-to-date: /home/t-pi/TB3_RPI4_WS/install/theora_image_transport/share/theora_image_transport/cmake/export_theora_image_transport__rosidl_typesupport_fastrtps_cExport-noconfig.cmake
[77.183s] -- Up-to-date: /home/t-pi/TB3_RPI4_WS/install/theora_image_transport/share/theora_image_transport/cmake/export_theora_image_transport__rosidl_generator_cppExport.cmake
[77.184s] -- Up-to-date: /home/t-pi/TB3_RPI4_WS/install/theora_image_transport/share/theora_image_transport/cmake/export_theora_image_transport__rosidl_typesupport_fastrtps_cppExport.cmake
[77.185s] -- Up-to-date: /home/t-pi/TB3_RPI4_WS/install/theora_image_transport/share/theora_image_transport/cmake/export_theora_image_transport__rosidl_typesupport_fastrtps_cppExport-noconfig.cmake
[77.185s] -- Up-to-date: /home/t-pi/TB3_RPI4_WS/install/theora_image_transport/share/theora_image_transport/cmake/theora_image_transport__rosidl_typesupport_introspection_cExport.cmake
[77.186s] -- Up-to-date: /home/t-pi/TB3_RPI4_WS/install/theora_image_transport/share/theora_image_transport/cmake/theora_image_transport__rosidl_typesupport_introspection_cExport-noconfig.cmake
[77.187s] -- Up-to-date: /home/t-pi/TB3_RPI4_WS/install/theora_image_transport/share/theora_image_transport/cmake/theora_image_transport__rosidl_typesupport_cExport.cmake
[77.188s] -- Up-to-date: /home/t-pi/TB3_RPI4_WS/install/theora_image_transport/share/theora_image_transport/cmake/theora_image_transport__rosidl_typesupport_cExport-noconfig.cmake
[77.188s] -- Up-to-date: /home/t-pi/TB3_RPI4_WS/install/theora_image_transport/share/theora_image_transport/cmake/theora_image_transport__rosidl_typesupport_introspection_cppExport.cmake
[77.189s] -- Up-to-date: /home/t-pi/TB3_RPI4_WS/install/theora_image_transport/share/theora_image_transport/cmake/theora_image_transport__rosidl_typesupport_introspection_cppExport-noconfig.cmake
[77.190s] -- Up-to-date: /home/t-pi/TB3_RPI4_WS/install/theora_image_transport/share/theora_image_transport/cmake/theora_image_transport__rosidl_typesupport_cppExport.cmake
[77.191s] -- Up-to-date: /home/t-pi/TB3_RPI4_WS/install/theora_image_transport/share/theora_image_transport/cmake/theora_image_transport__rosidl_typesupport_cppExport-noconfig.cmake
[77.192s] -- Up-to-date: /home/t-pi/TB3_RPI4_WS/install/theora_image_transport/share/theora_image_transport/cmake/export_theora_image_transport__rosidl_generator_pyExport.cmake
[77.192s] -- Up-to-date: /home/t-pi/TB3_RPI4_WS/install/theora_image_transport/share/theora_image_transport/cmake/export_theora_image_transport__rosidl_generator_pyExport-noconfig.cmake
[77.193s] -- Up-to-date: /home/t-pi/TB3_RPI4_WS/install/theora_image_transport/share/theora_image_transport/cmake/export_theora_image_transport_componentExport.cmake
[77.194s] -- Up-to-date: /home/t-pi/TB3_RPI4_WS/install/theora_image_transport/share/theora_image_transport/cmake/export_theora_image_transport_componentExport-noconfig.cmake
[77.194s] -- Up-to-date: /home/t-pi/TB3_RPI4_WS/install/theora_image_transport/share/theora_image_transport/cmake/rosidl_cmake-extras.cmake
[77.195s] -- Up-to-date: /home/t-pi/TB3_RPI4_WS/install/theora_image_transport/share/theora_image_transport/cmake/ament_cmake_export_dependencies-extras.cmake
[77.195s] -- Up-to-date: /home/t-pi/TB3_RPI4_WS/install/theora_image_transport/share/theora_image_transport/cmake/ament_cmake_export_include_directories-extras.cmake
[77.196s] -- Up-to-date: /home/t-pi/TB3_RPI4_WS/install/theora_image_transport/share/theora_image_transport/cmake/ament_cmake_export_libraries-extras.cmake
[77.196s] -- Up-to-date: /home/t-pi/TB3_RPI4_WS/install/theora_image_transport/share/theora_image_transport/cmake/ament_cmake_export_targets-extras.cmake
[77.196s] -- Up-to-date: /home/t-pi/TB3_RPI4_WS/install/theora_image_transport/share/theora_image_transport/cmake/rosidl_cmake_export_typesupport_targets-extras.cmake
[77.197s] -- Up-to-date: /home/t-pi/TB3_RPI4_WS/install/theora_image_transport/share/theora_image_transport/cmake/rosidl_cmake_export_typesupport_libraries-extras.cmake
[77.197s] -- Up-to-date: /home/t-pi/TB3_RPI4_WS/install/theora_image_transport/share/theora_image_transport/cmake/theora_image_transportConfig.cmake
[77.198s] -- Up-to-date: /home/t-pi/TB3_RPI4_WS/install/theora_image_transport/share/theora_image_transport/cmake/theora_image_transportConfig-version.cmake
[77.198s] -- Up-to-date: /home/t-pi/TB3_RPI4_WS/install/theora_image_transport/share/theora_image_transport/package.xml
[77.211s] Invoked command in '/home/t-pi/TB3_RPI4_WS/build/theora_image_transport' returned '0': CMAKE_PREFIX_PATH=${CMAKE_PREFIX_PATH}:/home/t-pi/TB3_RPI4_WS/install/turtlebot3_teleop:/home/t-pi/TB3_RPI4_WS/install/turtlebot3_example:/home/t-pi/TB3_RPI4_WS/install/rpi_temprature:/opt/ros/humble /usr/bin/cmake --install /home/t-pi/TB3_RPI4_WS/build/theora_image_transport
