[0.138s] Invoking command in '/home/t-pi/TB3_RPI4_WS/build/turtlebot3_description': CMAKE_PREFIX_PATH=${CMAKE_PREFIX_PATH}:/home/t-pi/TB3_RPI4_WS/install/turtlebot3_teleop:/home/t-pi/TB3_RPI4_WS/install/turtlebot3_example:/home/t-pi/TB3_RPI4_WS/install/rpi_temprature:/opt/ros/humble /usr/bin/cmake --build /home/t-pi/TB3_RPI4_WS/build/turtlebot3_description -- -j4 -l4
[0.412s] -- Found ament_cmake: 1.3.5 (/opt/ros/humble/share/ament_cmake/cmake)
[1.056s] -- Found Python3: /usr/bin/python3.10 (found version "3.10.12") found components: Interpreter 
[1.653s] -- Found urdf: 2.6.0 (/opt/ros/humble/share/urdf/cmake)
[2.505s] -- Configuring done
[2.536s] -- Generating done
[2.544s] -- Build files have been written to: /home/t-pi/TB3_RPI4_WS/build/turtlebot3_description
[2.662s] Invoked command in '/home/t-pi/TB3_RPI4_WS/build/turtlebot3_description' returned '0': CMAKE_PREFIX_PATH=${CMAKE_PREFIX_PATH}:/home/t-pi/TB3_RPI4_WS/install/turtlebot3_teleop:/home/t-pi/TB3_RPI4_WS/install/turtlebot3_example:/home/t-pi/TB3_RPI4_WS/install/rpi_temprature:/opt/ros/humble /usr/bin/cmake --build /home/t-pi/TB3_RPI4_WS/build/turtlebot3_description -- -j4 -l4
[2.853s] Invoking command in '/home/t-pi/TB3_RPI4_WS/build/turtlebot3_description': CMAKE_PREFIX_PATH=${CMAKE_PREFIX_PATH}:/home/t-pi/TB3_RPI4_WS/install/turtlebot3_teleop:/home/t-pi/TB3_RPI4_WS/install/turtlebot3_example:/home/t-pi/TB3_RPI4_WS/install/rpi_temprature:/opt/ros/humble /usr/bin/cmake --install /home/t-pi/TB3_RPI4_WS/build/turtlebot3_description
[2.893s] -- Install configuration: ""
[2.895s] -- Up-to-date: /home/t-pi/TB3_RPI4_WS/install/turtlebot3_description/share/turtlebot3_description/meshes
[2.896s] -- Up-to-date: /home/t-pi/TB3_RPI4_WS/install/turtlebot3_description/share/turtlebot3_description/meshes/sensors
[2.897s] -- Up-to-date: /home/t-pi/TB3_RPI4_WS/install/turtlebot3_description/share/turtlebot3_description/meshes/sensors/astra.dae
[2.898s] -- Up-to-date: /home/t-pi/TB3_RPI4_WS/install/turtlebot3_description/share/turtlebot3_description/meshes/sensors/r200.dae
[2.899s] -- Up-to-date: /home/t-pi/TB3_RPI4_WS/install/turtlebot3_description/share/turtlebot3_description/meshes/sensors/astra.jpg
[2.900s] -- Up-to-date: /home/t-pi/TB3_RPI4_WS/install/turtlebot3_description/share/turtlebot3_description/meshes/sensors/r200.jpg
[2.901s] -- Up-to-date: /home/t-pi/TB3_RPI4_WS/install/turtlebot3_description/share/turtlebot3_description/meshes/sensors/lds.stl
[2.901s] -- Up-to-date: /home/t-pi/TB3_RPI4_WS/install/turtlebot3_description/share/turtlebot3_description/meshes/bases
[2.903s] -- Up-to-date: /home/t-pi/TB3_RPI4_WS/install/turtlebot3_description/share/turtlebot3_description/meshes/bases/burger_base.stl
[2.903s] -- Up-to-date: /home/t-pi/TB3_RPI4_WS/install/turtlebot3_description/share/turtlebot3_description/meshes/bases/waffle_pi_base.stl
[2.905s] -- Up-to-date: /home/t-pi/TB3_RPI4_WS/install/turtlebot3_description/share/turtlebot3_description/meshes/bases/waffle_base.stl
[2.905s] -- Up-to-date: /home/t-pi/TB3_RPI4_WS/install/turtlebot3_description/share/turtlebot3_description/meshes/wheels
[2.906s] -- Up-to-date: /home/t-pi/TB3_RPI4_WS/install/turtlebot3_description/share/turtlebot3_description/meshes/wheels/right_tire.stl
[2.907s] -- Up-to-date: /home/t-pi/TB3_RPI4_WS/install/turtlebot3_description/share/turtlebot3_description/meshes/wheels/left_tire.stl
[2.908s] -- Up-to-date: /home/t-pi/TB3_RPI4_WS/install/turtlebot3_description/share/turtlebot3_description/rviz
[2.909s] -- Up-to-date: /home/t-pi/TB3_RPI4_WS/install/turtlebot3_description/share/turtlebot3_description/rviz/model.rviz
[2.910s] -- Up-to-date: /home/t-pi/TB3_RPI4_WS/install/turtlebot3_description/share/turtlebot3_description/urdf
[2.911s] -- Up-to-date: /home/t-pi/TB3_RPI4_WS/install/turtlebot3_description/share/turtlebot3_description/urdf/turtlebot3_waffle_pi.urdf
[2.912s] -- Up-to-date: /home/t-pi/TB3_RPI4_WS/install/turtlebot3_description/share/turtlebot3_description/urdf/turtlebot3_waffle.urdf
[2.913s] -- Up-to-date: /home/t-pi/TB3_RPI4_WS/install/turtlebot3_description/share/turtlebot3_description/urdf/common_properties.urdf
[2.914s] -- Up-to-date: /home/t-pi/TB3_RPI4_WS/install/turtlebot3_description/share/turtlebot3_description/urdf/turtlebot3_burger.urdf
[2.915s] -- Up-to-date: /home/t-pi/TB3_RPI4_WS/install/turtlebot3_description/share/ament_index/resource_index/package_run_dependencies/turtlebot3_description
[2.916s] -- Up-to-date: /home/t-pi/TB3_RPI4_WS/install/turtlebot3_description/share/ament_index/resource_index/parent_prefix_path/turtlebot3_description
[2.918s] -- Up-to-date: /home/t-pi/TB3_RPI4_WS/install/turtlebot3_description/share/turtlebot3_description/environment/ament_prefix_path.sh
[2.919s] -- Installing: /home/t-pi/TB3_RPI4_WS/install/turtlebot3_description/share/turtlebot3_description/environment/ament_prefix_path.dsv
[2.921s] -- Up-to-date: /home/t-pi/TB3_RPI4_WS/install/turtlebot3_description/share/turtlebot3_description/environment/path.sh
[2.923s] -- Installing: /home/t-pi/TB3_RPI4_WS/install/turtlebot3_description/share/turtlebot3_description/environment/path.dsv
[2.925s] -- Up-to-date: /home/t-pi/TB3_RPI4_WS/install/turtlebot3_description/share/turtlebot3_description/local_setup.bash
[2.926s] -- Up-to-date: /home/t-pi/TB3_RPI4_WS/install/turtlebot3_description/share/turtlebot3_description/local_setup.sh
[2.927s] -- Up-to-date: /home/t-pi/TB3_RPI4_WS/install/turtlebot3_description/share/turtlebot3_description/local_setup.zsh
[2.929s] -- Installing: /home/t-pi/TB3_RPI4_WS/install/turtlebot3_description/share/turtlebot3_description/local_setup.dsv
[2.931s] -- Installing: /home/t-pi/TB3_RPI4_WS/install/turtlebot3_description/share/turtlebot3_description/package.dsv
[2.933s] -- Up-to-date: /home/t-pi/TB3_RPI4_WS/install/turtlebot3_description/share/ament_index/resource_index/packages/turtlebot3_description
[2.935s] -- Up-to-date: /home/t-pi/TB3_RPI4_WS/install/turtlebot3_description/share/turtlebot3_description/cmake/turtlebot3_descriptionConfig.cmake
[2.936s] -- Up-to-date: /home/t-pi/TB3_RPI4_WS/install/turtlebot3_description/share/turtlebot3_description/cmake/turtlebot3_descriptionConfig-version.cmake
[2.937s] -- Up-to-date: /home/t-pi/TB3_RPI4_WS/install/turtlebot3_description/share/turtlebot3_description/package.xml
[2.947s] Invoked command in '/home/t-pi/TB3_RPI4_WS/build/turtlebot3_description' returned '0': CMAKE_PREFIX_PATH=${CMAKE_PREFIX_PATH}:/home/t-pi/TB3_RPI4_WS/install/turtlebot3_teleop:/home/t-pi/TB3_RPI4_WS/install/turtlebot3_example:/home/t-pi/TB3_RPI4_WS/install/rpi_temprature:/opt/ros/humble /usr/bin/cmake --install /home/t-pi/TB3_RPI4_WS/build/turtlebot3_description
