[0.097s] Invoking command in '/home/t-pi/TB3_RPI4_WS/build/cv_camera': CMAKE_PREFIX_PATH=/opt/ros/humble /usr/bin/cmake /home/t-pi/TB3_RPI4_WS/src/cv_camera -DCMAKE_INSTALL_PREFIX=/home/t-pi/TB3_RPI4_WS/install/cv_camera
[0.153s] -- Found ament_cmake: 1.3.5 (/opt/ros/humble/share/ament_cmake/cmake)
[0.887s] [31mCMake Error at CMakeLists.txt:22 (find_package):
[0.888s]   By not providing "FindOpenCV.cmake" in CMAKE_MODULE_PATH this project has
[0.888s]   asked CMake to find a package configuration file provided by "OpenCV", but
[0.889s]   CMake did not find one.
[0.889s] 
[0.890s]   Could not find a package configuration file provided by "OpenCV" (requested
[0.890s]   version 4) with any of the following names:
[0.891s] 
[0.891s]     OpenCVConfig.cmake
[0.892s]     opencv-config.cmake
[0.892s] 
[0.893s]   Add the installation prefix of "OpenCV" to CMAKE_PREFIX_PATH or set
[0.894s]   "OpenCV_DIR" to a directory containing one of the above files.  If "OpenCV"
[0.895s]   provides a separate development package or SDK, be sure it has been
[0.896s]   installed.
[0.898s] 
[0.899s] [0m
[0.899s] -- Configuring incomplete, errors occurred!
[0.901s] See also "/home/t-pi/TB3_RPI4_WS/build/cv_camera/CMakeFiles/CMakeOutput.log".
[0.903s] Invoked command in '/home/t-pi/TB3_RPI4_WS/build/cv_camera' returned '1': CMAKE_PREFIX_PATH=/opt/ros/humble /usr/bin/cmake /home/t-pi/TB3_RPI4_WS/src/cv_camera -DCMAKE_INSTALL_PREFIX=/home/t-pi/TB3_RPI4_WS/install/cv_camera
