[0.047s] Invoking command in '/home/t-pi/TB3_RPI4_WS/build/ld08_driver': CMAKE_PREFIX_PATH=${CMAKE_PREFIX_PATH}:/opt/ros/humble /usr/bin/cmake /home/t-pi/TB3_RPI4_WS/src/ld08_driver -DCMAKE_INSTALL_PREFIX=/home/t-pi/TB3_RPI4_WS/install/ld08_driver
[0.318s] -- The C compiler identification is GNU 11.3.0
[0.598s] -- The CXX compiler identification is GNU 11.3.0
[0.630s] -- Detecting C compiler ABI info
[0.963s] -- Detecting C compiler ABI info - done
[0.993s] -- Check for working C compiler: /usr/bin/cc - skipped
[0.994s] -- Detecting C compile features
[0.995s] -- Detecting C compile features - done
[1.009s] -- Detecting CXX compiler ABI info
[1.397s] -- Detecting CXX compiler ABI info - done
[1.429s] -- Check for working CXX compiler: /usr/bin/c++ - skipped
[1.430s] -- Detecting CXX compile features
[1.432s] -- Detecting CXX compile features - done
[1.465s] -- Found ament_cmake: 1.3.5 (/opt/ros/humble/share/ament_cmake/cmake)
[2.411s] -- Found Python3: /usr/bin/python3.10 (found version "3.10.6") found components: Interpreter 
[3.078s] -- Found rclcpp: 16.0.4 (/opt/ros/humble/share/rclcpp/cmake)
[3.510s] -- Found rosidl_generator_c: 3.1.4 (/opt/ros/humble/share/rosidl_generator_c/cmake)
[3.565s] -- Found rosidl_adapter: 3.1.4 (/opt/ros/humble/share/rosidl_adapter/cmake)
[3.642s] -- Found rosidl_generator_cpp: 3.1.4 (/opt/ros/humble/share/rosidl_generator_cpp/cmake)
[3.746s] -- Using all available rosidl_typesupport_c: rosidl_typesupport_fastrtps_c;rosidl_typesupport_introspection_c
[3.897s] -- Using all available rosidl_typesupport_cpp: rosidl_typesupport_fastrtps_cpp;rosidl_typesupport_introspection_cpp
[4.382s] -- Found rmw_implementation_cmake: 6.1.1 (/opt/ros/humble/share/rmw_implementation_cmake/cmake)
[4.411s] -- Found rmw_fastrtps_cpp: 6.2.2 (/opt/ros/humble/share/rmw_fastrtps_cpp/cmake)
[5.100s] -- Found OpenSSL: /usr/lib/aarch64-linux-gnu/libcrypto.so (found version "3.0.2")  
[5.377s] -- Found FastRTPS: /opt/ros/humble/include  
[5.853s] -- Using RMW implementation 'rmw_fastrtps_cpp' as default
[5.954s] -- Looking for pthread.h
[6.308s] -- Looking for pthread.h - found
[6.311s] -- Performing Test CMAKE_HAVE_LIBC_PTHREAD
[6.700s] -- Performing Test CMAKE_HAVE_LIBC_PTHREAD - Success
[6.704s] -- Found Threads: TRUE  
[7.544s] -- Found sensor_msgs: 4.2.3 (/opt/ros/humble/share/sensor_msgs/cmake)
[8.264s] -- Found Boost: /usr/lib/aarch64-linux-gnu/cmake/Boost-1.74.0/BoostConfig.cmake (found version "1.74.0") found components: system 
[8.301s] -- Found ament_lint_auto: 0.12.6 (/opt/ros/humble/share/ament_lint_auto/cmake)
[8.678s] -- Configuring done
[8.749s] -- Generating done
[8.757s] -- Build files have been written to: /home/t-pi/TB3_RPI4_WS/build/ld08_driver
[8.801s] Invoked command in '/home/t-pi/TB3_RPI4_WS/build/ld08_driver' returned '0': CMAKE_PREFIX_PATH=${CMAKE_PREFIX_PATH}:/opt/ros/humble /usr/bin/cmake /home/t-pi/TB3_RPI4_WS/src/ld08_driver -DCMAKE_INSTALL_PREFIX=/home/t-pi/TB3_RPI4_WS/install/ld08_driver
[8.811s] Invoking command in '/home/t-pi/TB3_RPI4_WS/build/ld08_driver': CMAKE_PREFIX_PATH=${CMAKE_PREFIX_PATH}:/opt/ros/humble /usr/bin/cmake --build /home/t-pi/TB3_RPI4_WS/build/ld08_driver -- -j4 -l4
[9.039s] [ 16%] [32mBuilding CXX object CMakeFiles/ld08_driver.dir/src/cmd_interface_linux.cpp.o[0m
[9.044s] [ 33%] [32mBuilding CXX object CMakeFiles/ld08_driver.dir/src/main.cpp.o[0m
[9.048s] [ 50%] [32mBuilding CXX object CMakeFiles/ld08_driver.dir/src/lipkg.cpp.o[0m
[9.073s] [ 66%] [32mBuilding CXX object CMakeFiles/ld08_driver.dir/src/slbf.cpp.o[0m
[14.912s] [ 83%] [32mBuilding CXX object CMakeFiles/ld08_driver.dir/src/transform.cpp.o[0m
[32.823s] [01m[K/home/t-pi/TB3_RPI4_WS/src/ld08_driver/src/transform.cpp:[m[K In constructor ‘[01m[KSlTransform::SlTransform(LDVersion, bool)[m[K’:
[32.823s] [01m[K/home/t-pi/TB3_RPI4_WS/src/ld08_driver/src/transform.cpp:30:50:[m[K [01;35m[Kwarning: [m[Kunused parameter ‘[01m[Kto_right_hand[m[K’ [[01;35m[K]8;;https://gcc.gnu.org/onlinedocs/gcc/Warning-Options.html#index-Wunused-parameter-Wunused-parameter]8;;[m[K]
[32.824s]    30 | SlTransform::SlTransform(LDVersion version, [01;35m[Kbool to_right_hand[m[K)
[32.825s]       |                                             [01;35m[K~~~~~^~~~~~~~~~~~~[m[K
[37.300s] [100%] [32m[1mLinking CXX executable ld08_driver[0m
[38.652s] [100%] Built target ld08_driver
[38.712s] Invoked command in '/home/t-pi/TB3_RPI4_WS/build/ld08_driver' returned '0': CMAKE_PREFIX_PATH=${CMAKE_PREFIX_PATH}:/opt/ros/humble /usr/bin/cmake --build /home/t-pi/TB3_RPI4_WS/build/ld08_driver -- -j4 -l4
[38.955s] Invoking command in '/home/t-pi/TB3_RPI4_WS/build/ld08_driver': CMAKE_PREFIX_PATH=${CMAKE_PREFIX_PATH}:/opt/ros/humble /usr/bin/cmake --install /home/t-pi/TB3_RPI4_WS/build/ld08_driver
[39.003s] -- Install configuration: ""
[39.005s] -- Installing: /home/t-pi/TB3_RPI4_WS/install/ld08_driver/share/ld08_driver/launch
[39.014s] -- Installing: /home/t-pi/TB3_RPI4_WS/install/ld08_driver/share/ld08_driver/launch/ld08.launch.py
[39.019s] -- Installing: /home/t-pi/TB3_RPI4_WS/install/ld08_driver/lib/ld08_driver/ld08_driver
[39.034s] -- Set runtime path of "/home/t-pi/TB3_RPI4_WS/install/ld08_driver/lib/ld08_driver/ld08_driver" to ""
[39.037s] -- Installing: /home/t-pi/TB3_RPI4_WS/install/ld08_driver/share/ament_index/resource_index/package_run_dependencies/ld08_driver
[39.041s] -- Installing: /home/t-pi/TB3_RPI4_WS/install/ld08_driver/share/ament_index/resource_index/parent_prefix_path/ld08_driver
[39.045s] -- Installing: /home/t-pi/TB3_RPI4_WS/install/ld08_driver/share/ld08_driver/environment/ament_prefix_path.sh
[39.049s] -- Installing: /home/t-pi/TB3_RPI4_WS/install/ld08_driver/share/ld08_driver/environment/ament_prefix_path.dsv
[39.050s] -- Installing: /home/t-pi/TB3_RPI4_WS/install/ld08_driver/share/ld08_driver/environment/path.sh
[39.053s] -- Installing: /home/t-pi/TB3_RPI4_WS/install/ld08_driver/share/ld08_driver/environment/path.dsv
[39.055s] -- Installing: /home/t-pi/TB3_RPI4_WS/install/ld08_driver/share/ld08_driver/local_setup.bash
[39.057s] -- Installing: /home/t-pi/TB3_RPI4_WS/install/ld08_driver/share/ld08_driver/local_setup.sh
[39.059s] -- Installing: /home/t-pi/TB3_RPI4_WS/install/ld08_driver/share/ld08_driver/local_setup.zsh
[39.061s] -- Installing: /home/t-pi/TB3_RPI4_WS/install/ld08_driver/share/ld08_driver/local_setup.dsv
[39.063s] -- Installing: /home/t-pi/TB3_RPI4_WS/install/ld08_driver/share/ld08_driver/package.dsv
[39.066s] -- Installing: /home/t-pi/TB3_RPI4_WS/install/ld08_driver/share/ament_index/resource_index/packages/ld08_driver
[39.069s] -- Installing: /home/t-pi/TB3_RPI4_WS/install/ld08_driver/share/ld08_driver/cmake/ament_cmake_export_dependencies-extras.cmake
[39.071s] -- Installing: /home/t-pi/TB3_RPI4_WS/install/ld08_driver/share/ld08_driver/cmake/ament_cmake_export_include_directories-extras.cmake
[39.073s] -- Installing: /home/t-pi/TB3_RPI4_WS/install/ld08_driver/share/ld08_driver/cmake/ld08_driverConfig.cmake
[39.075s] -- Installing: /home/t-pi/TB3_RPI4_WS/install/ld08_driver/share/ld08_driver/cmake/ld08_driverConfig-version.cmake
[39.077s] -- Installing: /home/t-pi/TB3_RPI4_WS/install/ld08_driver/share/ld08_driver/package.xml
[39.097s] Invoked command in '/home/t-pi/TB3_RPI4_WS/build/ld08_driver' returned '0': CMAKE_PREFIX_PATH=${CMAKE_PREFIX_PATH}:/opt/ros/humble /usr/bin/cmake --install /home/t-pi/TB3_RPI4_WS/build/ld08_driver
