[0.056s] Invoking command in '/home/t-pi/TB3_RPI4_WS/build/turtlebot3_bringup': AMENT_PREFIX_PATH=/home/t-pi/TB3_RPI4_WS/install/turtlebot3_node:${AMENT_PREFIX_PATH} CMAKE_PREFIX_PATH=/home/t-pi/TB3_RPI4_WS/install/turtlebot3_node:/home/t-pi/TB3_RPI4_WS/install/turtlebot3_description:/opt/ros/humble /usr/bin/cmake /home/t-pi/TB3_RPI4_WS/src/turtlebot3/turtlebot3_bringup -DCMAKE_INSTALL_PREFIX=/home/t-pi/TB3_RPI4_WS/install/turtlebot3_bringup
[0.331s] -- The C compiler identification is GNU 11.3.0
[0.612s] -- The CXX compiler identification is GNU 11.3.0
[0.644s] -- Detecting C compiler ABI info
[0.983s] -- Detecting C compiler ABI info - done
[1.013s] -- Check for working C compiler: /usr/bin/cc - skipped
[1.014s] -- Detecting C compile features
[1.016s] -- Detecting C compile features - done
[1.029s] -- Detecting CXX compiler ABI info
[1.408s] -- Detecting CXX compiler ABI info - done
[1.439s] -- Check for working CXX compiler: /usr/bin/c++ - skipped
[1.440s] -- Detecting CXX compile features
[1.442s] -- Detecting CXX compile features - done
[1.476s] -- Found ament_cmake: 1.3.5 (/opt/ros/humble/share/ament_cmake/cmake)
[2.433s] -- Found Python3: /usr/bin/python3.10 (found version "3.10.6") found components: Interpreter 
[3.447s] -- Configuring done
[3.466s] -- Generating done
[3.471s] -- Build files have been written to: /home/t-pi/TB3_RPI4_WS/build/turtlebot3_bringup
[3.486s] Invoked command in '/home/t-pi/TB3_RPI4_WS/build/turtlebot3_bringup' returned '0': AMENT_PREFIX_PATH=/home/t-pi/TB3_RPI4_WS/install/turtlebot3_node:${AMENT_PREFIX_PATH} CMAKE_PREFIX_PATH=/home/t-pi/TB3_RPI4_WS/install/turtlebot3_node:/home/t-pi/TB3_RPI4_WS/install/turtlebot3_description:/opt/ros/humble /usr/bin/cmake /home/t-pi/TB3_RPI4_WS/src/turtlebot3/turtlebot3_bringup -DCMAKE_INSTALL_PREFIX=/home/t-pi/TB3_RPI4_WS/install/turtlebot3_bringup
[3.494s] Invoking command in '/home/t-pi/TB3_RPI4_WS/build/turtlebot3_bringup': AMENT_PREFIX_PATH=/home/t-pi/TB3_RPI4_WS/install/turtlebot3_node:${AMENT_PREFIX_PATH} CMAKE_PREFIX_PATH=/home/t-pi/TB3_RPI4_WS/install/turtlebot3_node:/home/t-pi/TB3_RPI4_WS/install/turtlebot3_description:/opt/ros/humble /usr/bin/cmake --build /home/t-pi/TB3_RPI4_WS/build/turtlebot3_bringup -- -j4 -l4
[3.642s] Invoked command in '/home/t-pi/TB3_RPI4_WS/build/turtlebot3_bringup' returned '0': AMENT_PREFIX_PATH=/home/t-pi/TB3_RPI4_WS/install/turtlebot3_node:${AMENT_PREFIX_PATH} CMAKE_PREFIX_PATH=/home/t-pi/TB3_RPI4_WS/install/turtlebot3_node:/home/t-pi/TB3_RPI4_WS/install/turtlebot3_description:/opt/ros/humble /usr/bin/cmake --build /home/t-pi/TB3_RPI4_WS/build/turtlebot3_bringup -- -j4 -l4
[3.747s] Invoking command in '/home/t-pi/TB3_RPI4_WS/build/turtlebot3_bringup': AMENT_PREFIX_PATH=/home/t-pi/TB3_RPI4_WS/install/turtlebot3_node:${AMENT_PREFIX_PATH} CMAKE_PREFIX_PATH=/home/t-pi/TB3_RPI4_WS/install/turtlebot3_node:/home/t-pi/TB3_RPI4_WS/install/turtlebot3_description:/opt/ros/humble /usr/bin/cmake --install /home/t-pi/TB3_RPI4_WS/build/turtlebot3_bringup
[3.775s] -- Install configuration: ""
[3.776s] -- Installing: /home/t-pi/TB3_RPI4_WS/install/turtlebot3_bringup/share/turtlebot3_bringup/launch
[3.779s] -- Installing: /home/t-pi/TB3_RPI4_WS/install/turtlebot3_bringup/share/turtlebot3_bringup/launch/rviz2.launch.py
[3.782s] -- Installing: /home/t-pi/TB3_RPI4_WS/install/turtlebot3_bringup/share/turtlebot3_bringup/launch/robot.launch.py
[3.784s] -- Installing: /home/t-pi/TB3_RPI4_WS/install/turtlebot3_bringup/share/turtlebot3_bringup/launch/turtlebot3_state_publisher.launch.py
[3.785s] -- Installing: /home/t-pi/TB3_RPI4_WS/install/turtlebot3_bringup/share/turtlebot3_bringup/param
[3.787s] -- Installing: /home/t-pi/TB3_RPI4_WS/install/turtlebot3_bringup/share/turtlebot3_bringup/param/waffle_pi.yaml
[3.789s] -- Installing: /home/t-pi/TB3_RPI4_WS/install/turtlebot3_bringup/share/turtlebot3_bringup/param/waffle.yaml
[3.791s] -- Installing: /home/t-pi/TB3_RPI4_WS/install/turtlebot3_bringup/share/turtlebot3_bringup/param/burger.yaml
[3.792s] -- Installing: /home/t-pi/TB3_RPI4_WS/install/turtlebot3_bringup/share/turtlebot3_bringup/script
[3.794s] -- Installing: /home/t-pi/TB3_RPI4_WS/install/turtlebot3_bringup/share/turtlebot3_bringup/script/create_udev_rules
[3.796s] -- Installing: /home/t-pi/TB3_RPI4_WS/install/turtlebot3_bringup/share/turtlebot3_bringup/script/99-turtlebot3-cdc.rules
[3.798s] -- Installing: /home/t-pi/TB3_RPI4_WS/install/turtlebot3_bringup/share/ament_index/resource_index/package_run_dependencies/turtlebot3_bringup
[3.800s] -- Installing: /home/t-pi/TB3_RPI4_WS/install/turtlebot3_bringup/share/ament_index/resource_index/parent_prefix_path/turtlebot3_bringup
[3.802s] -- Installing: /home/t-pi/TB3_RPI4_WS/install/turtlebot3_bringup/share/turtlebot3_bringup/environment/ament_prefix_path.sh
[3.806s] -- Installing: /home/t-pi/TB3_RPI4_WS/install/turtlebot3_bringup/share/turtlebot3_bringup/environment/ament_prefix_path.dsv
[3.807s] -- Installing: /home/t-pi/TB3_RPI4_WS/install/turtlebot3_bringup/share/turtlebot3_bringup/environment/path.sh
[3.808s] -- Installing: /home/t-pi/TB3_RPI4_WS/install/turtlebot3_bringup/share/turtlebot3_bringup/environment/path.dsv
[3.810s] -- Installing: /home/t-pi/TB3_RPI4_WS/install/turtlebot3_bringup/share/turtlebot3_bringup/local_setup.bash
[3.811s] -- Installing: /home/t-pi/TB3_RPI4_WS/install/turtlebot3_bringup/share/turtlebot3_bringup/local_setup.sh
[3.812s] -- Installing: /home/t-pi/TB3_RPI4_WS/install/turtlebot3_bringup/share/turtlebot3_bringup/local_setup.zsh
[3.814s] -- Installing: /home/t-pi/TB3_RPI4_WS/install/turtlebot3_bringup/share/turtlebot3_bringup/local_setup.dsv
[3.815s] -- Installing: /home/t-pi/TB3_RPI4_WS/install/turtlebot3_bringup/share/turtlebot3_bringup/package.dsv
[3.817s] -- Installing: /home/t-pi/TB3_RPI4_WS/install/turtlebot3_bringup/share/ament_index/resource_index/packages/turtlebot3_bringup
[3.818s] -- Installing: /home/t-pi/TB3_RPI4_WS/install/turtlebot3_bringup/share/turtlebot3_bringup/cmake/turtlebot3_bringupConfig.cmake
[3.820s] -- Installing: /home/t-pi/TB3_RPI4_WS/install/turtlebot3_bringup/share/turtlebot3_bringup/cmake/turtlebot3_bringupConfig-version.cmake
[3.821s] -- Installing: /home/t-pi/TB3_RPI4_WS/install/turtlebot3_bringup/share/turtlebot3_bringup/package.xml
[3.835s] Invoked command in '/home/t-pi/TB3_RPI4_WS/build/turtlebot3_bringup' returned '0': AMENT_PREFIX_PATH=/home/t-pi/TB3_RPI4_WS/install/turtlebot3_node:${AMENT_PREFIX_PATH} CMAKE_PREFIX_PATH=/home/t-pi/TB3_RPI4_WS/install/turtlebot3_node:/home/t-pi/TB3_RPI4_WS/install/turtlebot3_description:/opt/ros/humble /usr/bin/cmake --install /home/t-pi/TB3_RPI4_WS/build/turtlebot3_bringup
