[0.075s] Invoking command in '/home/t-pi/TB3_RPI4_WS/build/image_transport_plugins': AMENT_PREFIX_PATH=/home/t-pi/TB3_RPI4_WS/install/theora_image_transport:/home/t-pi/TB3_RPI4_WS/install/compressed_image_transport:/home/t-pi/TB3_RPI4_WS/install/compressed_depth_image_transport:${AMENT_PREFIX_PATH} CMAKE_PREFIX_PATH=/home/t-pi/TB3_RPI4_WS/install/theora_image_transport:/home/t-pi/TB3_RPI4_WS/install/compressed_image_transport:/home/t-pi/TB3_RPI4_WS/install/compressed_depth_image_transport:/home/t-pi/TB3_RPI4_WS/install/turtlebot3_description:/opt/ros/humble LD_LIBRARY_PATH=/home/t-pi/TB3_RPI4_WS/install/theora_image_transport/lib:/home/t-pi/TB3_RPI4_WS/install/compressed_image_transport/lib:/home/t-pi/TB3_RPI4_WS/install/compressed_depth_image_transport/lib:${LD_LIBRARY_PATH} PYTHONPATH=/home/t-pi/TB3_RPI4_WS/install/theora_image_transport/local/lib/python3.10/dist-packages:${PYTHONPATH} /usr/bin/cmake /home/t-pi/TB3_RPI4_WS/src/image_transport_plugins/image_transport_plugins -DCMAKE_INSTALL_PREFIX=/home/t-pi/TB3_RPI4_WS/install/image_transport_plugins
[0.421s] -- The C compiler identification is GNU 11.3.0
[0.735s] -- The CXX compiler identification is GNU 11.3.0
[0.781s] -- Detecting C compiler ABI info
[1.154s] -- Detecting C compiler ABI info - done
[1.183s] -- Check for working C compiler: /usr/bin/cc - skipped
[1.187s] -- Detecting C compile features
[1.189s] -- Detecting C compile features - done
[1.205s] -- Detecting CXX compiler ABI info
[1.645s] -- Detecting CXX compiler ABI info - done
[1.675s] -- Check for working CXX compiler: /usr/bin/c++ - skipped
[1.676s] -- Detecting CXX compile features
[1.678s] -- Detecting CXX compile features - done
[1.725s] -- Found ament_cmake: 1.3.5 (/opt/ros/humble/share/ament_cmake/cmake)
[2.674s] -- Found Python3: /usr/bin/python3.10 (found version "3.10.6") found components: Interpreter 
[3.932s] -- Configuring done
[3.955s] -- Generating done
[3.961s] -- Build files have been written to: /home/t-pi/TB3_RPI4_WS/build/image_transport_plugins
[3.976s] Invoked command in '/home/t-pi/TB3_RPI4_WS/build/image_transport_plugins' returned '0': AMENT_PREFIX_PATH=/home/t-pi/TB3_RPI4_WS/install/theora_image_transport:/home/t-pi/TB3_RPI4_WS/install/compressed_image_transport:/home/t-pi/TB3_RPI4_WS/install/compressed_depth_image_transport:${AMENT_PREFIX_PATH} CMAKE_PREFIX_PATH=/home/t-pi/TB3_RPI4_WS/install/theora_image_transport:/home/t-pi/TB3_RPI4_WS/install/compressed_image_transport:/home/t-pi/TB3_RPI4_WS/install/compressed_depth_image_transport:/home/t-pi/TB3_RPI4_WS/install/turtlebot3_description:/opt/ros/humble LD_LIBRARY_PATH=/home/t-pi/TB3_RPI4_WS/install/theora_image_transport/lib:/home/t-pi/TB3_RPI4_WS/install/compressed_image_transport/lib:/home/t-pi/TB3_RPI4_WS/install/compressed_depth_image_transport/lib:${LD_LIBRARY_PATH} PYTHONPATH=/home/t-pi/TB3_RPI4_WS/install/theora_image_transport/local/lib/python3.10/dist-packages:${PYTHONPATH} /usr/bin/cmake /home/t-pi/TB3_RPI4_WS/src/image_transport_plugins/image_transport_plugins -DCMAKE_INSTALL_PREFIX=/home/t-pi/TB3_RPI4_WS/install/image_transport_plugins
[3.986s] Invoking command in '/home/t-pi/TB3_RPI4_WS/build/image_transport_plugins': AMENT_PREFIX_PATH=/home/t-pi/TB3_RPI4_WS/install/theora_image_transport:/home/t-pi/TB3_RPI4_WS/install/compressed_image_transport:/home/t-pi/TB3_RPI4_WS/install/compressed_depth_image_transport:${AMENT_PREFIX_PATH} CMAKE_PREFIX_PATH=/home/t-pi/TB3_RPI4_WS/install/theora_image_transport:/home/t-pi/TB3_RPI4_WS/install/compressed_image_transport:/home/t-pi/TB3_RPI4_WS/install/compressed_depth_image_transport:/home/t-pi/TB3_RPI4_WS/install/turtlebot3_description:/opt/ros/humble LD_LIBRARY_PATH=/home/t-pi/TB3_RPI4_WS/install/theora_image_transport/lib:/home/t-pi/TB3_RPI4_WS/install/compressed_image_transport/lib:/home/t-pi/TB3_RPI4_WS/install/compressed_depth_image_transport/lib:${LD_LIBRARY_PATH} PYTHONPATH=/home/t-pi/TB3_RPI4_WS/install/theora_image_transport/local/lib/python3.10/dist-packages:${PYTHONPATH} /usr/bin/cmake --build /home/t-pi/TB3_RPI4_WS/build/image_transport_plugins -- -j4 -l4
[4.164s] Invoked command in '/home/t-pi/TB3_RPI4_WS/build/image_transport_plugins' returned '0': AMENT_PREFIX_PATH=/home/t-pi/TB3_RPI4_WS/install/theora_image_transport:/home/t-pi/TB3_RPI4_WS/install/compressed_image_transport:/home/t-pi/TB3_RPI4_WS/install/compressed_depth_image_transport:${AMENT_PREFIX_PATH} CMAKE_PREFIX_PATH=/home/t-pi/TB3_RPI4_WS/install/theora_image_transport:/home/t-pi/TB3_RPI4_WS/install/compressed_image_transport:/home/t-pi/TB3_RPI4_WS/install/compressed_depth_image_transport:/home/t-pi/TB3_RPI4_WS/install/turtlebot3_description:/opt/ros/humble LD_LIBRARY_PATH=/home/t-pi/TB3_RPI4_WS/install/theora_image_transport/lib:/home/t-pi/TB3_RPI4_WS/install/compressed_image_transport/lib:/home/t-pi/TB3_RPI4_WS/install/compressed_depth_image_transport/lib:${LD_LIBRARY_PATH} PYTHONPATH=/home/t-pi/TB3_RPI4_WS/install/theora_image_transport/local/lib/python3.10/dist-packages:${PYTHONPATH} /usr/bin/cmake --build /home/t-pi/TB3_RPI4_WS/build/image_transport_plugins -- -j4 -l4
[4.280s] Invoking command in '/home/t-pi/TB3_RPI4_WS/build/image_transport_plugins': AMENT_PREFIX_PATH=/home/t-pi/TB3_RPI4_WS/install/theora_image_transport:/home/t-pi/TB3_RPI4_WS/install/compressed_image_transport:/home/t-pi/TB3_RPI4_WS/install/compressed_depth_image_transport:${AMENT_PREFIX_PATH} CMAKE_PREFIX_PATH=/home/t-pi/TB3_RPI4_WS/install/theora_image_transport:/home/t-pi/TB3_RPI4_WS/install/compressed_image_transport:/home/t-pi/TB3_RPI4_WS/install/compressed_depth_image_transport:/home/t-pi/TB3_RPI4_WS/install/turtlebot3_description:/opt/ros/humble LD_LIBRARY_PATH=/home/t-pi/TB3_RPI4_WS/install/theora_image_transport/lib:/home/t-pi/TB3_RPI4_WS/install/compressed_image_transport/lib:/home/t-pi/TB3_RPI4_WS/install/compressed_depth_image_transport/lib:${LD_LIBRARY_PATH} PYTHONPATH=/home/t-pi/TB3_RPI4_WS/install/theora_image_transport/local/lib/python3.10/dist-packages:${PYTHONPATH} /usr/bin/cmake --install /home/t-pi/TB3_RPI4_WS/build/image_transport_plugins
[4.316s] -- Install configuration: ""
[4.317s] -- Installing: /home/t-pi/TB3_RPI4_WS/install/image_transport_plugins/share/ament_index/resource_index/package_run_dependencies/image_transport_plugins
[4.320s] -- Installing: /home/t-pi/TB3_RPI4_WS/install/image_transport_plugins/share/ament_index/resource_index/parent_prefix_path/image_transport_plugins
[4.322s] -- Installing: /home/t-pi/TB3_RPI4_WS/install/image_transport_plugins/share/image_transport_plugins/environment/ament_prefix_path.sh
[4.323s] -- Installing: /home/t-pi/TB3_RPI4_WS/install/image_transport_plugins/share/image_transport_plugins/environment/ament_prefix_path.dsv
[4.325s] -- Installing: /home/t-pi/TB3_RPI4_WS/install/image_transport_plugins/share/image_transport_plugins/environment/path.sh
[4.327s] -- Installing: /home/t-pi/TB3_RPI4_WS/install/image_transport_plugins/share/image_transport_plugins/environment/path.dsv
[4.329s] -- Installing: /home/t-pi/TB3_RPI4_WS/install/image_transport_plugins/share/image_transport_plugins/local_setup.bash
[4.330s] -- Installing: /home/t-pi/TB3_RPI4_WS/install/image_transport_plugins/share/image_transport_plugins/local_setup.sh
[4.332s] -- Installing: /home/t-pi/TB3_RPI4_WS/install/image_transport_plugins/share/image_transport_plugins/local_setup.zsh
[4.333s] -- Installing: /home/t-pi/TB3_RPI4_WS/install/image_transport_plugins/share/image_transport_plugins/local_setup.dsv
[4.335s] -- Installing: /home/t-pi/TB3_RPI4_WS/install/image_transport_plugins/share/image_transport_plugins/package.dsv
[4.337s] -- Installing: /home/t-pi/TB3_RPI4_WS/install/image_transport_plugins/share/ament_index/resource_index/packages/image_transport_plugins
[4.339s] -- Installing: /home/t-pi/TB3_RPI4_WS/install/image_transport_plugins/share/image_transport_plugins/cmake/image_transport_pluginsConfig.cmake
[4.340s] -- Installing: /home/t-pi/TB3_RPI4_WS/install/image_transport_plugins/share/image_transport_plugins/cmake/image_transport_pluginsConfig-version.cmake
[4.342s] -- Installing: /home/t-pi/TB3_RPI4_WS/install/image_transport_plugins/share/image_transport_plugins/package.xml
[4.358s] Invoked command in '/home/t-pi/TB3_RPI4_WS/build/image_transport_plugins' returned '0': AMENT_PREFIX_PATH=/home/t-pi/TB3_RPI4_WS/install/theora_image_transport:/home/t-pi/TB3_RPI4_WS/install/compressed_image_transport:/home/t-pi/TB3_RPI4_WS/install/compressed_depth_image_transport:${AMENT_PREFIX_PATH} CMAKE_PREFIX_PATH=/home/t-pi/TB3_RPI4_WS/install/theora_image_transport:/home/t-pi/TB3_RPI4_WS/install/compressed_image_transport:/home/t-pi/TB3_RPI4_WS/install/compressed_depth_image_transport:/home/t-pi/TB3_RPI4_WS/install/turtlebot3_description:/opt/ros/humble LD_LIBRARY_PATH=/home/t-pi/TB3_RPI4_WS/install/theora_image_transport/lib:/home/t-pi/TB3_RPI4_WS/install/compressed_image_transport/lib:/home/t-pi/TB3_RPI4_WS/install/compressed_depth_image_transport/lib:${LD_LIBRARY_PATH} PYTHONPATH=/home/t-pi/TB3_RPI4_WS/install/theora_image_transport/local/lib/python3.10/dist-packages:${PYTHONPATH} /usr/bin/cmake --install /home/t-pi/TB3_RPI4_WS/build/image_transport_plugins
