[0.059s] Invoking command in '/home/t-pi/turtlebot3_ws/src/build/turtlebot3': CMAKE_PREFIX_PATH=${CMAKE_PREFIX_PATH}:/home/t-pi/turtlebot3_ws/install/turtlebot3_teleop:/home/t-pi/turtlebot3_ws/install/turtlebot3_example:/opt/ros/humble /usr/bin/cmake /home/t-pi/turtlebot3_ws/src/turtlebot3/turtlebot3 -DAMENT_CMAKE_SYMLINK_INSTALL=1 -DCMAKE_INSTALL_PREFIX=/home/t-pi/turtlebot3_ws/src/install/turtlebot3
[0.349s] -- The C compiler identification is GNU 11.3.0
[0.630s] -- The CXX compiler identification is GNU 11.3.0
[0.663s] -- Detecting C compiler ABI info
[0.992s] -- Detecting C compiler ABI info - done
[1.025s] -- Check for working C compiler: /usr/bin/cc - skipped
[1.025s] -- Detecting C compile features
[1.027s] -- Detecting C compile features - done
[1.040s] -- Detecting CXX compiler ABI info
[1.408s] -- Detecting CXX compiler ABI info - done
[1.438s] -- Check for working CXX compiler: /usr/bin/c++ - skipped
[1.439s] -- Detecting CXX compile features
[1.441s] -- Detecting CXX compile features - done
[1.473s] -- Found ament_cmake: 1.3.5 (/opt/ros/humble/share/ament_cmake/cmake)
[2.388s] -- Found Python3: /usr/bin/python3.10 (found version "3.10.6") found components: Interpreter 
[2.690s] -- Override CMake install command with custom implementation using symlinks instead of copying resources
[3.342s] -- Configuring done
[3.362s] -- Generating done
[3.367s] -- Build files have been written to: /home/t-pi/turtlebot3_ws/src/build/turtlebot3
[3.381s] Invoked command in '/home/t-pi/turtlebot3_ws/src/build/turtlebot3' returned '0': CMAKE_PREFIX_PATH=${CMAKE_PREFIX_PATH}:/home/t-pi/turtlebot3_ws/install/turtlebot3_teleop:/home/t-pi/turtlebot3_ws/install/turtlebot3_example:/opt/ros/humble /usr/bin/cmake /home/t-pi/turtlebot3_ws/src/turtlebot3/turtlebot3 -DAMENT_CMAKE_SYMLINK_INSTALL=1 -DCMAKE_INSTALL_PREFIX=/home/t-pi/turtlebot3_ws/src/install/turtlebot3
[3.392s] Invoking command in '/home/t-pi/turtlebot3_ws/src/build/turtlebot3': CMAKE_PREFIX_PATH=${CMAKE_PREFIX_PATH}:/home/t-pi/turtlebot3_ws/install/turtlebot3_teleop:/home/t-pi/turtlebot3_ws/install/turtlebot3_example:/opt/ros/humble /usr/bin/cmake --build /home/t-pi/turtlebot3_ws/src/build/turtlebot3 -- -j4 -l4
[3.540s] Invoked command in '/home/t-pi/turtlebot3_ws/src/build/turtlebot3' returned '0': CMAKE_PREFIX_PATH=${CMAKE_PREFIX_PATH}:/home/t-pi/turtlebot3_ws/install/turtlebot3_teleop:/home/t-pi/turtlebot3_ws/install/turtlebot3_example:/opt/ros/humble /usr/bin/cmake --build /home/t-pi/turtlebot3_ws/src/build/turtlebot3 -- -j4 -l4
[3.700s] Invoking command in '/home/t-pi/turtlebot3_ws/src/build/turtlebot3': CMAKE_PREFIX_PATH=${CMAKE_PREFIX_PATH}:/home/t-pi/turtlebot3_ws/install/turtlebot3_teleop:/home/t-pi/turtlebot3_ws/install/turtlebot3_example:/opt/ros/humble /usr/bin/cmake --install /home/t-pi/turtlebot3_ws/src/build/turtlebot3
[3.729s] -- Install configuration: ""
[3.730s] -- Execute custom install script
[3.732s] -- Symlinking: /home/t-pi/turtlebot3_ws/src/install/turtlebot3/share/ament_index/resource_index/package_run_dependencies/turtlebot3
[3.767s] -- Symlinking: /home/t-pi/turtlebot3_ws/src/install/turtlebot3/share/ament_index/resource_index/parent_prefix_path/turtlebot3
[3.800s] -- Symlinking: /home/t-pi/turtlebot3_ws/src/install/turtlebot3/share/turtlebot3/environment/ament_prefix_path.sh
[3.833s] -- Symlinking: /home/t-pi/turtlebot3_ws/src/install/turtlebot3/share/turtlebot3/environment/ament_prefix_path.dsv
[3.866s] -- Symlinking: /home/t-pi/turtlebot3_ws/src/install/turtlebot3/share/turtlebot3/environment/path.sh
[3.900s] -- Symlinking: /home/t-pi/turtlebot3_ws/src/install/turtlebot3/share/turtlebot3/environment/path.dsv
[3.935s] -- Symlinking: /home/t-pi/turtlebot3_ws/src/install/turtlebot3/share/turtlebot3/local_setup.bash
[3.969s] -- Symlinking: /home/t-pi/turtlebot3_ws/src/install/turtlebot3/share/turtlebot3/local_setup.sh
[4.002s] -- Symlinking: /home/t-pi/turtlebot3_ws/src/install/turtlebot3/share/turtlebot3/local_setup.zsh
[4.035s] -- Symlinking: /home/t-pi/turtlebot3_ws/src/install/turtlebot3/share/turtlebot3/local_setup.dsv
[4.068s] -- Symlinking: /home/t-pi/turtlebot3_ws/src/install/turtlebot3/share/turtlebot3/package.dsv
[4.103s] -- Symlinking: /home/t-pi/turtlebot3_ws/src/install/turtlebot3/share/ament_index/resource_index/packages/turtlebot3
[4.138s] -- Symlinking: /home/t-pi/turtlebot3_ws/src/install/turtlebot3/share/turtlebot3/cmake/turtlebot3Config.cmake
[4.172s] -- Symlinking: /home/t-pi/turtlebot3_ws/src/install/turtlebot3/share/turtlebot3/cmake/turtlebot3Config-version.cmake
[4.204s] -- Symlinking: /home/t-pi/turtlebot3_ws/src/install/turtlebot3/share/turtlebot3/package.xml
[4.245s] Invoked command in '/home/t-pi/turtlebot3_ws/src/build/turtlebot3' returned '0': CMAKE_PREFIX_PATH=${CMAKE_PREFIX_PATH}:/home/t-pi/turtlebot3_ws/install/turtlebot3_teleop:/home/t-pi/turtlebot3_ws/install/turtlebot3_example:/opt/ros/humble /usr/bin/cmake --install /home/t-pi/turtlebot3_ws/src/build/turtlebot3
