[0.216s] Invoking command in '/home/t-pi/TB3_RPI4_WS/build/compressed_image_transport': CMAKE_PREFIX_PATH=/opt/ros/humble /usr/bin/cmake /home/t-pi/TB3_RPI4_WS/src/image_transport_plugins/compressed_image_transport -DCMAKE_INSTALL_PREFIX=/home/t-pi/TB3_RPI4_WS/install/compressed_image_transport
[0.268s] -- Found ament_cmake: 1.3.5 (/opt/ros/humble/share/ament_cmake/cmake)
[1.458s] -- Configuring incomplete, errors occurred!
[1.459s] See also "/home/t-pi/TB3_RPI4_WS/build/compressed_image_transport/CMakeFiles/CMakeOutput.log".
[1.460s] [31mCMake Error at CMakeLists.txt:15 (find_package):
[1.460s]   By not providing "Findimage_transport.cmake" in CMAKE_MODULE_PATH this
[1.461s]   project has asked CMake to find a package configuration file provided by
[1.461s]   "image_transport", but CMake did not find one.
[1.462s] 
[1.463s]   Could not find a package configuration file provided by "image_transport"
[1.463s]   with any of the following names:
[1.468s] 
[1.469s]     image_transportConfig.cmake
[1.470s]     image_transport-config.cmake
[1.470s] 
[1.471s]   Add the installation prefix of "image_transport" to CMAKE_PREFIX_PATH or
[1.472s]   set "image_transport_DIR" to a directory containing one of the above files.
[1.473s]   If "image_transport" provides a separate development package or SDK, be
[1.474s]   sure it has been installed.
[1.474s] 
[1.475s] [0m
[1.476s] Invoked command in '/home/t-pi/TB3_RPI4_WS/build/compressed_image_transport' returned '1': CMAKE_PREFIX_PATH=/opt/ros/humble /usr/bin/cmake /home/t-pi/TB3_RPI4_WS/src/image_transport_plugins/compressed_image_transport -DCMAKE_INSTALL_PREFIX=/home/t-pi/TB3_RPI4_WS/install/compressed_image_transport
