[0.130s] Invoking command in '/home/t-pi/TB3_RPI4_WS/build/compressed_image_transport': CMAKE_PREFIX_PATH=${CMAKE_PREFIX_PATH}:/home/t-pi/turtlebot3_ws/install/turtlebot3_teleop:/home/t-pi/turtlebot3_ws/install/turtlebot3_example:/home/t-pi/turtlebot3_ws/install/rpi_temprature:/home/t-pi/turtlebot3_ws/install/RPI_temprature:/opt/ros/humble /usr/bin/cmake /home/t-pi/TB3_RPI4_WS/src/image_transport_plugins/compressed_image_transport -DCMAKE_INSTALL_PREFIX=/home/t-pi/TB3_RPI4_WS/install/compressed_image_transport
[1.615s] -- The C compiler identification is GNU 11.3.0
[2.411s] -- The CXX compiler identification is GNU 11.3.0
[2.465s] -- Detecting C compiler ABI info
[2.964s] -- Detecting C compiler ABI info - done
[2.994s] -- Check for working C compiler: /usr/bin/cc - skipped
[2.999s] -- Detecting C compile features
[3.006s] -- Detecting C compile features - done
[3.021s] -- Detecting CXX compiler ABI info
[3.522s] -- Detecting CXX compiler ABI info - done
[3.553s] -- Check for working CXX compiler: /usr/bin/c++ - skipped
[3.556s] -- Detecting CXX compile features
[3.558s] -- Detecting CXX compile features - done
[3.693s] -- Found ament_cmake: 1.3.5 (/opt/ros/humble/share/ament_cmake/cmake)
[5.093s] -- Found Python3: /usr/bin/python3.10 (found version "3.10.6") found components: Interpreter 
[6.078s] -- Found image_transport: 3.1.5 (/opt/ros/humble/share/image_transport/cmake)
[6.680s] -- Found rosidl_generator_c: 3.1.4 (/opt/ros/humble/share/rosidl_generator_c/cmake)
[6.756s] -- Found rosidl_adapter: 3.1.4 (/opt/ros/humble/share/rosidl_adapter/cmake)
[6.854s] -- Found rosidl_generator_cpp: 3.1.4 (/opt/ros/humble/share/rosidl_generator_cpp/cmake)
[7.005s] -- Using all available rosidl_typesupport_c: rosidl_typesupport_fastrtps_c;rosidl_typesupport_introspection_c
[7.201s] -- Using all available rosidl_typesupport_cpp: rosidl_typesupport_fastrtps_cpp;rosidl_typesupport_introspection_cpp
[8.224s] -- Found rmw_implementation_cmake: 6.1.1 (/opt/ros/humble/share/rmw_implementation_cmake/cmake)
[8.285s] -- Found rmw_fastrtps_cpp: 6.2.2 (/opt/ros/humble/share/rmw_fastrtps_cpp/cmake)
[9.433s] -- Found OpenSSL: /usr/lib/aarch64-linux-gnu/libcrypto.so (found version "3.0.2")  
[9.740s] -- Found FastRTPS: /opt/ros/humble/include  
[10.236s] -- Using RMW implementation 'rmw_fastrtps_cpp' as default
[10.365s] -- Looking for pthread.h
[10.857s] -- Looking for pthread.h - found
[10.859s] -- Performing Test CMAKE_HAVE_LIBC_PTHREAD
[11.295s] -- Performing Test CMAKE_HAVE_LIBC_PTHREAD - Success
[11.300s] -- Found Threads: TRUE  
[13.506s] -- Found cv_bridge: 3.2.1 (/opt/ros/humble/share/cv_bridge/cmake)
[13.660s] -- Found OpenCV: /usr (found version "4.5.4") 
[14.086s] -- Configuring done
[14.198s] -- Generating done
[14.208s] -- Build files have been written to: /home/t-pi/TB3_RPI4_WS/build/compressed_image_transport
[14.302s] Invoked command in '/home/t-pi/TB3_RPI4_WS/build/compressed_image_transport' returned '0': CMAKE_PREFIX_PATH=${CMAKE_PREFIX_PATH}:/home/t-pi/turtlebot3_ws/install/turtlebot3_teleop:/home/t-pi/turtlebot3_ws/install/turtlebot3_example:/home/t-pi/turtlebot3_ws/install/rpi_temprature:/home/t-pi/turtlebot3_ws/install/RPI_temprature:/opt/ros/humble /usr/bin/cmake /home/t-pi/TB3_RPI4_WS/src/image_transport_plugins/compressed_image_transport -DCMAKE_INSTALL_PREFIX=/home/t-pi/TB3_RPI4_WS/install/compressed_image_transport
[14.305s] Invoking command in '/home/t-pi/TB3_RPI4_WS/build/compressed_image_transport': CMAKE_PREFIX_PATH=${CMAKE_PREFIX_PATH}:/home/t-pi/turtlebot3_ws/install/turtlebot3_teleop:/home/t-pi/turtlebot3_ws/install/turtlebot3_example:/home/t-pi/turtlebot3_ws/install/rpi_temprature:/home/t-pi/turtlebot3_ws/install/RPI_temprature:/opt/ros/humble /usr/bin/cmake --build /home/t-pi/TB3_RPI4_WS/build/compressed_image_transport -- -j4 -l4
[14.578s] [ 25%] [32mBuilding CXX object CMakeFiles/compressed_image_transport.dir/src/compressed_publisher.cpp.o[0m
[44.999s] [ 50%] [32mBuilding CXX object CMakeFiles/compressed_image_transport.dir/src/manifest.cpp.o[0m
[90.379s] [ 75%] [32mBuilding CXX object CMakeFiles/compressed_image_transport.dir/src/compressed_subscriber.cpp.o[0m
[143.761s] [100%] [32m[1mLinking CXX shared library libcompressed_image_transport.so[0m
[148.800s] [100%] Built target compressed_image_transport
[148.861s] Invoked command in '/home/t-pi/TB3_RPI4_WS/build/compressed_image_transport' returned '0': CMAKE_PREFIX_PATH=${CMAKE_PREFIX_PATH}:/home/t-pi/turtlebot3_ws/install/turtlebot3_teleop:/home/t-pi/turtlebot3_ws/install/turtlebot3_example:/home/t-pi/turtlebot3_ws/install/rpi_temprature:/home/t-pi/turtlebot3_ws/install/RPI_temprature:/opt/ros/humble /usr/bin/cmake --build /home/t-pi/TB3_RPI4_WS/build/compressed_image_transport -- -j4 -l4
[149.081s] Invoking command in '/home/t-pi/TB3_RPI4_WS/build/compressed_image_transport': CMAKE_PREFIX_PATH=${CMAKE_PREFIX_PATH}:/home/t-pi/turtlebot3_ws/install/turtlebot3_teleop:/home/t-pi/turtlebot3_ws/install/turtlebot3_example:/home/t-pi/turtlebot3_ws/install/rpi_temprature:/home/t-pi/turtlebot3_ws/install/RPI_temprature:/opt/ros/humble /usr/bin/cmake --install /home/t-pi/TB3_RPI4_WS/build/compressed_image_transport
[149.126s] -- Install configuration: ""
[149.129s] -- Installing: /home/t-pi/TB3_RPI4_WS/install/compressed_image_transport/lib/libcompressed_image_transport.so
[149.198s] -- Set runtime path of "/home/t-pi/TB3_RPI4_WS/install/compressed_image_transport/lib/libcompressed_image_transport.so" to ""
[149.199s] -- Installing: /home/t-pi/TB3_RPI4_WS/install/compressed_image_transport/include
[149.202s] -- Installing: /home/t-pi/TB3_RPI4_WS/install/compressed_image_transport/include/compressed_image_transport
[149.204s] -- Installing: /home/t-pi/TB3_RPI4_WS/install/compressed_image_transport/include/compressed_image_transport/compression_common.h
[149.207s] -- Installing: /home/t-pi/TB3_RPI4_WS/install/compressed_image_transport/include/compressed_image_transport/compressed_subscriber.h
[149.210s] -- Installing: /home/t-pi/TB3_RPI4_WS/install/compressed_image_transport/include/compressed_image_transport/compressed_publisher.h
[149.213s] -- Installing: /home/t-pi/TB3_RPI4_WS/install/compressed_image_transport/share/compressed_image_transport/compressed_plugins.xml
[149.221s] -- Installing: /home/t-pi/TB3_RPI4_WS/install/compressed_image_transport/share/ament_index/resource_index/package_run_dependencies/compressed_image_transport
[149.225s] -- Installing: /home/t-pi/TB3_RPI4_WS/install/compressed_image_transport/share/ament_index/resource_index/parent_prefix_path/compressed_image_transport
[149.229s] -- Installing: /home/t-pi/TB3_RPI4_WS/install/compressed_image_transport/share/compressed_image_transport/environment/ament_prefix_path.sh
[149.232s] -- Installing: /home/t-pi/TB3_RPI4_WS/install/compressed_image_transport/share/compressed_image_transport/environment/ament_prefix_path.dsv
[149.235s] -- Installing: /home/t-pi/TB3_RPI4_WS/install/compressed_image_transport/share/compressed_image_transport/environment/path.sh
[149.238s] -- Installing: /home/t-pi/TB3_RPI4_WS/install/compressed_image_transport/share/compressed_image_transport/environment/path.dsv
[149.242s] -- Installing: /home/t-pi/TB3_RPI4_WS/install/compressed_image_transport/share/compressed_image_transport/local_setup.bash
[149.245s] -- Installing: /home/t-pi/TB3_RPI4_WS/install/compressed_image_transport/share/compressed_image_transport/local_setup.sh
[149.248s] -- Installing: /home/t-pi/TB3_RPI4_WS/install/compressed_image_transport/share/compressed_image_transport/local_setup.zsh
[149.251s] -- Installing: /home/t-pi/TB3_RPI4_WS/install/compressed_image_transport/share/compressed_image_transport/local_setup.dsv
[149.254s] -- Installing: /home/t-pi/TB3_RPI4_WS/install/compressed_image_transport/share/compressed_image_transport/package.dsv
[149.259s] -- Installing: /home/t-pi/TB3_RPI4_WS/install/compressed_image_transport/share/ament_index/resource_index/packages/compressed_image_transport
[149.263s] -- Installing: /home/t-pi/TB3_RPI4_WS/install/compressed_image_transport/share/ament_index/resource_index/image_transport__pluginlib__plugin/compressed_image_transport
[149.267s] -- Installing: /home/t-pi/TB3_RPI4_WS/install/compressed_image_transport/share/compressed_image_transport/cmake/compressed_image_transportConfig.cmake
[149.270s] -- Installing: /home/t-pi/TB3_RPI4_WS/install/compressed_image_transport/share/compressed_image_transport/cmake/compressed_image_transportConfig-version.cmake
[149.273s] -- Installing: /home/t-pi/TB3_RPI4_WS/install/compressed_image_transport/share/compressed_image_transport/package.xml
[149.293s] Invoked command in '/home/t-pi/TB3_RPI4_WS/build/compressed_image_transport' returned '0': CMAKE_PREFIX_PATH=${CMAKE_PREFIX_PATH}:/home/t-pi/turtlebot3_ws/install/turtlebot3_teleop:/home/t-pi/turtlebot3_ws/install/turtlebot3_example:/home/t-pi/turtlebot3_ws/install/rpi_temprature:/home/t-pi/turtlebot3_ws/install/RPI_temprature:/opt/ros/humble /usr/bin/cmake --install /home/t-pi/TB3_RPI4_WS/build/compressed_image_transport
