[0.136s] Invoking command in '/home/t-pi/TB3_RPI4_WS/build/cv_camera': CMAKE_PREFIX_PATH=/opt/ros/humble /usr/bin/cmake /home/t-pi/TB3_RPI4_WS/src/cv_camera -DCMAKE_INSTALL_PREFIX=/home/t-pi/TB3_RPI4_WS/install/cv_camera
[1.472s] -- The C compiler identification is GNU 11.4.0
[2.375s] -- The CXX compiler identification is GNU 11.4.0
[2.435s] -- Detecting C compiler ABI info
[2.924s] -- Detecting C compiler ABI info - done
[2.956s] -- Check for working C compiler: /usr/bin/cc - skipped
[2.957s] -- Detecting C compile features
[2.965s] -- Detecting C compile features - done
[2.983s] -- Detecting CXX compiler ABI info
[3.474s] -- Detecting CXX compiler ABI info - done
[3.499s] -- Check for working CXX compiler: /usr/bin/c++ - skipped
[3.501s] -- Detecting CXX compile features
[3.503s] -- Detecting CXX compile features - done
[3.540s] -- Found ament_cmake: 1.3.5 (/opt/ros/humble/share/ament_cmake/cmake)
[4.915s] -- Found Python3: /usr/bin/python3.10 (found version "3.10.12") found components: Interpreter 
[5.870s] -- Configuring incomplete, errors occurred!
[5.871s] See also "/home/t-pi/TB3_RPI4_WS/build/cv_camera/CMakeFiles/CMakeOutput.log".
[5.873s] [31mCMake Error at CMakeLists.txt:22 (find_package):
[5.880s]   By not providing "FindOpenCV.cmake" in CMAKE_MODULE_PATH this project has
[5.881s]   asked CMake to find a package configuration file provided by "OpenCV", but
[5.882s]   CMake did not find one.
[5.883s] 
[5.884s]   Could not find a package configuration file provided by "OpenCV" (requested
[5.889s]   version 4) with any of the following names:
[5.890s] 
[5.890s]     OpenCVConfig.cmake
[5.896s]     opencv-config.cmake
[5.900s] 
[5.900s]   Add the installation prefix of "OpenCV" to CMAKE_PREFIX_PATH or set
[5.901s]   "OpenCV_DIR" to a directory containing one of the above files.  If "OpenCV"
[5.901s]   provides a separate development package or SDK, be sure it has been
[5.902s]   installed.
[5.903s] 
[5.903s] [0m
[5.908s] Invoked command in '/home/t-pi/TB3_RPI4_WS/build/cv_camera' returned '1': CMAKE_PREFIX_PATH=/opt/ros/humble /usr/bin/cmake /home/t-pi/TB3_RPI4_WS/src/cv_camera -DCMAKE_INSTALL_PREFIX=/home/t-pi/TB3_RPI4_WS/install/cv_camera
