[0.315s] Invoking command in '/home/t-pi/TB3_RPI4_WS/build/compressed_depth_image_transport': CMAKE_PREFIX_PATH=/opt/ros/humble /usr/bin/cmake /home/t-pi/TB3_RPI4_WS/src/image_transport_plugins/compressed_depth_image_transport -DCMAKE_INSTALL_PREFIX=/home/t-pi/TB3_RPI4_WS/install/compressed_depth_image_transport
[1.711s] -- The C compiler identification is GNU 11.4.0
[2.616s] -- The CXX compiler identification is GNU 11.4.0
[2.679s] -- Detecting C compiler ABI info
[3.169s] -- Detecting C compiler ABI info - done
[3.199s] -- Check for working C compiler: /usr/bin/cc - skipped
[3.201s] -- Detecting C compile features
[3.203s] -- Detecting C compile features - done
[3.223s] -- Detecting CXX compiler ABI info
[3.705s] -- Detecting CXX compiler ABI info - done
[3.736s] -- Check for working CXX compiler: /usr/bin/c++ - skipped
[3.737s] -- Detecting CXX compile features
[3.741s] -- Detecting CXX compile features - done
[3.780s] -- Found ament_cmake: 1.3.5 (/opt/ros/humble/share/ament_cmake/cmake)
[5.157s] -- Found Python3: /usr/bin/python3.10 (found version "3.10.12") found components: Interpreter 
[5.997s] [31mCMake Error at CMakeLists.txt:13 (find_package):
[5.999s]   By not providing "Findimage_transport.cmake" in CMAKE_MODULE_PATH this
[5.999s]   project has asked CMake to find a package configuration file provided by
[6.000s]   "image_transport", but CMake did not find one.
[6.002s] 
[6.005s]   Could not find a package configuration file provided by "image_transport"
[6.008s]   with any of the following names:
[6.018s] 
[6.019s]     image_transportConfig.cmake
[6.020s]     image_transport-config.cmake
[6.027s] 
[6.029s]   Add the installation prefix of "image_transport" to CMAKE_PREFIX_PATH or
[6.030s]   set "image_transport_DIR" to a directory containing one of the above files.
[6.031s]   If "image_transport" provides a separate development package or SDK, be
[6.033s]   sure it has been installed.
[6.036s] 
[6.037s] [0m
[6.105s] -- Configuring incomplete, errors occurred!
[6.106s] See also "/home/t-pi/TB3_RPI4_WS/build/compressed_depth_image_transport/CMakeFiles/CMakeOutput.log".
[6.150s] Invoked command in '/home/t-pi/TB3_RPI4_WS/build/compressed_depth_image_transport' returned '1': CMAKE_PREFIX_PATH=/opt/ros/humble /usr/bin/cmake /home/t-pi/TB3_RPI4_WS/src/image_transport_plugins/compressed_depth_image_transport -DCMAKE_INSTALL_PREFIX=/home/t-pi/TB3_RPI4_WS/install/compressed_depth_image_transport
