[0.168s] Invoking command in '/home/t-pi/TB3_RPI4_WS/build/compressed_depth_image_transport': CMAKE_PREFIX_PATH=${CMAKE_PREFIX_PATH}:/home/t-pi/turtlebot3_ws/install/turtlebot3_teleop:/home/t-pi/turtlebot3_ws/install/turtlebot3_example:/home/t-pi/turtlebot3_ws/install/rpi_temprature:/home/t-pi/turtlebot3_ws/install/RPI_temprature:/opt/ros/humble /usr/bin/cmake /home/t-pi/TB3_RPI4_WS/src/image_transport_plugins/compressed_depth_image_transport -DCMAKE_INSTALL_PREFIX=/home/t-pi/TB3_RPI4_WS/install/compressed_depth_image_transport
[1.679s] -- The C compiler identification is GNU 11.3.0
[2.478s] -- The CXX compiler identification is GNU 11.3.0
[2.533s] -- Detecting C compiler ABI info
[3.034s] -- Detecting C compiler ABI info - done
[3.065s] -- Check for working C compiler: /usr/bin/cc - skipped
[3.067s] -- Detecting C compile features
[3.068s] -- Detecting C compile features - done
[3.087s] -- Detecting CXX compiler ABI info
[3.593s] -- Detecting CXX compiler ABI info - done
[3.624s] -- Check for working CXX compiler: /usr/bin/c++ - skipped
[3.625s] -- Detecting CXX compile features
[3.627s] -- Detecting CXX compile features - done
[3.762s] -- Found ament_cmake: 1.3.5 (/opt/ros/humble/share/ament_cmake/cmake)
[5.190s] -- Found Python3: /usr/bin/python3.10 (found version "3.10.6") found components: Interpreter 
[6.140s] -- Found image_transport: 3.1.5 (/opt/ros/humble/share/image_transport/cmake)
[6.747s] -- Found rosidl_generator_c: 3.1.4 (/opt/ros/humble/share/rosidl_generator_c/cmake)
[6.822s] -- Found rosidl_adapter: 3.1.4 (/opt/ros/humble/share/rosidl_adapter/cmake)
[6.921s] -- Found rosidl_generator_cpp: 3.1.4 (/opt/ros/humble/share/rosidl_generator_cpp/cmake)
[7.071s] -- Using all available rosidl_typesupport_c: rosidl_typesupport_fastrtps_c;rosidl_typesupport_introspection_c
[7.268s] -- Using all available rosidl_typesupport_cpp: rosidl_typesupport_fastrtps_cpp;rosidl_typesupport_introspection_cpp
[8.290s] -- Found rmw_implementation_cmake: 6.1.1 (/opt/ros/humble/share/rmw_implementation_cmake/cmake)
[8.352s] -- Found rmw_fastrtps_cpp: 6.2.2 (/opt/ros/humble/share/rmw_fastrtps_cpp/cmake)
[9.501s] -- Found OpenSSL: /usr/lib/aarch64-linux-gnu/libcrypto.so (found version "3.0.2")  
[9.807s] -- Found FastRTPS: /opt/ros/humble/include  
[10.301s] -- Using RMW implementation 'rmw_fastrtps_cpp' as default
[10.429s] -- Looking for pthread.h
[10.912s] -- Looking for pthread.h - found
[10.917s] -- Performing Test CMAKE_HAVE_LIBC_PTHREAD
[11.371s] -- Performing Test CMAKE_HAVE_LIBC_PTHREAD - Success
[11.377s] -- Found Threads: TRUE  
[13.579s] -- Found cv_bridge: 3.2.1 (/opt/ros/humble/share/cv_bridge/cmake)
[13.727s] -- Found OpenCV: /usr (found version "4.5.4") 
[14.145s] -- Configuring done
[14.266s] -- Generating done
[14.276s] -- Build files have been written to: /home/t-pi/TB3_RPI4_WS/build/compressed_depth_image_transport
[14.345s] Invoked command in '/home/t-pi/TB3_RPI4_WS/build/compressed_depth_image_transport' returned '0': CMAKE_PREFIX_PATH=${CMAKE_PREFIX_PATH}:/home/t-pi/turtlebot3_ws/install/turtlebot3_teleop:/home/t-pi/turtlebot3_ws/install/turtlebot3_example:/home/t-pi/turtlebot3_ws/install/rpi_temprature:/home/t-pi/turtlebot3_ws/install/RPI_temprature:/opt/ros/humble /usr/bin/cmake /home/t-pi/TB3_RPI4_WS/src/image_transport_plugins/compressed_depth_image_transport -DCMAKE_INSTALL_PREFIX=/home/t-pi/TB3_RPI4_WS/install/compressed_depth_image_transport
[14.355s] Invoking command in '/home/t-pi/TB3_RPI4_WS/build/compressed_depth_image_transport': CMAKE_PREFIX_PATH=${CMAKE_PREFIX_PATH}:/home/t-pi/turtlebot3_ws/install/turtlebot3_teleop:/home/t-pi/turtlebot3_ws/install/turtlebot3_example:/home/t-pi/turtlebot3_ws/install/rpi_temprature:/home/t-pi/turtlebot3_ws/install/RPI_temprature:/opt/ros/humble /usr/bin/cmake --build /home/t-pi/TB3_RPI4_WS/build/compressed_depth_image_transport -- -j4 -l4
[14.612s] [ 20%] [32mBuilding CXX object CMakeFiles/compressed_depth_image_transport.dir/src/compressed_depth_publisher.cpp.o[0m
[46.118s] [ 40%] [32mBuilding CXX object CMakeFiles/compressed_depth_image_transport.dir/src/codec.cpp.o[0m
[57.220s] [ 60%] [32mBuilding CXX object CMakeFiles/compressed_depth_image_transport.dir/src/manifest.cpp.o[0m
[104.492s] [ 80%] [32mBuilding CXX object CMakeFiles/compressed_depth_image_transport.dir/src/compressed_depth_subscriber.cpp.o[0m
[151.616s] [100%] [32m[1mLinking CXX shared library libcompressed_depth_image_transport.so[0m
[155.993s] [100%] Built target compressed_depth_image_transport
[156.190s] Invoked command in '/home/t-pi/TB3_RPI4_WS/build/compressed_depth_image_transport' returned '0': CMAKE_PREFIX_PATH=${CMAKE_PREFIX_PATH}:/home/t-pi/turtlebot3_ws/install/turtlebot3_teleop:/home/t-pi/turtlebot3_ws/install/turtlebot3_example:/home/t-pi/turtlebot3_ws/install/rpi_temprature:/home/t-pi/turtlebot3_ws/install/RPI_temprature:/opt/ros/humble /usr/bin/cmake --build /home/t-pi/TB3_RPI4_WS/build/compressed_depth_image_transport -- -j4 -l4
[156.394s] Invoking command in '/home/t-pi/TB3_RPI4_WS/build/compressed_depth_image_transport': CMAKE_PREFIX_PATH=${CMAKE_PREFIX_PATH}:/home/t-pi/turtlebot3_ws/install/turtlebot3_teleop:/home/t-pi/turtlebot3_ws/install/turtlebot3_example:/home/t-pi/turtlebot3_ws/install/rpi_temprature:/home/t-pi/turtlebot3_ws/install/RPI_temprature:/opt/ros/humble /usr/bin/cmake --install /home/t-pi/TB3_RPI4_WS/build/compressed_depth_image_transport
[156.423s] -- Install configuration: ""
[156.424s] -- Installing: /home/t-pi/TB3_RPI4_WS/install/compressed_depth_image_transport/lib/libcompressed_depth_image_transport.so
[156.481s] -- Set runtime path of "/home/t-pi/TB3_RPI4_WS/install/compressed_depth_image_transport/lib/libcompressed_depth_image_transport.so" to ""
[156.481s] -- Installing: /home/t-pi/TB3_RPI4_WS/install/compressed_depth_image_transport/include
[156.482s] -- Installing: /home/t-pi/TB3_RPI4_WS/install/compressed_depth_image_transport/include/compressed_depth_image_transport
[156.483s] -- Installing: /home/t-pi/TB3_RPI4_WS/install/compressed_depth_image_transport/include/compressed_depth_image_transport/compression_common.h
[156.484s] -- Installing: /home/t-pi/TB3_RPI4_WS/install/compressed_depth_image_transport/include/compressed_depth_image_transport/codec.h
[156.485s] -- Installing: /home/t-pi/TB3_RPI4_WS/install/compressed_depth_image_transport/include/compressed_depth_image_transport/compressed_depth_subscriber.h
[156.487s] -- Installing: /home/t-pi/TB3_RPI4_WS/install/compressed_depth_image_transport/include/compressed_depth_image_transport/compressed_depth_publisher.h
[156.489s] -- Installing: /home/t-pi/TB3_RPI4_WS/install/compressed_depth_image_transport/share/compressed_depth_image_transport/compressed_depth_plugins.xml
[156.507s] -- Installing: /home/t-pi/TB3_RPI4_WS/install/compressed_depth_image_transport/share/ament_index/resource_index/package_run_dependencies/compressed_depth_image_transport
[156.509s] -- Installing: /home/t-pi/TB3_RPI4_WS/install/compressed_depth_image_transport/share/ament_index/resource_index/parent_prefix_path/compressed_depth_image_transport
[156.512s] -- Installing: /home/t-pi/TB3_RPI4_WS/install/compressed_depth_image_transport/share/compressed_depth_image_transport/environment/ament_prefix_path.sh
[156.513s] -- Installing: /home/t-pi/TB3_RPI4_WS/install/compressed_depth_image_transport/share/compressed_depth_image_transport/environment/ament_prefix_path.dsv
[156.515s] -- Installing: /home/t-pi/TB3_RPI4_WS/install/compressed_depth_image_transport/share/compressed_depth_image_transport/environment/path.sh
[156.517s] -- Installing: /home/t-pi/TB3_RPI4_WS/install/compressed_depth_image_transport/share/compressed_depth_image_transport/environment/path.dsv
[156.518s] -- Installing: /home/t-pi/TB3_RPI4_WS/install/compressed_depth_image_transport/share/compressed_depth_image_transport/local_setup.bash
[156.520s] -- Installing: /home/t-pi/TB3_RPI4_WS/install/compressed_depth_image_transport/share/compressed_depth_image_transport/local_setup.sh
[156.521s] -- Installing: /home/t-pi/TB3_RPI4_WS/install/compressed_depth_image_transport/share/compressed_depth_image_transport/local_setup.zsh
[156.523s] -- Installing: /home/t-pi/TB3_RPI4_WS/install/compressed_depth_image_transport/share/compressed_depth_image_transport/local_setup.dsv
[156.524s] -- Installing: /home/t-pi/TB3_RPI4_WS/install/compressed_depth_image_transport/share/compressed_depth_image_transport/package.dsv
[156.526s] -- Installing: /home/t-pi/TB3_RPI4_WS/install/compressed_depth_image_transport/share/ament_index/resource_index/packages/compressed_depth_image_transport
[156.529s] -- Installing: /home/t-pi/TB3_RPI4_WS/install/compressed_depth_image_transport/share/ament_index/resource_index/image_transport__pluginlib__plugin/compressed_depth_image_transport
[156.531s] -- Installing: /home/t-pi/TB3_RPI4_WS/install/compressed_depth_image_transport/share/compressed_depth_image_transport/cmake/compressed_depth_image_transportConfig.cmake
[156.532s] -- Installing: /home/t-pi/TB3_RPI4_WS/install/compressed_depth_image_transport/share/compressed_depth_image_transport/cmake/compressed_depth_image_transportConfig-version.cmake
[156.534s] -- Installing: /home/t-pi/TB3_RPI4_WS/install/compressed_depth_image_transport/share/compressed_depth_image_transport/package.xml
[156.552s] Invoked command in '/home/t-pi/TB3_RPI4_WS/build/compressed_depth_image_transport' returned '0': CMAKE_PREFIX_PATH=${CMAKE_PREFIX_PATH}:/home/t-pi/turtlebot3_ws/install/turtlebot3_teleop:/home/t-pi/turtlebot3_ws/install/turtlebot3_example:/home/t-pi/turtlebot3_ws/install/rpi_temprature:/home/t-pi/turtlebot3_ws/install/RPI_temprature:/opt/ros/humble /usr/bin/cmake --install /home/t-pi/TB3_RPI4_WS/build/compressed_depth_image_transport
