[0.117s] Invoking command in '/home/t-pi/TB3_RPI4_WS/build/ld08_driver': CMAKE_PREFIX_PATH=${CMAKE_PREFIX_PATH}:/home/t-pi/TB3_RPI4_WS/install/turtlebot3_teleop:/home/t-pi/TB3_RPI4_WS/install/turtlebot3_example:/home/t-pi/TB3_RPI4_WS/install/rpi_temprature:/opt/ros/humble /usr/bin/cmake --build /home/t-pi/TB3_RPI4_WS/build/ld08_driver -- -j4 -l4
[0.542s] [35m[1mConsolidate compiler generated dependencies of target ld08_driver[0m
[0.836s] [100%] Built target ld08_driver
[0.957s] Invoked command in '/home/t-pi/TB3_RPI4_WS/build/ld08_driver' returned '0': CMAKE_PREFIX_PATH=${CMAKE_PREFIX_PATH}:/home/t-pi/TB3_RPI4_WS/install/turtlebot3_teleop:/home/t-pi/TB3_RPI4_WS/install/turtlebot3_example:/home/t-pi/TB3_RPI4_WS/install/rpi_temprature:/opt/ros/humble /usr/bin/cmake --build /home/t-pi/TB3_RPI4_WS/build/ld08_driver -- -j4 -l4
[1.866s] Invoking command in '/home/t-pi/TB3_RPI4_WS/build/ld08_driver': CMAKE_PREFIX_PATH=${CMAKE_PREFIX_PATH}:/home/t-pi/TB3_RPI4_WS/install/turtlebot3_teleop:/home/t-pi/TB3_RPI4_WS/install/turtlebot3_example:/home/t-pi/TB3_RPI4_WS/install/rpi_temprature:/opt/ros/humble /usr/bin/cmake --install /home/t-pi/TB3_RPI4_WS/build/ld08_driver
[1.986s] -- Install configuration: ""
[1.991s] -- Up-to-date: /home/t-pi/TB3_RPI4_WS/install/ld08_driver/share/ld08_driver/launch
[1.997s] -- Up-to-date: /home/t-pi/TB3_RPI4_WS/install/ld08_driver/share/ld08_driver/launch/ld08.launch.py
[2.001s] -- Up-to-date: /home/t-pi/TB3_RPI4_WS/install/ld08_driver/lib/ld08_driver/ld08_driver
[2.007s] -- Up-to-date: /home/t-pi/TB3_RPI4_WS/install/ld08_driver/share/ament_index/resource_index/package_run_dependencies/ld08_driver
[2.013s] -- Up-to-date: /home/t-pi/TB3_RPI4_WS/install/ld08_driver/share/ament_index/resource_index/parent_prefix_path/ld08_driver
[2.015s] -- Up-to-date: /home/t-pi/TB3_RPI4_WS/install/ld08_driver/share/ld08_driver/environment/ament_prefix_path.sh
[2.016s] -- Up-to-date: /home/t-pi/TB3_RPI4_WS/install/ld08_driver/share/ld08_driver/environment/ament_prefix_path.dsv
[2.018s] -- Up-to-date: /home/t-pi/TB3_RPI4_WS/install/ld08_driver/share/ld08_driver/environment/path.sh
[2.025s] -- Up-to-date: /home/t-pi/TB3_RPI4_WS/install/ld08_driver/share/ld08_driver/environment/path.dsv
[2.027s] -- Up-to-date: /home/t-pi/TB3_RPI4_WS/install/ld08_driver/share/ld08_driver/local_setup.bash
[2.029s] -- Up-to-date: /home/t-pi/TB3_RPI4_WS/install/ld08_driver/share/ld08_driver/local_setup.sh
[2.030s] -- Up-to-date: /home/t-pi/TB3_RPI4_WS/install/ld08_driver/share/ld08_driver/local_setup.zsh
[2.032s] -- Up-to-date: /home/t-pi/TB3_RPI4_WS/install/ld08_driver/share/ld08_driver/local_setup.dsv
[2.033s] -- Installing: /home/t-pi/TB3_RPI4_WS/install/ld08_driver/share/ld08_driver/package.dsv
[2.039s] -- Up-to-date: /home/t-pi/TB3_RPI4_WS/install/ld08_driver/share/ament_index/resource_index/packages/ld08_driver
[2.040s] -- Up-to-date: /home/t-pi/TB3_RPI4_WS/install/ld08_driver/share/ld08_driver/cmake/ament_cmake_export_dependencies-extras.cmake
[2.047s] -- Up-to-date: /home/t-pi/TB3_RPI4_WS/install/ld08_driver/share/ld08_driver/cmake/ament_cmake_export_include_directories-extras.cmake
[2.049s] -- Up-to-date: /home/t-pi/TB3_RPI4_WS/install/ld08_driver/share/ld08_driver/cmake/ld08_driverConfig.cmake
[2.052s] -- Up-to-date: /home/t-pi/TB3_RPI4_WS/install/ld08_driver/share/ld08_driver/cmake/ld08_driverConfig-version.cmake
[2.056s] -- Up-to-date: /home/t-pi/TB3_RPI4_WS/install/ld08_driver/share/ld08_driver/package.xml
[2.092s] Invoked command in '/home/t-pi/TB3_RPI4_WS/build/ld08_driver' returned '0': CMAKE_PREFIX_PATH=${CMAKE_PREFIX_PATH}:/home/t-pi/TB3_RPI4_WS/install/turtlebot3_teleop:/home/t-pi/TB3_RPI4_WS/install/turtlebot3_example:/home/t-pi/TB3_RPI4_WS/install/rpi_temprature:/opt/ros/humble /usr/bin/cmake --install /home/t-pi/TB3_RPI4_WS/build/ld08_driver
