[4.405s] Invoking command in '/home/t-pi/TB3_RPI4_WS/src/turtlebot3/turtlebot3_example': PYTHONPATH=/home/t-pi/TB3_RPI4_WS/build/turtlebot3_example/prefix_override:/home/t-pi/TB3_RPI4_WS/install/turtlebot3_example/lib/python3.10/site-packages:${PYTHONPATH} /usr/bin/python3 setup.py egg_info --egg-base ../../../build/turtlebot3_example build --build-base /home/t-pi/TB3_RPI4_WS/build/turtlebot3_example/build install --record /home/t-pi/TB3_RPI4_WS/build/turtlebot3_example/install.log --single-version-externally-managed
[5.747s] running egg_info
[5.750s] creating ../../../build/turtlebot3_example/turtlebot3_example.egg-info
[5.751s] writing ../../../build/turtlebot3_example/turtlebot3_example.egg-info/PKG-INFO
[5.752s] writing dependency_links to ../../../build/turtlebot3_example/turtlebot3_example.egg-info/dependency_links.txt
[5.753s] writing entry points to ../../../build/turtlebot3_example/turtlebot3_example.egg-info/entry_points.txt
[5.754s] writing requirements to ../../../build/turtlebot3_example/turtlebot3_example.egg-info/requires.txt
[5.755s] writing top-level names to ../../../build/turtlebot3_example/turtlebot3_example.egg-info/top_level.txt
[5.756s] writing manifest file '../../../build/turtlebot3_example/turtlebot3_example.egg-info/SOURCES.txt'
[5.768s] reading manifest file '../../../build/turtlebot3_example/turtlebot3_example.egg-info/SOURCES.txt'
[5.773s] writing manifest file '../../../build/turtlebot3_example/turtlebot3_example.egg-info/SOURCES.txt'
[5.773s] running build
[5.774s] running build_py
[5.775s] creating /home/t-pi/TB3_RPI4_WS/build/turtlebot3_example/build
[5.776s] creating /home/t-pi/TB3_RPI4_WS/build/turtlebot3_example/build/lib
[5.776s] creating /home/t-pi/TB3_RPI4_WS/build/turtlebot3_example/build/lib/turtlebot3_example
[5.778s] copying turtlebot3_example/__init__.py -> /home/t-pi/TB3_RPI4_WS/build/turtlebot3_example/build/lib/turtlebot3_example
[5.778s] creating /home/t-pi/TB3_RPI4_WS/build/turtlebot3_example/build/lib/turtlebot3_example/turtlebot3_obstacle_detection
[5.779s] copying turtlebot3_example/turtlebot3_obstacle_detection/turtlebot3_obstacle_detection.py -> /home/t-pi/TB3_RPI4_WS/build/turtlebot3_example/build/lib/turtlebot3_example/turtlebot3_obstacle_detection
[5.780s] copying turtlebot3_example/turtlebot3_obstacle_detection/main.py -> /home/t-pi/TB3_RPI4_WS/build/turtlebot3_example/build/lib/turtlebot3_example/turtlebot3_obstacle_detection
[5.781s] copying turtlebot3_example/turtlebot3_obstacle_detection/__init__.py -> /home/t-pi/TB3_RPI4_WS/build/turtlebot3_example/build/lib/turtlebot3_example/turtlebot3_obstacle_detection
[5.783s] creating /home/t-pi/TB3_RPI4_WS/build/turtlebot3_example/build/lib/turtlebot3_example/turtlebot3_patrol_client
[5.784s] copying turtlebot3_example/turtlebot3_patrol_client/turtlebot3_patrol_client.py -> /home/t-pi/TB3_RPI4_WS/build/turtlebot3_example/build/lib/turtlebot3_example/turtlebot3_patrol_client
[5.785s] copying turtlebot3_example/turtlebot3_patrol_client/main.py -> /home/t-pi/TB3_RPI4_WS/build/turtlebot3_example/build/lib/turtlebot3_example/turtlebot3_patrol_client
[5.787s] copying turtlebot3_example/turtlebot3_patrol_client/__init__.py -> /home/t-pi/TB3_RPI4_WS/build/turtlebot3_example/build/lib/turtlebot3_example/turtlebot3_patrol_client
[5.789s] creating /home/t-pi/TB3_RPI4_WS/build/turtlebot3_example/build/lib/turtlebot3_example/turtlebot3_position_control
[5.789s] copying turtlebot3_example/turtlebot3_position_control/main.py -> /home/t-pi/TB3_RPI4_WS/build/turtlebot3_example/build/lib/turtlebot3_example/turtlebot3_position_control
[5.791s] copying turtlebot3_example/turtlebot3_position_control/turtlebot3_position_control.py -> /home/t-pi/TB3_RPI4_WS/build/turtlebot3_example/build/lib/turtlebot3_example/turtlebot3_position_control
[5.793s] copying turtlebot3_example/turtlebot3_position_control/__init__.py -> /home/t-pi/TB3_RPI4_WS/build/turtlebot3_example/build/lib/turtlebot3_example/turtlebot3_position_control
[5.794s] copying turtlebot3_example/turtlebot3_position_control/turtlebot3_path.py -> /home/t-pi/TB3_RPI4_WS/build/turtlebot3_example/build/lib/turtlebot3_example/turtlebot3_position_control
[5.796s] creating /home/t-pi/TB3_RPI4_WS/build/turtlebot3_example/build/lib/turtlebot3_example/turtlebot3_patrol_server
[5.797s] copying turtlebot3_example/turtlebot3_patrol_server/turtlebot3_patrol_server.py -> /home/t-pi/TB3_RPI4_WS/build/turtlebot3_example/build/lib/turtlebot3_example/turtlebot3_patrol_server
[5.799s] copying turtlebot3_example/turtlebot3_patrol_server/main.py -> /home/t-pi/TB3_RPI4_WS/build/turtlebot3_example/build/lib/turtlebot3_example/turtlebot3_patrol_server
[5.800s] copying turtlebot3_example/turtlebot3_patrol_server/__init__.py -> /home/t-pi/TB3_RPI4_WS/build/turtlebot3_example/build/lib/turtlebot3_example/turtlebot3_patrol_server
[5.801s] copying turtlebot3_example/turtlebot3_patrol_server/turtlebot3_path.py -> /home/t-pi/TB3_RPI4_WS/build/turtlebot3_example/build/lib/turtlebot3_example/turtlebot3_patrol_server
[5.806s] running install
[5.807s] /usr/lib/python3/dist-packages/setuptools/command/install.py:34: SetuptoolsDeprecationWarning: setup.py install is deprecated. Use build and pip and other standards-based tools.
[5.808s]   warnings.warn(
[5.809s] running install_lib
[5.813s] creating /home/t-pi/TB3_RPI4_WS/install/turtlebot3_example/lib/python3.10/site-packages/turtlebot3_example
[5.814s] creating /home/t-pi/TB3_RPI4_WS/install/turtlebot3_example/lib/python3.10/site-packages/turtlebot3_example/turtlebot3_obstacle_detection
[5.815s] copying /home/t-pi/TB3_RPI4_WS/build/turtlebot3_example/build/lib/turtlebot3_example/turtlebot3_obstacle_detection/turtlebot3_obstacle_detection.py -> /home/t-pi/TB3_RPI4_WS/install/turtlebot3_example/lib/python3.10/site-packages/turtlebot3_example/turtlebot3_obstacle_detection
[5.817s] copying /home/t-pi/TB3_RPI4_WS/build/turtlebot3_example/build/lib/turtlebot3_example/turtlebot3_obstacle_detection/main.py -> /home/t-pi/TB3_RPI4_WS/install/turtlebot3_example/lib/python3.10/site-packages/turtlebot3_example/turtlebot3_obstacle_detection
[5.818s] copying /home/t-pi/TB3_RPI4_WS/build/turtlebot3_example/build/lib/turtlebot3_example/turtlebot3_obstacle_detection/__init__.py -> /home/t-pi/TB3_RPI4_WS/install/turtlebot3_example/lib/python3.10/site-packages/turtlebot3_example/turtlebot3_obstacle_detection
[5.819s] copying /home/t-pi/TB3_RPI4_WS/build/turtlebot3_example/build/lib/turtlebot3_example/__init__.py -> /home/t-pi/TB3_RPI4_WS/install/turtlebot3_example/lib/python3.10/site-packages/turtlebot3_example
[5.820s] creating /home/t-pi/TB3_RPI4_WS/install/turtlebot3_example/lib/python3.10/site-packages/turtlebot3_example/turtlebot3_patrol_client
[5.821s] copying /home/t-pi/TB3_RPI4_WS/build/turtlebot3_example/build/lib/turtlebot3_example/turtlebot3_patrol_client/turtlebot3_patrol_client.py -> /home/t-pi/TB3_RPI4_WS/install/turtlebot3_example/lib/python3.10/site-packages/turtlebot3_example/turtlebot3_patrol_client
[5.822s] copying /home/t-pi/TB3_RPI4_WS/build/turtlebot3_example/build/lib/turtlebot3_example/turtlebot3_patrol_client/main.py -> /home/t-pi/TB3_RPI4_WS/install/turtlebot3_example/lib/python3.10/site-packages/turtlebot3_example/turtlebot3_patrol_client
[5.823s] copying /home/t-pi/TB3_RPI4_WS/build/turtlebot3_example/build/lib/turtlebot3_example/turtlebot3_patrol_client/__init__.py -> /home/t-pi/TB3_RPI4_WS/install/turtlebot3_example/lib/python3.10/site-packages/turtlebot3_example/turtlebot3_patrol_client
[5.824s] creating /home/t-pi/TB3_RPI4_WS/install/turtlebot3_example/lib/python3.10/site-packages/turtlebot3_example/turtlebot3_position_control
[5.825s] copying /home/t-pi/TB3_RPI4_WS/build/turtlebot3_example/build/lib/turtlebot3_example/turtlebot3_position_control/main.py -> /home/t-pi/TB3_RPI4_WS/install/turtlebot3_example/lib/python3.10/site-packages/turtlebot3_example/turtlebot3_position_control
[5.826s] copying /home/t-pi/TB3_RPI4_WS/build/turtlebot3_example/build/lib/turtlebot3_example/turtlebot3_position_control/turtlebot3_position_control.py -> /home/t-pi/TB3_RPI4_WS/install/turtlebot3_example/lib/python3.10/site-packages/turtlebot3_example/turtlebot3_position_control
[5.827s] copying /home/t-pi/TB3_RPI4_WS/build/turtlebot3_example/build/lib/turtlebot3_example/turtlebot3_position_control/__init__.py -> /home/t-pi/TB3_RPI4_WS/install/turtlebot3_example/lib/python3.10/site-packages/turtlebot3_example/turtlebot3_position_control
[5.828s] copying /home/t-pi/TB3_RPI4_WS/build/turtlebot3_example/build/lib/turtlebot3_example/turtlebot3_position_control/turtlebot3_path.py -> /home/t-pi/TB3_RPI4_WS/install/turtlebot3_example/lib/python3.10/site-packages/turtlebot3_example/turtlebot3_position_control
[5.830s] creating /home/t-pi/TB3_RPI4_WS/install/turtlebot3_example/lib/python3.10/site-packages/turtlebot3_example/turtlebot3_patrol_server
[5.830s] copying /home/t-pi/TB3_RPI4_WS/build/turtlebot3_example/build/lib/turtlebot3_example/turtlebot3_patrol_server/turtlebot3_patrol_server.py -> /home/t-pi/TB3_RPI4_WS/install/turtlebot3_example/lib/python3.10/site-packages/turtlebot3_example/turtlebot3_patrol_server
[5.832s] copying /home/t-pi/TB3_RPI4_WS/build/turtlebot3_example/build/lib/turtlebot3_example/turtlebot3_patrol_server/main.py -> /home/t-pi/TB3_RPI4_WS/install/turtlebot3_example/lib/python3.10/site-packages/turtlebot3_example/turtlebot3_patrol_server
[5.833s] copying /home/t-pi/TB3_RPI4_WS/build/turtlebot3_example/build/lib/turtlebot3_example/turtlebot3_patrol_server/__init__.py -> /home/t-pi/TB3_RPI4_WS/install/turtlebot3_example/lib/python3.10/site-packages/turtlebot3_example/turtlebot3_patrol_server
[5.834s] copying /home/t-pi/TB3_RPI4_WS/build/turtlebot3_example/build/lib/turtlebot3_example/turtlebot3_patrol_server/turtlebot3_path.py -> /home/t-pi/TB3_RPI4_WS/install/turtlebot3_example/lib/python3.10/site-packages/turtlebot3_example/turtlebot3_patrol_server
[5.837s] byte-compiling /home/t-pi/TB3_RPI4_WS/install/turtlebot3_example/lib/python3.10/site-packages/turtlebot3_example/turtlebot3_obstacle_detection/turtlebot3_obstacle_detection.py to turtlebot3_obstacle_detection.cpython-310.pyc
[5.841s] byte-compiling /home/t-pi/TB3_RPI4_WS/install/turtlebot3_example/lib/python3.10/site-packages/turtlebot3_example/turtlebot3_obstacle_detection/main.py to main.cpython-310.pyc
[5.842s] byte-compiling /home/t-pi/TB3_RPI4_WS/install/turtlebot3_example/lib/python3.10/site-packages/turtlebot3_example/turtlebot3_obstacle_detection/__init__.py to __init__.cpython-310.pyc
[5.844s] byte-compiling /home/t-pi/TB3_RPI4_WS/install/turtlebot3_example/lib/python3.10/site-packages/turtlebot3_example/__init__.py to __init__.cpython-310.pyc
[5.846s] byte-compiling /home/t-pi/TB3_RPI4_WS/install/turtlebot3_example/lib/python3.10/site-packages/turtlebot3_example/turtlebot3_patrol_client/turtlebot3_patrol_client.py to turtlebot3_patrol_client.cpython-310.pyc
[5.849s] byte-compiling /home/t-pi/TB3_RPI4_WS/install/turtlebot3_example/lib/python3.10/site-packages/turtlebot3_example/turtlebot3_patrol_client/main.py to main.cpython-310.pyc
[5.851s] byte-compiling /home/t-pi/TB3_RPI4_WS/install/turtlebot3_example/lib/python3.10/site-packages/turtlebot3_example/turtlebot3_patrol_client/__init__.py to __init__.cpython-310.pyc
[5.853s] byte-compiling /home/t-pi/TB3_RPI4_WS/install/turtlebot3_example/lib/python3.10/site-packages/turtlebot3_example/turtlebot3_position_control/main.py to main.cpython-310.pyc
[5.855s] byte-compiling /home/t-pi/TB3_RPI4_WS/install/turtlebot3_example/lib/python3.10/site-packages/turtlebot3_example/turtlebot3_position_control/turtlebot3_position_control.py to turtlebot3_position_control.cpython-310.pyc
[5.860s] byte-compiling /home/t-pi/TB3_RPI4_WS/install/turtlebot3_example/lib/python3.10/site-packages/turtlebot3_example/turtlebot3_position_control/__init__.py to __init__.cpython-310.pyc
[5.861s] byte-compiling /home/t-pi/TB3_RPI4_WS/install/turtlebot3_example/lib/python3.10/site-packages/turtlebot3_example/turtlebot3_position_control/turtlebot3_path.py to turtlebot3_path.cpython-310.pyc
[5.864s] byte-compiling /home/t-pi/TB3_RPI4_WS/install/turtlebot3_example/lib/python3.10/site-packages/turtlebot3_example/turtlebot3_patrol_server/turtlebot3_patrol_server.py to turtlebot3_patrol_server.cpython-310.pyc
[5.867s] byte-compiling /home/t-pi/TB3_RPI4_WS/install/turtlebot3_example/lib/python3.10/site-packages/turtlebot3_example/turtlebot3_patrol_server/main.py to main.cpython-310.pyc
[5.869s] byte-compiling /home/t-pi/TB3_RPI4_WS/install/turtlebot3_example/lib/python3.10/site-packages/turtlebot3_example/turtlebot3_patrol_server/__init__.py to __init__.cpython-310.pyc
[5.871s] byte-compiling /home/t-pi/TB3_RPI4_WS/install/turtlebot3_example/lib/python3.10/site-packages/turtlebot3_example/turtlebot3_patrol_server/turtlebot3_path.py to turtlebot3_path.cpython-310.pyc
[5.873s] running install_data
[5.875s] creating /home/t-pi/TB3_RPI4_WS/install/turtlebot3_example/share/ament_index
[5.876s] creating /home/t-pi/TB3_RPI4_WS/install/turtlebot3_example/share/ament_index/resource_index
[5.876s] creating /home/t-pi/TB3_RPI4_WS/install/turtlebot3_example/share/ament_index/resource_index/packages
[5.877s] copying resource/turtlebot3_example -> /home/t-pi/TB3_RPI4_WS/install/turtlebot3_example/share/ament_index/resource_index/packages
[5.878s] copying package.xml -> /home/t-pi/TB3_RPI4_WS/install/turtlebot3_example/share/turtlebot3_example
[5.881s] running install_egg_info
[5.889s] Copying ../../../build/turtlebot3_example/turtlebot3_example.egg-info to /home/t-pi/TB3_RPI4_WS/install/turtlebot3_example/lib/python3.10/site-packages/turtlebot3_example-2.1.5-py3.10.egg-info
[5.897s] running install_scripts
[5.995s] Installing turtlebot3_obstacle_detection script to /home/t-pi/TB3_RPI4_WS/install/turtlebot3_example/lib/turtlebot3_example
[5.996s] Installing turtlebot3_patrol_client script to /home/t-pi/TB3_RPI4_WS/install/turtlebot3_example/lib/turtlebot3_example
[5.997s] Installing turtlebot3_patrol_server script to /home/t-pi/TB3_RPI4_WS/install/turtlebot3_example/lib/turtlebot3_example
[5.998s] Installing turtlebot3_position_control script to /home/t-pi/TB3_RPI4_WS/install/turtlebot3_example/lib/turtlebot3_example
[6.002s] writing list of installed files to '/home/t-pi/TB3_RPI4_WS/build/turtlebot3_example/install.log'
[6.141s] Invoked command in '/home/t-pi/TB3_RPI4_WS/src/turtlebot3/turtlebot3_example' returned '0': PYTHONPATH=/home/t-pi/TB3_RPI4_WS/build/turtlebot3_example/prefix_override:/home/t-pi/TB3_RPI4_WS/install/turtlebot3_example/lib/python3.10/site-packages:${PYTHONPATH} /usr/bin/python3 setup.py egg_info --egg-base ../../../build/turtlebot3_example build --build-base /home/t-pi/TB3_RPI4_WS/build/turtlebot3_example/build install --record /home/t-pi/TB3_RPI4_WS/build/turtlebot3_example/install.log --single-version-externally-managed
