[0.047s] Invoking command in '/home/t-pi/TB3_RPI4_WS/build/turtlebot3_bringup': AMENT_PREFIX_PATH=/home/t-pi/TB3_RPI4_WS/install/turtlebot3_node:/home/t-pi/TB3_RPI4_WS/install/turtlebot3_description:${AMENT_PREFIX_PATH} CMAKE_PREFIX_PATH=/home/t-pi/TB3_RPI4_WS/install/turtlebot3_node:/home/t-pi/TB3_RPI4_WS/install/turtlebot3_description:/home/t-pi/turtlebot3_ws/install/usb_cam:/home/t-pi/turtlebot3_ws/install/turtlebot3:/home/t-pi/turtlebot3_ws/install/turtlebot3_bringup:/home/t-pi/turtlebot3_ws/install/turtlebot3_node:/home/t-pi/turtlebot3_ws/install/turtlebot3_description:/home/t-pi/turtlebot3_ws/install/ros2_shared:/home/t-pi/turtlebot3_ws/install/ld08_driver:/home/t-pi/turtlebot3_ws/install/image_transport_plugins:/home/t-pi/turtlebot3_ws/install/cv_camera:/home/t-pi/turtlebot3_ws/install/turtlebot3_teleop:/home/t-pi/turtlebot3_ws/install/turtlebot3_example:/home/t-pi/turtlebot3_ws/install/rpi_temprature:/home/t-pi/turtlebot3_ws/install/RPI_temprature:/opt/ros/humble /usr/bin/cmake /home/t-pi/TB3_RPI4_WS/src/turtlebot3/turtlebot3_bringup -DCMAKE_INSTALL_PREFIX=/home/t-pi/TB3_RPI4_WS/install/turtlebot3_bringup
[0.341s] -- The C compiler identification is GNU 11.3.0
[0.614s] -- The CXX compiler identification is GNU 11.3.0
[0.648s] -- Detecting C compiler ABI info
[0.987s] -- Detecting C compiler ABI info - done
[1.017s] -- Check for working C compiler: /usr/bin/cc - skipped
[1.018s] -- Detecting C compile features
[1.019s] -- Detecting C compile features - done
[1.032s] -- Detecting CXX compiler ABI info
[1.409s] -- Detecting CXX compiler ABI info - done
[1.441s] -- Check for working CXX compiler: /usr/bin/c++ - skipped
[1.442s] -- Detecting CXX compile features
[1.444s] -- Detecting CXX compile features - done
[1.477s] -- Found ament_cmake: 1.3.5 (/opt/ros/humble/share/ament_cmake/cmake)
[2.389s] -- Found Python3: /usr/bin/python3.10 (found version "3.10.6") found components: Interpreter 
[3.360s] -- Configuring done
[3.380s] -- Generating done
[3.384s] -- Build files have been written to: /home/t-pi/TB3_RPI4_WS/build/turtlebot3_bringup
[3.398s] Invoked command in '/home/t-pi/TB3_RPI4_WS/build/turtlebot3_bringup' returned '0': AMENT_PREFIX_PATH=/home/t-pi/TB3_RPI4_WS/install/turtlebot3_node:/home/t-pi/TB3_RPI4_WS/install/turtlebot3_description:${AMENT_PREFIX_PATH} CMAKE_PREFIX_PATH=/home/t-pi/TB3_RPI4_WS/install/turtlebot3_node:/home/t-pi/TB3_RPI4_WS/install/turtlebot3_description:/home/t-pi/turtlebot3_ws/install/usb_cam:/home/t-pi/turtlebot3_ws/install/turtlebot3:/home/t-pi/turtlebot3_ws/install/turtlebot3_bringup:/home/t-pi/turtlebot3_ws/install/turtlebot3_node:/home/t-pi/turtlebot3_ws/install/turtlebot3_description:/home/t-pi/turtlebot3_ws/install/ros2_shared:/home/t-pi/turtlebot3_ws/install/ld08_driver:/home/t-pi/turtlebot3_ws/install/image_transport_plugins:/home/t-pi/turtlebot3_ws/install/cv_camera:/home/t-pi/turtlebot3_ws/install/turtlebot3_teleop:/home/t-pi/turtlebot3_ws/install/turtlebot3_example:/home/t-pi/turtlebot3_ws/install/rpi_temprature:/home/t-pi/turtlebot3_ws/install/RPI_temprature:/opt/ros/humble /usr/bin/cmake /home/t-pi/TB3_RPI4_WS/src/turtlebot3/turtlebot3_bringup -DCMAKE_INSTALL_PREFIX=/home/t-pi/TB3_RPI4_WS/install/turtlebot3_bringup
[3.407s] Invoking command in '/home/t-pi/TB3_RPI4_WS/build/turtlebot3_bringup': AMENT_PREFIX_PATH=/home/t-pi/TB3_RPI4_WS/install/turtlebot3_node:/home/t-pi/TB3_RPI4_WS/install/turtlebot3_description:${AMENT_PREFIX_PATH} CMAKE_PREFIX_PATH=/home/t-pi/TB3_RPI4_WS/install/turtlebot3_node:/home/t-pi/TB3_RPI4_WS/install/turtlebot3_description:/home/t-pi/turtlebot3_ws/install/usb_cam:/home/t-pi/turtlebot3_ws/install/turtlebot3:/home/t-pi/turtlebot3_ws/install/turtlebot3_bringup:/home/t-pi/turtlebot3_ws/install/turtlebot3_node:/home/t-pi/turtlebot3_ws/install/turtlebot3_description:/home/t-pi/turtlebot3_ws/install/ros2_shared:/home/t-pi/turtlebot3_ws/install/ld08_driver:/home/t-pi/turtlebot3_ws/install/image_transport_plugins:/home/t-pi/turtlebot3_ws/install/cv_camera:/home/t-pi/turtlebot3_ws/install/turtlebot3_teleop:/home/t-pi/turtlebot3_ws/install/turtlebot3_example:/home/t-pi/turtlebot3_ws/install/rpi_temprature:/home/t-pi/turtlebot3_ws/install/RPI_temprature:/opt/ros/humble /usr/bin/cmake --build /home/t-pi/TB3_RPI4_WS/build/turtlebot3_bringup -- -j4 -l4
[3.569s] Invoked command in '/home/t-pi/TB3_RPI4_WS/build/turtlebot3_bringup' returned '0': AMENT_PREFIX_PATH=/home/t-pi/TB3_RPI4_WS/install/turtlebot3_node:/home/t-pi/TB3_RPI4_WS/install/turtlebot3_description:${AMENT_PREFIX_PATH} CMAKE_PREFIX_PATH=/home/t-pi/TB3_RPI4_WS/install/turtlebot3_node:/home/t-pi/TB3_RPI4_WS/install/turtlebot3_description:/home/t-pi/turtlebot3_ws/install/usb_cam:/home/t-pi/turtlebot3_ws/install/turtlebot3:/home/t-pi/turtlebot3_ws/install/turtlebot3_bringup:/home/t-pi/turtlebot3_ws/install/turtlebot3_node:/home/t-pi/turtlebot3_ws/install/turtlebot3_description:/home/t-pi/turtlebot3_ws/install/ros2_shared:/home/t-pi/turtlebot3_ws/install/ld08_driver:/home/t-pi/turtlebot3_ws/install/image_transport_plugins:/home/t-pi/turtlebot3_ws/install/cv_camera:/home/t-pi/turtlebot3_ws/install/turtlebot3_teleop:/home/t-pi/turtlebot3_ws/install/turtlebot3_example:/home/t-pi/turtlebot3_ws/install/rpi_temprature:/home/t-pi/turtlebot3_ws/install/RPI_temprature:/opt/ros/humble /usr/bin/cmake --build /home/t-pi/TB3_RPI4_WS/build/turtlebot3_bringup -- -j4 -l4
[3.709s] Invoking command in '/home/t-pi/TB3_RPI4_WS/build/turtlebot3_bringup': AMENT_PREFIX_PATH=/home/t-pi/TB3_RPI4_WS/install/turtlebot3_node:/home/t-pi/TB3_RPI4_WS/install/turtlebot3_description:${AMENT_PREFIX_PATH} CMAKE_PREFIX_PATH=/home/t-pi/TB3_RPI4_WS/install/turtlebot3_node:/home/t-pi/TB3_RPI4_WS/install/turtlebot3_description:/home/t-pi/turtlebot3_ws/install/usb_cam:/home/t-pi/turtlebot3_ws/install/turtlebot3:/home/t-pi/turtlebot3_ws/install/turtlebot3_bringup:/home/t-pi/turtlebot3_ws/install/turtlebot3_node:/home/t-pi/turtlebot3_ws/install/turtlebot3_description:/home/t-pi/turtlebot3_ws/install/ros2_shared:/home/t-pi/turtlebot3_ws/install/ld08_driver:/home/t-pi/turtlebot3_ws/install/image_transport_plugins:/home/t-pi/turtlebot3_ws/install/cv_camera:/home/t-pi/turtlebot3_ws/install/turtlebot3_teleop:/home/t-pi/turtlebot3_ws/install/turtlebot3_example:/home/t-pi/turtlebot3_ws/install/rpi_temprature:/home/t-pi/turtlebot3_ws/install/RPI_temprature:/opt/ros/humble /usr/bin/cmake --install /home/t-pi/TB3_RPI4_WS/build/turtlebot3_bringup
[3.739s] -- Install configuration: ""
[3.740s] -- Installing: /home/t-pi/TB3_RPI4_WS/install/turtlebot3_bringup/share/turtlebot3_bringup/launch
[3.744s] -- Installing: /home/t-pi/TB3_RPI4_WS/install/turtlebot3_bringup/share/turtlebot3_bringup/launch/rviz2.launch.py
[3.746s] -- Installing: /home/t-pi/TB3_RPI4_WS/install/turtlebot3_bringup/share/turtlebot3_bringup/launch/robot.launch.py
[3.748s] -- Installing: /home/t-pi/TB3_RPI4_WS/install/turtlebot3_bringup/share/turtlebot3_bringup/launch/turtlebot3_state_publisher.launch.py
[3.750s] -- Installing: /home/t-pi/TB3_RPI4_WS/install/turtlebot3_bringup/share/turtlebot3_bringup/param
[3.752s] -- Installing: /home/t-pi/TB3_RPI4_WS/install/turtlebot3_bringup/share/turtlebot3_bringup/param/waffle_pi.yaml
[3.755s] -- Installing: /home/t-pi/TB3_RPI4_WS/install/turtlebot3_bringup/share/turtlebot3_bringup/param/waffle.yaml
[3.757s] -- Installing: /home/t-pi/TB3_RPI4_WS/install/turtlebot3_bringup/share/turtlebot3_bringup/param/burger.yaml
[3.759s] -- Installing: /home/t-pi/TB3_RPI4_WS/install/turtlebot3_bringup/share/turtlebot3_bringup/script
[3.761s] -- Installing: /home/t-pi/TB3_RPI4_WS/install/turtlebot3_bringup/share/turtlebot3_bringup/script/create_udev_rules
[3.763s] -- Installing: /home/t-pi/TB3_RPI4_WS/install/turtlebot3_bringup/share/turtlebot3_bringup/script/99-turtlebot3-cdc.rules
[3.766s] -- Installing: /home/t-pi/TB3_RPI4_WS/install/turtlebot3_bringup/share/ament_index/resource_index/package_run_dependencies/turtlebot3_bringup
[3.768s] -- Installing: /home/t-pi/TB3_RPI4_WS/install/turtlebot3_bringup/share/ament_index/resource_index/parent_prefix_path/turtlebot3_bringup
[3.770s] -- Installing: /home/t-pi/TB3_RPI4_WS/install/turtlebot3_bringup/share/turtlebot3_bringup/environment/ament_prefix_path.sh
[3.771s] -- Installing: /home/t-pi/TB3_RPI4_WS/install/turtlebot3_bringup/share/turtlebot3_bringup/environment/ament_prefix_path.dsv
[3.772s] -- Installing: /home/t-pi/TB3_RPI4_WS/install/turtlebot3_bringup/share/turtlebot3_bringup/environment/path.sh
[3.774s] -- Installing: /home/t-pi/TB3_RPI4_WS/install/turtlebot3_bringup/share/turtlebot3_bringup/environment/path.dsv
[3.775s] -- Installing: /home/t-pi/TB3_RPI4_WS/install/turtlebot3_bringup/share/turtlebot3_bringup/local_setup.bash
[3.776s] -- Installing: /home/t-pi/TB3_RPI4_WS/install/turtlebot3_bringup/share/turtlebot3_bringup/local_setup.sh
[3.778s] -- Installing: /home/t-pi/TB3_RPI4_WS/install/turtlebot3_bringup/share/turtlebot3_bringup/local_setup.zsh
[3.779s] -- Installing: /home/t-pi/TB3_RPI4_WS/install/turtlebot3_bringup/share/turtlebot3_bringup/local_setup.dsv
[3.781s] -- Installing: /home/t-pi/TB3_RPI4_WS/install/turtlebot3_bringup/share/turtlebot3_bringup/package.dsv
[3.782s] -- Installing: /home/t-pi/TB3_RPI4_WS/install/turtlebot3_bringup/share/ament_index/resource_index/packages/turtlebot3_bringup
[3.784s] -- Installing: /home/t-pi/TB3_RPI4_WS/install/turtlebot3_bringup/share/turtlebot3_bringup/cmake/turtlebot3_bringupConfig.cmake
[3.785s] -- Installing: /home/t-pi/TB3_RPI4_WS/install/turtlebot3_bringup/share/turtlebot3_bringup/cmake/turtlebot3_bringupConfig-version.cmake
[3.786s] -- Installing: /home/t-pi/TB3_RPI4_WS/install/turtlebot3_bringup/share/turtlebot3_bringup/package.xml
[3.802s] Invoked command in '/home/t-pi/TB3_RPI4_WS/build/turtlebot3_bringup' returned '0': AMENT_PREFIX_PATH=/home/t-pi/TB3_RPI4_WS/install/turtlebot3_node:/home/t-pi/TB3_RPI4_WS/install/turtlebot3_description:${AMENT_PREFIX_PATH} CMAKE_PREFIX_PATH=/home/t-pi/TB3_RPI4_WS/install/turtlebot3_node:/home/t-pi/TB3_RPI4_WS/install/turtlebot3_description:/home/t-pi/turtlebot3_ws/install/usb_cam:/home/t-pi/turtlebot3_ws/install/turtlebot3:/home/t-pi/turtlebot3_ws/install/turtlebot3_bringup:/home/t-pi/turtlebot3_ws/install/turtlebot3_node:/home/t-pi/turtlebot3_ws/install/turtlebot3_description:/home/t-pi/turtlebot3_ws/install/ros2_shared:/home/t-pi/turtlebot3_ws/install/ld08_driver:/home/t-pi/turtlebot3_ws/install/image_transport_plugins:/home/t-pi/turtlebot3_ws/install/cv_camera:/home/t-pi/turtlebot3_ws/install/turtlebot3_teleop:/home/t-pi/turtlebot3_ws/install/turtlebot3_example:/home/t-pi/turtlebot3_ws/install/rpi_temprature:/home/t-pi/turtlebot3_ws/install/RPI_temprature:/opt/ros/humble /usr/bin/cmake --install /home/t-pi/TB3_RPI4_WS/build/turtlebot3_bringup
