[0.106s] Invoking command in '/home/t-pi/TB3_RPI4_WS/build/turtlebot3_description': CMAKE_PREFIX_PATH=${CMAKE_PREFIX_PATH}:/home/t-pi/TB3_RPI4_WS/install/turtlebot3_teleop:/home/t-pi/TB3_RPI4_WS/install/turtlebot3_example:/home/t-pi/TB3_RPI4_WS/install/rpi_temprature:/opt/ros/humble /usr/bin/cmake /home/t-pi/TB3_RPI4_WS/src/turtlebot3/turtlebot3_description -DCMAKE_INSTALL_PREFIX=/home/t-pi/TB3_RPI4_WS/install/turtlebot3_description
[0.465s] -- The C compiler identification is GNU 11.3.0
[0.916s] -- The CXX compiler identification is GNU 11.3.0
[0.958s] -- Detecting C compiler ABI info
[1.389s] -- Detecting C compiler ABI info - done
[1.423s] -- Check for working C compiler: /usr/bin/cc - skipped
[1.425s] -- Detecting C compile features
[1.428s] -- Detecting C compile features - done
[1.443s] -- Detecting CXX compiler ABI info
[1.920s] -- Detecting CXX compiler ABI info - done
[1.957s] -- Check for working CXX compiler: /usr/bin/c++ - skipped
[1.960s] -- Detecting CXX compile features
[1.963s] -- Detecting CXX compile features - done
[1.995s] -- Found ament_cmake: 1.3.5 (/opt/ros/humble/share/ament_cmake/cmake)
[3.324s] -- Found Python3: /usr/bin/python3.10 (found version "3.10.6") found components: Interpreter 
[4.077s] -- Found urdf: 2.6.0 (/opt/ros/humble/share/urdf/cmake)
[5.065s] -- Configuring done
[5.091s] -- Generating done
[5.099s] -- Build files have been written to: /home/t-pi/TB3_RPI4_WS/build/turtlebot3_description
[5.130s] Invoked command in '/home/t-pi/TB3_RPI4_WS/build/turtlebot3_description' returned '0': CMAKE_PREFIX_PATH=${CMAKE_PREFIX_PATH}:/home/t-pi/TB3_RPI4_WS/install/turtlebot3_teleop:/home/t-pi/TB3_RPI4_WS/install/turtlebot3_example:/home/t-pi/TB3_RPI4_WS/install/rpi_temprature:/opt/ros/humble /usr/bin/cmake /home/t-pi/TB3_RPI4_WS/src/turtlebot3/turtlebot3_description -DCMAKE_INSTALL_PREFIX=/home/t-pi/TB3_RPI4_WS/install/turtlebot3_description
[5.131s] Invoking command in '/home/t-pi/TB3_RPI4_WS/build/turtlebot3_description': CMAKE_PREFIX_PATH=${CMAKE_PREFIX_PATH}:/home/t-pi/TB3_RPI4_WS/install/turtlebot3_teleop:/home/t-pi/TB3_RPI4_WS/install/turtlebot3_example:/home/t-pi/TB3_RPI4_WS/install/rpi_temprature:/opt/ros/humble /usr/bin/cmake --build /home/t-pi/TB3_RPI4_WS/build/turtlebot3_description -- -j4 -l4
[5.314s] Invoked command in '/home/t-pi/TB3_RPI4_WS/build/turtlebot3_description' returned '0': CMAKE_PREFIX_PATH=${CMAKE_PREFIX_PATH}:/home/t-pi/TB3_RPI4_WS/install/turtlebot3_teleop:/home/t-pi/TB3_RPI4_WS/install/turtlebot3_example:/home/t-pi/TB3_RPI4_WS/install/rpi_temprature:/opt/ros/humble /usr/bin/cmake --build /home/t-pi/TB3_RPI4_WS/build/turtlebot3_description -- -j4 -l4
[5.495s] Invoking command in '/home/t-pi/TB3_RPI4_WS/build/turtlebot3_description': CMAKE_PREFIX_PATH=${CMAKE_PREFIX_PATH}:/home/t-pi/TB3_RPI4_WS/install/turtlebot3_teleop:/home/t-pi/TB3_RPI4_WS/install/turtlebot3_example:/home/t-pi/TB3_RPI4_WS/install/rpi_temprature:/opt/ros/humble /usr/bin/cmake --install /home/t-pi/TB3_RPI4_WS/build/turtlebot3_description
[5.530s] -- Install configuration: ""
[5.532s] -- Installing: /home/t-pi/TB3_RPI4_WS/install/turtlebot3_description/share/turtlebot3_description/meshes
[5.532s] -- Installing: /home/t-pi/TB3_RPI4_WS/install/turtlebot3_description/share/turtlebot3_description/meshes/sensors
[5.533s] -- Installing: /home/t-pi/TB3_RPI4_WS/install/turtlebot3_description/share/turtlebot3_description/meshes/sensors/astra.dae
[5.615s] -- Installing: /home/t-pi/TB3_RPI4_WS/install/turtlebot3_description/share/turtlebot3_description/meshes/sensors/r200.dae
[5.618s] -- Installing: /home/t-pi/TB3_RPI4_WS/install/turtlebot3_description/share/turtlebot3_description/meshes/sensors/astra.jpg
[5.620s] -- Installing: /home/t-pi/TB3_RPI4_WS/install/turtlebot3_description/share/turtlebot3_description/meshes/sensors/r200.jpg
[5.621s] -- Installing: /home/t-pi/TB3_RPI4_WS/install/turtlebot3_description/share/turtlebot3_description/meshes/sensors/lds.stl
[5.630s] -- Installing: /home/t-pi/TB3_RPI4_WS/install/turtlebot3_description/share/turtlebot3_description/meshes/bases
[5.632s] -- Installing: /home/t-pi/TB3_RPI4_WS/install/turtlebot3_description/share/turtlebot3_description/meshes/bases/burger_base.stl
[5.676s] -- Installing: /home/t-pi/TB3_RPI4_WS/install/turtlebot3_description/share/turtlebot3_description/meshes/bases/waffle_pi_base.stl
[5.747s] -- Installing: /home/t-pi/TB3_RPI4_WS/install/turtlebot3_description/share/turtlebot3_description/meshes/bases/waffle_base.stl
[5.893s] -- Installing: /home/t-pi/TB3_RPI4_WS/install/turtlebot3_description/share/turtlebot3_description/meshes/wheels
[5.895s] -- Installing: /home/t-pi/TB3_RPI4_WS/install/turtlebot3_description/share/turtlebot3_description/meshes/wheels/right_tire.stl
[5.908s] -- Installing: /home/t-pi/TB3_RPI4_WS/install/turtlebot3_description/share/turtlebot3_description/meshes/wheels/left_tire.stl
[5.920s] -- Installing: /home/t-pi/TB3_RPI4_WS/install/turtlebot3_description/share/turtlebot3_description/rviz
[5.921s] -- Installing: /home/t-pi/TB3_RPI4_WS/install/turtlebot3_description/share/turtlebot3_description/rviz/model.rviz
[5.923s] -- Installing: /home/t-pi/TB3_RPI4_WS/install/turtlebot3_description/share/turtlebot3_description/urdf
[5.924s] -- Installing: /home/t-pi/TB3_RPI4_WS/install/turtlebot3_description/share/turtlebot3_description/urdf/turtlebot3_waffle_pi.urdf
[5.925s] -- Installing: /home/t-pi/TB3_RPI4_WS/install/turtlebot3_description/share/turtlebot3_description/urdf/turtlebot3_waffle.urdf
[5.926s] -- Installing: /home/t-pi/TB3_RPI4_WS/install/turtlebot3_description/share/turtlebot3_description/urdf/common_properties.urdf
[5.928s] -- Installing: /home/t-pi/TB3_RPI4_WS/install/turtlebot3_description/share/turtlebot3_description/urdf/turtlebot3_burger.urdf
[5.930s] -- Installing: /home/t-pi/TB3_RPI4_WS/install/turtlebot3_description/share/ament_index/resource_index/package_run_dependencies/turtlebot3_description
[5.932s] -- Installing: /home/t-pi/TB3_RPI4_WS/install/turtlebot3_description/share/ament_index/resource_index/parent_prefix_path/turtlebot3_description
[5.934s] -- Installing: /home/t-pi/TB3_RPI4_WS/install/turtlebot3_description/share/turtlebot3_description/environment/ament_prefix_path.sh
[5.936s] -- Installing: /home/t-pi/TB3_RPI4_WS/install/turtlebot3_description/share/turtlebot3_description/environment/ament_prefix_path.dsv
[5.937s] -- Installing: /home/t-pi/TB3_RPI4_WS/install/turtlebot3_description/share/turtlebot3_description/environment/path.sh
[5.939s] -- Installing: /home/t-pi/TB3_RPI4_WS/install/turtlebot3_description/share/turtlebot3_description/environment/path.dsv
[5.941s] -- Installing: /home/t-pi/TB3_RPI4_WS/install/turtlebot3_description/share/turtlebot3_description/local_setup.bash
[5.942s] -- Installing: /home/t-pi/TB3_RPI4_WS/install/turtlebot3_description/share/turtlebot3_description/local_setup.sh
[5.944s] -- Installing: /home/t-pi/TB3_RPI4_WS/install/turtlebot3_description/share/turtlebot3_description/local_setup.zsh
[5.945s] -- Installing: /home/t-pi/TB3_RPI4_WS/install/turtlebot3_description/share/turtlebot3_description/local_setup.dsv
[5.947s] -- Installing: /home/t-pi/TB3_RPI4_WS/install/turtlebot3_description/share/turtlebot3_description/package.dsv
[5.949s] -- Installing: /home/t-pi/TB3_RPI4_WS/install/turtlebot3_description/share/ament_index/resource_index/packages/turtlebot3_description
[5.951s] -- Installing: /home/t-pi/TB3_RPI4_WS/install/turtlebot3_description/share/turtlebot3_description/cmake/turtlebot3_descriptionConfig.cmake
[5.952s] -- Installing: /home/t-pi/TB3_RPI4_WS/install/turtlebot3_description/share/turtlebot3_description/cmake/turtlebot3_descriptionConfig-version.cmake
[5.954s] -- Installing: /home/t-pi/TB3_RPI4_WS/install/turtlebot3_description/share/turtlebot3_description/package.xml
[5.965s] Invoked command in '/home/t-pi/TB3_RPI4_WS/build/turtlebot3_description' returned '0': CMAKE_PREFIX_PATH=${CMAKE_PREFIX_PATH}:/home/t-pi/TB3_RPI4_WS/install/turtlebot3_teleop:/home/t-pi/TB3_RPI4_WS/install/turtlebot3_example:/home/t-pi/TB3_RPI4_WS/install/rpi_temprature:/opt/ros/humble /usr/bin/cmake --install /home/t-pi/TB3_RPI4_WS/build/turtlebot3_description
