[0.087s] Invoking command in '/home/t-pi/TB3_RPI4_WS/build/usb_cam': CMAKE_PREFIX_PATH=/home/t-pi/TB3_RPI4_WS/install/image_transport_plugins:/home/t-pi/TB3_RPI4_WS/install/theora_image_transport:/home/t-pi/TB3_RPI4_WS/install/compressed_image_transport:/home/t-pi/TB3_RPI4_WS/install/compressed_depth_image_transport:/home/t-pi/TB3_RPI4_WS/install/usb_cam:/home/t-pi/TB3_RPI4_WS/install/turtlebot3:/home/t-pi/TB3_RPI4_WS/install/turtlebot3_bringup:/home/t-pi/TB3_RPI4_WS/install/turtlebot3_node:/home/t-pi/TB3_RPI4_WS/install/turtlebot3_description:/home/t-pi/TB3_RPI4_WS/install/ld08_driver:/home/t-pi/TB3_RPI4_WS/install/cv_camera:/home/t-pi/TB3_RPI4_WS/install/turtlebot3_teleop:/home/t-pi/TB3_RPI4_WS/install/turtlebot3_example:/home/t-pi/TB3_RPI4_WS/install/rpi_temprature:/opt/ros/humble LD_LIBRARY_PATH=/home/t-pi/TB3_RPI4_WS/install/theora_image_transport/lib:/home/t-pi/TB3_RPI4_WS/install/compressed_image_transport/lib:/home/t-pi/TB3_RPI4_WS/install/compressed_depth_image_transport/lib:/home/t-pi/TB3_RPI4_WS/install/usb_cam/lib:/opt/ros/humble/opt/rviz_ogre_vendor/lib:/opt/ros/humble/lib/aarch64-linux-gnu:/opt/ros/humble/lib /usr/bin/cmake --build /home/t-pi/TB3_RPI4_WS/build/usb_cam -- -j4 -l4
[0.300s] [35m[1mConsolidate compiler generated dependencies of target usb_cam_node_exe[0m
[0.301s] [35m[1mConsolidate compiler generated dependencies of target usb_cam[0m
[0.302s] [35m[1mConsolidate compiler generated dependencies of target gtest_main[0m
[0.307s] [35m[1mConsolidate compiler generated dependencies of target gtest[0m
[0.385s] [ 14%] Built target gtest_main
[0.391s] [ 28%] Built target gtest
[0.410s] [ 42%] Built target usb_cam_node_exe
[0.421s] [ 57%] Built target usb_cam
[0.481s] [35m[1mConsolidate compiler generated dependencies of target usb_cam_node[0m
[0.482s] [35m[1mConsolidate compiler generated dependencies of target test_usb_cam_utils[0m
[0.482s] [35m[1mConsolidate compiler generated dependencies of target test_pixel_formats[0m
[0.563s] [ 71%] Built target test_pixel_formats
[0.569s] [ 85%] Built target test_usb_cam_utils
[0.604s] [100%] Built target usb_cam_node
[0.653s] Invoked command in '/home/t-pi/TB3_RPI4_WS/build/usb_cam' returned '0': CMAKE_PREFIX_PATH=/home/t-pi/TB3_RPI4_WS/install/image_transport_plugins:/home/t-pi/TB3_RPI4_WS/install/theora_image_transport:/home/t-pi/TB3_RPI4_WS/install/compressed_image_transport:/home/t-pi/TB3_RPI4_WS/install/compressed_depth_image_transport:/home/t-pi/TB3_RPI4_WS/install/usb_cam:/home/t-pi/TB3_RPI4_WS/install/turtlebot3:/home/t-pi/TB3_RPI4_WS/install/turtlebot3_bringup:/home/t-pi/TB3_RPI4_WS/install/turtlebot3_node:/home/t-pi/TB3_RPI4_WS/install/turtlebot3_description:/home/t-pi/TB3_RPI4_WS/install/ld08_driver:/home/t-pi/TB3_RPI4_WS/install/cv_camera:/home/t-pi/TB3_RPI4_WS/install/turtlebot3_teleop:/home/t-pi/TB3_RPI4_WS/install/turtlebot3_example:/home/t-pi/TB3_RPI4_WS/install/rpi_temprature:/opt/ros/humble LD_LIBRARY_PATH=/home/t-pi/TB3_RPI4_WS/install/theora_image_transport/lib:/home/t-pi/TB3_RPI4_WS/install/compressed_image_transport/lib:/home/t-pi/TB3_RPI4_WS/install/compressed_depth_image_transport/lib:/home/t-pi/TB3_RPI4_WS/install/usb_cam/lib:/opt/ros/humble/opt/rviz_ogre_vendor/lib:/opt/ros/humble/lib/aarch64-linux-gnu:/opt/ros/humble/lib /usr/bin/cmake --build /home/t-pi/TB3_RPI4_WS/build/usb_cam -- -j4 -l4
[0.969s] Invoking command in '/home/t-pi/TB3_RPI4_WS/build/usb_cam': CMAKE_PREFIX_PATH=/home/t-pi/TB3_RPI4_WS/install/image_transport_plugins:/home/t-pi/TB3_RPI4_WS/install/theora_image_transport:/home/t-pi/TB3_RPI4_WS/install/compressed_image_transport:/home/t-pi/TB3_RPI4_WS/install/compressed_depth_image_transport:/home/t-pi/TB3_RPI4_WS/install/usb_cam:/home/t-pi/TB3_RPI4_WS/install/turtlebot3:/home/t-pi/TB3_RPI4_WS/install/turtlebot3_bringup:/home/t-pi/TB3_RPI4_WS/install/turtlebot3_node:/home/t-pi/TB3_RPI4_WS/install/turtlebot3_description:/home/t-pi/TB3_RPI4_WS/install/ld08_driver:/home/t-pi/TB3_RPI4_WS/install/cv_camera:/home/t-pi/TB3_RPI4_WS/install/turtlebot3_teleop:/home/t-pi/TB3_RPI4_WS/install/turtlebot3_example:/home/t-pi/TB3_RPI4_WS/install/rpi_temprature:/opt/ros/humble LD_LIBRARY_PATH=/home/t-pi/TB3_RPI4_WS/install/theora_image_transport/lib:/home/t-pi/TB3_RPI4_WS/install/compressed_image_transport/lib:/home/t-pi/TB3_RPI4_WS/install/compressed_depth_image_transport/lib:/home/t-pi/TB3_RPI4_WS/install/usb_cam/lib:/opt/ros/humble/opt/rviz_ogre_vendor/lib:/opt/ros/humble/lib/aarch64-linux-gnu:/opt/ros/humble/lib /usr/bin/cmake --install /home/t-pi/TB3_RPI4_WS/build/usb_cam
[1.005s] -- Install configuration: ""
[1.006s] -- Up-to-date: /home/t-pi/TB3_RPI4_WS/install/usb_cam/share/usb_cam/environment/library_path.sh
[1.006s] -- Up-to-date: /home/t-pi/TB3_RPI4_WS/install/usb_cam/share/usb_cam/environment/library_path.dsv
[1.007s] -- Up-to-date: /home/t-pi/TB3_RPI4_WS/install/usb_cam/lib/usb_cam/usb_cam_node_exe
[1.008s] -- Up-to-date: /home/t-pi/TB3_RPI4_WS/install/usb_cam/lib/usb_cam/show_image.py
[1.010s] -- Up-to-date: /home/t-pi/TB3_RPI4_WS/install/usb_cam/lib/libusb_cam.so
[1.012s] -- Up-to-date: /home/t-pi/TB3_RPI4_WS/install/usb_cam/lib/libusb_cam_node.so
[1.014s] -- Up-to-date: /home/t-pi/TB3_RPI4_WS/install/usb_cam/include
[1.014s] -- Up-to-date: /home/t-pi/TB3_RPI4_WS/install/usb_cam/include/usb_cam
[1.015s] -- Up-to-date: /home/t-pi/TB3_RPI4_WS/install/usb_cam/include/usb_cam/constants.hpp
[1.015s] -- Up-to-date: /home/t-pi/TB3_RPI4_WS/install/usb_cam/include/usb_cam/conversions.hpp
[1.016s] -- Up-to-date: /home/t-pi/TB3_RPI4_WS/install/usb_cam/include/usb_cam/utils.hpp
[1.016s] -- Up-to-date: /home/t-pi/TB3_RPI4_WS/install/usb_cam/include/usb_cam/usb_cam_node.hpp
[1.017s] -- Up-to-date: /home/t-pi/TB3_RPI4_WS/install/usb_cam/include/usb_cam/formats
[1.017s] -- Up-to-date: /home/t-pi/TB3_RPI4_WS/install/usb_cam/include/usb_cam/formats/uyvy.hpp
[1.018s] -- Up-to-date: /home/t-pi/TB3_RPI4_WS/install/usb_cam/include/usb_cam/formats/mono.hpp
[1.018s] -- Up-to-date: /home/t-pi/TB3_RPI4_WS/install/usb_cam/include/usb_cam/formats/pixel_format_base.hpp
[1.018s] -- Up-to-date: /home/t-pi/TB3_RPI4_WS/install/usb_cam/include/usb_cam/formats/mjpeg.hpp
[1.019s] -- Up-to-date: /home/t-pi/TB3_RPI4_WS/install/usb_cam/include/usb_cam/formats/rgb.hpp
[1.019s] -- Up-to-date: /home/t-pi/TB3_RPI4_WS/install/usb_cam/include/usb_cam/formats/utils.hpp
[1.019s] -- Up-to-date: /home/t-pi/TB3_RPI4_WS/install/usb_cam/include/usb_cam/formats/yuyv.hpp
[1.020s] -- Up-to-date: /home/t-pi/TB3_RPI4_WS/install/usb_cam/include/usb_cam/formats/m420.hpp
[1.020s] -- Up-to-date: /home/t-pi/TB3_RPI4_WS/install/usb_cam/include/usb_cam/usb_cam.hpp
[1.020s] -- Up-to-date: /home/t-pi/TB3_RPI4_WS/install/usb_cam/lib/libusb_cam.so
[1.021s] -- Up-to-date: /home/t-pi/TB3_RPI4_WS/install/usb_cam/lib/libusb_cam_node.so
[1.022s] -- Up-to-date: /home/t-pi/TB3_RPI4_WS/install/usb_cam/share/usb_cam/launch
[1.023s] -- Up-to-date: /home/t-pi/TB3_RPI4_WS/install/usb_cam/share/usb_cam/launch/demo_launch.py
[1.023s] -- Up-to-date: /home/t-pi/TB3_RPI4_WS/install/usb_cam/share/usb_cam/config
[1.024s] -- Up-to-date: /home/t-pi/TB3_RPI4_WS/install/usb_cam/share/usb_cam/config/params.yaml
[1.024s] -- Up-to-date: /home/t-pi/TB3_RPI4_WS/install/usb_cam/share/usb_cam/config/camera_info.yaml
[1.025s] -- Up-to-date: /home/t-pi/TB3_RPI4_WS/install/usb_cam/share/ament_index/resource_index/package_run_dependencies/usb_cam
[1.025s] -- Up-to-date: /home/t-pi/TB3_RPI4_WS/install/usb_cam/share/ament_index/resource_index/parent_prefix_path/usb_cam
[1.026s] -- Up-to-date: /home/t-pi/TB3_RPI4_WS/install/usb_cam/share/usb_cam/environment/ament_prefix_path.sh
[1.026s] -- Up-to-date: /home/t-pi/TB3_RPI4_WS/install/usb_cam/share/usb_cam/environment/ament_prefix_path.dsv
[1.026s] -- Up-to-date: /home/t-pi/TB3_RPI4_WS/install/usb_cam/share/usb_cam/environment/path.sh
[1.027s] -- Up-to-date: /home/t-pi/TB3_RPI4_WS/install/usb_cam/share/usb_cam/environment/path.dsv
[1.027s] -- Up-to-date: /home/t-pi/TB3_RPI4_WS/install/usb_cam/share/usb_cam/local_setup.bash
[1.028s] -- Up-to-date: /home/t-pi/TB3_RPI4_WS/install/usb_cam/share/usb_cam/local_setup.sh
[1.028s] -- Up-to-date: /home/t-pi/TB3_RPI4_WS/install/usb_cam/share/usb_cam/local_setup.zsh
[1.029s] -- Up-to-date: /home/t-pi/TB3_RPI4_WS/install/usb_cam/share/usb_cam/local_setup.dsv
[1.029s] -- Installing: /home/t-pi/TB3_RPI4_WS/install/usb_cam/share/usb_cam/package.dsv
[1.030s] -- Up-to-date: /home/t-pi/TB3_RPI4_WS/install/usb_cam/share/ament_index/resource_index/packages/usb_cam
[1.030s] -- Up-to-date: /home/t-pi/TB3_RPI4_WS/install/usb_cam/share/ament_index/resource_index/rclcpp_components/usb_cam
[1.030s] -- Up-to-date: /home/t-pi/TB3_RPI4_WS/install/usb_cam/share/usb_cam/cmake/ament_cmake_export_libraries-extras.cmake
[1.031s] -- Up-to-date: /home/t-pi/TB3_RPI4_WS/install/usb_cam/share/usb_cam/cmake/ament_cmake_export_dependencies-extras.cmake
[1.031s] -- Up-to-date: /home/t-pi/TB3_RPI4_WS/install/usb_cam/share/usb_cam/cmake/ament_cmake_export_include_directories-extras.cmake
[1.032s] -- Up-to-date: /home/t-pi/TB3_RPI4_WS/install/usb_cam/share/usb_cam/cmake/usb_camConfig.cmake
[1.032s] -- Up-to-date: /home/t-pi/TB3_RPI4_WS/install/usb_cam/share/usb_cam/cmake/usb_camConfig-version.cmake
[1.033s] -- Up-to-date: /home/t-pi/TB3_RPI4_WS/install/usb_cam/share/usb_cam/package.xml
[1.048s] Invoked command in '/home/t-pi/TB3_RPI4_WS/build/usb_cam' returned '0': CMAKE_PREFIX_PATH=/home/t-pi/TB3_RPI4_WS/install/image_transport_plugins:/home/t-pi/TB3_RPI4_WS/install/theora_image_transport:/home/t-pi/TB3_RPI4_WS/install/compressed_image_transport:/home/t-pi/TB3_RPI4_WS/install/compressed_depth_image_transport:/home/t-pi/TB3_RPI4_WS/install/usb_cam:/home/t-pi/TB3_RPI4_WS/install/turtlebot3:/home/t-pi/TB3_RPI4_WS/install/turtlebot3_bringup:/home/t-pi/TB3_RPI4_WS/install/turtlebot3_node:/home/t-pi/TB3_RPI4_WS/install/turtlebot3_description:/home/t-pi/TB3_RPI4_WS/install/ld08_driver:/home/t-pi/TB3_RPI4_WS/install/cv_camera:/home/t-pi/TB3_RPI4_WS/install/turtlebot3_teleop:/home/t-pi/TB3_RPI4_WS/install/turtlebot3_example:/home/t-pi/TB3_RPI4_WS/install/rpi_temprature:/opt/ros/humble LD_LIBRARY_PATH=/home/t-pi/TB3_RPI4_WS/install/theora_image_transport/lib:/home/t-pi/TB3_RPI4_WS/install/compressed_image_transport/lib:/home/t-pi/TB3_RPI4_WS/install/compressed_depth_image_transport/lib:/home/t-pi/TB3_RPI4_WS/install/usb_cam/lib:/opt/ros/humble/opt/rviz_ogre_vendor/lib:/opt/ros/humble/lib/aarch64-linux-gnu:/opt/ros/humble/lib /usr/bin/cmake --install /home/t-pi/TB3_RPI4_WS/build/usb_cam
