[0.096s] Invoking command in '/home/t-pi/TB3_RPI4_WS/build/compressed_image_transport': CMAKE_PREFIX_PATH=${CMAKE_PREFIX_PATH}:/opt/ros/humble /usr/bin/cmake --build /home/t-pi/TB3_RPI4_WS/build/compressed_image_transport -- -j4 -l4
[0.974s] [ 25%] [32mBuilding CXX object CMakeFiles/compressed_image_transport.dir/src/compressed_publisher.cpp.o[0m
[25.546s] [ 50%] [32mBuilding CXX object CMakeFiles/compressed_image_transport.dir/src/manifest.cpp.o[0m
[61.609s] [ 75%] [32mBuilding CXX object CMakeFiles/compressed_image_transport.dir/src/compressed_subscriber.cpp.o[0m
[103.751s] [100%] [32m[1mLinking CXX shared library libcompressed_image_transport.so[0m
[107.402s] [100%] Built target compressed_image_transport
[107.445s] Invoked command in '/home/t-pi/TB3_RPI4_WS/build/compressed_image_transport' returned '0': CMAKE_PREFIX_PATH=${CMAKE_PREFIX_PATH}:/opt/ros/humble /usr/bin/cmake --build /home/t-pi/TB3_RPI4_WS/build/compressed_image_transport -- -j4 -l4
[107.607s] Invoking command in '/home/t-pi/TB3_RPI4_WS/build/compressed_image_transport': CMAKE_PREFIX_PATH=${CMAKE_PREFIX_PATH}:/opt/ros/humble /usr/bin/cmake --install /home/t-pi/TB3_RPI4_WS/build/compressed_image_transport
[107.640s] -- Install configuration: ""
[107.641s] -- Installing: /home/t-pi/TB3_RPI4_WS/install/compressed_image_transport/lib/libcompressed_image_transport.so
[107.699s] -- Set runtime path of "/home/t-pi/TB3_RPI4_WS/install/compressed_image_transport/lib/libcompressed_image_transport.so" to ""
[107.700s] -- Installing: /home/t-pi/TB3_RPI4_WS/install/compressed_image_transport/include
[107.700s] -- Installing: /home/t-pi/TB3_RPI4_WS/install/compressed_image_transport/include/compressed_image_transport
[107.701s] -- Installing: /home/t-pi/TB3_RPI4_WS/install/compressed_image_transport/include/compressed_image_transport/compression_common.h
[107.702s] -- Installing: /home/t-pi/TB3_RPI4_WS/install/compressed_image_transport/include/compressed_image_transport/compressed_subscriber.h
[107.704s] -- Installing: /home/t-pi/TB3_RPI4_WS/install/compressed_image_transport/include/compressed_image_transport/compressed_publisher.h
[107.709s] -- Installing: /home/t-pi/TB3_RPI4_WS/install/compressed_image_transport/share/compressed_image_transport/compressed_plugins.xml
[107.712s] -- Installing: /home/t-pi/TB3_RPI4_WS/install/compressed_image_transport/share/ament_index/resource_index/package_run_dependencies/compressed_image_transport
[107.715s] -- Installing: /home/t-pi/TB3_RPI4_WS/install/compressed_image_transport/share/ament_index/resource_index/parent_prefix_path/compressed_image_transport
[107.718s] -- Installing: /home/t-pi/TB3_RPI4_WS/install/compressed_image_transport/share/compressed_image_transport/environment/ament_prefix_path.sh
[107.719s] -- Installing: /home/t-pi/TB3_RPI4_WS/install/compressed_image_transport/share/compressed_image_transport/environment/ament_prefix_path.dsv
[107.722s] -- Installing: /home/t-pi/TB3_RPI4_WS/install/compressed_image_transport/share/compressed_image_transport/environment/path.sh
[107.723s] -- Installing: /home/t-pi/TB3_RPI4_WS/install/compressed_image_transport/share/compressed_image_transport/environment/path.dsv
[107.725s] -- Installing: /home/t-pi/TB3_RPI4_WS/install/compressed_image_transport/share/compressed_image_transport/local_setup.bash
[107.728s] -- Installing: /home/t-pi/TB3_RPI4_WS/install/compressed_image_transport/share/compressed_image_transport/local_setup.sh
[107.730s] -- Installing: /home/t-pi/TB3_RPI4_WS/install/compressed_image_transport/share/compressed_image_transport/local_setup.zsh
[107.732s] -- Installing: /home/t-pi/TB3_RPI4_WS/install/compressed_image_transport/share/compressed_image_transport/local_setup.dsv
[107.735s] -- Installing: /home/t-pi/TB3_RPI4_WS/install/compressed_image_transport/share/compressed_image_transport/package.dsv
[107.737s] -- Installing: /home/t-pi/TB3_RPI4_WS/install/compressed_image_transport/share/ament_index/resource_index/packages/compressed_image_transport
[107.739s] -- Installing: /home/t-pi/TB3_RPI4_WS/install/compressed_image_transport/share/ament_index/resource_index/image_transport__pluginlib__plugin/compressed_image_transport
[107.742s] -- Installing: /home/t-pi/TB3_RPI4_WS/install/compressed_image_transport/share/compressed_image_transport/cmake/compressed_image_transportConfig.cmake
[107.744s] -- Installing: /home/t-pi/TB3_RPI4_WS/install/compressed_image_transport/share/compressed_image_transport/cmake/compressed_image_transportConfig-version.cmake
[107.747s] -- Installing: /home/t-pi/TB3_RPI4_WS/install/compressed_image_transport/share/compressed_image_transport/package.xml
[107.764s] Invoked command in '/home/t-pi/TB3_RPI4_WS/build/compressed_image_transport' returned '0': CMAKE_PREFIX_PATH=${CMAKE_PREFIX_PATH}:/opt/ros/humble /usr/bin/cmake --install /home/t-pi/TB3_RPI4_WS/build/compressed_image_transport
