[0.109s] Invoking command in '/home/t-pi/TB3_RPI4_WS/build/turtlebot3_bringup': AMENT_PREFIX_PATH=/home/t-pi/TB3_RPI4_WS/install/turtlebot3_description:${AMENT_PREFIX_PATH} CMAKE_PREFIX_PATH=/home/t-pi/TB3_RPI4_WS/install/turtlebot3_description:/opt/ros/humble /usr/bin/cmake /home/t-pi/TB3_RPI4_WS/src/turtlebot3/turtlebot3_bringup -DCMAKE_INSTALL_PREFIX=/home/t-pi/TB3_RPI4_WS/install/turtlebot3_bringup
[0.371s] -- The C compiler identification is GNU 11.4.0
[0.640s] -- The CXX compiler identification is GNU 11.4.0
[0.673s] -- Detecting C compiler ABI info
[0.996s] -- Detecting C compiler ABI info - done
[1.026s] -- Check for working C compiler: /usr/bin/cc - skipped
[1.027s] -- Detecting C compile features
[1.029s] -- Detecting C compile features - done
[1.042s] -- Detecting CXX compiler ABI info
[1.408s] -- Detecting CXX compiler ABI info - done
[1.440s] -- Check for working CXX compiler: /usr/bin/c++ - skipped
[1.442s] -- Detecting CXX compile features
[1.443s] -- Detecting CXX compile features - done
[1.467s] -- Found ament_cmake: 1.3.5 (/opt/ros/humble/share/ament_cmake/cmake)
[2.302s] -- Found Python3: /usr/bin/python3.10 (found version "3.10.12") found components: Interpreter 
[3.118s] -- Configuring done
[3.139s] -- Generating done
[3.144s] -- Build files have been written to: /home/t-pi/TB3_RPI4_WS/build/turtlebot3_bringup
[3.159s] Invoked command in '/home/t-pi/TB3_RPI4_WS/build/turtlebot3_bringup' returned '0': AMENT_PREFIX_PATH=/home/t-pi/TB3_RPI4_WS/install/turtlebot3_description:${AMENT_PREFIX_PATH} CMAKE_PREFIX_PATH=/home/t-pi/TB3_RPI4_WS/install/turtlebot3_description:/opt/ros/humble /usr/bin/cmake /home/t-pi/TB3_RPI4_WS/src/turtlebot3/turtlebot3_bringup -DCMAKE_INSTALL_PREFIX=/home/t-pi/TB3_RPI4_WS/install/turtlebot3_bringup
[3.168s] Invoking command in '/home/t-pi/TB3_RPI4_WS/build/turtlebot3_bringup': AMENT_PREFIX_PATH=/home/t-pi/TB3_RPI4_WS/install/turtlebot3_description:${AMENT_PREFIX_PATH} CMAKE_PREFIX_PATH=/home/t-pi/TB3_RPI4_WS/install/turtlebot3_description:/opt/ros/humble /usr/bin/cmake --build /home/t-pi/TB3_RPI4_WS/build/turtlebot3_bringup -- -j4 -l4
[3.317s] Invoked command in '/home/t-pi/TB3_RPI4_WS/build/turtlebot3_bringup' returned '0': AMENT_PREFIX_PATH=/home/t-pi/TB3_RPI4_WS/install/turtlebot3_description:${AMENT_PREFIX_PATH} CMAKE_PREFIX_PATH=/home/t-pi/TB3_RPI4_WS/install/turtlebot3_description:/opt/ros/humble /usr/bin/cmake --build /home/t-pi/TB3_RPI4_WS/build/turtlebot3_bringup -- -j4 -l4
[3.469s] Invoking command in '/home/t-pi/TB3_RPI4_WS/build/turtlebot3_bringup': AMENT_PREFIX_PATH=/home/t-pi/TB3_RPI4_WS/install/turtlebot3_description:${AMENT_PREFIX_PATH} CMAKE_PREFIX_PATH=/home/t-pi/TB3_RPI4_WS/install/turtlebot3_description:/opt/ros/humble /usr/bin/cmake --install /home/t-pi/TB3_RPI4_WS/build/turtlebot3_bringup
[3.497s] -- Install configuration: ""
[3.497s] -- Installing: /home/t-pi/TB3_RPI4_WS/install/turtlebot3_bringup/share/turtlebot3_bringup/launch
[3.498s] -- Installing: /home/t-pi/TB3_RPI4_WS/install/turtlebot3_bringup/share/turtlebot3_bringup/launch/rviz2.launch.py
[3.499s] -- Installing: /home/t-pi/TB3_RPI4_WS/install/turtlebot3_bringup/share/turtlebot3_bringup/launch/turtlebot3_state_publisher.launch.py
[3.501s] -- Installing: /home/t-pi/TB3_RPI4_WS/install/turtlebot3_bringup/share/turtlebot3_bringup/launch/robot.launch.py
[3.502s] -- Installing: /home/t-pi/TB3_RPI4_WS/install/turtlebot3_bringup/share/turtlebot3_bringup/param
[3.502s] -- Installing: /home/t-pi/TB3_RPI4_WS/install/turtlebot3_bringup/share/turtlebot3_bringup/param/burger.yaml
[3.503s] -- Installing: /home/t-pi/TB3_RPI4_WS/install/turtlebot3_bringup/share/turtlebot3_bringup/param/waffle.yaml
[3.505s] -- Installing: /home/t-pi/TB3_RPI4_WS/install/turtlebot3_bringup/share/turtlebot3_bringup/param/waffle_pi.yaml
[3.506s] -- Installing: /home/t-pi/TB3_RPI4_WS/install/turtlebot3_bringup/share/turtlebot3_bringup/script
[3.506s] -- Installing: /home/t-pi/TB3_RPI4_WS/install/turtlebot3_bringup/share/turtlebot3_bringup/script/create_udev_rules
[3.508s] -- Installing: /home/t-pi/TB3_RPI4_WS/install/turtlebot3_bringup/share/turtlebot3_bringup/script/99-turtlebot3-cdc.rules
[3.510s] -- Installing: /home/t-pi/TB3_RPI4_WS/install/turtlebot3_bringup/share/ament_index/resource_index/package_run_dependencies/turtlebot3_bringup
[3.511s] -- Installing: /home/t-pi/TB3_RPI4_WS/install/turtlebot3_bringup/share/ament_index/resource_index/parent_prefix_path/turtlebot3_bringup
[3.513s] -- Installing: /home/t-pi/TB3_RPI4_WS/install/turtlebot3_bringup/share/turtlebot3_bringup/environment/ament_prefix_path.sh
[3.515s] -- Installing: /home/t-pi/TB3_RPI4_WS/install/turtlebot3_bringup/share/turtlebot3_bringup/environment/ament_prefix_path.dsv
[3.516s] -- Installing: /home/t-pi/TB3_RPI4_WS/install/turtlebot3_bringup/share/turtlebot3_bringup/environment/path.sh
[3.517s] -- Installing: /home/t-pi/TB3_RPI4_WS/install/turtlebot3_bringup/share/turtlebot3_bringup/environment/path.dsv
[3.519s] -- Installing: /home/t-pi/TB3_RPI4_WS/install/turtlebot3_bringup/share/turtlebot3_bringup/local_setup.bash
[3.520s] -- Installing: /home/t-pi/TB3_RPI4_WS/install/turtlebot3_bringup/share/turtlebot3_bringup/local_setup.sh
[3.521s] -- Installing: /home/t-pi/TB3_RPI4_WS/install/turtlebot3_bringup/share/turtlebot3_bringup/local_setup.zsh
[3.523s] -- Installing: /home/t-pi/TB3_RPI4_WS/install/turtlebot3_bringup/share/turtlebot3_bringup/local_setup.dsv
[3.524s] -- Installing: /home/t-pi/TB3_RPI4_WS/install/turtlebot3_bringup/share/turtlebot3_bringup/package.dsv
[3.525s] -- Installing: /home/t-pi/TB3_RPI4_WS/install/turtlebot3_bringup/share/ament_index/resource_index/packages/turtlebot3_bringup
[3.527s] -- Installing: /home/t-pi/TB3_RPI4_WS/install/turtlebot3_bringup/share/turtlebot3_bringup/cmake/turtlebot3_bringupConfig.cmake
[3.528s] -- Installing: /home/t-pi/TB3_RPI4_WS/install/turtlebot3_bringup/share/turtlebot3_bringup/cmake/turtlebot3_bringupConfig-version.cmake
[3.530s] -- Installing: /home/t-pi/TB3_RPI4_WS/install/turtlebot3_bringup/share/turtlebot3_bringup/package.xml
[3.540s] Invoked command in '/home/t-pi/TB3_RPI4_WS/build/turtlebot3_bringup' returned '0': AMENT_PREFIX_PATH=/home/t-pi/TB3_RPI4_WS/install/turtlebot3_description:${AMENT_PREFIX_PATH} CMAKE_PREFIX_PATH=/home/t-pi/TB3_RPI4_WS/install/turtlebot3_description:/opt/ros/humble /usr/bin/cmake --install /home/t-pi/TB3_RPI4_WS/build/turtlebot3_bringup
